11.1699 	WARNING 	User requested fullscreen with size [1536  864], but screen is actually [1920, 1080]. Using actual size
11.8372 	EXP 	Created window1 = Window(allowGUI=True, allowStencil=True, autoLog=True, backendConf=UNKNOWN, backgroundFit=<method-wrapper '__getattribute__' of attributeSetter object at 0x000001E70623AC40>, backgroundImage=<method-wrapper '__getattribute__' of attributeSetter object at 0x000001E70623ABE0>, bitsMode=UNKNOWN, blendMode='avg', bpc=(8, 8, 8), color=array([0, 0, 0]), colorSpace='rgb', depthBits=8, fullscr=<method-wrapper '__getattribute__' of attributeSetter object at 0x000001E70623AA30>, gamma=None, gammaErrorPolicy='raise', lms=UNKNOWN, monitor=<psychopy.monitors.calibTools.Monitor object at 0x000001E70681E550>, multiSample=False, name='window1', numSamples=2, pos=(0, 0), screen=0, size=array([1920, 1080]), stencilBits=8, stereo=False, title='PsychoPy', units='norm', useFBO=True, useRetina=False, viewOri=0.0, viewPos=None, viewScale=None, waitBlanking=True, winType='pyglet')
11.8374 	EXP 	window1: mouseVisible = True
11.8374 	EXP 	window1: backgroundImage = ''
11.8374 	EXP 	window1: backgroundFit = 'none'
11.8397 	EXP 	window1: Attempting to measure frame rate of screen (0) ...
11.8397 	EXP 	window1: recordFrameIntervals = False
11.9060 	EXP 	window1: recordFrameIntervals = True
11.9826 	EXP 	Screen (0) actual frame rate measured at 143.78Hz
11.9827 	EXP 	window1: recordFrameIntervals = False
11.9828 	EXP 	window1: mouseVisible = False
15.2961 	EXP 	ConstellationsNAI22: status = STARTED
15.2967 	EXP 	window1: mouseVisible = True
15.7597 	EXP 	Created instruction1_2 = ImageStim(__class__=<class 'psychopy.visual.image.ImageStim'>, anchor=('center', 'center'), autoLog=True, color=array([1., 1., 1.]), colorSpace='rgb', contrast=1.0, depth=0.0, draggable=False, flipHoriz=False, flipVert=False, image='stimuli/intro0.PNG', interpolate=True, mask=None, maskParams=None, name='instruction1_2', opacity=1.0, ori=0.0, pos=array([0., 0.]), size=array([1.3, 1.6]), texRes=128.0, units='norm', win=Window(...))
15.7599 	EXP 	window1: mouseVisible = True
15.7600 	EXP 	window1: mouseVisible = True
15.7628 	EXP 	Created button1_2 = Rect(__class__=<class 'psychopy.visual.rect.Rect'>, anchor=('center', 'center'), autoDraw=False, autoLog=True, closeShape=True, color=method-wrapper(...), colorSpace='rgb', contrast=None, depth=-2.0, draggable=False, fillColor=array([1, 1, 1]), fillColorSpace='rgb', fillRGB=array([1, 1, 1]), interpolate=True, lineColor=array([1., 1., 1.]), lineColorSpace='rgb', lineRGB=array([1, 1, 1]), lineWidth=1.0, name='button1_2', opacity=1.0, ori=0.0, pos=array([ 0.5 , -0.65]), size=array([0.2, 0.1]), units='norm', vertices=ndarray(...), win=Window(...))
15.7632 	EXP 	window1: mouseVisible = True
15.8315 	EXP 	Created button_txt1_2 = TextStim(__class__=<class 'psychopy.visual.text.TextStim'>, alignHoriz=method-wrapper(...), alignText='center', alignVert=method-wrapper(...), anchorHoriz='center', anchorVert='center', antialias=True, autoDraw=False, autoLog=True, bold=False, color=array([-1., -1., -1.]), colorSpace='rgb', contrast=1.0, depth=-3.0, draggable=False, flipHoriz=False, flipVert=False, font='Open Sans', fontFiles=[], height=0.07, italic=False, languageStyle='LTR', name='button_txt1_2', opacity=1.0, ori=0.0, pos=array([ 0.5 , -0.65]), rgb=UNKNOWN, text='Next', units='norm', win=Window(...), wrapWidth=1)
15.8319 	EXP 	window1: mouseVisible = True
16.1745 	EXP 	Created instruction1 = ImageStim(__class__=<class 'psychopy.visual.image.ImageStim'>, anchor=('center', 'center'), autoLog=True, color=array([1., 1., 1.]), colorSpace='rgb', contrast=1.0, depth=0.0, draggable=False, flipHoriz=False, flipVert=False, image='stimuli/intro1.PNG', interpolate=True, mask=None, maskParams=None, name='instruction1', opacity=1.0, ori=0.0, pos=array([0., 0.]), size=array([1.3, 1.6]), texRes=128.0, units='norm', win=Window(...))
16.1746 	EXP 	window1: mouseVisible = True
16.1747 	EXP 	window1: mouseVisible = True
16.1772 	EXP 	Created button1 = Rect(__class__=<class 'psychopy.visual.rect.Rect'>, anchor=('center', 'center'), autoDraw=False, autoLog=True, closeShape=True, color=method-wrapper(...), colorSpace='rgb', contrast=None, depth=-2.0, draggable=False, fillColor=array([1, 1, 1]), fillColorSpace='rgb', fillRGB=array([1, 1, 1]), interpolate=True, lineColor=array([1., 1., 1.]), lineColorSpace='rgb', lineRGB=array([1, 1, 1]), lineWidth=1.0, name='button1', opacity=1.0, ori=0.0, pos=array([ 0.5 , -0.65]), size=array([0.2, 0.1]), units='norm', vertices=ndarray(...), win=Window(...))
16.1773 	EXP 	window1: mouseVisible = True
16.1809 	EXP 	Created button_txt1 = TextStim(__class__=<class 'psychopy.visual.text.TextStim'>, alignHoriz=method-wrapper(...), alignText='center', alignVert=method-wrapper(...), anchorHoriz='center', anchorVert='center', antialias=True, autoDraw=False, autoLog=True, bold=False, color=array([-1., -1., -1.]), colorSpace='rgb', contrast=1.0, depth=-3.0, draggable=False, flipHoriz=False, flipVert=False, font='Open Sans', fontFiles=[], height=0.07, italic=False, languageStyle='LTR', name='button_txt1', opacity=1.0, ori=0.0, pos=array([ 0.5 , -0.65]), rgb=UNKNOWN, text='Next', units='norm', win=Window(...), wrapWidth=1)
16.1809 	EXP 	window1: mouseVisible = True
16.9875 	EXP 	Created instruction2 = ImageStim(__class__=<class 'psychopy.visual.image.ImageStim'>, anchor=('center', 'center'), autoLog=True, color=array([1., 1., 1.]), colorSpace='rgb', contrast=1.0, depth=0.0, draggable=False, flipHoriz=False, flipVert=False, image='stimuli/intro2.PNG', interpolate=True, mask=None, maskParams=None, name='instruction2', opacity=1.0, ori=0.0, pos=array([0., 0.]), size=array([1.3, 1.6]), texRes=128.0, units='norm', win=Window(...))
16.9879 	EXP 	window1: mouseVisible = True
16.9890 	EXP 	window1: mouseVisible = True
16.9923 	EXP 	Created button2 = Rect(__class__=<class 'psychopy.visual.rect.Rect'>, anchor=('center', 'center'), autoDraw=False, autoLog=True, closeShape=True, color=method-wrapper(...), colorSpace='rgb', contrast=None, depth=-2.0, draggable=False, fillColor=array([1, 1, 1]), fillColorSpace='rgb', fillRGB=array([1, 1, 1]), interpolate=True, lineColor=array([1., 1., 1.]), lineColorSpace='rgb', lineRGB=array([1, 1, 1]), lineWidth=1.0, name='button2', opacity=1.0, ori=0.0, pos=array([ 0.5 , -0.65]), size=array([0.2, 0.1]), units='norm', vertices=ndarray(...), win=Window(...))
16.9926 	EXP 	window1: mouseVisible = True
16.9970 	EXP 	Created button_txt2 = TextStim(__class__=<class 'psychopy.visual.text.TextStim'>, alignHoriz=method-wrapper(...), alignText='center', alignVert=method-wrapper(...), anchorHoriz='center', anchorVert='center', antialias=True, autoDraw=False, autoLog=True, bold=False, color=array([-1., -1., -1.]), colorSpace='rgb', contrast=1.0, depth=-3.0, draggable=False, flipHoriz=False, flipVert=False, font='Open Sans', fontFiles=[], height=0.07, italic=False, languageStyle='LTR', name='button_txt2', opacity=1.0, ori=0.0, pos=array([ 0.5 , -0.65]), rgb=UNKNOWN, text='Next', units='norm', win=Window(...), wrapWidth=1)
16.9977 	EXP 	window1: mouseVisible = True
17.5517 	EXP 	Created instruction3 = ImageStim(__class__=<class 'psychopy.visual.image.ImageStim'>, anchor=('center', 'center'), autoLog=True, color=array([1., 1., 1.]), colorSpace='rgb', contrast=1.0, depth=0.0, draggable=False, flipHoriz=False, flipVert=False, image='stimuli/intro3.PNG', interpolate=True, mask=None, maskParams=None, name='instruction3', opacity=1.0, ori=0.0, pos=array([0., 0.]), size=array([1.3, 1.6]), texRes=128.0, units='norm', win=Window(...))
17.5518 	EXP 	window1: mouseVisible = True
17.5519 	EXP 	window1: mouseVisible = True
17.5542 	EXP 	Created button3 = Rect(__class__=<class 'psychopy.visual.rect.Rect'>, anchor=('center', 'center'), autoDraw=False, autoLog=True, closeShape=True, color=method-wrapper(...), colorSpace='rgb', contrast=None, depth=-2.0, draggable=False, fillColor=array([1, 1, 1]), fillColorSpace='rgb', fillRGB=array([1, 1, 1]), interpolate=True, lineColor=array([1., 1., 1.]), lineColorSpace='rgb', lineRGB=array([1, 1, 1]), lineWidth=1.0, name='button3', opacity=1.0, ori=0.0, pos=array([ 0.5 , -0.65]), size=array([0.2, 0.1]), units='norm', vertices=ndarray(...), win=Window(...))
17.5543 	EXP 	window1: mouseVisible = True
17.5579 	EXP 	Created button_txt3 = TextStim(__class__=<class 'psychopy.visual.text.TextStim'>, alignHoriz=method-wrapper(...), alignText='center', alignVert=method-wrapper(...), anchorHoriz='center', anchorVert='center', antialias=True, autoDraw=False, autoLog=True, bold=False, color=array([-1., -1., -1.]), colorSpace='rgb', contrast=1.0, depth=-3.0, draggable=False, flipHoriz=False, flipVert=False, font='Open Sans', fontFiles=[], height=0.07, italic=False, languageStyle='LTR', name='button_txt3', opacity=1.0, ori=0.0, pos=array([ 0.5 , -0.65]), rgb=UNKNOWN, text='Next', units='norm', win=Window(...), wrapWidth=1)
17.5580 	EXP 	window1: mouseVisible = True
18.0817 	EXP 	Created instruction4 = ImageStim(__class__=<class 'psychopy.visual.image.ImageStim'>, anchor=('center', 'center'), autoLog=True, color=array([1., 1., 1.]), colorSpace='rgb', contrast=1.0, depth=0.0, draggable=False, flipHoriz=False, flipVert=False, image='stimuli/intro4.PNG', interpolate=True, mask=None, maskParams=None, name='instruction4', opacity=1.0, ori=0.0, pos=array([0., 0.]), size=array([1.3, 1.6]), texRes=128.0, units='norm', win=Window(...))
18.0818 	EXP 	window1: mouseVisible = True
18.0819 	EXP 	window1: mouseVisible = True
18.0842 	EXP 	Created button4 = Rect(__class__=<class 'psychopy.visual.rect.Rect'>, anchor=('center', 'center'), autoDraw=False, autoLog=True, closeShape=True, color=method-wrapper(...), colorSpace='rgb', contrast=None, depth=-2.0, draggable=False, fillColor=array([1, 1, 1]), fillColorSpace='rgb', fillRGB=array([1, 1, 1]), interpolate=True, lineColor=array([1., 1., 1.]), lineColorSpace='rgb', lineRGB=array([1, 1, 1]), lineWidth=1.0, name='button4', opacity=1.0, ori=0.0, pos=array([ 0.5 , -0.65]), size=array([0.2, 0.1]), units='norm', vertices=ndarray(...), win=Window(...))
18.0844 	EXP 	window1: mouseVisible = True
18.0892 	EXP 	Created button_txt4 = TextStim(__class__=<class 'psychopy.visual.text.TextStim'>, alignHoriz=method-wrapper(...), alignText='center', alignVert=method-wrapper(...), anchorHoriz='center', anchorVert='center', antialias=True, autoDraw=False, autoLog=True, bold=False, color=array([-1., -1., -1.]), colorSpace='rgb', contrast=1.0, depth=-3.0, draggable=False, flipHoriz=False, flipVert=False, font='Open Sans', fontFiles=[], height=0.07, italic=False, languageStyle='LTR', name='button_txt4', opacity=1.0, ori=0.0, pos=array([ 0.5 , -0.65]), rgb=UNKNOWN, text='Next', units='norm', win=Window(...), wrapWidth=1)
18.0893 	EXP 	window1: mouseVisible = True
18.1063 	EXP 	Created image_2 = ImageStim(__class__=<class 'psychopy.visual.image.ImageStim'>, anchor=('center', 'center'), autoLog=True, color=array([1., 1., 1.]), colorSpace='rgb', contrast=1.0, depth=0.0, draggable=False, flipHoriz=False, flipVert=False, image='default.png', interpolate=True, mask=None, maskParams=None, name='image_2', opacity=1.0, ori=0.0, pos=array([-0.4,  0. ]), size=array([0.65, 0.65]), texRes=128.0, units='height', win=Window(...))
18.1065 	EXP 	window1: mouseVisible = True
18.1065 	EXP 	Created brush_2 = <psychopy.visual.brush.Brush object at 0x000001E70BCAA610>
18.1066 	EXP 	window1: mouseVisible = True
18.1070 	EXP 	window1: mouseVisible = True
18.1073 	EXP 	window1: mouseVisible = True
18.1083 	EXP 	window1: mouseVisible = True
18.1096 	EXP 	window1: mouseVisible = True
18.1186 	EXP 	window1: mouseVisible = True
18.1188 	EXP 	window1: mouseVisible = True
18.1202 	EXP 	window1: mouseVisible = True
18.1211 	EXP 	window1: mouseVisible = True
18.1499 	EXP 	window1: mouseVisible = True
18.1696 	EXP 	Created juhis_txt_2 = TextStim(__class__=<class 'psychopy.visual.text.TextStim'>, alignHoriz=method-wrapper(...), alignText='center', alignVert=method-wrapper(...), anchorHoriz='center', anchorVert='center', antialias=True, autoDraw=False, autoLog=True, bold=False, color=array([-1., -1., -1.]), colorSpace='rgb', contrast=1.0, depth=-5.0, draggable=False, flipHoriz=False, flipVert=False, font='Open Sans', fontFiles=[], height=0.07, italic=False, languageStyle='LTR', name='juhis_txt_2', opacity=1.0, ori=0.0, pos=array([-0.45,  0.75]), rgb=UNKNOWN, text='Trace the contours to find an object!', units='norm', win=Window(...), wrapWidth=1)
18.1698 	EXP 	window1: mouseVisible = True
18.1731 	EXP 	Created button_clear_2 = Rect(__class__=<class 'psychopy.visual.rect.Rect'>, anchor=('center', 'center'), autoDraw=False, autoLog=True, closeShape=True, color=method-wrapper(...), colorSpace='rgb', contrast=None, depth=-6.0, draggable=False, fillColor=array([1, 1, 1]), fillColorSpace='rgb', fillRGB=array([1, 1, 1]), interpolate=True, lineColor=array([1., 1., 1.]), lineColorSpace='rgb', lineRGB=array([1, 1, 1]), lineWidth=1.0, name='button_clear_2', opacity=1.0, ori=0.0, pos=array([-0.2 , -0.75]), size=array([0.2, 0.1]), units='norm', vertices=ndarray(...), win=Window(...))
18.1733 	EXP 	window1: mouseVisible = True
18.1899 	EXP 	Created objekt_txt_2 = TextStim(__class__=<class 'psychopy.visual.text.TextStim'>, alignHoriz=method-wrapper(...), alignText='center', alignVert=method-wrapper(...), anchorHoriz='center', anchorVert='center', antialias=True, autoDraw=False, autoLog=True, bold=False, color=array([-1., -1., -1.]), colorSpace='rgb', contrast=1.0, depth=-7.0, draggable=False, flipHoriz=False, flipVert=False, font='Open Sans', fontFiles=[], height=0.06, italic=False, languageStyle='LTR', name='objekt_txt_2', opacity=1.0, ori=0.0, pos=array([0.4 , 0.55]), rgb=UNKNOWN, text='What did you find in the image?', units='norm', win=Window(...), wrapWidth=1)
18.1900 	EXP 	window1: mouseVisible = True
18.1901 	EXP 	window1: mouseVisible = True
18.1935 	EXP 	Created button_next_2 = Rect(__class__=<class 'psychopy.visual.rect.Rect'>, anchor=('center', 'center'), autoDraw=False, autoLog=True, closeShape=True, color=method-wrapper(...), colorSpace='rgb', contrast=None, depth=-9.0, draggable=False, fillColor=array([1, 1, 1]), fillColorSpace='rgb', fillRGB=array([1, 1, 1]), interpolate=True, lineColor=array([1., 1., 1.]), lineColorSpace='rgb', lineRGB=array([1, 1, 1]), lineWidth=1.0, name='button_next_2', opacity=1.0, ori=0.0, pos=array([ 0.7 , -0.75]), size=array([0.2, 0.1]), units='norm', vertices=ndarray(...), win=Window(...))
18.1936 	EXP 	window1: mouseVisible = True
18.1937 	EXP 	window1: mouseVisible = True
18.2022 	EXP 	Created clear_txt_2 = TextStim(__class__=<class 'psychopy.visual.text.TextStim'>, alignHoriz=method-wrapper(...), alignText='center', alignVert=method-wrapper(...), anchorHoriz='center', anchorVert='center', antialias=True, autoDraw=False, autoLog=True, bold=False, color=array([-1., -1., -1.]), colorSpace='rgb', contrast=1.0, depth=-11.0, draggable=False, flipHoriz=False, flipVert=False, font='Open Sans', fontFiles=[], height=0.06, italic=False, languageStyle='LTR', name='clear_txt_2', opacity=1.0, ori=0.0, pos=array([-0.2 , -0.75]), rgb=UNKNOWN, text='Erase', units='norm', win=Window(...), wrapWidth=1)
18.2025 	EXP 	window1: mouseVisible = True
18.2060 	EXP 	Created button_hint_2 = Rect(__class__=<class 'psychopy.visual.rect.Rect'>, anchor=('center', 'center'), autoDraw=False, autoLog=True, closeShape=True, color=method-wrapper(...), colorSpace='rgb', contrast=None, depth=-12.0, draggable=False, fillColor=array([ 1, -1, -1]), fillColorSpace='rgb', fillRGB=array([ 1, -1, -1]), interpolate=True, lineColor=array([1., 1., 1.]), lineColorSpace='rgb', lineRGB=array([1, 1, 1]), lineWidth=1.0, name='button_hint_2', opacity=1.0, ori=0.0, pos=array([0.6, 0.6]), size=array([0.2, 0.1]), units='norm', vertices=ndarray(...), win=Window(...))
18.2062 	EXP 	window1: mouseVisible = True
18.2094 	EXP 	Created vihje_txt_2 = TextStim(__class__=<class 'psychopy.visual.text.TextStim'>, alignHoriz=method-wrapper(...), alignText='center', alignVert=method-wrapper(...), anchorHoriz='center', anchorVert='center', antialias=True, autoDraw=False, autoLog=True, bold=False, color=array([1., 1., 1.]), colorSpace='rgb', contrast=1.0, depth=-13.0, draggable=False, flipHoriz=False, flipVert=False, font='Open Sans', fontFiles=[], height=0.06, italic=False, languageStyle='LTR', name='vihje_txt_2', opacity=1.0, ori=0.0, pos=array([0.6, 0.6]), rgb=UNKNOWN, text='', units='norm', win=Window(...), wrapWidth=1)
18.2096 	EXP 	window1: mouseVisible = True
18.2125 	EXP 	Created button_yes_2 = Rect(__class__=<class 'psychopy.visual.rect.Rect'>, anchor=('center', 'center'), autoDraw=False, autoLog=True, closeShape=True, color=method-wrapper(...), colorSpace='rgb', contrast=None, depth=-14.0, draggable=False, fillColor=array([-1.        ,  0.00392157, -1.        ]), fillColorSpace='rgb', fillRGB=array([-1.        ,  0.00392157, -1.        ]), interpolate=True, lineColor=array([1., 1., 1.]), lineColorSpace='rgb', lineRGB=array([1, 1, 1]), lineWidth=1.0, name='button_yes_2', opacity=1.0, ori=0.0, pos=array([0.3, 0.6]), size=array([0.2, 0.1]), units='norm', vertices=ndarray(...), win=Window(...))
18.2127 	EXP 	window1: mouseVisible = True
18.2145 	EXP 	Created leidsin_txt_2 = TextStim(__class__=<class 'psychopy.visual.text.TextStim'>, alignHoriz=method-wrapper(...), alignText='center', alignVert=method-wrapper(...), anchorHoriz='center', anchorVert='center', antialias=True, autoDraw=False, autoLog=True, bold=False, color=array([1., 1., 1.]), colorSpace='rgb', contrast=1.0, depth=-15.0, draggable=False, flipHoriz=False, flipVert=False, font='Open Sans', fontFiles=[], height=0.06, italic=False, languageStyle='LTR', name='leidsin_txt_2', opacity=1.0, ori=0.0, pos=array([0.3, 0.6]), rgb=UNKNOWN, text='', units='norm', win=Window(...), wrapWidth=1)
18.2255 	EXP 	window1: mouseVisible = True
18.2262 	EXP 	window1: mouseVisible = True
18.2332 	EXP 	window1: mouseVisible = True
18.2338 	EXP 	window1: mouseVisible = True
18.2347 	EXP 	window1: mouseVisible = True
18.2353 	EXP 	window1: mouseVisible = True
26.7464 	EXP 	window1: mouseVisible = True
26.7470 	EXP 	window1: mouseVisible = True
26.7480 	EXP 	window1: mouseVisible = True
26.7491 	EXP 	window1: mouseVisible = True
26.7775 	EXP 	window1: mouseVisible = True
26.7784 	EXP 	window1: mouseVisible = True
26.7807 	EXP 	window1: mouseVisible = True
26.7821 	EXP 	window1: mouseVisible = True
26.7931 	EXP 	window1: mouseVisible = True
26.7934 	EXP 	window1: mouseVisible = True
26.7947 	EXP 	window1: mouseVisible = True
26.7958 	EXP 	window1: mouseVisible = True
26.8042 	EXP 	window1: mouseVisible = True
26.8078 	EXP 	window1: mouseVisible = True
26.8767 	EXP 	Created RSP_ahhaa_2 = Slider(__class__=<class 'psychopy.visual.slider.Slider'>, autoDraw=False, autoLog=True, borderColor=None, color=None, colorSpace='rgb', depth=-16, fillColor=None, flip=False, font='Open Sans', granularity=1.0, labelColor=None, labelHeight=0.04, labelWrapWidth=None, labels=['Very uncertain', 'Very certain'], lineColor=None, markerColor=None, name='RSP_ahhaa_2', opacity=None, ori=0.0, pos=array([ 0.5 , -0.05]), readOnly=False, self=UNKNOWN, size=array([0.5 , 0.06]), startValue=None, style='radio', styleTweaks=[], ticks=array([0, 1]), units='norm', win=Window(...))
26.8770 	EXP 	window1: mouseVisible = True
26.8905 	EXP 	Created ahhaa_txt_2 = TextStim(__class__=<class 'psychopy.visual.text.TextStim'>, alignHoriz=method-wrapper(...), alignText='center', alignVert=method-wrapper(...), anchorHoriz='center', anchorVert='center', antialias=True, autoDraw=False, autoLog=True, bold=False, color=array([-1., -1., -1.]), colorSpace='rgb', contrast=1.0, depth=-17.0, draggable=False, flipHoriz=False, flipVert=False, font='Open Sans', fontFiles=[], height=0.06, italic=False, languageStyle='LTR', name='ahhaa_txt_2', opacity=1.0, ori=0.0, pos=array([0.51, 0.05]), rgb=UNKNOWN, text=str(...), units='norm', win=Window(...), wrapWidth=1)
26.8958 	EXP 	window1: mouseVisible = True
26.8966 	EXP 	window1: mouseVisible = True
26.9024 	EXP 	window1: mouseVisible = True
26.9026 	EXP 	window1: mouseVisible = True
26.9039 	EXP 	window1: mouseVisible = True
26.9049 	EXP 	window1: mouseVisible = True
26.9238 	EXP 	window1: mouseVisible = True
26.9241 	EXP 	window1: mouseVisible = True
26.9251 	EXP 	window1: mouseVisible = True
26.9260 	EXP 	window1: mouseVisible = True
26.9327 	EXP 	window1: mouseVisible = True
26.9329 	EXP 	window1: mouseVisible = True
26.9338 	EXP 	window1: mouseVisible = True
26.9346 	EXP 	window1: mouseVisible = True
26.9453 	EXP 	window1: mouseVisible = True
26.9455 	EXP 	window1: mouseVisible = True
26.9465 	EXP 	window1: mouseVisible = True
26.9474 	EXP 	window1: mouseVisible = True
26.9543 	EXP 	window1: mouseVisible = True
26.9573 	EXP 	window1: mouseVisible = True
27.0151 	EXP 	Created RSP_sudden_2 = Slider(__class__=<class 'psychopy.visual.slider.Slider'>, autoDraw=False, autoLog=True, borderColor=None, color=None, colorSpace='rgb', depth=-18, fillColor=None, flip=False, font='Open Sans', granularity=1.0, labelColor=None, labelHeight=0.04, labelWrapWidth=None, labels=['Very gradually', 'Very suddenly'], lineColor=None, markerColor=None, name='RSP_sudden_2', opacity=None, ori=0.0, pos=array([ 0.5, -0.3]), readOnly=False, self=UNKNOWN, size=array([0.5 , 0.06]), startValue=None, style='radio', styleTweaks=[], ticks=array([0, 1]), units='norm', win=Window(...))
27.0154 	EXP 	window1: mouseVisible = True
27.0242 	EXP 	Created sudden_txt_2 = TextStim(__class__=<class 'psychopy.visual.text.TextStim'>, alignHoriz=method-wrapper(...), alignText='center', alignVert=method-wrapper(...), anchorHoriz='center', anchorVert='center', antialias=True, autoDraw=False, autoLog=True, bold=False, color=array([-1., -1., -1.]), colorSpace='rgb', contrast=1.0, depth=-19.0, draggable=False, flipHoriz=False, flipVert=False, font='Open Sans', fontFiles=[], height=0.06, italic=False, languageStyle='LTR', name='sudden_txt_2', opacity=1.0, ori=0.0, pos=array([ 0.42, -0.2 ]), rgb=UNKNOWN, text='How suddenly did the final answer arrive?', units='norm', win=Window(...), wrapWidth=1)
27.0294 	EXP 	window1: mouseVisible = True
27.0301 	EXP 	window1: mouseVisible = True
27.0371 	EXP 	window1: mouseVisible = True
27.0374 	EXP 	window1: mouseVisible = True
27.0382 	EXP 	window1: mouseVisible = True
27.0393 	EXP 	window1: mouseVisible = True
27.0454 	EXP 	window1: mouseVisible = True
27.0458 	EXP 	window1: mouseVisible = True
27.0473 	EXP 	window1: mouseVisible = True
27.0481 	EXP 	window1: mouseVisible = True
27.0539 	EXP 	window1: mouseVisible = True
27.0541 	EXP 	window1: mouseVisible = True
27.0552 	EXP 	window1: mouseVisible = True
27.0560 	EXP 	window1: mouseVisible = True
27.0651 	EXP 	window1: mouseVisible = True
27.0653 	EXP 	window1: mouseVisible = True
27.0661 	EXP 	window1: mouseVisible = True
27.0670 	EXP 	window1: mouseVisible = True
27.0728 	EXP 	window1: mouseVisible = True
27.0752 	EXP 	window1: mouseVisible = True
27.1293 	EXP 	Created RSP_pleasant_2 = Slider(__class__=<class 'psychopy.visual.slider.Slider'>, autoDraw=False, autoLog=True, borderColor=None, color=None, colorSpace='rgb', depth=-20, fillColor=None, flip=False, font='Open Sans', granularity=1.0, labelColor=None, labelHeight=0.04, labelWrapWidth=None, labels=['Very easy', 'Very difficult'], lineColor=None, markerColor=None, name='RSP_pleasant_2', opacity=None, ori=0.0, pos=array([ 0.5 , -0.55]), readOnly=False, self=UNKNOWN, size=array([0.5 , 0.06]), startValue=None, style='radio', styleTweaks=[], ticks=array([0, 1]), units='norm', win=Window(...))
27.1297 	EXP 	window1: mouseVisible = True
27.1373 	EXP 	Created pleasant_txt_2 = TextStim(__class__=<class 'psychopy.visual.text.TextStim'>, alignHoriz=method-wrapper(...), alignText='center', alignVert=method-wrapper(...), anchorHoriz='center', anchorVert='center', antialias=True, autoDraw=False, autoLog=True, bold=False, color=array([-1., -1., -1.]), colorSpace='rgb', contrast=1.0, depth=-21.0, draggable=False, flipHoriz=False, flipVert=False, font='Open Sans', fontFiles=[], height=0.06, italic=False, languageStyle='LTR', name='pleasant_txt_2', opacity=1.0, ori=0.0, pos=array([ 0.42, -0.45]), rgb=UNKNOWN, text='How difficult was it to find a solution?', units='norm', win=Window(...), wrapWidth=1)
27.1376 	EXP 	window1: mouseVisible = True
27.1446 	EXP 	Created next_txt_2 = TextStim(__class__=<class 'psychopy.visual.text.TextStim'>, alignHoriz=method-wrapper(...), alignText='center', alignVert=method-wrapper(...), anchorHoriz='center', anchorVert='center', antialias=True, autoDraw=False, autoLog=True, bold=False, color=array([-1., -1., -1.]), colorSpace='rgb', contrast=1.0, depth=-22.0, draggable=False, flipHoriz=False, flipVert=False, font='Open Sans', fontFiles=[], height=0.06, italic=False, languageStyle='LTR', name='next_txt_2', opacity=1.0, ori=0.0, pos=array([ 0.7 , -0.75]), rgb=UNKNOWN, text='Next', units='norm', win=Window(...), wrapWidth=1)
27.1448 	EXP 	window1: mouseVisible = True
27.1586 	EXP 	Created practice_object = ImageStim(__class__=<class 'psychopy.visual.image.ImageStim'>, anchor=('center', 'center'), autoLog=True, color=array([1., 1., 1.]), colorSpace='rgb', contrast=1.0, depth=0.0, draggable=False, flipHoriz=False, flipVert=False, image='stimuli/practice_first.jpg', interpolate=True, mask=None, maskParams=None, name='practice_object', opacity=1.0, ori=0.0, pos=array([0., 0.]), size=array([0.65, 0.65]), texRes=128.0, units='height', win=Window(...))
27.1588 	EXP 	window1: mouseVisible = True
27.1681 	EXP 	Created practice_outline = ImageStim(__class__=<class 'psychopy.visual.image.ImageStim'>, anchor=('center', 'center'), autoLog=True, color=array([1., 1., 1.]), colorSpace='rgb', contrast=1.0, depth=-1.0, draggable=False, flipHoriz=False, flipVert=False, image='stimuli/solution1.jpg', interpolate=True, mask=None, maskParams=None, name='practice_outline', opacity=1.0, ori=0.0, pos=array([0., 0.]), size=array([0.65, 0.65]), texRes=128.0, units='height', win=Window(...))
27.1683 	EXP 	window1: mouseVisible = True
27.1841 	EXP 	Created text_2 = TextStim(__class__=<class 'psychopy.visual.text.TextStim'>, alignHoriz=method-wrapper(...), alignText='center', alignVert=method-wrapper(...), anchorHoriz='center', anchorVert='center', antialias=True, autoDraw=False, autoLog=True, bold=False, color=array([1., 1., 1.]), colorSpace='rgb', contrast=1.0, depth=-2.0, draggable=False, flipHoriz=False, flipVert=False, font='Open Sans', fontFiles=[], height=0.1, italic=False, languageStyle='LTR', name='text_2', opacity=1.0, ori=0.0, pos=array([0. , 0.7]), rgb=UNKNOWN, text='Answer: CAR', units='norm', win=Window(...), wrapWidth=1)
27.1843 	EXP 	window1: mouseVisible = True
27.1844 	EXP 	window1: mouseVisible = True
27.1874 	EXP 	Created button5 = Rect(__class__=<class 'psychopy.visual.rect.Rect'>, anchor=('center', 'center'), autoDraw=False, autoLog=True, closeShape=True, color=method-wrapper(...), colorSpace='rgb', contrast=None, depth=-4.0, draggable=False, fillColor=array([1, 1, 1]), fillColorSpace='rgb', fillRGB=array([1, 1, 1]), interpolate=True, lineColor=array([1., 1., 1.]), lineColorSpace='rgb', lineRGB=array([1, 1, 1]), lineWidth=1.0, name='button5', opacity=1.0, ori=0.0, pos=array([ 0.5, -0.6]), size=array([0.2, 0.1]), units='norm', vertices=ndarray(...), win=Window(...))
27.1875 	EXP 	window1: mouseVisible = True
27.1948 	EXP 	Created button_txt5 = TextStim(__class__=<class 'psychopy.visual.text.TextStim'>, alignHoriz=method-wrapper(...), alignText='center', alignVert=method-wrapper(...), anchorHoriz='center', anchorVert='center', antialias=True, autoDraw=False, autoLog=True, bold=False, color=array([-1., -1., -1.]), colorSpace='rgb', contrast=1.0, depth=-5.0, draggable=False, flipHoriz=False, flipVert=False, font='Open Sans', fontFiles=[], height=0.07, italic=False, languageStyle='LTR', name='button_txt5', opacity=1.0, ori=0.0, pos=array([ 0.5, -0.6]), rgb=UNKNOWN, text='Next', units='norm', win=Window(...), wrapWidth=1)
27.1950 	EXP 	window1: mouseVisible = True
27.5473 	EXP 	Created instruction4_2 = ImageStim(__class__=<class 'psychopy.visual.image.ImageStim'>, anchor=('center', 'center'), autoLog=True, color=array([1., 1., 1.]), colorSpace='rgb', contrast=1.0, depth=0.0, draggable=False, flipHoriz=False, flipVert=False, image='stimuli/intro5.PNG', interpolate=True, mask=None, maskParams=None, name='instruction4_2', opacity=1.0, ori=0.0, pos=array([0., 0.]), size=array([1.3, 1.6]), texRes=128.0, units='norm', win=Window(...))
27.5475 	EXP 	window1: mouseVisible = True
27.5476 	EXP 	window1: mouseVisible = True
27.5506 	EXP 	Created button4_2 = Rect(__class__=<class 'psychopy.visual.rect.Rect'>, anchor=('center', 'center'), autoDraw=False, autoLog=True, closeShape=True, color=method-wrapper(...), colorSpace='rgb', contrast=None, depth=-2.0, draggable=False, fillColor=array([1, 1, 1]), fillColorSpace='rgb', fillRGB=array([1, 1, 1]), interpolate=True, lineColor=array([1., 1., 1.]), lineColorSpace='rgb', lineRGB=array([1, 1, 1]), lineWidth=1.0, name='button4_2', opacity=1.0, ori=0.0, pos=array([ 0.5 , -0.65]), size=array([0.2, 0.1]), units='norm', vertices=ndarray(...), win=Window(...))
27.5508 	EXP 	window1: mouseVisible = True
27.5549 	EXP 	Created button_txt4_2 = TextStim(__class__=<class 'psychopy.visual.text.TextStim'>, alignHoriz=method-wrapper(...), alignText='center', alignVert=method-wrapper(...), anchorHoriz='center', anchorVert='center', antialias=True, autoDraw=False, autoLog=True, bold=False, color=array([-1., -1., -1.]), colorSpace='rgb', contrast=1.0, depth=-3.0, draggable=False, flipHoriz=False, flipVert=False, font='Open Sans', fontFiles=[], height=0.07, italic=False, languageStyle='LTR', name='button_txt4_2', opacity=1.0, ori=0.0, pos=array([ 0.5 , -0.65]), rgb=UNKNOWN, text='Next', units='norm', win=Window(...), wrapWidth=1)
27.5550 	EXP 	window1: mouseVisible = True
27.5723 	EXP 	Created image = ImageStim(__class__=<class 'psychopy.visual.image.ImageStim'>, anchor=('center', 'center'), autoLog=True, color=array([1., 1., 1.]), colorSpace='rgb', contrast=1.0, depth=0.0, draggable=False, flipHoriz=False, flipVert=False, image='default.png', interpolate=True, mask=None, maskParams=None, name='image', opacity=1.0, ori=0.0, pos=array([-0.4,  0. ]), size=array([0.65, 0.65]), texRes=128.0, units='height', win=Window(...))
27.5726 	EXP 	window1: mouseVisible = True
27.5728 	EXP 	window1: mouseVisible = True
27.5729 	EXP 	Created brush = <psychopy.visual.brush.Brush object at 0x000001E715C6F670>
27.5733 	EXP 	window1: mouseVisible = True
27.5735 	EXP 	window1: mouseVisible = True
27.5745 	EXP 	window1: mouseVisible = True
27.5754 	EXP 	window1: mouseVisible = True
27.5822 	EXP 	window1: mouseVisible = True
27.5824 	EXP 	window1: mouseVisible = True
27.5832 	EXP 	window1: mouseVisible = True
27.5841 	EXP 	window1: mouseVisible = True
27.5903 	EXP 	window1: mouseVisible = True
27.6050 	EXP 	Created juhis_txt = TextStim(__class__=<class 'psychopy.visual.text.TextStim'>, alignHoriz=method-wrapper(...), alignText='center', alignVert=method-wrapper(...), anchorHoriz='center', anchorVert='center', antialias=True, autoDraw=False, autoLog=True, bold=False, color=array([-1., -1., -1.]), colorSpace='rgb', contrast=1.0, depth=-6.0, draggable=False, flipHoriz=False, flipVert=False, font='Open Sans', fontFiles=[], height=0.07, italic=False, languageStyle='LTR', name='juhis_txt', opacity=1.0, ori=0.0, pos=array([-0.45,  0.75]), rgb=UNKNOWN, text='Trace the contours to find an object!', units='norm', win=Window(...), wrapWidth=1)
27.6052 	EXP 	window1: mouseVisible = True
27.6083 	EXP 	Created button_clear = Rect(__class__=<class 'psychopy.visual.rect.Rect'>, anchor=('center', 'center'), autoDraw=False, autoLog=True, closeShape=True, color=method-wrapper(...), colorSpace='rgb', contrast=None, depth=-7.0, draggable=False, fillColor=array([1, 1, 1]), fillColorSpace='rgb', fillRGB=array([1, 1, 1]), interpolate=True, lineColor=array([1., 1., 1.]), lineColorSpace='rgb', lineRGB=array([1, 1, 1]), lineWidth=1.0, name='button_clear', opacity=1.0, ori=0.0, pos=array([-0.2 , -0.75]), size=array([0.2, 0.1]), units='norm', vertices=ndarray(...), win=Window(...))
27.6086 	EXP 	window1: mouseVisible = True
27.6237 	EXP 	Created objekt_txt = TextStim(__class__=<class 'psychopy.visual.text.TextStim'>, alignHoriz=method-wrapper(...), alignText='center', alignVert=method-wrapper(...), anchorHoriz='center', anchorVert='center', antialias=True, autoDraw=False, autoLog=True, bold=False, color=array([-1., -1., -1.]), colorSpace='rgb', contrast=1.0, depth=-8.0, draggable=False, flipHoriz=False, flipVert=False, font='Open Sans', fontFiles=[], height=0.06, italic=False, languageStyle='LTR', name='objekt_txt', opacity=1.0, ori=0.0, pos=array([0.4 , 0.55]), rgb=UNKNOWN, text='What did you find in the image?', units='norm', win=Window(...), wrapWidth=1)
27.6238 	EXP 	window1: mouseVisible = True
27.6240 	EXP 	window1: mouseVisible = True
27.6275 	EXP 	Created button_next = Rect(__class__=<class 'psychopy.visual.rect.Rect'>, anchor=('center', 'center'), autoDraw=False, autoLog=True, closeShape=True, color=method-wrapper(...), colorSpace='rgb', contrast=None, depth=-10.0, draggable=False, fillColor=array([1, 1, 1]), fillColorSpace='rgb', fillRGB=array([1, 1, 1]), interpolate=True, lineColor=array([1., 1., 1.]), lineColorSpace='rgb', lineRGB=array([1, 1, 1]), lineWidth=1.0, name='button_next', opacity=1.0, ori=0.0, pos=array([ 0.7 , -0.75]), size=array([0.2, 0.1]), units='norm', vertices=ndarray(...), win=Window(...))
27.6276 	EXP 	window1: mouseVisible = True
27.6277 	EXP 	window1: mouseVisible = True
27.6346 	EXP 	Created clear_txt = TextStim(__class__=<class 'psychopy.visual.text.TextStim'>, alignHoriz=method-wrapper(...), alignText='center', alignVert=method-wrapper(...), anchorHoriz='center', anchorVert='center', antialias=True, autoDraw=False, autoLog=True, bold=False, color=array([-1., -1., -1.]), colorSpace='rgb', contrast=1.0, depth=-12.0, draggable=False, flipHoriz=False, flipVert=False, font='Open Sans', fontFiles=[], height=0.06, italic=False, languageStyle='LTR', name='clear_txt', opacity=1.0, ori=0.0, pos=array([-0.2 , -0.75]), rgb=UNKNOWN, text='Erase', units='norm', win=Window(...), wrapWidth=1)
27.6347 	EXP 	window1: mouseVisible = True
27.6377 	EXP 	Created button_hint = Rect(__class__=<class 'psychopy.visual.rect.Rect'>, anchor=('center', 'center'), autoDraw=False, autoLog=True, closeShape=True, color=method-wrapper(...), colorSpace='rgb', contrast=None, depth=-13.0, draggable=False, fillColor=array([ 1, -1, -1]), fillColorSpace='rgb', fillRGB=array([ 1, -1, -1]), interpolate=True, lineColor=array([1., 1., 1.]), lineColorSpace='rgb', lineRGB=array([1, 1, 1]), lineWidth=1.0, name='button_hint', opacity=1.0, ori=0.0, pos=array([0.6, 0.6]), size=array([0.2, 0.1]), units='norm', vertices=ndarray(...), win=Window(...))
27.6379 	EXP 	window1: mouseVisible = True
27.6411 	EXP 	Created vihje_txt = TextStim(__class__=<class 'psychopy.visual.text.TextStim'>, alignHoriz=method-wrapper(...), alignText='center', alignVert=method-wrapper(...), anchorHoriz='center', anchorVert='center', antialias=True, autoDraw=False, autoLog=True, bold=False, color=array([1., 1., 1.]), colorSpace='rgb', contrast=1.0, depth=-14.0, draggable=False, flipHoriz=False, flipVert=False, font='Open Sans', fontFiles=[], height=0.06, italic=False, languageStyle='LTR', name='vihje_txt', opacity=1.0, ori=0.0, pos=array([0.6, 0.6]), rgb=UNKNOWN, text='', units='norm', win=Window(...), wrapWidth=1)
27.6412 	EXP 	window1: mouseVisible = True
27.6451 	EXP 	Created button_yes = Rect(__class__=<class 'psychopy.visual.rect.Rect'>, anchor=('center', 'center'), autoDraw=False, autoLog=True, closeShape=True, color=method-wrapper(...), colorSpace='rgb', contrast=None, depth=-15.0, draggable=False, fillColor=array([-1.        ,  0.00392157, -1.        ]), fillColorSpace='rgb', fillRGB=array([-1.        ,  0.00392157, -1.        ]), interpolate=True, lineColor=array([1., 1., 1.]), lineColorSpace='rgb', lineRGB=array([1, 1, 1]), lineWidth=1.0, name='button_yes', opacity=1.0, ori=0.0, pos=array([0.3, 0.6]), size=array([0.2, 0.1]), units='norm', vertices=ndarray(...), win=Window(...))
27.6452 	EXP 	window1: mouseVisible = True
27.6472 	EXP 	Created leidsin_txt = TextStim(__class__=<class 'psychopy.visual.text.TextStim'>, alignHoriz=method-wrapper(...), alignText='center', alignVert=method-wrapper(...), anchorHoriz='center', anchorVert='center', antialias=True, autoDraw=False, autoLog=True, bold=False, color=array([1., 1., 1.]), colorSpace='rgb', contrast=1.0, depth=-16.0, draggable=False, flipHoriz=False, flipVert=False, font='Open Sans', fontFiles=[], height=0.06, italic=False, languageStyle='LTR', name='leidsin_txt', opacity=1.0, ori=0.0, pos=array([0.3, 0.6]), rgb=UNKNOWN, text='', units='norm', win=Window(...), wrapWidth=1)
27.6522 	EXP 	window1: mouseVisible = True
27.6529 	EXP 	window1: mouseVisible = True
27.6602 	EXP 	window1: mouseVisible = True
27.6605 	EXP 	window1: mouseVisible = True
27.6615 	EXP 	window1: mouseVisible = True
27.6624 	EXP 	window1: mouseVisible = True
27.6697 	EXP 	window1: mouseVisible = True
27.6700 	EXP 	window1: mouseVisible = True
27.6709 	EXP 	window1: mouseVisible = True
27.6719 	EXP 	window1: mouseVisible = True
27.6783 	EXP 	window1: mouseVisible = True
27.6785 	EXP 	window1: mouseVisible = True
27.6795 	EXP 	window1: mouseVisible = True
27.6804 	EXP 	window1: mouseVisible = True
27.6884 	EXP 	window1: mouseVisible = True
27.6886 	EXP 	window1: mouseVisible = True
27.6898 	EXP 	window1: mouseVisible = True
27.6910 	EXP 	window1: mouseVisible = True
27.6997 	EXP 	window1: mouseVisible = True
27.7041 	EXP 	window1: mouseVisible = True
27.7655 	EXP 	Created RSP_ahhaa = Slider(__class__=<class 'psychopy.visual.slider.Slider'>, autoDraw=False, autoLog=True, borderColor=None, color=None, colorSpace='rgb', depth=-17, fillColor=None, flip=False, font='Open Sans', granularity=1.0, labelColor=None, labelHeight=0.04, labelWrapWidth=None, labels=['Very uncertain', 'Very certain'], lineColor=None, markerColor=None, name='RSP_ahhaa', opacity=None, ori=0.0, pos=array([ 0.5 , -0.05]), readOnly=False, self=UNKNOWN, size=array([0.5 , 0.06]), startValue=None, style='radio', styleTweaks=[], ticks=array([0, 1]), units='norm', win=Window(...))
27.7657 	EXP 	window1: mouseVisible = True
27.7742 	EXP 	Created ahhaa_txt = TextStim(__class__=<class 'psychopy.visual.text.TextStim'>, alignHoriz=method-wrapper(...), alignText='center', alignVert=method-wrapper(...), anchorHoriz='center', anchorVert='center', antialias=True, autoDraw=False, autoLog=True, bold=False, color=array([-1., -1., -1.]), colorSpace='rgb', contrast=1.0, depth=-18.0, draggable=False, flipHoriz=False, flipVert=False, font='Open Sans', fontFiles=[], height=0.06, italic=False, languageStyle='LTR', name='ahhaa_txt', opacity=1.0, ori=0.0, pos=array([0.51, 0.05]), rgb=UNKNOWN, text=str(...), units='norm', win=Window(...), wrapWidth=1)
27.7797 	EXP 	window1: mouseVisible = True
27.7804 	EXP 	window1: mouseVisible = True
27.7871 	EXP 	window1: mouseVisible = True
27.7872 	EXP 	window1: mouseVisible = True
27.7882 	EXP 	window1: mouseVisible = True
27.7891 	EXP 	window1: mouseVisible = True
27.7963 	EXP 	window1: mouseVisible = True
27.7966 	EXP 	window1: mouseVisible = True
27.7977 	EXP 	window1: mouseVisible = True
27.7989 	EXP 	window1: mouseVisible = True
27.8065 	EXP 	window1: mouseVisible = True
27.8067 	EXP 	window1: mouseVisible = True
27.8078 	EXP 	window1: mouseVisible = True
27.8089 	EXP 	window1: mouseVisible = True
27.8163 	EXP 	window1: mouseVisible = True
27.8166 	EXP 	window1: mouseVisible = True
27.8176 	EXP 	window1: mouseVisible = True
27.8185 	EXP 	window1: mouseVisible = True
27.8250 	EXP 	window1: mouseVisible = True
27.8277 	EXP 	window1: mouseVisible = True
27.8887 	EXP 	Created RSP_sudden = Slider(__class__=<class 'psychopy.visual.slider.Slider'>, autoDraw=False, autoLog=True, borderColor=None, color=None, colorSpace='rgb', depth=-19, fillColor=None, flip=False, font='Open Sans', granularity=1.0, labelColor=None, labelHeight=0.04, labelWrapWidth=None, labels=['Very gradually', 'Very suddenly'], lineColor=None, markerColor=None, name='RSP_sudden', opacity=None, ori=0.0, pos=array([ 0.5, -0.3]), readOnly=False, self=UNKNOWN, size=array([0.5 , 0.06]), startValue=None, style='radio', styleTweaks=[], ticks=array([0, 1]), units='norm', win=Window(...))
27.8889 	EXP 	window1: mouseVisible = True
27.8962 	EXP 	Created sudden_txt = TextStim(__class__=<class 'psychopy.visual.text.TextStim'>, alignHoriz=method-wrapper(...), alignText='center', alignVert=method-wrapper(...), anchorHoriz='center', anchorVert='center', antialias=True, autoDraw=False, autoLog=True, bold=False, color=array([-1., -1., -1.]), colorSpace='rgb', contrast=1.0, depth=-20.0, draggable=False, flipHoriz=False, flipVert=False, font='Open Sans', fontFiles=[], height=0.06, italic=False, languageStyle='LTR', name='sudden_txt', opacity=1.0, ori=0.0, pos=array([ 0.42, -0.2 ]), rgb=UNKNOWN, text='How suddenly did the final answer arrive?', units='norm', win=Window(...), wrapWidth=1)
27.9033 	EXP 	window1: mouseVisible = True
27.9042 	EXP 	window1: mouseVisible = True
27.9119 	EXP 	window1: mouseVisible = True
27.9121 	EXP 	window1: mouseVisible = True
27.9130 	EXP 	window1: mouseVisible = True
27.9139 	EXP 	window1: mouseVisible = True
27.9208 	EXP 	window1: mouseVisible = True
27.9210 	EXP 	window1: mouseVisible = True
27.9221 	EXP 	window1: mouseVisible = True
27.9229 	EXP 	window1: mouseVisible = True
27.9293 	EXP 	window1: mouseVisible = True
27.9295 	EXP 	window1: mouseVisible = True
27.9307 	EXP 	window1: mouseVisible = True
27.9315 	EXP 	window1: mouseVisible = True
27.9384 	EXP 	window1: mouseVisible = True
27.9387 	EXP 	window1: mouseVisible = True
27.9396 	EXP 	window1: mouseVisible = True
27.9405 	EXP 	window1: mouseVisible = True
27.9475 	EXP 	window1: mouseVisible = True
27.9500 	EXP 	window1: mouseVisible = True
28.0090 	EXP 	Created RSP_pleasant = Slider(__class__=<class 'psychopy.visual.slider.Slider'>, autoDraw=False, autoLog=True, borderColor=None, color=None, colorSpace='rgb', depth=-21, fillColor=None, flip=False, font='Open Sans', granularity=1.0, labelColor=None, labelHeight=0.04, labelWrapWidth=None, labels=['Very easy', 'Very difficult'], lineColor=None, markerColor=None, name='RSP_pleasant', opacity=None, ori=0.0, pos=array([ 0.5 , -0.55]), readOnly=False, self=UNKNOWN, size=array([0.5 , 0.06]), startValue=None, style='radio', styleTweaks=[], ticks=array([0, 1]), units='norm', win=Window(...))
28.0092 	EXP 	window1: mouseVisible = True
28.0149 	EXP 	Created pleasant_txt = TextStim(__class__=<class 'psychopy.visual.text.TextStim'>, alignHoriz=method-wrapper(...), alignText='center', alignVert=method-wrapper(...), anchorHoriz='center', anchorVert='center', antialias=True, autoDraw=False, autoLog=True, bold=False, color=array([-1., -1., -1.]), colorSpace='rgb', contrast=1.0, depth=-22.0, draggable=False, flipHoriz=False, flipVert=False, font='Open Sans', fontFiles=[], height=0.06, italic=False, languageStyle='LTR', name='pleasant_txt', opacity=1.0, ori=0.0, pos=array([ 0.42, -0.45]), rgb=UNKNOWN, text='How difficult was it to find a solution?', units='norm', win=Window(...), wrapWidth=1)
28.0151 	EXP 	window1: mouseVisible = True
28.0201 	EXP 	Created next_txt = TextStim(__class__=<class 'psychopy.visual.text.TextStim'>, alignHoriz=method-wrapper(...), alignText='center', alignVert=method-wrapper(...), anchorHoriz='center', anchorVert='center', antialias=True, autoDraw=False, autoLog=True, bold=False, color=array([-1., -1., -1.]), colorSpace='rgb', contrast=1.0, depth=-23.0, draggable=False, flipHoriz=False, flipVert=False, font='Open Sans', fontFiles=[], height=0.06, italic=False, languageStyle='LTR', name='next_txt', opacity=1.0, ori=0.0, pos=array([ 0.7 , -0.75]), rgb=UNKNOWN, text='Next', units='norm', win=Window(...), wrapWidth=1)
28.0202 	EXP 	window1: mouseVisible = True
28.0230 	EXP 	Created text = TextStim(__class__=<class 'psychopy.visual.text.TextStim'>, alignHoriz=method-wrapper(...), alignText='center', alignVert=method-wrapper(...), anchorHoriz='center', anchorVert='center', antialias=True, autoDraw=False, autoLog=True, bold=False, color=array([1., 1., 1.]), colorSpace='rgb', contrast=1.0, depth=0.0, draggable=False, flipHoriz=False, flipVert=False, font='Open Sans', fontFiles=[], height=0.1, italic=False, languageStyle='LTR', name='text', opacity=1.0, ori=0.0, pos=array([0., 0.]), rgb=UNKNOWN, text='', units='norm', win=Window(...), wrapWidth=1)
28.0231 	EXP 	window1: mouseVisible = True
28.0339 	EXP 	Created end_txt = TextStim(__class__=<class 'psychopy.visual.text.TextStim'>, alignHoriz=method-wrapper(...), alignText='center', alignVert=method-wrapper(...), anchorHoriz='center', anchorVert='center', antialias=True, autoDraw=False, autoLog=True, bold=False, color=array([1., 1., 1.]), colorSpace='rgb', contrast=1.0, depth=0.0, draggable=False, flipHoriz=False, flipVert=False, font='Open Sans', fontFiles=[], height=0.1, italic=False, languageStyle='LTR', name='end_txt', opacity=1.0, ori=0.0, pos=array([0., 0.]), rgb=UNKNOWN, text='The end. Thank you!', units='norm', win=Window(...), wrapWidth=1)
0.0259 	EXP 	brush_2: autoLog = True
0.0259 	EXP 	brush_2: autoDraw = False
0.0259 	EXP 	H1_textbox_2: autoLog = True
0.0259 	EXP 	RSP_ahhaa_2: autoLog = True
0.0259 	EXP 	RSP_ahhaa_2: ticks = array([0, 1])
0.0259 	EXP 	RSP_ahhaa_2: styleTweaks = []
0.0259 	EXP 	RSP_ahhaa_2: styleTweaks = []
0.0259 	EXP 	RSP_ahhaa_2: styleTweaks = []
0.0259 	EXP 	RSP_ahhaa_2: styleTweaks = []
0.0259 	EXP 	RSP_ahhaa_2: ticks = array([0, 1])
0.0259 	EXP 	RSP_ahhaa_2: contrast = 1.0
0.0259 	EXP 	RSP_ahhaa_2: markerPos = None
0.0259 	EXP 	RSP_ahhaa_2: autoLog = True
0.0259 	EXP 	RSP_sudden_2: autoLog = True
0.0259 	EXP 	RSP_sudden_2: ticks = array([0, 1])
0.0259 	EXP 	RSP_sudden_2: styleTweaks = []
0.0259 	EXP 	RSP_sudden_2: styleTweaks = []
0.0259 	EXP 	RSP_sudden_2: styleTweaks = []
0.0259 	EXP 	RSP_sudden_2: styleTweaks = []
0.0259 	EXP 	RSP_sudden_2: ticks = array([0, 1])
0.0259 	EXP 	RSP_sudden_2: contrast = 1.0
0.0259 	EXP 	RSP_sudden_2: markerPos = None
0.0259 	EXP 	RSP_sudden_2: autoLog = True
0.0259 	EXP 	RSP_pleasant_2: autoLog = True
0.0259 	EXP 	RSP_pleasant_2: ticks = array([0, 1])
0.0259 	EXP 	RSP_pleasant_2: styleTweaks = []
0.0259 	EXP 	RSP_pleasant_2: styleTweaks = []
0.0259 	EXP 	RSP_pleasant_2: styleTweaks = []
0.0259 	EXP 	RSP_pleasant_2: styleTweaks = []
0.0259 	EXP 	RSP_pleasant_2: ticks = array([0, 1])
0.0259 	EXP 	RSP_pleasant_2: contrast = 1.0
0.0259 	EXP 	RSP_pleasant_2: markerPos = None
0.0259 	EXP 	RSP_pleasant_2: autoLog = True
0.0259 	EXP 	brush: autoLog = True
0.0259 	EXP 	brush: autoDraw = False
0.0259 	EXP 	H1_textbox: autoLog = True
0.0259 	EXP 	RSP_ahhaa: autoLog = True
0.0259 	EXP 	RSP_ahhaa: ticks = array([0, 1])
0.0259 	EXP 	RSP_ahhaa: styleTweaks = []
0.0259 	EXP 	RSP_ahhaa: styleTweaks = []
0.0259 	EXP 	RSP_ahhaa: styleTweaks = []
0.0259 	EXP 	RSP_ahhaa: styleTweaks = []
0.0259 	EXP 	RSP_ahhaa: ticks = array([0, 1])
0.0259 	EXP 	RSP_ahhaa: contrast = 1.0
0.0259 	EXP 	RSP_ahhaa: markerPos = None
0.0259 	EXP 	RSP_ahhaa: autoLog = True
0.0259 	EXP 	RSP_sudden: autoLog = True
0.0259 	EXP 	RSP_sudden: ticks = array([0, 1])
0.0259 	EXP 	RSP_sudden: styleTweaks = []
0.0259 	EXP 	RSP_sudden: styleTweaks = []
0.0259 	EXP 	RSP_sudden: styleTweaks = []
0.0259 	EXP 	RSP_sudden: styleTweaks = []
0.0259 	EXP 	RSP_sudden: ticks = array([0, 1])
0.0259 	EXP 	RSP_sudden: contrast = 1.0
0.0259 	EXP 	RSP_sudden: markerPos = None
0.0259 	EXP 	RSP_sudden: autoLog = True
0.0259 	EXP 	RSP_pleasant: autoLog = True
0.0259 	EXP 	RSP_pleasant: ticks = array([0, 1])
0.0259 	EXP 	RSP_pleasant: styleTweaks = []
0.0259 	EXP 	RSP_pleasant: styleTweaks = []
0.0259 	EXP 	RSP_pleasant: styleTweaks = []
0.0259 	EXP 	RSP_pleasant: styleTweaks = []
0.0259 	EXP 	RSP_pleasant: ticks = array([0, 1])
0.0259 	EXP 	RSP_pleasant: contrast = 1.0
0.0259 	EXP 	RSP_pleasant: markerPos = None
0.0259 	EXP 	RSP_pleasant: autoLog = True
0.0355 	EXP 	instruction1_2: autoDraw = True
0.0355 	EXP 	button1_2: autoDraw = True
0.0355 	EXP 	button_txt1_2: autoDraw = True
2.5515 	DATA 	Mouse: Left button down, pos=(1390,196)
2.5581 	EXP 	instruction1_2: autoDraw = False
2.5581 	EXP 	button1_2: autoDraw = False
2.5581 	EXP 	button_txt1_2: autoDraw = False
2.5581 	EXP 	instruction1: autoDraw = True
2.5805 	DATA 	Mouse:  Left button up, pos=(1390,196)
4.5516 	EXP 	button1: autoDraw = True
4.5516 	EXP 	button_txt1: autoDraw = True
5.3799 	DATA 	Mouse: Left button down, pos=(1078,569)
5.7825 	DATA 	Mouse:  Left button up, pos=(854,476)
5.9198 	DATA 	Mouse: Left button down, pos=(530,655)
6.2328 	DATA 	Mouse:  Left button up, pos=(871,497)
8.4622 	DATA 	Mouse: Left button down, pos=(1393,192)
8.4676 	EXP 	instruction1: autoDraw = False
8.4676 	EXP 	button1: autoDraw = False
8.4676 	EXP 	button_txt1: autoDraw = False
8.4676 	EXP 	instruction2: autoDraw = True
8.5876 	DATA 	Mouse:  Left button up, pos=(1393,192)
10.4676 	EXP 	button2: autoDraw = True
10.4676 	EXP 	button_txt2: autoDraw = True
44.7875 	EXP 	ConstellationsNAI22: status = STOPPED
44.7945 	EXP 	instruction2: autoDraw = False
44.7945 	EXP 	button2: autoDraw = False
44.7945 	EXP 	button_txt2: autoDraw = False
44.7945 	EXP 	ConstellationsNAI22: status = STOPPED
44.8625 	EXP 	window1: mouseVisible = True
