10.6982 	WARNING 	User requested fullscreen with size [1536  864], but screen is actually [1920, 1080]. Using actual size
11.3503 	EXP 	Created window1 = Window(allowGUI=True, allowStencil=True, autoLog=True, backendConf=UNKNOWN, backgroundFit=<method-wrapper '__getattribute__' of attributeSetter object at 0x0000026E5B18AC70>, backgroundImage=<method-wrapper '__getattribute__' of attributeSetter object at 0x0000026E5B18AC10>, bitsMode=UNKNOWN, blendMode='avg', bpc=(8, 8, 8), color=array([0, 0, 0]), colorSpace='rgb', depthBits=8, fullscr=<method-wrapper '__getattribute__' of attributeSetter object at 0x0000026E5B18AA60>, gamma=None, gammaErrorPolicy='raise', lms=UNKNOWN, monitor=<psychopy.monitors.calibTools.Monitor object at 0x0000026E5B6FD730>, multiSample=False, name='window1', numSamples=2, pos=(0, 0), screen=0, size=array([1920, 1080]), stencilBits=8, stereo=False, title='PsychoPy', units='norm', useFBO=True, useRetina=False, viewOri=0.0, viewPos=None, viewScale=None, waitBlanking=True, winType='pyglet')
11.3505 	EXP 	window1: mouseVisible = True
11.3505 	EXP 	window1: backgroundImage = ''
11.3505 	EXP 	window1: backgroundFit = 'none'
11.3525 	EXP 	window1: Attempting to measure frame rate of screen (0) ...
11.3525 	EXP 	window1: recordFrameIntervals = False
11.4197 	EXP 	window1: recordFrameIntervals = True
11.4951 	EXP 	Screen (0) actual frame rate measured at 144.27Hz
11.4951 	EXP 	window1: recordFrameIntervals = False
11.4953 	EXP 	window1: mouseVisible = False
15.0641 	EXP 	ConstellationsNAI22: status = STARTED
15.0646 	EXP 	window1: mouseVisible = True
15.5862 	EXP 	Created instruction1_2 = ImageStim(__class__=<class 'psychopy.visual.image.ImageStim'>, anchor=('center', 'center'), autoLog=True, color=array([1., 1., 1.]), colorSpace='rgb', contrast=1.0, depth=0.0, draggable=False, flipHoriz=False, flipVert=False, image='stimuli/intro0.PNG', interpolate=True, mask=None, maskParams=None, name='instruction1_2', opacity=1.0, ori=0.0, pos=array([0., 0.]), size=array([1.3, 1.6]), texRes=128.0, units='norm', win=Window(...))
15.5863 	EXP 	window1: mouseVisible = True
15.5865 	EXP 	window1: mouseVisible = True
15.5894 	EXP 	Created button1_2 = Rect(__class__=<class 'psychopy.visual.rect.Rect'>, anchor=('center', 'center'), autoDraw=False, autoLog=True, closeShape=True, color=method-wrapper(...), colorSpace='rgb', contrast=None, depth=-2.0, draggable=False, fillColor=array([1, 1, 1]), fillColorSpace='rgb', fillRGB=array([1, 1, 1]), interpolate=True, lineColor=array([1., 1., 1.]), lineColorSpace='rgb', lineRGB=array([1, 1, 1]), lineWidth=1.0, name='button1_2', opacity=1.0, ori=0.0, pos=array([ 0.5 , -0.65]), size=array([0.2, 0.1]), units='norm', vertices=ndarray(...), win=Window(...))
15.5897 	EXP 	window1: mouseVisible = True
15.6626 	EXP 	Created button_txt1_2 = TextStim(__class__=<class 'psychopy.visual.text.TextStim'>, alignHoriz=method-wrapper(...), alignText='center', alignVert=method-wrapper(...), anchorHoriz='center', anchorVert='center', antialias=True, autoDraw=False, autoLog=True, bold=False, color=array([-1., -1., -1.]), colorSpace='rgb', contrast=1.0, depth=-3.0, draggable=False, flipHoriz=False, flipVert=False, font='Open Sans', fontFiles=[], height=0.07, italic=False, languageStyle='LTR', name='button_txt1_2', opacity=1.0, ori=0.0, pos=array([ 0.5 , -0.65]), rgb=UNKNOWN, text='Next', units='norm', win=Window(...), wrapWidth=1)
15.6628 	EXP 	window1: mouseVisible = True
16.0198 	EXP 	Created instruction1 = ImageStim(__class__=<class 'psychopy.visual.image.ImageStim'>, anchor=('center', 'center'), autoLog=True, color=array([1., 1., 1.]), colorSpace='rgb', contrast=1.0, depth=0.0, draggable=False, flipHoriz=False, flipVert=False, image='stimuli/intro1.PNG', interpolate=True, mask=None, maskParams=None, name='instruction1', opacity=1.0, ori=0.0, pos=array([0., 0.]), size=array([1.3, 1.6]), texRes=128.0, units='norm', win=Window(...))
16.0199 	EXP 	window1: mouseVisible = True
16.0200 	EXP 	window1: mouseVisible = True
16.0228 	EXP 	Created button1 = Rect(__class__=<class 'psychopy.visual.rect.Rect'>, anchor=('center', 'center'), autoDraw=False, autoLog=True, closeShape=True, color=method-wrapper(...), colorSpace='rgb', contrast=None, depth=-2.0, draggable=False, fillColor=array([1, 1, 1]), fillColorSpace='rgb', fillRGB=array([1, 1, 1]), interpolate=True, lineColor=array([1., 1., 1.]), lineColorSpace='rgb', lineRGB=array([1, 1, 1]), lineWidth=1.0, name='button1', opacity=1.0, ori=0.0, pos=array([ 0.5 , -0.65]), size=array([0.2, 0.1]), units='norm', vertices=ndarray(...), win=Window(...))
16.0229 	EXP 	window1: mouseVisible = True
16.0260 	EXP 	Created button_txt1 = TextStim(__class__=<class 'psychopy.visual.text.TextStim'>, alignHoriz=method-wrapper(...), alignText='center', alignVert=method-wrapper(...), anchorHoriz='center', anchorVert='center', antialias=True, autoDraw=False, autoLog=True, bold=False, color=array([-1., -1., -1.]), colorSpace='rgb', contrast=1.0, depth=-3.0, draggable=False, flipHoriz=False, flipVert=False, font='Open Sans', fontFiles=[], height=0.07, italic=False, languageStyle='LTR', name='button_txt1', opacity=1.0, ori=0.0, pos=array([ 0.5 , -0.65]), rgb=UNKNOWN, text='Next', units='norm', win=Window(...), wrapWidth=1)
16.0261 	EXP 	window1: mouseVisible = True
16.8141 	EXP 	Created instruction2 = ImageStim(__class__=<class 'psychopy.visual.image.ImageStim'>, anchor=('center', 'center'), autoLog=True, color=array([1., 1., 1.]), colorSpace='rgb', contrast=1.0, depth=0.0, draggable=False, flipHoriz=False, flipVert=False, image='stimuli/intro2.PNG', interpolate=True, mask=None, maskParams=None, name='instruction2', opacity=1.0, ori=0.0, pos=array([0., 0.]), size=array([1.3, 1.6]), texRes=128.0, units='norm', win=Window(...))
16.8142 	EXP 	window1: mouseVisible = True
16.8143 	EXP 	window1: mouseVisible = True
16.8171 	EXP 	Created button2 = Rect(__class__=<class 'psychopy.visual.rect.Rect'>, anchor=('center', 'center'), autoDraw=False, autoLog=True, closeShape=True, color=method-wrapper(...), colorSpace='rgb', contrast=None, depth=-2.0, draggable=False, fillColor=array([1, 1, 1]), fillColorSpace='rgb', fillRGB=array([1, 1, 1]), interpolate=True, lineColor=array([1., 1., 1.]), lineColorSpace='rgb', lineRGB=array([1, 1, 1]), lineWidth=1.0, name='button2', opacity=1.0, ori=0.0, pos=array([ 0.5 , -0.65]), size=array([0.2, 0.1]), units='norm', vertices=ndarray(...), win=Window(...))
16.8172 	EXP 	window1: mouseVisible = True
16.8212 	EXP 	Created button_txt2 = TextStim(__class__=<class 'psychopy.visual.text.TextStim'>, alignHoriz=method-wrapper(...), alignText='center', alignVert=method-wrapper(...), anchorHoriz='center', anchorVert='center', antialias=True, autoDraw=False, autoLog=True, bold=False, color=array([-1., -1., -1.]), colorSpace='rgb', contrast=1.0, depth=-3.0, draggable=False, flipHoriz=False, flipVert=False, font='Open Sans', fontFiles=[], height=0.07, italic=False, languageStyle='LTR', name='button_txt2', opacity=1.0, ori=0.0, pos=array([ 0.5 , -0.65]), rgb=UNKNOWN, text='Next', units='norm', win=Window(...), wrapWidth=1)
16.8213 	EXP 	window1: mouseVisible = True
17.3459 	EXP 	Created instruction3 = ImageStim(__class__=<class 'psychopy.visual.image.ImageStim'>, anchor=('center', 'center'), autoLog=True, color=array([1., 1., 1.]), colorSpace='rgb', contrast=1.0, depth=0.0, draggable=False, flipHoriz=False, flipVert=False, image='stimuli/intro3.PNG', interpolate=True, mask=None, maskParams=None, name='instruction3', opacity=1.0, ori=0.0, pos=array([0., 0.]), size=array([1.3, 1.6]), texRes=128.0, units='norm', win=Window(...))
17.3460 	EXP 	window1: mouseVisible = True
17.3461 	EXP 	window1: mouseVisible = True
17.3497 	EXP 	Created button3 = Rect(__class__=<class 'psychopy.visual.rect.Rect'>, anchor=('center', 'center'), autoDraw=False, autoLog=True, closeShape=True, color=method-wrapper(...), colorSpace='rgb', contrast=None, depth=-2.0, draggable=False, fillColor=array([1, 1, 1]), fillColorSpace='rgb', fillRGB=array([1, 1, 1]), interpolate=True, lineColor=array([1., 1., 1.]), lineColorSpace='rgb', lineRGB=array([1, 1, 1]), lineWidth=1.0, name='button3', opacity=1.0, ori=0.0, pos=array([ 0.5 , -0.65]), size=array([0.2, 0.1]), units='norm', vertices=ndarray(...), win=Window(...))
17.3498 	EXP 	window1: mouseVisible = True
17.3542 	EXP 	Created button_txt3 = TextStim(__class__=<class 'psychopy.visual.text.TextStim'>, alignHoriz=method-wrapper(...), alignText='center', alignVert=method-wrapper(...), anchorHoriz='center', anchorVert='center', antialias=True, autoDraw=False, autoLog=True, bold=False, color=array([-1., -1., -1.]), colorSpace='rgb', contrast=1.0, depth=-3.0, draggable=False, flipHoriz=False, flipVert=False, font='Open Sans', fontFiles=[], height=0.07, italic=False, languageStyle='LTR', name='button_txt3', opacity=1.0, ori=0.0, pos=array([ 0.5 , -0.65]), rgb=UNKNOWN, text='Next', units='norm', win=Window(...), wrapWidth=1)
17.3543 	EXP 	window1: mouseVisible = True
17.9078 	EXP 	Created instruction4 = ImageStim(__class__=<class 'psychopy.visual.image.ImageStim'>, anchor=('center', 'center'), autoLog=True, color=array([1., 1., 1.]), colorSpace='rgb', contrast=1.0, depth=0.0, draggable=False, flipHoriz=False, flipVert=False, image='stimuli/intro4.PNG', interpolate=True, mask=None, maskParams=None, name='instruction4', opacity=1.0, ori=0.0, pos=array([0., 0.]), size=array([1.3, 1.6]), texRes=128.0, units='norm', win=Window(...))
17.9079 	EXP 	window1: mouseVisible = True
17.9080 	EXP 	window1: mouseVisible = True
17.9106 	EXP 	Created button4 = Rect(__class__=<class 'psychopy.visual.rect.Rect'>, anchor=('center', 'center'), autoDraw=False, autoLog=True, closeShape=True, color=method-wrapper(...), colorSpace='rgb', contrast=None, depth=-2.0, draggable=False, fillColor=array([1, 1, 1]), fillColorSpace='rgb', fillRGB=array([1, 1, 1]), interpolate=True, lineColor=array([1., 1., 1.]), lineColorSpace='rgb', lineRGB=array([1, 1, 1]), lineWidth=1.0, name='button4', opacity=1.0, ori=0.0, pos=array([ 0.5 , -0.65]), size=array([0.2, 0.1]), units='norm', vertices=ndarray(...), win=Window(...))
17.9107 	EXP 	window1: mouseVisible = True
17.9147 	EXP 	Created button_txt4 = TextStim(__class__=<class 'psychopy.visual.text.TextStim'>, alignHoriz=method-wrapper(...), alignText='center', alignVert=method-wrapper(...), anchorHoriz='center', anchorVert='center', antialias=True, autoDraw=False, autoLog=True, bold=False, color=array([-1., -1., -1.]), colorSpace='rgb', contrast=1.0, depth=-3.0, draggable=False, flipHoriz=False, flipVert=False, font='Open Sans', fontFiles=[], height=0.07, italic=False, languageStyle='LTR', name='button_txt4', opacity=1.0, ori=0.0, pos=array([ 0.5 , -0.65]), rgb=UNKNOWN, text='Next', units='norm', win=Window(...), wrapWidth=1)
17.9149 	EXP 	window1: mouseVisible = True
17.9311 	EXP 	Created image_2 = ImageStim(__class__=<class 'psychopy.visual.image.ImageStim'>, anchor=('center', 'center'), autoLog=True, color=array([1., 1., 1.]), colorSpace='rgb', contrast=1.0, depth=0.0, draggable=False, flipHoriz=False, flipVert=False, image='default.png', interpolate=True, mask=None, maskParams=None, name='image_2', opacity=1.0, ori=0.0, pos=array([-0.4,  0. ]), size=array([0.65, 0.65]), texRes=128.0, units='height', win=Window(...))
17.9313 	EXP 	window1: mouseVisible = True
17.9314 	EXP 	Created brush_2 = <psychopy.visual.brush.Brush object at 0x0000026E60F2F7F0>
17.9315 	EXP 	window1: mouseVisible = True
17.9318 	EXP 	window1: mouseVisible = True
17.9320 	EXP 	window1: mouseVisible = True
17.9330 	EXP 	window1: mouseVisible = True
17.9341 	EXP 	window1: mouseVisible = True
17.9411 	EXP 	window1: mouseVisible = True
17.9414 	EXP 	window1: mouseVisible = True
17.9421 	EXP 	window1: mouseVisible = True
17.9428 	EXP 	window1: mouseVisible = True
17.9672 	EXP 	window1: mouseVisible = True
17.9850 	EXP 	Created juhis_txt_2 = TextStim(__class__=<class 'psychopy.visual.text.TextStim'>, alignHoriz=method-wrapper(...), alignText='center', alignVert=method-wrapper(...), anchorHoriz='center', anchorVert='center', antialias=True, autoDraw=False, autoLog=True, bold=False, color=array([-1., -1., -1.]), colorSpace='rgb', contrast=1.0, depth=-5.0, draggable=False, flipHoriz=False, flipVert=False, font='Open Sans', fontFiles=[], height=0.07, italic=False, languageStyle='LTR', name='juhis_txt_2', opacity=1.0, ori=0.0, pos=array([-0.45,  0.75]), rgb=UNKNOWN, text='Trace the contours to find an object!', units='norm', win=Window(...), wrapWidth=1)
17.9852 	EXP 	window1: mouseVisible = True
17.9876 	EXP 	Created button_clear_2 = Rect(__class__=<class 'psychopy.visual.rect.Rect'>, anchor=('center', 'center'), autoDraw=False, autoLog=True, closeShape=True, color=method-wrapper(...), colorSpace='rgb', contrast=None, depth=-6.0, draggable=False, fillColor=array([1, 1, 1]), fillColorSpace='rgb', fillRGB=array([1, 1, 1]), interpolate=True, lineColor=array([1., 1., 1.]), lineColorSpace='rgb', lineRGB=array([1, 1, 1]), lineWidth=1.0, name='button_clear_2', opacity=1.0, ori=0.0, pos=array([-0.2 , -0.75]), size=array([0.2, 0.1]), units='norm', vertices=ndarray(...), win=Window(...))
17.9878 	EXP 	window1: mouseVisible = True
18.0024 	EXP 	Created objekt_txt_2 = TextStim(__class__=<class 'psychopy.visual.text.TextStim'>, alignHoriz=method-wrapper(...), alignText='center', alignVert=method-wrapper(...), anchorHoriz='center', anchorVert='center', antialias=True, autoDraw=False, autoLog=True, bold=False, color=array([-1., -1., -1.]), colorSpace='rgb', contrast=1.0, depth=-7.0, draggable=False, flipHoriz=False, flipVert=False, font='Open Sans', fontFiles=[], height=0.06, italic=False, languageStyle='LTR', name='objekt_txt_2', opacity=1.0, ori=0.0, pos=array([0.4 , 0.55]), rgb=UNKNOWN, text='What did you find in the image?', units='norm', win=Window(...), wrapWidth=1)
18.0025 	EXP 	window1: mouseVisible = True
18.0026 	EXP 	window1: mouseVisible = True
18.0049 	EXP 	Created button_next_2 = Rect(__class__=<class 'psychopy.visual.rect.Rect'>, anchor=('center', 'center'), autoDraw=False, autoLog=True, closeShape=True, color=method-wrapper(...), colorSpace='rgb', contrast=None, depth=-9.0, draggable=False, fillColor=array([1, 1, 1]), fillColorSpace='rgb', fillRGB=array([1, 1, 1]), interpolate=True, lineColor=array([1., 1., 1.]), lineColorSpace='rgb', lineRGB=array([1, 1, 1]), lineWidth=1.0, name='button_next_2', opacity=1.0, ori=0.0, pos=array([ 0.7 , -0.75]), size=array([0.2, 0.1]), units='norm', vertices=ndarray(...), win=Window(...))
18.0050 	EXP 	window1: mouseVisible = True
18.0051 	EXP 	window1: mouseVisible = True
18.0131 	EXP 	Created clear_txt_2 = TextStim(__class__=<class 'psychopy.visual.text.TextStim'>, alignHoriz=method-wrapper(...), alignText='center', alignVert=method-wrapper(...), anchorHoriz='center', anchorVert='center', antialias=True, autoDraw=False, autoLog=True, bold=False, color=array([-1., -1., -1.]), colorSpace='rgb', contrast=1.0, depth=-11.0, draggable=False, flipHoriz=False, flipVert=False, font='Open Sans', fontFiles=[], height=0.06, italic=False, languageStyle='LTR', name='clear_txt_2', opacity=1.0, ori=0.0, pos=array([-0.2 , -0.75]), rgb=UNKNOWN, text='Erase', units='norm', win=Window(...), wrapWidth=1)
18.0132 	EXP 	window1: mouseVisible = True
18.0162 	EXP 	Created button_hint_2 = Rect(__class__=<class 'psychopy.visual.rect.Rect'>, anchor=('center', 'center'), autoDraw=False, autoLog=True, closeShape=True, color=method-wrapper(...), colorSpace='rgb', contrast=None, depth=-12.0, draggable=False, fillColor=array([ 1, -1, -1]), fillColorSpace='rgb', fillRGB=array([ 1, -1, -1]), interpolate=True, lineColor=array([1., 1., 1.]), lineColorSpace='rgb', lineRGB=array([1, 1, 1]), lineWidth=1.0, name='button_hint_2', opacity=1.0, ori=0.0, pos=array([0.6, 0.6]), size=array([0.2, 0.1]), units='norm', vertices=ndarray(...), win=Window(...))
18.0164 	EXP 	window1: mouseVisible = True
18.0198 	EXP 	Created vihje_txt_2 = TextStim(__class__=<class 'psychopy.visual.text.TextStim'>, alignHoriz=method-wrapper(...), alignText='center', alignVert=method-wrapper(...), anchorHoriz='center', anchorVert='center', antialias=True, autoDraw=False, autoLog=True, bold=False, color=array([1., 1., 1.]), colorSpace='rgb', contrast=1.0, depth=-13.0, draggable=False, flipHoriz=False, flipVert=False, font='Open Sans', fontFiles=[], height=0.06, italic=False, languageStyle='LTR', name='vihje_txt_2', opacity=1.0, ori=0.0, pos=array([0.6, 0.6]), rgb=UNKNOWN, text='', units='norm', win=Window(...), wrapWidth=1)
18.0199 	EXP 	window1: mouseVisible = True
18.0230 	EXP 	Created button_yes_2 = Rect(__class__=<class 'psychopy.visual.rect.Rect'>, anchor=('center', 'center'), autoDraw=False, autoLog=True, closeShape=True, color=method-wrapper(...), colorSpace='rgb', contrast=None, depth=-14.0, draggable=False, fillColor=array([-1.        ,  0.00392157, -1.        ]), fillColorSpace='rgb', fillRGB=array([-1.        ,  0.00392157, -1.        ]), interpolate=True, lineColor=array([1., 1., 1.]), lineColorSpace='rgb', lineRGB=array([1, 1, 1]), lineWidth=1.0, name='button_yes_2', opacity=1.0, ori=0.0, pos=array([0.3, 0.6]), size=array([0.2, 0.1]), units='norm', vertices=ndarray(...), win=Window(...))
18.0232 	EXP 	window1: mouseVisible = True
18.0248 	EXP 	Created leidsin_txt_2 = TextStim(__class__=<class 'psychopy.visual.text.TextStim'>, alignHoriz=method-wrapper(...), alignText='center', alignVert=method-wrapper(...), anchorHoriz='center', anchorVert='center', antialias=True, autoDraw=False, autoLog=True, bold=False, color=array([1., 1., 1.]), colorSpace='rgb', contrast=1.0, depth=-15.0, draggable=False, flipHoriz=False, flipVert=False, font='Open Sans', fontFiles=[], height=0.06, italic=False, languageStyle='LTR', name='leidsin_txt_2', opacity=1.0, ori=0.0, pos=array([0.3, 0.6]), rgb=UNKNOWN, text='', units='norm', win=Window(...), wrapWidth=1)
18.0359 	EXP 	window1: mouseVisible = True
18.0367 	EXP 	window1: mouseVisible = True
18.0430 	EXP 	window1: mouseVisible = True
18.0432 	EXP 	window1: mouseVisible = True
18.0439 	EXP 	window1: mouseVisible = True
18.0446 	EXP 	window1: mouseVisible = True
18.0751 	EXP 	window1: mouseVisible = True
18.0755 	EXP 	window1: mouseVisible = True
18.0763 	EXP 	window1: mouseVisible = True
18.0771 	EXP 	window1: mouseVisible = True
18.0930 	EXP 	window1: mouseVisible = True
18.0933 	EXP 	window1: mouseVisible = True
18.0948 	EXP 	window1: mouseVisible = True
18.0964 	EXP 	window1: mouseVisible = True
18.1036 	EXP 	window1: mouseVisible = True
18.1038 	EXP 	window1: mouseVisible = True
18.1045 	EXP 	window1: mouseVisible = True
18.1053 	EXP 	window1: mouseVisible = True
18.1113 	EXP 	window1: mouseVisible = True
18.1137 	EXP 	window1: mouseVisible = True
18.1631 	EXP 	Created RSP_ahhaa_2 = Slider(__class__=<class 'psychopy.visual.slider.Slider'>, autoDraw=False, autoLog=True, borderColor=None, color=None, colorSpace='rgb', depth=-16, fillColor=None, flip=False, font='Open Sans', granularity=1.0, labelColor=None, labelHeight=0.04, labelWrapWidth=None, labels=['Very uncertain', 'Very certain'], lineColor=None, markerColor=None, name='RSP_ahhaa_2', opacity=None, ori=0.0, pos=array([ 0.5 , -0.05]), readOnly=False, self=UNKNOWN, size=array([0.5 , 0.06]), startValue=None, style='radio', styleTweaks=[], ticks=array([0, 1]), units='norm', win=Window(...))
18.1633 	EXP 	window1: mouseVisible = True
18.1727 	EXP 	Created ahhaa_txt_2 = TextStim(__class__=<class 'psychopy.visual.text.TextStim'>, alignHoriz=method-wrapper(...), alignText='center', alignVert=method-wrapper(...), anchorHoriz='center', anchorVert='center', antialias=True, autoDraw=False, autoLog=True, bold=False, color=array([-1., -1., -1.]), colorSpace='rgb', contrast=1.0, depth=-17.0, draggable=False, flipHoriz=False, flipVert=False, font='Open Sans', fontFiles=[], height=0.06, italic=False, languageStyle='LTR', name='ahhaa_txt_2', opacity=1.0, ori=0.0, pos=array([0.51, 0.05]), rgb=UNKNOWN, text=str(...), units='norm', win=Window(...), wrapWidth=1)
18.1782 	EXP 	window1: mouseVisible = True
18.1788 	EXP 	window1: mouseVisible = True
18.1847 	EXP 	window1: mouseVisible = True
18.1850 	EXP 	window1: mouseVisible = True
18.1859 	EXP 	window1: mouseVisible = True
18.1867 	EXP 	window1: mouseVisible = True
18.2018 	EXP 	window1: mouseVisible = True
18.2022 	EXP 	window1: mouseVisible = True
18.2030 	EXP 	window1: mouseVisible = True
18.2037 	EXP 	window1: mouseVisible = True
18.2089 	EXP 	window1: mouseVisible = True
18.2091 	EXP 	window1: mouseVisible = True
18.2099 	EXP 	window1: mouseVisible = True
18.2106 	EXP 	window1: mouseVisible = True
18.2189 	EXP 	window1: mouseVisible = True
18.2191 	EXP 	window1: mouseVisible = True
18.2199 	EXP 	window1: mouseVisible = True
18.2206 	EXP 	window1: mouseVisible = True
18.2253 	EXP 	window1: mouseVisible = True
18.2270 	EXP 	window1: mouseVisible = True
18.2737 	EXP 	Created RSP_sudden_2 = Slider(__class__=<class 'psychopy.visual.slider.Slider'>, autoDraw=False, autoLog=True, borderColor=None, color=None, colorSpace='rgb', depth=-18, fillColor=None, flip=False, font='Open Sans', granularity=1.0, labelColor=None, labelHeight=0.04, labelWrapWidth=None, labels=['Very gradually', 'Very suddenly'], lineColor=None, markerColor=None, name='RSP_sudden_2', opacity=None, ori=0.0, pos=array([ 0.5, -0.3]), readOnly=False, self=UNKNOWN, size=array([0.5 , 0.06]), startValue=None, style='radio', styleTweaks=[], ticks=array([0, 1]), units='norm', win=Window(...))
18.2739 	EXP 	window1: mouseVisible = True
18.2809 	EXP 	Created sudden_txt_2 = TextStim(__class__=<class 'psychopy.visual.text.TextStim'>, alignHoriz=method-wrapper(...), alignText='center', alignVert=method-wrapper(...), anchorHoriz='center', anchorVert='center', antialias=True, autoDraw=False, autoLog=True, bold=False, color=array([-1., -1., -1.]), colorSpace='rgb', contrast=1.0, depth=-19.0, draggable=False, flipHoriz=False, flipVert=False, font='Open Sans', fontFiles=[], height=0.06, italic=False, languageStyle='LTR', name='sudden_txt_2', opacity=1.0, ori=0.0, pos=array([ 0.42, -0.2 ]), rgb=UNKNOWN, text='How suddenly did the final answer arrive?', units='norm', win=Window(...), wrapWidth=1)
18.2850 	EXP 	window1: mouseVisible = True
18.2856 	EXP 	window1: mouseVisible = True
18.2909 	EXP 	window1: mouseVisible = True
18.2911 	EXP 	window1: mouseVisible = True
18.2918 	EXP 	window1: mouseVisible = True
18.2926 	EXP 	window1: mouseVisible = True
18.2987 	EXP 	window1: mouseVisible = True
18.2989 	EXP 	window1: mouseVisible = True
18.2996 	EXP 	window1: mouseVisible = True
18.3003 	EXP 	window1: mouseVisible = True
18.3050 	EXP 	window1: mouseVisible = True
18.3051 	EXP 	window1: mouseVisible = True
18.3058 	EXP 	window1: mouseVisible = True
18.3065 	EXP 	window1: mouseVisible = True
18.3142 	EXP 	window1: mouseVisible = True
18.3145 	EXP 	window1: mouseVisible = True
18.3152 	EXP 	window1: mouseVisible = True
18.3158 	EXP 	window1: mouseVisible = True
18.3208 	EXP 	window1: mouseVisible = True
18.3227 	EXP 	window1: mouseVisible = True
18.3683 	EXP 	Created RSP_pleasant_2 = Slider(__class__=<class 'psychopy.visual.slider.Slider'>, autoDraw=False, autoLog=True, borderColor=None, color=None, colorSpace='rgb', depth=-20, fillColor=None, flip=False, font='Open Sans', granularity=1.0, labelColor=None, labelHeight=0.04, labelWrapWidth=None, labels=['Very easy', 'Very difficult'], lineColor=None, markerColor=None, name='RSP_pleasant_2', opacity=None, ori=0.0, pos=array([ 0.5 , -0.55]), readOnly=False, self=UNKNOWN, size=array([0.5 , 0.06]), startValue=None, style='radio', styleTweaks=[], ticks=array([0, 1]), units='norm', win=Window(...))
18.3685 	EXP 	window1: mouseVisible = True
18.3735 	EXP 	Created pleasant_txt_2 = TextStim(__class__=<class 'psychopy.visual.text.TextStim'>, alignHoriz=method-wrapper(...), alignText='center', alignVert=method-wrapper(...), anchorHoriz='center', anchorVert='center', antialias=True, autoDraw=False, autoLog=True, bold=False, color=array([-1., -1., -1.]), colorSpace='rgb', contrast=1.0, depth=-21.0, draggable=False, flipHoriz=False, flipVert=False, font='Open Sans', fontFiles=[], height=0.06, italic=False, languageStyle='LTR', name='pleasant_txt_2', opacity=1.0, ori=0.0, pos=array([ 0.42, -0.45]), rgb=UNKNOWN, text='How difficult was it to find a solution?', units='norm', win=Window(...), wrapWidth=1)
18.3736 	EXP 	window1: mouseVisible = True
18.3782 	EXP 	Created next_txt_2 = TextStim(__class__=<class 'psychopy.visual.text.TextStim'>, alignHoriz=method-wrapper(...), alignText='center', alignVert=method-wrapper(...), anchorHoriz='center', anchorVert='center', antialias=True, autoDraw=False, autoLog=True, bold=False, color=array([-1., -1., -1.]), colorSpace='rgb', contrast=1.0, depth=-22.0, draggable=False, flipHoriz=False, flipVert=False, font='Open Sans', fontFiles=[], height=0.06, italic=False, languageStyle='LTR', name='next_txt_2', opacity=1.0, ori=0.0, pos=array([ 0.7 , -0.75]), rgb=UNKNOWN, text='Next', units='norm', win=Window(...), wrapWidth=1)
18.3783 	EXP 	window1: mouseVisible = True
18.3886 	EXP 	Created practice_object = ImageStim(__class__=<class 'psychopy.visual.image.ImageStim'>, anchor=('center', 'center'), autoLog=True, color=array([1., 1., 1.]), colorSpace='rgb', contrast=1.0, depth=0.0, draggable=False, flipHoriz=False, flipVert=False, image='stimuli/practice_first.jpg', interpolate=True, mask=None, maskParams=None, name='practice_object', opacity=1.0, ori=0.0, pos=array([0., 0.]), size=array([0.65, 0.65]), texRes=128.0, units='height', win=Window(...))
18.3887 	EXP 	window1: mouseVisible = True
18.3996 	EXP 	Created practice_outline = ImageStim(__class__=<class 'psychopy.visual.image.ImageStim'>, anchor=('center', 'center'), autoLog=True, color=array([1., 1., 1.]), colorSpace='rgb', contrast=1.0, depth=-1.0, draggable=False, flipHoriz=False, flipVert=False, image='stimuli/solution1.jpg', interpolate=True, mask=None, maskParams=None, name='practice_outline', opacity=1.0, ori=0.0, pos=array([0., 0.]), size=array([0.65, 0.65]), texRes=128.0, units='height', win=Window(...))
18.3997 	EXP 	window1: mouseVisible = True
18.4116 	EXP 	Created text_2 = TextStim(__class__=<class 'psychopy.visual.text.TextStim'>, alignHoriz=method-wrapper(...), alignText='center', alignVert=method-wrapper(...), anchorHoriz='center', anchorVert='center', antialias=True, autoDraw=False, autoLog=True, bold=False, color=array([1., 1., 1.]), colorSpace='rgb', contrast=1.0, depth=-2.0, draggable=False, flipHoriz=False, flipVert=False, font='Open Sans', fontFiles=[], height=0.1, italic=False, languageStyle='LTR', name='text_2', opacity=1.0, ori=0.0, pos=array([0. , 0.7]), rgb=UNKNOWN, text='Answer: CAR', units='norm', win=Window(...), wrapWidth=1)
18.4117 	EXP 	window1: mouseVisible = True
18.4118 	EXP 	window1: mouseVisible = True
18.4139 	EXP 	Created button5 = Rect(__class__=<class 'psychopy.visual.rect.Rect'>, anchor=('center', 'center'), autoDraw=False, autoLog=True, closeShape=True, color=method-wrapper(...), colorSpace='rgb', contrast=None, depth=-4.0, draggable=False, fillColor=array([1, 1, 1]), fillColorSpace='rgb', fillRGB=array([1, 1, 1]), interpolate=True, lineColor=array([1., 1., 1.]), lineColorSpace='rgb', lineRGB=array([1, 1, 1]), lineWidth=1.0, name='button5', opacity=1.0, ori=0.0, pos=array([ 0.5, -0.6]), size=array([0.2, 0.1]), units='norm', vertices=ndarray(...), win=Window(...))
18.4140 	EXP 	window1: mouseVisible = True
18.4207 	EXP 	Created button_txt5 = TextStim(__class__=<class 'psychopy.visual.text.TextStim'>, alignHoriz=method-wrapper(...), alignText='center', alignVert=method-wrapper(...), anchorHoriz='center', anchorVert='center', antialias=True, autoDraw=False, autoLog=True, bold=False, color=array([-1., -1., -1.]), colorSpace='rgb', contrast=1.0, depth=-5.0, draggable=False, flipHoriz=False, flipVert=False, font='Open Sans', fontFiles=[], height=0.07, italic=False, languageStyle='LTR', name='button_txt5', opacity=1.0, ori=0.0, pos=array([ 0.5, -0.6]), rgb=UNKNOWN, text='Next', units='norm', win=Window(...), wrapWidth=1)
18.4208 	EXP 	window1: mouseVisible = True
18.7122 	EXP 	Created instruction4_2 = ImageStim(__class__=<class 'psychopy.visual.image.ImageStim'>, anchor=('center', 'center'), autoLog=True, color=array([1., 1., 1.]), colorSpace='rgb', contrast=1.0, depth=0.0, draggable=False, flipHoriz=False, flipVert=False, image='stimuli/intro5.PNG', interpolate=True, mask=None, maskParams=None, name='instruction4_2', opacity=1.0, ori=0.0, pos=array([0., 0.]), size=array([1.3, 1.6]), texRes=128.0, units='norm', win=Window(...))
18.7123 	EXP 	window1: mouseVisible = True
18.7124 	EXP 	window1: mouseVisible = True
18.7156 	EXP 	Created button4_2 = Rect(__class__=<class 'psychopy.visual.rect.Rect'>, anchor=('center', 'center'), autoDraw=False, autoLog=True, closeShape=True, color=method-wrapper(...), colorSpace='rgb', contrast=None, depth=-2.0, draggable=False, fillColor=array([1, 1, 1]), fillColorSpace='rgb', fillRGB=array([1, 1, 1]), interpolate=True, lineColor=array([1., 1., 1.]), lineColorSpace='rgb', lineRGB=array([1, 1, 1]), lineWidth=1.0, name='button4_2', opacity=1.0, ori=0.0, pos=array([ 0.5 , -0.65]), size=array([0.2, 0.1]), units='norm', vertices=ndarray(...), win=Window(...))
18.7158 	EXP 	window1: mouseVisible = True
18.7198 	EXP 	Created button_txt4_2 = TextStim(__class__=<class 'psychopy.visual.text.TextStim'>, alignHoriz=method-wrapper(...), alignText='center', alignVert=method-wrapper(...), anchorHoriz='center', anchorVert='center', antialias=True, autoDraw=False, autoLog=True, bold=False, color=array([-1., -1., -1.]), colorSpace='rgb', contrast=1.0, depth=-3.0, draggable=False, flipHoriz=False, flipVert=False, font='Open Sans', fontFiles=[], height=0.07, italic=False, languageStyle='LTR', name='button_txt4_2', opacity=1.0, ori=0.0, pos=array([ 0.5 , -0.65]), rgb=UNKNOWN, text='Next', units='norm', win=Window(...), wrapWidth=1)
18.7200 	EXP 	window1: mouseVisible = True
18.7348 	EXP 	Created image = ImageStim(__class__=<class 'psychopy.visual.image.ImageStim'>, anchor=('center', 'center'), autoLog=True, color=array([1., 1., 1.]), colorSpace='rgb', contrast=1.0, depth=0.0, draggable=False, flipHoriz=False, flipVert=False, image='default.png', interpolate=True, mask=None, maskParams=None, name='image', opacity=1.0, ori=0.0, pos=array([-0.4,  0. ]), size=array([0.65, 0.65]), texRes=128.0, units='height', win=Window(...))
18.7350 	EXP 	window1: mouseVisible = True
18.7351 	EXP 	window1: mouseVisible = True
18.7351 	EXP 	Created brush = <psychopy.visual.brush.Brush object at 0x0000026E690C0850>
18.7354 	EXP 	window1: mouseVisible = True
18.7355 	EXP 	window1: mouseVisible = True
18.7365 	EXP 	window1: mouseVisible = True
18.7375 	EXP 	window1: mouseVisible = True
18.7427 	EXP 	window1: mouseVisible = True
18.7430 	EXP 	window1: mouseVisible = True
18.7438 	EXP 	window1: mouseVisible = True
18.7447 	EXP 	window1: mouseVisible = True
18.7499 	EXP 	window1: mouseVisible = True
18.7623 	EXP 	Created juhis_txt = TextStim(__class__=<class 'psychopy.visual.text.TextStim'>, alignHoriz=method-wrapper(...), alignText='center', alignVert=method-wrapper(...), anchorHoriz='center', anchorVert='center', antialias=True, autoDraw=False, autoLog=True, bold=False, color=array([-1., -1., -1.]), colorSpace='rgb', contrast=1.0, depth=-6.0, draggable=False, flipHoriz=False, flipVert=False, font='Open Sans', fontFiles=[], height=0.07, italic=False, languageStyle='LTR', name='juhis_txt', opacity=1.0, ori=0.0, pos=array([-0.45,  0.75]), rgb=UNKNOWN, text='Trace the contours to find an object!', units='norm', win=Window(...), wrapWidth=1)
18.7625 	EXP 	window1: mouseVisible = True
18.7651 	EXP 	Created button_clear = Rect(__class__=<class 'psychopy.visual.rect.Rect'>, anchor=('center', 'center'), autoDraw=False, autoLog=True, closeShape=True, color=method-wrapper(...), colorSpace='rgb', contrast=None, depth=-7.0, draggable=False, fillColor=array([1, 1, 1]), fillColorSpace='rgb', fillRGB=array([1, 1, 1]), interpolate=True, lineColor=array([1., 1., 1.]), lineColorSpace='rgb', lineRGB=array([1, 1, 1]), lineWidth=1.0, name='button_clear', opacity=1.0, ori=0.0, pos=array([-0.2 , -0.75]), size=array([0.2, 0.1]), units='norm', vertices=ndarray(...), win=Window(...))
18.7653 	EXP 	window1: mouseVisible = True
18.7765 	EXP 	Created objekt_txt = TextStim(__class__=<class 'psychopy.visual.text.TextStim'>, alignHoriz=method-wrapper(...), alignText='center', alignVert=method-wrapper(...), anchorHoriz='center', anchorVert='center', antialias=True, autoDraw=False, autoLog=True, bold=False, color=array([-1., -1., -1.]), colorSpace='rgb', contrast=1.0, depth=-8.0, draggable=False, flipHoriz=False, flipVert=False, font='Open Sans', fontFiles=[], height=0.06, italic=False, languageStyle='LTR', name='objekt_txt', opacity=1.0, ori=0.0, pos=array([0.4 , 0.55]), rgb=UNKNOWN, text='What did you find in the image?', units='norm', win=Window(...), wrapWidth=1)
18.7766 	EXP 	window1: mouseVisible = True
18.7767 	EXP 	window1: mouseVisible = True
18.7795 	EXP 	Created button_next = Rect(__class__=<class 'psychopy.visual.rect.Rect'>, anchor=('center', 'center'), autoDraw=False, autoLog=True, closeShape=True, color=method-wrapper(...), colorSpace='rgb', contrast=None, depth=-10.0, draggable=False, fillColor=array([1, 1, 1]), fillColorSpace='rgb', fillRGB=array([1, 1, 1]), interpolate=True, lineColor=array([1., 1., 1.]), lineColorSpace='rgb', lineRGB=array([1, 1, 1]), lineWidth=1.0, name='button_next', opacity=1.0, ori=0.0, pos=array([ 0.7 , -0.75]), size=array([0.2, 0.1]), units='norm', vertices=ndarray(...), win=Window(...))
18.7796 	EXP 	window1: mouseVisible = True
18.7797 	EXP 	window1: mouseVisible = True
18.7851 	EXP 	Created clear_txt = TextStim(__class__=<class 'psychopy.visual.text.TextStim'>, alignHoriz=method-wrapper(...), alignText='center', alignVert=method-wrapper(...), anchorHoriz='center', anchorVert='center', antialias=True, autoDraw=False, autoLog=True, bold=False, color=array([-1., -1., -1.]), colorSpace='rgb', contrast=1.0, depth=-12.0, draggable=False, flipHoriz=False, flipVert=False, font='Open Sans', fontFiles=[], height=0.06, italic=False, languageStyle='LTR', name='clear_txt', opacity=1.0, ori=0.0, pos=array([-0.2 , -0.75]), rgb=UNKNOWN, text='Erase', units='norm', win=Window(...), wrapWidth=1)
18.7852 	EXP 	window1: mouseVisible = True
18.7876 	EXP 	Created button_hint = Rect(__class__=<class 'psychopy.visual.rect.Rect'>, anchor=('center', 'center'), autoDraw=False, autoLog=True, closeShape=True, color=method-wrapper(...), colorSpace='rgb', contrast=None, depth=-13.0, draggable=False, fillColor=array([ 1, -1, -1]), fillColorSpace='rgb', fillRGB=array([ 1, -1, -1]), interpolate=True, lineColor=array([1., 1., 1.]), lineColorSpace='rgb', lineRGB=array([1, 1, 1]), lineWidth=1.0, name='button_hint', opacity=1.0, ori=0.0, pos=array([0.6, 0.6]), size=array([0.2, 0.1]), units='norm', vertices=ndarray(...), win=Window(...))
18.7877 	EXP 	window1: mouseVisible = True
18.7908 	EXP 	Created vihje_txt = TextStim(__class__=<class 'psychopy.visual.text.TextStim'>, alignHoriz=method-wrapper(...), alignText='center', alignVert=method-wrapper(...), anchorHoriz='center', anchorVert='center', antialias=True, autoDraw=False, autoLog=True, bold=False, color=array([1., 1., 1.]), colorSpace='rgb', contrast=1.0, depth=-14.0, draggable=False, flipHoriz=False, flipVert=False, font='Open Sans', fontFiles=[], height=0.06, italic=False, languageStyle='LTR', name='vihje_txt', opacity=1.0, ori=0.0, pos=array([0.6, 0.6]), rgb=UNKNOWN, text='', units='norm', win=Window(...), wrapWidth=1)
18.7910 	EXP 	window1: mouseVisible = True
18.7941 	EXP 	Created button_yes = Rect(__class__=<class 'psychopy.visual.rect.Rect'>, anchor=('center', 'center'), autoDraw=False, autoLog=True, closeShape=True, color=method-wrapper(...), colorSpace='rgb', contrast=None, depth=-15.0, draggable=False, fillColor=array([-1.        ,  0.00392157, -1.        ]), fillColorSpace='rgb', fillRGB=array([-1.        ,  0.00392157, -1.        ]), interpolate=True, lineColor=array([1., 1., 1.]), lineColorSpace='rgb', lineRGB=array([1, 1, 1]), lineWidth=1.0, name='button_yes', opacity=1.0, ori=0.0, pos=array([0.3, 0.6]), size=array([0.2, 0.1]), units='norm', vertices=ndarray(...), win=Window(...))
18.7942 	EXP 	window1: mouseVisible = True
18.7957 	EXP 	Created leidsin_txt = TextStim(__class__=<class 'psychopy.visual.text.TextStim'>, alignHoriz=method-wrapper(...), alignText='center', alignVert=method-wrapper(...), anchorHoriz='center', anchorVert='center', antialias=True, autoDraw=False, autoLog=True, bold=False, color=array([1., 1., 1.]), colorSpace='rgb', contrast=1.0, depth=-16.0, draggable=False, flipHoriz=False, flipVert=False, font='Open Sans', fontFiles=[], height=0.06, italic=False, languageStyle='LTR', name='leidsin_txt', opacity=1.0, ori=0.0, pos=array([0.3, 0.6]), rgb=UNKNOWN, text='', units='norm', win=Window(...), wrapWidth=1)
18.8018 	EXP 	window1: mouseVisible = True
18.8023 	EXP 	window1: mouseVisible = True
18.8086 	EXP 	window1: mouseVisible = True
18.8088 	EXP 	window1: mouseVisible = True
18.8096 	EXP 	window1: mouseVisible = True
18.8103 	EXP 	window1: mouseVisible = True
18.8173 	EXP 	window1: mouseVisible = True
18.8174 	EXP 	window1: mouseVisible = True
18.8181 	EXP 	window1: mouseVisible = True
18.8187 	EXP 	window1: mouseVisible = True
18.8249 	EXP 	window1: mouseVisible = True
18.8251 	EXP 	window1: mouseVisible = True
18.8257 	EXP 	window1: mouseVisible = True
18.8264 	EXP 	window1: mouseVisible = True
18.8324 	EXP 	window1: mouseVisible = True
18.8326 	EXP 	window1: mouseVisible = True
18.8332 	EXP 	window1: mouseVisible = True
18.8340 	EXP 	window1: mouseVisible = True
18.8399 	EXP 	window1: mouseVisible = True
18.8432 	EXP 	window1: mouseVisible = True
18.8932 	EXP 	Created RSP_ahhaa = Slider(__class__=<class 'psychopy.visual.slider.Slider'>, autoDraw=False, autoLog=True, borderColor=None, color=None, colorSpace='rgb', depth=-17, fillColor=None, flip=False, font='Open Sans', granularity=1.0, labelColor=None, labelHeight=0.04, labelWrapWidth=None, labels=['Very uncertain', 'Very certain'], lineColor=None, markerColor=None, name='RSP_ahhaa', opacity=None, ori=0.0, pos=array([ 0.5 , -0.05]), readOnly=False, self=UNKNOWN, size=array([0.5 , 0.06]), startValue=None, style='radio', styleTweaks=[], ticks=array([0, 1]), units='norm', win=Window(...))
18.8934 	EXP 	window1: mouseVisible = True
18.8999 	EXP 	Created ahhaa_txt = TextStim(__class__=<class 'psychopy.visual.text.TextStim'>, alignHoriz=method-wrapper(...), alignText='center', alignVert=method-wrapper(...), anchorHoriz='center', anchorVert='center', antialias=True, autoDraw=False, autoLog=True, bold=False, color=array([-1., -1., -1.]), colorSpace='rgb', contrast=1.0, depth=-18.0, draggable=False, flipHoriz=False, flipVert=False, font='Open Sans', fontFiles=[], height=0.06, italic=False, languageStyle='LTR', name='ahhaa_txt', opacity=1.0, ori=0.0, pos=array([0.51, 0.05]), rgb=UNKNOWN, text=str(...), units='norm', win=Window(...), wrapWidth=1)
18.9046 	EXP 	window1: mouseVisible = True
18.9052 	EXP 	window1: mouseVisible = True
18.9102 	EXP 	window1: mouseVisible = True
18.9104 	EXP 	window1: mouseVisible = True
18.9113 	EXP 	window1: mouseVisible = True
18.9119 	EXP 	window1: mouseVisible = True
18.9184 	EXP 	window1: mouseVisible = True
18.9186 	EXP 	window1: mouseVisible = True
18.9193 	EXP 	window1: mouseVisible = True
18.9199 	EXP 	window1: mouseVisible = True
18.9251 	EXP 	window1: mouseVisible = True
18.9253 	EXP 	window1: mouseVisible = True
18.9260 	EXP 	window1: mouseVisible = True
18.9266 	EXP 	window1: mouseVisible = True
18.9333 	EXP 	window1: mouseVisible = True
18.9335 	EXP 	window1: mouseVisible = True
18.9342 	EXP 	window1: mouseVisible = True
18.9348 	EXP 	window1: mouseVisible = True
18.9401 	EXP 	window1: mouseVisible = True
18.9419 	EXP 	window1: mouseVisible = True
18.9898 	EXP 	Created RSP_sudden = Slider(__class__=<class 'psychopy.visual.slider.Slider'>, autoDraw=False, autoLog=True, borderColor=None, color=None, colorSpace='rgb', depth=-19, fillColor=None, flip=False, font='Open Sans', granularity=1.0, labelColor=None, labelHeight=0.04, labelWrapWidth=None, labels=['Very gradually', 'Very suddenly'], lineColor=None, markerColor=None, name='RSP_sudden', opacity=None, ori=0.0, pos=array([ 0.5, -0.3]), readOnly=False, self=UNKNOWN, size=array([0.5 , 0.06]), startValue=None, style='radio', styleTweaks=[], ticks=array([0, 1]), units='norm', win=Window(...))
18.9900 	EXP 	window1: mouseVisible = True
18.9967 	EXP 	Created sudden_txt = TextStim(__class__=<class 'psychopy.visual.text.TextStim'>, alignHoriz=method-wrapper(...), alignText='center', alignVert=method-wrapper(...), anchorHoriz='center', anchorVert='center', antialias=True, autoDraw=False, autoLog=True, bold=False, color=array([-1., -1., -1.]), colorSpace='rgb', contrast=1.0, depth=-20.0, draggable=False, flipHoriz=False, flipVert=False, font='Open Sans', fontFiles=[], height=0.06, italic=False, languageStyle='LTR', name='sudden_txt', opacity=1.0, ori=0.0, pos=array([ 0.42, -0.2 ]), rgb=UNKNOWN, text='How suddenly did the final answer arrive?', units='norm', win=Window(...), wrapWidth=1)
19.0011 	EXP 	window1: mouseVisible = True
19.0019 	EXP 	window1: mouseVisible = True
19.0072 	EXP 	window1: mouseVisible = True
19.0073 	EXP 	window1: mouseVisible = True
19.0083 	EXP 	window1: mouseVisible = True
19.0092 	EXP 	window1: mouseVisible = True
19.0172 	EXP 	window1: mouseVisible = True
19.0174 	EXP 	window1: mouseVisible = True
19.0181 	EXP 	window1: mouseVisible = True
19.0188 	EXP 	window1: mouseVisible = True
19.0235 	EXP 	window1: mouseVisible = True
19.0236 	EXP 	window1: mouseVisible = True
19.0244 	EXP 	window1: mouseVisible = True
19.0250 	EXP 	window1: mouseVisible = True
19.0307 	EXP 	window1: mouseVisible = True
19.0309 	EXP 	window1: mouseVisible = True
19.0316 	EXP 	window1: mouseVisible = True
19.0323 	EXP 	window1: mouseVisible = True
19.0372 	EXP 	window1: mouseVisible = True
19.0396 	EXP 	window1: mouseVisible = True
19.0890 	EXP 	Created RSP_pleasant = Slider(__class__=<class 'psychopy.visual.slider.Slider'>, autoDraw=False, autoLog=True, borderColor=None, color=None, colorSpace='rgb', depth=-21, fillColor=None, flip=False, font='Open Sans', granularity=1.0, labelColor=None, labelHeight=0.04, labelWrapWidth=None, labels=['Very easy', 'Very difficult'], lineColor=None, markerColor=None, name='RSP_pleasant', opacity=None, ori=0.0, pos=array([ 0.5 , -0.55]), readOnly=False, self=UNKNOWN, size=array([0.5 , 0.06]), startValue=None, style='radio', styleTweaks=[], ticks=array([0, 1]), units='norm', win=Window(...))
19.0892 	EXP 	window1: mouseVisible = True
19.0955 	EXP 	Created pleasant_txt = TextStim(__class__=<class 'psychopy.visual.text.TextStim'>, alignHoriz=method-wrapper(...), alignText='center', alignVert=method-wrapper(...), anchorHoriz='center', anchorVert='center', antialias=True, autoDraw=False, autoLog=True, bold=False, color=array([-1., -1., -1.]), colorSpace='rgb', contrast=1.0, depth=-22.0, draggable=False, flipHoriz=False, flipVert=False, font='Open Sans', fontFiles=[], height=0.06, italic=False, languageStyle='LTR', name='pleasant_txt', opacity=1.0, ori=0.0, pos=array([ 0.42, -0.45]), rgb=UNKNOWN, text='How difficult was it to find a solution?', units='norm', win=Window(...), wrapWidth=1)
19.0957 	EXP 	window1: mouseVisible = True
19.1006 	EXP 	Created next_txt = TextStim(__class__=<class 'psychopy.visual.text.TextStim'>, alignHoriz=method-wrapper(...), alignText='center', alignVert=method-wrapper(...), anchorHoriz='center', anchorVert='center', antialias=True, autoDraw=False, autoLog=True, bold=False, color=array([-1., -1., -1.]), colorSpace='rgb', contrast=1.0, depth=-23.0, draggable=False, flipHoriz=False, flipVert=False, font='Open Sans', fontFiles=[], height=0.06, italic=False, languageStyle='LTR', name='next_txt', opacity=1.0, ori=0.0, pos=array([ 0.7 , -0.75]), rgb=UNKNOWN, text='Next', units='norm', win=Window(...), wrapWidth=1)
19.1008 	EXP 	window1: mouseVisible = True
19.1031 	EXP 	Created text = TextStim(__class__=<class 'psychopy.visual.text.TextStim'>, alignHoriz=method-wrapper(...), alignText='center', alignVert=method-wrapper(...), anchorHoriz='center', anchorVert='center', antialias=True, autoDraw=False, autoLog=True, bold=False, color=array([1., 1., 1.]), colorSpace='rgb', contrast=1.0, depth=0.0, draggable=False, flipHoriz=False, flipVert=False, font='Open Sans', fontFiles=[], height=0.1, italic=False, languageStyle='LTR', name='text', opacity=1.0, ori=0.0, pos=array([0., 0.]), rgb=UNKNOWN, text='', units='norm', win=Window(...), wrapWidth=1)
19.1032 	EXP 	window1: mouseVisible = True
19.1127 	EXP 	Created end_txt = TextStim(__class__=<class 'psychopy.visual.text.TextStim'>, alignHoriz=method-wrapper(...), alignText='center', alignVert=method-wrapper(...), anchorHoriz='center', anchorVert='center', antialias=True, autoDraw=False, autoLog=True, bold=False, color=array([1., 1., 1.]), colorSpace='rgb', contrast=1.0, depth=0.0, draggable=False, flipHoriz=False, flipVert=False, font='Open Sans', fontFiles=[], height=0.1, italic=False, languageStyle='LTR', name='end_txt', opacity=1.0, ori=0.0, pos=array([0., 0.]), rgb=UNKNOWN, text='The end. Thank you!', units='norm', win=Window(...), wrapWidth=1)
0.0128 	EXP 	brush_2: autoLog = True
0.0128 	EXP 	brush_2: autoDraw = False
0.0128 	EXP 	H1_textbox_2: autoLog = True
0.0128 	EXP 	RSP_ahhaa_2: autoLog = True
0.0128 	EXP 	RSP_ahhaa_2: ticks = array([0, 1])
0.0128 	EXP 	RSP_ahhaa_2: styleTweaks = []
0.0128 	EXP 	RSP_ahhaa_2: styleTweaks = []
0.0128 	EXP 	RSP_ahhaa_2: styleTweaks = []
0.0128 	EXP 	RSP_ahhaa_2: styleTweaks = []
0.0128 	EXP 	RSP_ahhaa_2: ticks = array([0, 1])
0.0128 	EXP 	RSP_ahhaa_2: contrast = 1.0
0.0128 	EXP 	RSP_ahhaa_2: markerPos = None
0.0128 	EXP 	RSP_ahhaa_2: autoLog = True
0.0128 	EXP 	RSP_sudden_2: autoLog = True
0.0128 	EXP 	RSP_sudden_2: ticks = array([0, 1])
0.0128 	EXP 	RSP_sudden_2: styleTweaks = []
0.0128 	EXP 	RSP_sudden_2: styleTweaks = []
0.0128 	EXP 	RSP_sudden_2: styleTweaks = []
0.0128 	EXP 	RSP_sudden_2: styleTweaks = []
0.0128 	EXP 	RSP_sudden_2: ticks = array([0, 1])
0.0128 	EXP 	RSP_sudden_2: contrast = 1.0
0.0128 	EXP 	RSP_sudden_2: markerPos = None
0.0128 	EXP 	RSP_sudden_2: autoLog = True
0.0128 	EXP 	RSP_pleasant_2: autoLog = True
0.0128 	EXP 	RSP_pleasant_2: ticks = array([0, 1])
0.0128 	EXP 	RSP_pleasant_2: styleTweaks = []
0.0128 	EXP 	RSP_pleasant_2: styleTweaks = []
0.0128 	EXP 	RSP_pleasant_2: styleTweaks = []
0.0128 	EXP 	RSP_pleasant_2: styleTweaks = []
0.0128 	EXP 	RSP_pleasant_2: ticks = array([0, 1])
0.0128 	EXP 	RSP_pleasant_2: contrast = 1.0
0.0128 	EXP 	RSP_pleasant_2: markerPos = None
0.0128 	EXP 	RSP_pleasant_2: autoLog = True
0.0128 	EXP 	brush: autoLog = True
0.0128 	EXP 	brush: autoDraw = False
0.0128 	EXP 	H1_textbox: autoLog = True
0.0128 	EXP 	RSP_ahhaa: autoLog = True
0.0128 	EXP 	RSP_ahhaa: ticks = array([0, 1])
0.0128 	EXP 	RSP_ahhaa: styleTweaks = []
0.0128 	EXP 	RSP_ahhaa: styleTweaks = []
0.0128 	EXP 	RSP_ahhaa: styleTweaks = []
0.0128 	EXP 	RSP_ahhaa: styleTweaks = []
0.0128 	EXP 	RSP_ahhaa: ticks = array([0, 1])
0.0128 	EXP 	RSP_ahhaa: contrast = 1.0
0.0128 	EXP 	RSP_ahhaa: markerPos = None
0.0128 	EXP 	RSP_ahhaa: autoLog = True
0.0128 	EXP 	RSP_sudden: autoLog = True
0.0128 	EXP 	RSP_sudden: ticks = array([0, 1])
0.0128 	EXP 	RSP_sudden: styleTweaks = []
0.0128 	EXP 	RSP_sudden: styleTweaks = []
0.0128 	EXP 	RSP_sudden: styleTweaks = []
0.0128 	EXP 	RSP_sudden: styleTweaks = []
0.0128 	EXP 	RSP_sudden: ticks = array([0, 1])
0.0128 	EXP 	RSP_sudden: contrast = 1.0
0.0128 	EXP 	RSP_sudden: markerPos = None
0.0128 	EXP 	RSP_sudden: autoLog = True
0.0128 	EXP 	RSP_pleasant: autoLog = True
0.0128 	EXP 	RSP_pleasant: ticks = array([0, 1])
0.0128 	EXP 	RSP_pleasant: styleTweaks = []
0.0128 	EXP 	RSP_pleasant: styleTweaks = []
0.0128 	EXP 	RSP_pleasant: styleTweaks = []
0.0128 	EXP 	RSP_pleasant: styleTweaks = []
0.0128 	EXP 	RSP_pleasant: ticks = array([0, 1])
0.0128 	EXP 	RSP_pleasant: contrast = 1.0
0.0128 	EXP 	RSP_pleasant: markerPos = None
0.0128 	EXP 	RSP_pleasant: autoLog = True
0.0230 	EXP 	instruction1_2: autoDraw = True
0.0230 	EXP 	button1_2: autoDraw = True
0.0230 	EXP 	button_txt1_2: autoDraw = True
1.6507 	DATA 	Mouse: Left button down, pos=(1483,205)
1.6579 	EXP 	instruction1_2: autoDraw = False
1.6579 	EXP 	button1_2: autoDraw = False
1.6579 	EXP 	button_txt1_2: autoDraw = False
1.6579 	EXP 	instruction1: autoDraw = True
1.8074 	DATA 	Mouse:  Left button up, pos=(1483,205)
3.6549 	EXP 	button1: autoDraw = True
3.6549 	EXP 	button_txt1: autoDraw = True
4.6603 	DATA 	Mouse: Left button down, pos=(1405,191)
4.6672 	EXP 	instruction1: autoDraw = False
4.6672 	EXP 	button1: autoDraw = False
4.6672 	EXP 	button_txt1: autoDraw = False
4.6672 	EXP 	instruction2: autoDraw = True
4.7587 	DATA 	Mouse:  Left button up, pos=(1405,191)
6.1685 	DATA 	Mouse: Left button down, pos=(1194,230)
6.2725 	DATA 	Mouse:  Left button up, pos=(1194,230)
6.6595 	EXP 	button2: autoDraw = True
6.6595 	EXP 	button_txt2: autoDraw = True
7.2111 	DATA 	Mouse: Left button down, pos=(1376,201)
7.2231 	EXP 	instruction2: autoDraw = False
7.2231 	EXP 	button2: autoDraw = False
7.2231 	EXP 	button_txt2: autoDraw = False
7.2231 	EXP 	instruction3: autoDraw = True
7.3555 	DATA 	Mouse:  Left button up, pos=(1376,201)
9.2150 	EXP 	button3: autoDraw = True
9.2150 	EXP 	button_txt3: autoDraw = True
9.7806 	DATA 	Mouse: Left button down, pos=(1478,181)
9.7921 	EXP 	instruction3: autoDraw = False
9.7921 	EXP 	button3: autoDraw = False
9.7921 	EXP 	button_txt3: autoDraw = False
9.7921 	EXP 	instruction4: autoDraw = True
9.8834 	DATA 	Mouse:  Left button up, pos=(1478,181)
11.7844 	EXP 	button4: autoDraw = True
11.7844 	EXP 	button_txt4: autoDraw = True
28.3154 	DATA 	Mouse: Left button down, pos=(1527,176)
28.3197 	EXP 	Resetting brush_2
28.3502 	EXP 	Resetting brush_2 parameter: brushPos.
28.3502 	EXP 	Creating ShapeStim for brush_2
28.3504 	EXP 	window1: mouseVisible = True
28.3573 	EXP 	instruction4: autoDraw = False
28.3573 	EXP 	button4: autoDraw = False
28.3573 	EXP 	button_txt4: autoDraw = False
28.3573 	EXP 	image_2: image = 'stimuli/practice_first.jpg'
28.3573 	EXP 	vihje_txt_2: height = 0.06
28.3573 	EXP 	vihje_txt_2: height = 0.06
28.3573 	EXP 	vihje_txt_2: height = 0.06
28.3573 	EXP 	vihje_txt_2: text = 'None'
28.3573 	EXP 	leidsin_txt_2: height = 0.06
28.3573 	EXP 	leidsin_txt_2: height = 0.06
28.3573 	EXP 	leidsin_txt_2: height = 0.06
28.3573 	EXP 	leidsin_txt_2: text = 'Found it!'
28.3573 	EXP 	RSP_ahhaa_2: markerPos = None
28.3573 	EXP 	RSP_ahhaa_2: markerPos = None
28.3573 	EXP 	RSP_sudden_2: markerPos = None
28.3573 	EXP 	RSP_sudden_2: markerPos = None
28.3573 	EXP 	RSP_pleasant_2: markerPos = None
28.3573 	EXP 	RSP_pleasant_2: markerPos = None
28.3573 	EXP 	image_2: autoDraw = True
28.3573 	EXP 	brush_2: autoDraw = True
28.3573 	EXP 	juhis_txt_2: autoDraw = True
28.3573 	EXP 	button_clear_2: autoDraw = True
28.3573 	EXP 	clear_txt_2: autoDraw = True
28.3573 	EXP 	button_yes_2: autoDraw = True
28.4059 	DATA 	Mouse:  Left button up, pos=(1527,176)
33.3198 	EXP 	button_hint_2: autoDraw = True
33.3198 	EXP 	vihje_txt_2: autoDraw = True
34.2784 	DATA 	Mouse: Left button down, pos=(599,937)
34.2822 	EXP 	Resetting brush_2 parameter: brushPos.
34.2822 	EXP 	Creating ShapeStim for brush_2
34.2824 	EXP 	window1: mouseVisible = True
34.7182 	DATA 	Mouse:  Left button up, pos=(708,932)
36.4088 	DATA 	Mouse: Left button down, pos=(744,826)
36.4089 	EXP 	Resetting brush_2 parameter: brushPos.
36.4089 	EXP 	Creating ShapeStim for brush_2
36.4090 	EXP 	window1: mouseVisible = True
36.8365 	DATA 	Mouse:  Left button up, pos=(491,478)
37.1037 	DATA 	Mouse: Left button down, pos=(463,740)
37.1086 	EXP 	Resetting brush_2 parameter: brushPos.
37.1087 	EXP 	Creating ShapeStim for brush_2
37.1088 	EXP 	window1: mouseVisible = True
37.4228 	DATA 	Mouse:  Left button up, pos=(618,765)
37.6282 	DATA 	Mouse: Left button down, pos=(695,760)
37.6299 	EXP 	Resetting brush_2 parameter: brushPos.
37.6299 	EXP 	Creating ShapeStim for brush_2
37.6300 	EXP 	window1: mouseVisible = True
37.7218 	DATA 	Mouse:  Left button up, pos=(696,757)
37.8758 	DATA 	Mouse: Left button down, pos=(447,709)
37.8811 	EXP 	Resetting brush_2 parameter: brushPos.
37.8811 	EXP 	Creating ShapeStim for brush_2
37.8812 	EXP 	window1: mouseVisible = True
38.0041 	DATA 	Mouse:  Left button up, pos=(376,624)
38.1616 	DATA 	Mouse: Left button down, pos=(633,602)
38.1670 	EXP 	Resetting brush_2 parameter: brushPos.
38.1670 	EXP 	Creating ShapeStim for brush_2
38.1672 	EXP 	window1: mouseVisible = True
38.3768 	DATA 	Mouse:  Left button up, pos=(957,377)
38.5237 	DATA 	Mouse: Left button down, pos=(788,270)
38.5238 	EXP 	Resetting brush_2 parameter: brushPos.
38.5238 	EXP 	Creating ShapeStim for brush_2
38.5239 	EXP 	window1: mouseVisible = True
38.6437 	DATA 	Mouse:  Left button up, pos=(707,238)
38.9778 	DATA 	Mouse: Left button down, pos=(553,383)
38.9842 	EXP 	Resetting brush_2 parameter: brushPos.
38.9842 	EXP 	Creating ShapeStim for brush_2
38.9843 	EXP 	window1: mouseVisible = True
39.0578 	DATA 	Mouse:  Left button up, pos=(571,505)
39.2199 	DATA 	Mouse: Left button down, pos=(850,779)
39.2199 	EXP 	Resetting brush_2 parameter: brushPos.
39.2199 	EXP 	Creating ShapeStim for brush_2
39.2201 	EXP 	window1: mouseVisible = True
39.3751 	DATA 	Mouse:  Left button up, pos=(1242,839)
39.6533 	DATA 	Mouse: Left button down, pos=(1252,850)
39.6533 	EXP 	Resetting brush_2 parameter: brushPos.
39.6533 	EXP 	Creating ShapeStim for brush_2
39.6535 	EXP 	window1: mouseVisible = True
39.7546 	DATA 	Mouse:  Left button up, pos=(1252,850)
40.0135 	DATA 	Mouse: Left button down, pos=(1714,879)
40.0135 	EXP 	Resetting brush_2 parameter: brushPos.
40.0135 	EXP 	Creating ShapeStim for brush_2
40.0137 	EXP 	window1: mouseVisible = True
40.0925 	DATA 	Mouse:  Left button up, pos=(1714,879)
40.9502 	DATA 	Mouse: Left button down, pos=(1517,861)
40.9533 	EXP 	Resetting brush_2 parameter: brushPos.
40.9534 	EXP 	Creating ShapeStim for brush_2
40.9535 	EXP 	window1: mouseVisible = True
40.9603 	EXP 	button_next_2: autoDraw = True
40.9603 	EXP 	button_hint_2: autoDraw = False
40.9603 	EXP 	vihje_txt_2: autoDraw = False
40.9603 	EXP 	button_yes_2: autoDraw = False
40.9603 	EXP 	next_txt_2: autoDraw = True
41.0816 	DATA 	Mouse:  Left button up, pos=(1517,861)
41.7533 	DATA 	Mouse: Left button down, pos=(1656,192)
41.7573 	EXP 	Resetting brush_2 parameter: brushPos.
41.7573 	EXP 	Creating ShapeStim for brush_2
41.7575 	EXP 	window1: mouseVisible = True
41.8454 	DATA 	Mouse:  Left button up, pos=(1656,165)
42.0293 	DATA 	Mouse: Left button down, pos=(1656,137)
42.0294 	EXP 	Resetting brush_2 parameter: brushPos.
42.0294 	EXP 	Creating ShapeStim for brush_2
42.0295 	EXP 	window1: mouseVisible = True
42.1703 	DATA 	Mouse:  Left button up, pos=(1656,137)
42.7166 	DATA 	Mouse: Left button down, pos=(1649,126)
42.7167 	EXP 	Resetting brush_2 parameter: brushPos.
42.7167 	EXP 	Creating ShapeStim for brush_2
42.7168 	EXP 	window1: mouseVisible = True
42.8314 	DATA 	Mouse:  Left button up, pos=(1649,126)
42.9550 	DATA 	Mouse: Left button down, pos=(1649,126)
42.9879 	EXP 	Resetting brush_2
42.9940 	EXP 	image_2: autoDraw = False
42.9940 	EXP 	brush_2: autoDraw = False
42.9940 	EXP 	H1_textbox_2: autoDraw = False
42.9940 	EXP 	juhis_txt_2: autoDraw = False
42.9940 	EXP 	button_clear_2: autoDraw = False
42.9940 	EXP 	objekt_txt_2: autoDraw = False
42.9940 	EXP 	button_next_2: autoDraw = False
42.9940 	EXP 	clear_txt_2: autoDraw = False
42.9940 	EXP 	button_hint_2: autoDraw = False
42.9940 	EXP 	vihje_txt_2: autoDraw = False
42.9940 	EXP 	button_yes_2: autoDraw = False
42.9940 	EXP 	leidsin_txt_2: autoDraw = False
42.9940 	EXP 	RSP_ahhaa_2: autoDraw = False
42.9940 	EXP 	ahhaa_txt_2: autoDraw = False
42.9940 	EXP 	RSP_sudden_2: autoDraw = False
42.9940 	EXP 	sudden_txt_2: autoDraw = False
42.9940 	EXP 	RSP_pleasant_2: autoDraw = False
42.9940 	EXP 	pleasant_txt_2: autoDraw = False
42.9940 	EXP 	next_txt_2: autoDraw = False
42.9940 	EXP 	practice_object: autoDraw = True
42.9940 	EXP 	text_2: autoDraw = True
43.0297 	DATA 	Mouse:  Left button up, pos=(1649,126)
43.1539 	DATA 	Mouse: Left button down, pos=(1649,126)
43.2095 	DATA 	Mouse:  Left button up, pos=(1649,126)
44.9928 	EXP 	practice_outline: autoDraw = True
44.9928 	EXP 	button5: autoDraw = True
44.9928 	EXP 	button_txt5: autoDraw = True
44.9998 	EXP 	practice_object: autoDraw = False
58.9988 	DATA 	Mouse: Left button down, pos=(1405,221)
59.0061 	EXP 	practice_object: autoDraw = False
59.0061 	EXP 	practice_outline: autoDraw = False
59.0061 	EXP 	text_2: autoDraw = False
59.0061 	EXP 	button5: autoDraw = False
59.0061 	EXP 	button_txt5: autoDraw = False
59.0061 	EXP 	instruction4_2: autoDraw = True
59.1045 	DATA 	Mouse:  Left button up, pos=(1405,221)
60.7575 	DATA 	Mouse: Left button down, pos=(1294,288)
60.8750 	DATA 	Mouse:  Left button up, pos=(1294,288)
60.9984 	EXP 	button4_2: autoDraw = True
60.9984 	EXP 	button_txt4_2: autoDraw = True
61.6100 	DATA 	Mouse: Left button down, pos=(1364,184)
61.6674 	EXP 	Imported trial_online.csv as conditions, 38 conditions, 4 params
61.6690 	EXP 	Created sequence: random, trialTypes=38, nReps=1, seed=None
61.6694 	EXP 	New trial (rep=0, index=0): OrderedDict([('trl', 18), ('stim1', 'stimuli/teddy_bear_06s_9.jpg'), ('stim2', 'stimuli/teddy_bear_06s_11.jpg'), ('stimulus', 'teddy_bear_06s_')])
61.6856 	EXP 	Resetting brush
61.7124 	EXP 	Resetting brush parameter: brushPos.
61.7125 	EXP 	Creating ShapeStim for brush
61.7126 	EXP 	window1: mouseVisible = True
61.7205 	EXP 	instruction4_2: autoDraw = False
61.7205 	EXP 	button4_2: autoDraw = False
61.7205 	EXP 	button_txt4_2: autoDraw = False
61.7205 	EXP 	image: image = 'stimuli/anchor_02s_9.jpg'
61.7205 	EXP 	vihje_txt: height = 0.06
61.7205 	EXP 	vihje_txt: height = 0.06
61.7205 	EXP 	vihje_txt: height = 0.06
61.7205 	EXP 	vihje_txt: text = 'None'
61.7205 	EXP 	leidsin_txt: height = 0.06
61.7205 	EXP 	leidsin_txt: height = 0.06
61.7205 	EXP 	leidsin_txt: height = 0.06
61.7205 	EXP 	leidsin_txt: text = 'Found it!'
61.7205 	EXP 	RSP_ahhaa: markerPos = None
61.7205 	EXP 	RSP_ahhaa: markerPos = None
61.7205 	EXP 	RSP_sudden: markerPos = None
61.7205 	EXP 	RSP_sudden: markerPos = None
61.7205 	EXP 	RSP_pleasant: markerPos = None
61.7205 	EXP 	RSP_pleasant: markerPos = None
61.7205 	EXP 	image: autoDraw = True
61.7205 	EXP 	brush: autoDraw = True
61.7205 	EXP 	juhis_txt: autoDraw = True
61.7205 	EXP 	button_clear: autoDraw = True
61.7205 	EXP 	clear_txt: autoDraw = True
61.7205 	EXP 	button_yes: autoDraw = True
61.7530 	DATA 	Mouse:  Left button up, pos=(1364,184)
63.5428 	DATA 	Mouse: Left button down, pos=(830,121)
63.5429 	EXP 	Resetting brush parameter: brushPos.
63.5429 	EXP 	Creating ShapeStim for brush
63.5430 	EXP 	window1: mouseVisible = True
63.6237 	DATA 	Mouse:  Left button up, pos=(841,126)
63.8756 	DATA 	Mouse: Left button down, pos=(1142,177)
63.8756 	EXP 	Resetting brush parameter: brushPos.
63.8756 	EXP 	Creating ShapeStim for brush
63.8758 	EXP 	window1: mouseVisible = True
63.9956 	DATA 	Mouse:  Left button up, pos=(1142,177)
66.6123 	EXP 	button_hint: autoDraw = True
66.6123 	EXP 	vihje_txt: autoDraw = True
74.8584 	DATA 	Mouse: Left button down, pos=(1480,843)
74.8602 	EXP 	Resetting brush parameter: brushPos.
74.8602 	EXP 	Creating ShapeStim for brush
74.8603 	EXP 	window1: mouseVisible = True
74.8675 	EXP 	button_next: autoDraw = True
74.8675 	EXP 	button_hint: autoDraw = False
74.8675 	EXP 	vihje_txt: autoDraw = False
74.8675 	EXP 	button_yes: autoDraw = False
74.8675 	EXP 	next_txt: autoDraw = True
74.9773 	DATA 	Mouse:  Left button up, pos=(1480,843)
75.7167 	DATA 	Mouse: Left button down, pos=(1559,138)
75.7168 	EXP 	Resetting brush parameter: brushPos.
75.7168 	EXP 	Creating ShapeStim for brush
75.7169 	EXP 	window1: mouseVisible = True
75.8543 	DATA 	Mouse:  Left button up, pos=(1559,138)
76.5311 	DATA 	Mouse: Left button down, pos=(1576,132)
76.5717 	EXP 	Resetting brush
76.5729 	EXP 	New trial (rep=0, index=1): OrderedDict([('trl', 4), ('stim1', 'stimuli/penguin_12s_9.jpg'), ('stim2', 'stimuli/penguin_12s_11.jpg'), ('stimulus', 'penguin_12s_')])
76.5752 	EXP 	Resetting brush
76.5967 	EXP 	Resetting brush parameter: brushPos.
76.5967 	EXP 	Creating ShapeStim for brush
76.5969 	EXP 	window1: mouseVisible = True
76.6047 	EXP 	image: autoDraw = False
76.6047 	EXP 	brush: autoDraw = False
76.6047 	EXP 	H1_textbox: autoDraw = False
76.6047 	EXP 	juhis_txt: autoDraw = False
76.6047 	EXP 	button_clear: autoDraw = False
76.6047 	EXP 	objekt_txt: autoDraw = False
76.6047 	EXP 	button_next: autoDraw = False
76.6047 	EXP 	clear_txt: autoDraw = False
76.6047 	EXP 	button_hint: autoDraw = False
76.6047 	EXP 	vihje_txt: autoDraw = False
76.6047 	EXP 	button_yes: autoDraw = False
76.6047 	EXP 	leidsin_txt: autoDraw = False
76.6047 	EXP 	RSP_ahhaa: autoDraw = False
76.6047 	EXP 	ahhaa_txt: autoDraw = False
76.6047 	EXP 	RSP_sudden: autoDraw = False
76.6047 	EXP 	sudden_txt: autoDraw = False
76.6047 	EXP 	RSP_pleasant: autoDraw = False
76.6047 	EXP 	pleasant_txt: autoDraw = False
76.6047 	EXP 	next_txt: autoDraw = False
76.6047 	EXP 	image: image = 'stimuli/anchor_02s_9.jpg'
76.6047 	EXP 	vihje_txt: text = 'None'
76.6047 	EXP 	leidsin_txt: text = 'Found it!'
76.6047 	EXP 	RSP_ahhaa: markerPos = None
76.6047 	EXP 	RSP_ahhaa: markerPos = None
76.6047 	EXP 	RSP_sudden: markerPos = None
76.6047 	EXP 	RSP_sudden: markerPos = None
76.6047 	EXP 	RSP_pleasant: markerPos = None
76.6047 	EXP 	RSP_pleasant: markerPos = None
76.6047 	EXP 	image: autoDraw = True
76.6047 	EXP 	brush: autoDraw = True
76.6047 	EXP 	juhis_txt: autoDraw = True
76.6047 	EXP 	button_clear: autoDraw = True
76.6047 	EXP 	clear_txt: autoDraw = True
76.6047 	EXP 	button_yes: autoDraw = True
76.6631 	DATA 	Mouse:  Left button up, pos=(1576,132)
77.8856 	DATA 	Mouse: Left button down, pos=(1292,852)
77.8985 	EXP 	Resetting brush parameter: brushPos.
77.8985 	EXP 	Creating ShapeStim for brush
77.8986 	EXP 	window1: mouseVisible = True
77.9285 	EXP 	objekt_txt: autoDraw = True
77.9285 	EXP 	button_yes: autoDraw = False
77.9285 	EXP 	RSP_ahhaa: autoDraw = True
77.9285 	EXP 	ahhaa_txt: autoDraw = True
77.9285 	EXP 	RSP_sudden: autoDraw = True
77.9285 	EXP 	sudden_txt: autoDraw = True
77.9285 	EXP 	RSP_pleasant: autoDraw = True
77.9285 	EXP 	pleasant_txt: autoDraw = True
78.0676 	DATA 	Mouse:  Left button up, pos=(1292,852)
78.0795 	EXP 	H1_textbox: autoDraw = True
79.2540 	DATA 	Mouse: Left button down, pos=(1420,695)
79.2591 	EXP 	Resetting brush parameter: brushPos.
79.2591 	EXP 	Creating ShapeStim for brush
79.2593 	EXP 	window1: mouseVisible = True
79.4054 	DATA 	Mouse:  Left button up, pos=(1420,695)
79.5262 	DATA 	Keypress: s
79.6878 	DATA 	Keypress: e
80.8401 	DATA 	Keypress: g
80.9986 	DATA 	Keypress: r
81.0949 	DATA 	Keypress: d
81.1245 	DATA 	Keypress: space
81.1698 	DATA 	Keypress: g
81.6137 	EXP 	button_hint: autoDraw = True
81.6137 	EXP 	button_hint: autoDraw = False
81.6137 	EXP 	vihje_txt: autoDraw = True
81.6137 	EXP 	vihje_txt: autoDraw = False
81.8518 	DATA 	Mouse: Left button down, pos=(1206,516)
81.8665 	EXP 	Resetting brush parameter: brushPos.
81.8666 	EXP 	Creating ShapeStim for brush
81.8667 	EXP 	window1: mouseVisible = True
81.9424 	DATA 	Mouse:  Left button up, pos=(1206,516)
82.7830 	DATA 	Mouse: Left button down, pos=(1201,384)
82.7997 	EXP 	RSP_sudden: markerPos = 0.002083333333333326
82.8017 	EXP 	Resetting brush parameter: brushPos.
82.8017 	EXP 	Creating ShapeStim for brush
82.8019 	EXP 	window1: mouseVisible = True
82.8295 	EXP 	RSP_sudden: markerPos = 0
82.8964 	DATA 	Mouse:  Left button up, pos=(1201,384)
84.0710 	DATA 	Mouse: Left button down, pos=(1199,515)
84.0731 	EXP 	Resetting brush parameter: brushPos.
84.0732 	EXP 	Creating ShapeStim for brush
84.0733 	EXP 	window1: mouseVisible = True
84.1833 	DATA 	Mouse:  Left button up, pos=(1199,515)
84.4387 	DATA 	Mouse: Left button down, pos=(1200,514)
84.4437 	EXP 	Resetting brush parameter: brushPos.
84.4437 	EXP 	Creating ShapeStim for brush
84.4439 	EXP 	window1: mouseVisible = True
84.5381 	DATA 	Mouse:  Left button up, pos=(1200,514)
84.6498 	DATA 	Mouse: Left button down, pos=(1200,514)
84.6552 	EXP 	Resetting brush parameter: brushPos.
84.6552 	EXP 	Creating ShapeStim for brush
84.6553 	EXP 	window1: mouseVisible = True
84.7710 	DATA 	Mouse:  Left button up, pos=(1200,514)
85.6120 	DATA 	Mouse: Left button down, pos=(1688,374)
85.6222 	EXP 	Resetting brush parameter: brushPos.
85.6222 	EXP 	Creating ShapeStim for brush
85.6224 	EXP 	window1: mouseVisible = True
85.7489 	DATA 	Mouse:  Left button up, pos=(1688,374)
85.9435 	DATA 	Mouse: Left button down, pos=(1688,374)
85.9502 	EXP 	Resetting brush parameter: brushPos.
85.9502 	EXP 	Creating ShapeStim for brush
85.9504 	EXP 	window1: mouseVisible = True
86.0508 	DATA 	Mouse:  Left button up, pos=(1688,374)
86.1720 	DATA 	Mouse: Left button down, pos=(1688,374)
86.1888 	EXP 	RSP_sudden: markerPos = 1.0166666666666666
86.1922 	EXP 	Resetting brush parameter: brushPos.
86.1922 	EXP 	Creating ShapeStim for brush
86.1924 	EXP 	window1: mouseVisible = True
86.2234 	EXP 	RSP_sudden: markerPos = 1
86.2676 	DATA 	Mouse:  Left button up, pos=(1688,374)
86.3454 	DATA 	Mouse: Left button down, pos=(1688,374)
86.3614 	EXP 	RSP_sudden: markerPos = 1.0166666666666666
86.3647 	EXP 	Resetting brush parameter: brushPos.
86.3647 	EXP 	Creating ShapeStim for brush
86.3649 	EXP 	window1: mouseVisible = True
86.3911 	EXP 	RSP_sudden: markerPos = 1
86.4523 	DATA 	Mouse:  Left button up, pos=(1688,374)
87.8499 	DATA 	Mouse: Left button down, pos=(1199,372)
87.8698 	EXP 	RSP_sudden: markerPos = -0.002083333333333326
87.8731 	EXP 	Resetting brush parameter: brushPos.
87.8731 	EXP 	Creating ShapeStim for brush
87.8732 	EXP 	window1: mouseVisible = True
87.8972 	EXP 	RSP_sudden: markerPos = 0
88.0615 	DATA 	Mouse:  Left button up, pos=(1199,372)
89.6929 	DATA 	Mouse: Left button down, pos=(1673,379)
89.6929 	EXP 	Resetting brush parameter: brushPos.
89.6929 	EXP 	Creating ShapeStim for brush
89.6931 	EXP 	window1: mouseVisible = True
89.8547 	DATA 	Mouse:  Left button up, pos=(1673,379)
90.1462 	DATA 	Mouse: Left button down, pos=(1674,379)
90.1640 	EXP 	RSP_sudden: markerPos = 0.9875
90.1683 	EXP 	Resetting brush parameter: brushPos.
90.1683 	EXP 	Creating ShapeStim for brush
90.1684 	EXP 	window1: mouseVisible = True
90.1952 	EXP 	RSP_sudden: markerPos = 1
90.2799 	DATA 	Mouse:  Left button up, pos=(1674,379)
91.1152 	DATA 	Mouse: Left button down, pos=(1186,379)
91.1359 	EXP 	RSP_sudden: markerPos = -0.029166666666666674
91.1397 	EXP 	Resetting brush parameter: brushPos.
91.1397 	EXP 	Creating ShapeStim for brush
91.1399 	EXP 	window1: mouseVisible = True
91.1635 	EXP 	RSP_sudden: markerPos = 0
91.2825 	DATA 	Mouse:  Left button up, pos=(1186,379)
92.0463 	DATA 	Mouse: Left button down, pos=(1196,244)
92.0580 	EXP 	RSP_pleasant: markerPos = -0.008333333333333304
92.0621 	EXP 	Resetting brush parameter: brushPos.
92.0621 	EXP 	Creating ShapeStim for brush
92.0622 	EXP 	window1: mouseVisible = True
92.0883 	EXP 	RSP_pleasant: markerPos = 0
92.2020 	DATA 	Mouse:  Left button up, pos=(1196,244)
92.9720 	DATA 	Mouse: Left button down, pos=(1683,239)
92.9882 	EXP 	RSP_pleasant: markerPos = 1.00625
92.9926 	EXP 	Resetting brush parameter: brushPos.
92.9926 	EXP 	Creating ShapeStim for brush
92.9928 	EXP 	window1: mouseVisible = True
93.0179 	EXP 	RSP_pleasant: markerPos = 1
93.0790 	DATA 	Mouse:  Left button up, pos=(1683,239)
93.6953 	DATA 	Mouse: Left button down, pos=(1203,238)
93.7066 	EXP 	RSP_pleasant: markerPos = 0.006249999999999978
93.7108 	EXP 	Resetting brush parameter: brushPos.
93.7109 	EXP 	Creating ShapeStim for brush
93.7111 	EXP 	window1: mouseVisible = True
93.7356 	EXP 	RSP_pleasant: markerPos = 0
93.8741 	DATA 	Mouse:  Left button up, pos=(1203,238)
94.8357 	DATA 	Mouse: Left button down, pos=(1689,505)
94.8428 	EXP 	Resetting brush parameter: brushPos.
94.8429 	EXP 	Creating ShapeStim for brush
94.8430 	EXP 	window1: mouseVisible = True
94.9673 	DATA 	Mouse:  Left button up, pos=(1689,505)
95.3153 	DATA 	Mouse: Left button down, pos=(1676,508)
95.3153 	EXP 	Resetting brush parameter: brushPos.
95.3153 	EXP 	Creating ShapeStim for brush
95.3155 	EXP 	window1: mouseVisible = True
95.4824 	DATA 	Mouse:  Left button up, pos=(1676,508)
95.8137 	DATA 	Mouse: Left button down, pos=(1675,516)
95.8218 	EXP 	Resetting brush parameter: brushPos.
95.8218 	EXP 	Creating ShapeStim for brush
95.8219 	EXP 	window1: mouseVisible = True
95.9342 	DATA 	Mouse:  Left button up, pos=(1675,516)
96.0341 	DATA 	Mouse: Left button down, pos=(1675,516)
96.0426 	EXP 	Resetting brush parameter: brushPos.
96.0426 	EXP 	Creating ShapeStim for brush
96.0428 	EXP 	window1: mouseVisible = True
96.1613 	DATA 	Mouse:  Left button up, pos=(1675,516)
96.3459 	DATA 	Mouse: Left button down, pos=(1675,516)
96.3654 	EXP 	Resetting brush parameter: brushPos.
96.3654 	EXP 	Creating ShapeStim for brush
96.3655 	EXP 	window1: mouseVisible = True
96.4919 	DATA 	Mouse:  Left button up, pos=(1675,516)
96.6732 	DATA 	Mouse: Left button down, pos=(1675,516)
96.6732 	EXP 	Resetting brush parameter: brushPos.
96.6732 	EXP 	Creating ShapeStim for brush
96.6733 	EXP 	window1: mouseVisible = True
96.8065 	DATA 	Mouse:  Left button up, pos=(1675,516)
96.9834 	DATA 	Mouse: Left button down, pos=(1675,516)
96.9834 	EXP 	Resetting brush parameter: brushPos.
96.9834 	EXP 	Creating ShapeStim for brush
96.9836 	EXP 	window1: mouseVisible = True
97.0764 	DATA 	Mouse:  Left button up, pos=(1675,516)
97.1858 	DATA 	Mouse: Left button down, pos=(1675,516)
97.1998 	EXP 	Resetting brush parameter: brushPos.
97.1998 	EXP 	Creating ShapeStim for brush
97.1999 	EXP 	window1: mouseVisible = True
97.2890 	DATA 	Mouse:  Left button up, pos=(1675,516)
97.4215 	DATA 	Mouse: Left button down, pos=(1675,516)
97.4216 	EXP 	Resetting brush parameter: brushPos.
97.4216 	EXP 	Creating ShapeStim for brush
97.4217 	EXP 	window1: mouseVisible = True
97.5637 	DATA 	Mouse:  Left button up, pos=(1675,516)
98.2682 	DATA 	Mouse: Right button down, pos=(1675,516)
98.4347 	DATA 	Mouse:  Right button up, pos=(1675,516)
98.6350 	DATA 	Mouse: Left button down, pos=(1675,516)
98.6448 	EXP 	Resetting brush parameter: brushPos.
98.6448 	EXP 	Creating ShapeStim for brush
98.6449 	EXP 	window1: mouseVisible = True
98.7375 	DATA 	Mouse:  Left button up, pos=(1675,516)
98.8586 	DATA 	Mouse: Left button down, pos=(1675,516)
98.8832 	EXP 	RSP_ahhaa: markerPos = 0.9895833333333333
98.8897 	EXP 	Resetting brush parameter: brushPos.
98.8897 	EXP 	Creating ShapeStim for brush
98.8898 	EXP 	window1: mouseVisible = True
98.9174 	EXP 	RSP_ahhaa: markerPos = 1
98.9501 	EXP 	button_next: autoDraw = True
98.9501 	EXP 	next_txt: autoDraw = True
98.9584 	DATA 	Mouse:  Left button up, pos=(1675,516)
99.0715 	DATA 	Mouse: Left button down, pos=(1675,516)
99.0816 	EXP 	Resetting brush parameter: brushPos.
99.0816 	EXP 	Creating ShapeStim for brush
99.0817 	EXP 	window1: mouseVisible = True
99.1470 	DATA 	Mouse:  Left button up, pos=(1675,516)
100.4708 	DATA 	Mouse: Left button down, pos=(1614,123)
100.4708 	EXP 	Resetting brush parameter: brushPos.
100.4708 	EXP 	Creating ShapeStim for brush
100.4710 	EXP 	window1: mouseVisible = True
100.6172 	DATA 	Mouse:  Left button up, pos=(1614,123)
102.0443 	DATA 	Mouse: Left button down, pos=(1615,126)
102.0444 	EXP 	Resetting brush parameter: brushPos.
102.0444 	EXP 	Creating ShapeStim for brush
102.0445 	EXP 	window1: mouseVisible = True
102.1700 	DATA 	Mouse:  Left button up, pos=(1615,126)
102.2933 	DATA 	Mouse: Left button down, pos=(1615,126)
102.2933 	EXP 	Resetting brush parameter: brushPos.
102.2933 	EXP 	Creating ShapeStim for brush
102.2935 	EXP 	window1: mouseVisible = True
102.3598 	DATA 	Mouse:  Left button up, pos=(1616,126)
102.4829 	DATA 	Mouse: Left button down, pos=(1616,126)
102.4830 	EXP 	Resetting brush parameter: brushPos.
102.4830 	EXP 	Creating ShapeStim for brush
102.4832 	EXP 	window1: mouseVisible = True
102.5649 	DATA 	Mouse:  Left button up, pos=(1616,126)
102.7274 	DATA 	Mouse: Left button down, pos=(1616,126)
102.7275 	EXP 	Resetting brush parameter: brushPos.
102.7275 	EXP 	Creating ShapeStim for brush
102.7276 	EXP 	window1: mouseVisible = True
102.8417 	DATA 	Mouse:  Left button up, pos=(1616,126)
104.7214 	DATA 	Mouse: Left button down, pos=(1597,160)
104.7508 	EXP 	Resetting brush
104.7518 	EXP 	New trial (rep=0, index=2): OrderedDict([('trl', 5), ('stim1', 'stimuli/horse_08s_9.jpg'), ('stim2', 'stimuli/horse_08s_11.jpg'), ('stimulus', 'horse_08s_')])
104.7546 	EXP 	Resetting brush
104.7755 	EXP 	Resetting brush parameter: brushPos.
104.7755 	EXP 	Creating ShapeStim for brush
104.7757 	EXP 	window1: mouseVisible = True
104.7831 	EXP 	image: autoDraw = False
104.7831 	EXP 	brush: autoDraw = False
104.7831 	EXP 	H1_textbox: autoDraw = False
104.7831 	EXP 	juhis_txt: autoDraw = False
104.7831 	EXP 	button_clear: autoDraw = False
104.7831 	EXP 	objekt_txt: autoDraw = False
104.7831 	EXP 	button_next: autoDraw = False
104.7831 	EXP 	clear_txt: autoDraw = False
104.7831 	EXP 	button_hint: autoDraw = False
104.7831 	EXP 	vihje_txt: autoDraw = False
104.7831 	EXP 	button_yes: autoDraw = False
104.7831 	EXP 	leidsin_txt: autoDraw = False
104.7831 	EXP 	RSP_ahhaa: autoDraw = False
104.7831 	EXP 	ahhaa_txt: autoDraw = False
104.7831 	EXP 	RSP_sudden: autoDraw = False
104.7831 	EXP 	sudden_txt: autoDraw = False
104.7831 	EXP 	RSP_pleasant: autoDraw = False
104.7831 	EXP 	pleasant_txt: autoDraw = False
104.7831 	EXP 	next_txt: autoDraw = False
104.7831 	EXP 	image: image = 'stimuli/anchor_02s_9.jpg'
104.7831 	EXP 	vihje_txt: text = 'None'
104.7831 	EXP 	leidsin_txt: text = 'Found it!'
104.7831 	EXP 	RSP_ahhaa: markerPos = None
104.7831 	EXP 	RSP_ahhaa: markerPos = None
104.7831 	EXP 	RSP_sudden: markerPos = None
104.7831 	EXP 	RSP_sudden: markerPos = None
104.7831 	EXP 	RSP_pleasant: markerPos = None
104.7831 	EXP 	RSP_pleasant: markerPos = None
104.7831 	EXP 	image: autoDraw = True
104.7831 	EXP 	brush: autoDraw = True
104.7831 	EXP 	juhis_txt: autoDraw = True
104.7831 	EXP 	button_clear: autoDraw = True
104.7831 	EXP 	clear_txt: autoDraw = True
104.7831 	EXP 	button_yes: autoDraw = True
104.8383 	DATA 	Mouse:  Left button up, pos=(1597,161)
109.0890 	DATA 	Mouse: Left button down, pos=(1266,879)
109.0989 	EXP 	Resetting brush parameter: brushPos.
109.0989 	EXP 	Creating ShapeStim for brush
109.0990 	EXP 	window1: mouseVisible = True
109.1114 	DATA 	Mouse: Right button down, pos=(1266,879)
109.1179 	EXP 	objekt_txt: autoDraw = True
109.1179 	EXP 	button_yes: autoDraw = False
109.1179 	EXP 	RSP_ahhaa: autoDraw = True
109.1179 	EXP 	ahhaa_txt: autoDraw = True
109.1179 	EXP 	RSP_sudden: autoDraw = True
109.1179 	EXP 	sudden_txt: autoDraw = True
109.1179 	EXP 	RSP_pleasant: autoDraw = True
109.1179 	EXP 	pleasant_txt: autoDraw = True
109.1419 	EXP 	H1_textbox: autoDraw = True
109.1910 	DATA 	Mouse:  Right button up, pos=(1266,879)
109.2108 	DATA 	Mouse:  Left button up, pos=(1266,879)
109.7775 	EXP 	button_hint: autoDraw = True
109.7775 	EXP 	button_hint: autoDraw = False
109.7775 	EXP 	vihje_txt: autoDraw = True
109.7775 	EXP 	vihje_txt: autoDraw = False
113.4266 	DATA 	Keypress: t
115.4033 	DATA 	Mouse: Left button down, pos=(1199,514)
115.4175 	EXP 	Resetting brush parameter: brushPos.
115.4176 	EXP 	Creating ShapeStim for brush
115.4177 	EXP 	window1: mouseVisible = True
115.4940 	DATA 	Mouse:  Left button up, pos=(1199,514)
116.0389 	DATA 	Mouse: Left button down, pos=(1193,383)
116.0405 	EXP 	Resetting brush parameter: brushPos.
116.0405 	EXP 	Creating ShapeStim for brush
116.0407 	EXP 	window1: mouseVisible = True
116.1559 	DATA 	Mouse:  Left button up, pos=(1193,383)
116.2827 	DATA 	Mouse: Left button down, pos=(1193,383)
116.2924 	EXP 	Resetting brush parameter: brushPos.
116.2924 	EXP 	Creating ShapeStim for brush
116.2926 	EXP 	window1: mouseVisible = True
116.4175 	DATA 	Mouse:  Left button up, pos=(1193,382)
116.5201 	DATA 	Mouse: Left button down, pos=(1193,382)
116.5202 	EXP 	Resetting brush parameter: brushPos.
116.5202 	EXP 	Creating ShapeStim for brush
116.5203 	EXP 	window1: mouseVisible = True
116.6605 	DATA 	Mouse:  Left button up, pos=(1193,382)
116.9677 	DATA 	Mouse: Left button down, pos=(1192,548)
116.9677 	EXP 	Resetting brush parameter: brushPos.
116.9677 	EXP 	Creating ShapeStim for brush
116.9679 	EXP 	window1: mouseVisible = True
117.0593 	DATA 	Mouse:  Left button up, pos=(1192,548)
117.2159 	DATA 	Keypress: t
117.3093 	DATA 	Mouse: Left button down, pos=(1193,504)
117.3292 	EXP 	RSP_ahhaa: markerPos = -0.014583333333333282
117.3323 	EXP 	Resetting brush parameter: brushPos.
117.3323 	EXP 	Creating ShapeStim for brush
117.3325 	EXP 	window1: mouseVisible = True
117.3681 	EXP 	RSP_ahhaa: markerPos = 0
117.4120 	DATA 	Mouse:  Left button up, pos=(1193,504)
117.5145 	DATA 	Mouse: Left button down, pos=(1193,504)
117.5171 	EXP 	Resetting brush parameter: brushPos.
117.5171 	EXP 	Creating ShapeStim for brush
117.5175 	EXP 	window1: mouseVisible = True
117.6304 	DATA 	Mouse:  Left button up, pos=(1194,504)
117.9961 	DATA 	Mouse: Left button down, pos=(1213,351)
118.0061 	EXP 	Resetting brush parameter: brushPos.
118.0061 	EXP 	Creating ShapeStim for brush
118.0062 	EXP 	window1: mouseVisible = True
118.1244 	DATA 	Mouse:  Left button up, pos=(1213,351)
118.4428 	DATA 	Mouse: Left button down, pos=(1210,373)
118.4428 	EXP 	Resetting brush parameter: brushPos.
118.4428 	EXP 	Creating ShapeStim for brush
118.4430 	EXP 	window1: mouseVisible = True
118.5165 	DATA 	Mouse:  Left button up, pos=(1210,373)
118.6867 	DATA 	Mouse: Left button down, pos=(1200,381)
118.6927 	EXP 	Resetting brush parameter: brushPos.
118.6927 	EXP 	Creating ShapeStim for brush
118.6928 	EXP 	window1: mouseVisible = True
118.7986 	DATA 	Mouse:  Left button up, pos=(1200,381)
118.9438 	DATA 	Mouse: Left button down, pos=(1200,381)
118.9594 	EXP 	RSP_sudden: markerPos = 0.0
118.9630 	EXP 	Resetting brush parameter: brushPos.
118.9630 	EXP 	Creating ShapeStim for brush
118.9632 	EXP 	window1: mouseVisible = True
118.9893 	EXP 	RSP_sudden: markerPos = 0
119.0408 	DATA 	Mouse:  Left button up, pos=(1200,381)
119.4740 	DATA 	Mouse: Left button down, pos=(1205,262)
119.4741 	EXP 	Resetting brush parameter: brushPos.
119.4741 	EXP 	Creating ShapeStim for brush
119.4742 	EXP 	window1: mouseVisible = True
119.6129 	DATA 	Mouse:  Left button up, pos=(1205,261)
119.7876 	DATA 	Mouse: Left button down, pos=(1204,236)
119.7876 	EXP 	Resetting brush parameter: brushPos.
119.7876 	EXP 	Creating ShapeStim for brush
119.7877 	EXP 	window1: mouseVisible = True
119.8959 	DATA 	Mouse:  Left button up, pos=(1204,236)
120.0286 	DATA 	Mouse: Left button down, pos=(1204,236)
120.0363 	EXP 	Resetting brush parameter: brushPos.
120.0363 	EXP 	Creating ShapeStim for brush
120.0364 	EXP 	window1: mouseVisible = True
120.1439 	DATA 	Mouse:  Left button up, pos=(1204,236)
120.2597 	DATA 	Mouse: Left button down, pos=(1204,236)
120.2771 	EXP 	RSP_pleasant: markerPos = 0.00833333333333336
120.2816 	EXP 	Resetting brush parameter: brushPos.
120.2816 	EXP 	Creating ShapeStim for brush
120.2818 	EXP 	window1: mouseVisible = True
120.3107 	EXP 	RSP_pleasant: markerPos = 0
120.3366 	EXP 	button_next: autoDraw = True
120.3366 	EXP 	next_txt: autoDraw = True
120.3768 	DATA 	Mouse:  Left button up, pos=(1204,236)
120.5085 	DATA 	Mouse: Left button down, pos=(1204,236)
120.5327 	EXP 	RSP_pleasant: markerPos = 0.00833333333333336
120.5393 	EXP 	Resetting brush parameter: brushPos.
120.5394 	EXP 	Creating ShapeStim for brush
120.5395 	EXP 	window1: mouseVisible = True
120.5702 	EXP 	RSP_pleasant: markerPos = 0
120.6092 	DATA 	Mouse:  Left button up, pos=(1204,236)
121.8557 	DATA 	Mouse: Left button down, pos=(1606,126)
121.8558 	EXP 	Resetting brush parameter: brushPos.
121.8558 	EXP 	Creating ShapeStim for brush
121.8559 	EXP 	window1: mouseVisible = True
121.8760 	DATA 	Mouse: Right button down, pos=(1606,127)
121.9054 	EXP 	Resetting brush
121.9062 	EXP 	New trial (rep=0, index=3): OrderedDict([('trl', 1), ('stim1', 'stimuli/dolphin_14s_9.jpg'), ('stim2', 'stimuli/dolphin_14s_11.jpg'), ('stimulus', 'dolphin_14s_')])
121.9080 	EXP 	Resetting brush
121.9343 	EXP 	image: autoDraw = False
121.9343 	EXP 	brush: autoDraw = False
121.9343 	EXP 	H1_textbox: autoDraw = False
121.9343 	EXP 	juhis_txt: autoDraw = False
121.9343 	EXP 	button_clear: autoDraw = False
121.9343 	EXP 	objekt_txt: autoDraw = False
121.9343 	EXP 	button_next: autoDraw = False
121.9343 	EXP 	clear_txt: autoDraw = False
121.9343 	EXP 	button_hint: autoDraw = False
121.9343 	EXP 	vihje_txt: autoDraw = False
121.9343 	EXP 	button_yes: autoDraw = False
121.9343 	EXP 	leidsin_txt: autoDraw = False
121.9343 	EXP 	RSP_ahhaa: autoDraw = False
121.9343 	EXP 	ahhaa_txt: autoDraw = False
121.9343 	EXP 	RSP_sudden: autoDraw = False
121.9343 	EXP 	sudden_txt: autoDraw = False
121.9343 	EXP 	RSP_pleasant: autoDraw = False
121.9343 	EXP 	pleasant_txt: autoDraw = False
121.9343 	EXP 	next_txt: autoDraw = False
121.9343 	EXP 	image: image = 'stimuli/anchor_02s_9.jpg'
121.9343 	EXP 	vihje_txt: text = 'None'
121.9343 	EXP 	leidsin_txt: text = 'Found it!'
121.9343 	EXP 	RSP_ahhaa: markerPos = None
121.9343 	EXP 	RSP_ahhaa: markerPos = None
121.9343 	EXP 	RSP_sudden: markerPos = None
121.9343 	EXP 	RSP_sudden: markerPos = None
121.9343 	EXP 	RSP_pleasant: markerPos = None
121.9343 	EXP 	RSP_pleasant: markerPos = None
121.9343 	EXP 	image: autoDraw = True
121.9343 	EXP 	brush: autoDraw = True
121.9343 	EXP 	juhis_txt: autoDraw = True
121.9343 	EXP 	button_clear: autoDraw = True
121.9343 	EXP 	clear_txt: autoDraw = True
121.9343 	EXP 	button_yes: autoDraw = True
121.9418 	DATA 	Mouse:  Right button up, pos=(1608,129)
121.9600 	DATA 	Mouse:  Left button up, pos=(1608,129)
125.9632 	DATA 	Mouse: Left button down, pos=(1271,869)
125.9729 	EXP 	Resetting brush parameter: brushPos.
125.9730 	EXP 	Creating ShapeStim for brush
125.9731 	EXP 	window1: mouseVisible = True
125.9845 	DATA 	Mouse: Right button down, pos=(1271,869)
125.9986 	EXP 	objekt_txt: autoDraw = True
125.9986 	EXP 	button_yes: autoDraw = False
125.9986 	EXP 	RSP_ahhaa: autoDraw = True
125.9986 	EXP 	ahhaa_txt: autoDraw = True
125.9986 	EXP 	RSP_sudden: autoDraw = True
125.9986 	EXP 	sudden_txt: autoDraw = True
125.9986 	EXP 	RSP_pleasant: autoDraw = True
125.9986 	EXP 	pleasant_txt: autoDraw = True
126.0072 	DATA 	Mouse:  Right button up, pos=(1272,868)
126.0229 	EXP 	H1_textbox: autoDraw = True
126.0801 	DATA 	Mouse:  Left button up, pos=(1272,868)
126.9349 	EXP 	button_hint: autoDraw = True
126.9349 	EXP 	button_hint: autoDraw = False
126.9349 	EXP 	vihje_txt: autoDraw = True
126.9349 	EXP 	vihje_txt: autoDraw = False
130.1432 	DATA 	Mouse: wheel shift=(0,-1), pos=(782,588)
130.2180 	DATA 	Mouse: wheel shift=(0,-1), pos=(782,588)
130.2681 	DATA 	Mouse: wheel shift=(0,-1), pos=(782,588)
132.9307 	DATA 	Keypress: escape
133.0593 	EXP 	ConstellationsNAI22: status = STOPPED
133.0722 	EXP 	image: autoDraw = False
133.0722 	EXP 	brush: autoDraw = False
133.0722 	EXP 	H1_textbox: autoDraw = False
133.0722 	EXP 	juhis_txt: autoDraw = False
133.0722 	EXP 	button_clear: autoDraw = False
133.0722 	EXP 	objekt_txt: autoDraw = False
133.0722 	EXP 	clear_txt: autoDraw = False
133.0722 	EXP 	RSP_ahhaa: autoDraw = False
133.0722 	EXP 	ahhaa_txt: autoDraw = False
133.0722 	EXP 	RSP_sudden: autoDraw = False
133.0722 	EXP 	sudden_txt: autoDraw = False
133.0722 	EXP 	RSP_pleasant: autoDraw = False
133.0722 	EXP 	pleasant_txt: autoDraw = False
133.0724 	EXP 	ConstellationsNAI22: status = STOPPED
133.2674 	EXP 	window1: mouseVisible = True
