47.2543 	WARNING 	User requested fullscreen with size [1280  720], but screen is actually [1920, 1080]. Using actual size
48.2871 	EXP 	Created window1 = Window(allowGUI=False, allowStencil=False, autoLog=True, backendConf=UNKNOWN, bitsMode=UNKNOWN, blendMode='avg', bpc=(8, 8, 8), color=array([0, 0, 0]), colorSpace='rgb', depthBits=8, fullscr=<method-wrapper '__getattribute__' of attributeSetter object at 0x000002A4ED0D5AF0>, gamma=None, gammaErrorPolicy='raise', lms=UNKNOWN, monitor=<psychopy.monitors.calibTools.Monitor object at 0x000002A4ED9D4FD0>, multiSample=False, name='window1', numSamples=2, pos=(0, 0), screen=0, size=array([1920, 1080]), stencilBits=0, stereo=False, units='norm', useFBO=True, useRetina=False, viewOri=0.0, viewPos=None, viewScale=None, waitBlanking=True, winType='pyglet')
48.2875 	EXP 	window1: mouseVisible = True
48.2875 	EXP 	window1: Attempting to measure frame rate of screen (0) ...
48.2876 	EXP 	window1: recordFrameIntervals = False
48.4522 	EXP 	window1: recordFrameIntervals = True
48.6358 	EXP 	Screen (0) actual frame rate measured at 60.22Hz
48.6359 	EXP 	window1: recordFrameIntervals = False
54.7229 	EXP 	Created instruction1_2 = ImageStim(__class__=<class 'psychopy.visual.image.ImageStim'>, anchor=('center', 'center'), autoLog=True, color=array([1., 1., 1.]), colorSpace='rgb', contrast=1.0, depth=0.0, flipHoriz=False, flipVert=False, image='introimg/intro0.png', interpolate=True, mask=None, maskParams=None, name='instruction1_2', opacity=1, ori=0.0, pos=array([0., 0.]), size=array([1.3, 1.6]), texRes=128.0, units='norm', win=Window(...))
54.7234 	EXP 	window1: mouseVisible = True
54.7351 	EXP 	Created button1_2 = Rect(__class__=<class 'psychopy.visual.rect.Rect'>, anchor=('center', 'center'), autoDraw=False, autoLog=True, closeShape=True, color=method-wrapper(...), colorSpace='rgb', contrast=None, depth=-2.0, fillColor=array([1, 1, 1]), fillColorSpace='rgb', fillRGB=array([1, 1, 1]), interpolate=True, lineColor=array([1., 1., 1.]), lineColorSpace='rgb', lineRGB=array([1, 1, 1]), lineWidth=1.0, name='button1_2', opacity=1, ori=0.0, pos=array([ 0.5 , -0.65]), size=array([0.2, 0.1]), units='norm', vertices=ndarray(...), win=Window(...))
54.9409 	EXP 	Created button_txt1_2 = TextStim(__class__=<class 'psychopy.visual.text.TextStim'>, alignHoriz=method-wrapper(...), alignText='center', alignVert=method-wrapper(...), anchorHoriz='center', anchorVert='center', antialias=True, autoLog=True, bold=False, color=array([-1., -1., -1.]), colorSpace='rgb', contrast=1.0, depth=-3.0, flipHoriz=False, flipVert=False, font='Open Sans', fontFiles=[], height=0.07, italic=False, languageStyle='LTR', name='button_txt1_2', opacity=1, ori=0.0, pos=array([ 0.5 , -0.65]), rgb=UNKNOWN, text='Next', units='norm', win=Window(...), wrapWidth=1)
56.2663 	EXP 	Created instruction1 = ImageStim(__class__=<class 'psychopy.visual.image.ImageStim'>, anchor=('center', 'center'), autoLog=True, color=array([1., 1., 1.]), colorSpace='rgb', contrast=1.0, depth=0.0, flipHoriz=False, flipVert=False, image='introimg/intro1.png', interpolate=True, mask=None, maskParams=None, name='instruction1', opacity=1, ori=0.0, pos=array([0., 0.]), size=array([1.3, 1.6]), texRes=128.0, units='norm', win=Window(...))
56.2666 	EXP 	window1: mouseVisible = True
56.2736 	EXP 	Created button1 = Rect(__class__=<class 'psychopy.visual.rect.Rect'>, anchor=('center', 'center'), autoDraw=False, autoLog=True, closeShape=True, color=method-wrapper(...), colorSpace='rgb', contrast=None, depth=-2.0, fillColor=array([1, 1, 1]), fillColorSpace='rgb', fillRGB=array([1, 1, 1]), interpolate=True, lineColor=array([1., 1., 1.]), lineColorSpace='rgb', lineRGB=array([1, 1, 1]), lineWidth=1.0, name='button1', opacity=1, ori=0.0, pos=array([ 0.5 , -0.65]), size=array([0.2, 0.1]), units='norm', vertices=ndarray(...), win=Window(...))
56.2829 	EXP 	Created button_txt1 = TextStim(__class__=<class 'psychopy.visual.text.TextStim'>, alignHoriz=method-wrapper(...), alignText='center', alignVert=method-wrapper(...), anchorHoriz='center', anchorVert='center', antialias=True, autoLog=True, bold=False, color=array([-1., -1., -1.]), colorSpace='rgb', contrast=1.0, depth=-3.0, flipHoriz=False, flipVert=False, font='Open Sans', fontFiles=[], height=0.07, italic=False, languageStyle='LTR', name='button_txt1', opacity=1, ori=0.0, pos=array([ 0.5 , -0.65]), rgb=UNKNOWN, text='Next', units='norm', win=Window(...), wrapWidth=1)
58.6971 	EXP 	Created instruction2 = ImageStim(__class__=<class 'psychopy.visual.image.ImageStim'>, anchor=('center', 'center'), autoLog=True, color=array([1., 1., 1.]), colorSpace='rgb', contrast=1.0, depth=0.0, flipHoriz=False, flipVert=False, image='introimg/intro2.png', interpolate=True, mask=None, maskParams=None, name='instruction2', opacity=1, ori=0.0, pos=array([0., 0.]), size=array([1.3, 1.6]), texRes=128.0, units='norm', win=Window(...))
58.6973 	EXP 	window1: mouseVisible = True
58.7054 	EXP 	Created button2 = Rect(__class__=<class 'psychopy.visual.rect.Rect'>, anchor=('center', 'center'), autoDraw=False, autoLog=True, closeShape=True, color=method-wrapper(...), colorSpace='rgb', contrast=None, depth=-2.0, fillColor=array([1, 1, 1]), fillColorSpace='rgb', fillRGB=array([1, 1, 1]), interpolate=True, lineColor=array([1., 1., 1.]), lineColorSpace='rgb', lineRGB=array([1, 1, 1]), lineWidth=1.0, name='button2', opacity=1, ori=0.0, pos=array([ 0.5 , -0.65]), size=array([0.2, 0.1]), units='norm', vertices=ndarray(...), win=Window(...))
58.7172 	EXP 	Created button_txt2 = TextStim(__class__=<class 'psychopy.visual.text.TextStim'>, alignHoriz=method-wrapper(...), alignText='center', alignVert=method-wrapper(...), anchorHoriz='center', anchorVert='center', antialias=True, autoLog=True, bold=False, color=array([-1., -1., -1.]), colorSpace='rgb', contrast=1.0, depth=-3.0, flipHoriz=False, flipVert=False, font='Open Sans', fontFiles=[], height=0.07, italic=False, languageStyle='LTR', name='button_txt2', opacity=1, ori=0.0, pos=array([ 0.5 , -0.65]), rgb=UNKNOWN, text='Next', units='norm', win=Window(...), wrapWidth=1)
60.4788 	EXP 	Created instruction3 = ImageStim(__class__=<class 'psychopy.visual.image.ImageStim'>, anchor=('center', 'center'), autoLog=True, color=array([1., 1., 1.]), colorSpace='rgb', contrast=1.0, depth=0.0, flipHoriz=False, flipVert=False, image='introimg/intro3.png', interpolate=True, mask=None, maskParams=None, name='instruction3', opacity=1, ori=0.0, pos=array([0., 0.]), size=array([1.3, 1.6]), texRes=128.0, units='norm', win=Window(...))
60.4792 	EXP 	window1: mouseVisible = True
60.4862 	EXP 	Created button3 = Rect(__class__=<class 'psychopy.visual.rect.Rect'>, anchor=('center', 'center'), autoDraw=False, autoLog=True, closeShape=True, color=method-wrapper(...), colorSpace='rgb', contrast=None, depth=-2.0, fillColor=array([1, 1, 1]), fillColorSpace='rgb', fillRGB=array([1, 1, 1]), interpolate=True, lineColor=array([1., 1., 1.]), lineColorSpace='rgb', lineRGB=array([1, 1, 1]), lineWidth=1.0, name='button3', opacity=1, ori=0.0, pos=array([ 0.5 , -0.65]), size=array([0.2, 0.1]), units='norm', vertices=ndarray(...), win=Window(...))
60.4976 	EXP 	Created button_txt3 = TextStim(__class__=<class 'psychopy.visual.text.TextStim'>, alignHoriz=method-wrapper(...), alignText='center', alignVert=method-wrapper(...), anchorHoriz='center', anchorVert='center', antialias=True, autoLog=True, bold=False, color=array([-1., -1., -1.]), colorSpace='rgb', contrast=1.0, depth=-3.0, flipHoriz=False, flipVert=False, font='Open Sans', fontFiles=[], height=0.07, italic=False, languageStyle='LTR', name='button_txt3', opacity=1, ori=0.0, pos=array([ 0.5 , -0.65]), rgb=UNKNOWN, text='Next', units='norm', win=Window(...), wrapWidth=1)
61.6421 	EXP 	Created instruction4 = ImageStim(__class__=<class 'psychopy.visual.image.ImageStim'>, anchor=('center', 'center'), autoLog=True, color=array([1., 1., 1.]), colorSpace='rgb', contrast=1.0, depth=0.0, flipHoriz=False, flipVert=False, image='introimg/intro4.png', interpolate=True, mask=None, maskParams=None, name='instruction4', opacity=1, ori=0.0, pos=array([0., 0.]), size=array([1.3, 1.6]), texRes=128.0, units='norm', win=Window(...))
61.6423 	EXP 	window1: mouseVisible = True
61.6482 	EXP 	Created button4 = Rect(__class__=<class 'psychopy.visual.rect.Rect'>, anchor=('center', 'center'), autoDraw=False, autoLog=True, closeShape=True, color=method-wrapper(...), colorSpace='rgb', contrast=None, depth=-2.0, fillColor=array([1, 1, 1]), fillColorSpace='rgb', fillRGB=array([1, 1, 1]), interpolate=True, lineColor=array([1., 1., 1.]), lineColorSpace='rgb', lineRGB=array([1, 1, 1]), lineWidth=1.0, name='button4', opacity=1, ori=0.0, pos=array([ 0.5 , -0.65]), size=array([0.2, 0.1]), units='norm', vertices=ndarray(...), win=Window(...))
61.6571 	EXP 	Created button_txt4 = TextStim(__class__=<class 'psychopy.visual.text.TextStim'>, alignHoriz=method-wrapper(...), alignText='center', alignVert=method-wrapper(...), anchorHoriz='center', anchorVert='center', antialias=True, autoLog=True, bold=False, color=array([-1., -1., -1.]), colorSpace='rgb', contrast=1.0, depth=-3.0, flipHoriz=False, flipVert=False, font='Open Sans', fontFiles=[], height=0.07, italic=False, languageStyle='LTR', name='button_txt4', opacity=1, ori=0.0, pos=array([ 0.5 , -0.65]), rgb=UNKNOWN, text='Next', units='norm', win=Window(...), wrapWidth=1)
61.6703 	EXP 	Created practice_image = ImageStim(__class__=<class 'psychopy.visual.image.ImageStim'>, anchor=('center', 'center'), autoLog=True, color=array([1., 1., 1.]), colorSpace='rgb', contrast=1.0, depth=0.0, flipHoriz=False, flipVert=False, image='sin', interpolate=True, mask=None, maskParams=None, name='practice_image', opacity=1, ori=0.0, pos=array([-0.4,  0. ]), size=array([0.65, 0.65]), texRes=128.0, units='height', win=Window(...))
61.6715 	EXP 	window1: mouseVisible = True
61.6717 	EXP 	Created practice_brush = <psychopy.visual.brush.Brush object at 0x000002A483FD7730>
61.6718 	EXP 	window1: mouseVisible = True
61.7632 	EXP 	Created practice_instructions_txt = TextStim(__class__=<class 'psychopy.visual.text.TextStim'>, alignHoriz=method-wrapper(...), alignText='center', alignVert=method-wrapper(...), anchorHoriz='center', anchorVert='center', antialias=True, autoLog=True, bold=False, color=array([-1., -1., -1.]), colorSpace='rgb', contrast=1.0, depth=-4.0, flipHoriz=False, flipVert=False, font='Open Sans', fontFiles=[], height=0.07, italic=False, languageStyle='LTR', name='practice_instructions_txt', opacity=1, ori=0.0, pos=array([-0.45,  0.75]), rgb=UNKNOWN, text=str(...), units='norm', win=Window(...), wrapWidth=1)
61.8077 	EXP 	Created practice_times_up_txt = TextStim(__class__=<class 'psychopy.visual.text.TextStim'>, alignHoriz=method-wrapper(...), alignText='center', alignVert=method-wrapper(...), anchorHoriz='center', anchorVert='center', antialias=True, autoLog=True, bold=False, color=array([-1., -1., -1.]), colorSpace='rgb', contrast=1.0, depth=-5.0, flipHoriz=False, flipVert=False, font='Open Sans', fontFiles=[], height=0.07, italic=False, languageStyle='LTR', name='practice_times_up_txt', opacity=1, ori=0.0, pos=array([-0.45,  0.75]), rgb=UNKNOWN, text=str(...), units='norm', win=Window(...), wrapWidth=1)
61.8158 	EXP 	Created practice_button_clear = Rect(__class__=<class 'psychopy.visual.rect.Rect'>, anchor=('center', 'center'), autoDraw=False, autoLog=True, closeShape=True, color=method-wrapper(...), colorSpace='rgb', contrast=None, depth=-6.0, fillColor=array([1, 1, 1]), fillColorSpace='rgb', fillRGB=array([1, 1, 1]), interpolate=True, lineColor=array([1., 1., 1.]), lineColorSpace='rgb', lineRGB=array([1, 1, 1]), lineWidth=1.0, name='practice_button_clear', opacity=1, ori=0.0, pos=array([-0.2 , -0.75]), size=array([0.2, 0.1]), units='norm', vertices=ndarray(...), win=Window(...))
61.8420 	EXP 	Created practice_clear_txt = TextStim(__class__=<class 'psychopy.visual.text.TextStim'>, alignHoriz=method-wrapper(...), alignText='center', alignVert=method-wrapper(...), anchorHoriz='center', anchorVert='center', antialias=True, autoLog=True, bold=False, color=array([-1., -1., -1.]), colorSpace='rgb', contrast=1.0, depth=-7.0, flipHoriz=False, flipVert=False, font='Open Sans', fontFiles=[], height=0.06, italic=False, languageStyle='LTR', name='practice_clear_txt', opacity=1, ori=0.0, pos=array([-0.2 , -0.75]), rgb=UNKNOWN, text='Erase', units='norm', win=Window(...), wrapWidth=1)
61.8422 	EXP 	window1: mouseVisible = True
61.8492 	EXP 	Created practice_button_next = Rect(__class__=<class 'psychopy.visual.rect.Rect'>, anchor=('center', 'center'), autoDraw=False, autoLog=True, closeShape=True, color=method-wrapper(...), colorSpace='rgb', contrast=None, depth=-9.0, fillColor=array([1, 1, 1]), fillColorSpace='rgb', fillRGB=array([1, 1, 1]), interpolate=True, lineColor=array([1., 1., 1.]), lineColorSpace='rgb', lineRGB=array([1, 1, 1]), lineWidth=1.0, name='practice_button_next', opacity=1, ori=0.0, pos=array([ 0.7 , -0.75]), size=array([0.2, 0.1]), units='norm', vertices=ndarray(...), win=Window(...))
61.8640 	EXP 	Created practice_next_txt = TextStim(__class__=<class 'psychopy.visual.text.TextStim'>, alignHoriz=method-wrapper(...), alignText='center', alignVert=method-wrapper(...), anchorHoriz='center', anchorVert='center', antialias=True, autoLog=True, bold=False, color=array([-1., -1., -1.]), colorSpace='rgb', contrast=1.0, depth=-10.0, flipHoriz=False, flipVert=False, font='Open Sans', fontFiles=[], height=0.06, italic=False, languageStyle='LTR', name='practice_next_txt', opacity=1, ori=0.0, pos=array([ 0.7 , -0.75]), rgb=UNKNOWN, text='Next', units='norm', win=Window(...), wrapWidth=1)
61.8642 	EXP 	window1: mouseVisible = True
61.8710 	EXP 	Created practice_button_done = Rect(__class__=<class 'psychopy.visual.rect.Rect'>, anchor=('center', 'center'), autoDraw=False, autoLog=True, closeShape=True, color=method-wrapper(...), colorSpace='rgb', contrast=None, depth=-12.0, fillColor=array([-1.        ,  0.00392157, -1.        ]), fillColorSpace='rgb', fillRGB=array([-1.        ,  0.00392157, -1.        ]), interpolate=True, lineColor=array([1., 1., 1.]), lineColorSpace='rgb', lineRGB=array([1, 1, 1]), lineWidth=1.0, name='practice_button_done', opacity=1, ori=0.0, pos=array([0.3, 0.6]), size=array([0.2, 0.1]), units='norm', vertices=ndarray(...), win=Window(...))
61.8879 	EXP 	Created practice_done_txt = TextStim(__class__=<class 'psychopy.visual.text.TextStim'>, alignHoriz=method-wrapper(...), alignText='center', alignVert=method-wrapper(...), anchorHoriz='center', anchorVert='center', antialias=True, autoLog=True, bold=False, color=array([1., 1., 1.]), colorSpace='rgb', contrast=1.0, depth=-13.0, flipHoriz=False, flipVert=False, font='Open Sans', fontFiles=[], height=0.06, italic=False, languageStyle='LTR', name='practice_done_txt', opacity=1, ori=0.0, pos=array([0.3, 0.6]), rgb=UNKNOWN, text='Done!', units='norm', win=Window(...), wrapWidth=1)
61.9268 	EXP 	Created practice_objekt_txt = TextStim(__class__=<class 'psychopy.visual.text.TextStim'>, alignHoriz=method-wrapper(...), alignText='center', alignVert=method-wrapper(...), anchorHoriz='center', anchorVert='center', antialias=True, autoLog=True, bold=False, color=array([-1., -1., -1.]), colorSpace='rgb', contrast=1.0, depth=-14.0, flipHoriz=False, flipVert=False, font='Open Sans', fontFiles=[], height=0.06, italic=False, languageStyle='LTR', name='practice_objekt_txt', opacity=1, ori=0.0, pos=array([0.4 , 0.55]), rgb=UNKNOWN, text='What object did you find in the image?', units='norm', win=Window(...), wrapWidth=1)
61.9635 	EXP 	Created practice_object = ImageStim(__class__=<class 'psychopy.visual.image.ImageStim'>, anchor=('center', 'center'), autoLog=True, color=array([1., 1., 1.]), colorSpace='rgb', contrast=1.0, depth=0.0, flipHoriz=False, flipVert=False, image='introimg/practice.png', interpolate=True, mask=None, maskParams=None, name='practice_object', opacity=1, ori=0.0, pos=array([0., 0.]), size=array([0.65, 0.65]), texRes=128.0, units='height', win=Window(...))
61.9859 	EXP 	Created practice_outline = ImageStim(__class__=<class 'psychopy.visual.image.ImageStim'>, anchor=('center', 'center'), autoLog=True, color=array([1., 1., 1.]), colorSpace='rgb', contrast=1.0, depth=-1.0, flipHoriz=False, flipVert=False, image='introimg/practice_solution.png', interpolate=True, mask=None, maskParams=None, name='practice_outline', opacity=1, ori=0.0, pos=array([0., 0.]), size=array([0.65, 0.65]), texRes=128.0, units='height', win=Window(...))
62.0378 	EXP 	Created text_2 = TextStim(__class__=<class 'psychopy.visual.text.TextStim'>, alignHoriz=method-wrapper(...), alignText='center', alignVert=method-wrapper(...), anchorHoriz='center', anchorVert='center', antialias=True, autoLog=True, bold=False, color=array([1., 1., 1.]), colorSpace='rgb', contrast=1.0, depth=-2.0, flipHoriz=False, flipVert=False, font='Open Sans', fontFiles=[], height=0.1, italic=False, languageStyle='LTR', name='text_2', opacity=1, ori=0.0, pos=array([0. , 0.7]), rgb=UNKNOWN, text='Answer: Dolphin', units='norm', win=Window(...), wrapWidth=1)
62.0381 	EXP 	window1: mouseVisible = True
62.0440 	EXP 	Created button5 = Rect(__class__=<class 'psychopy.visual.rect.Rect'>, anchor=('center', 'center'), autoDraw=False, autoLog=True, closeShape=True, color=method-wrapper(...), colorSpace='rgb', contrast=None, depth=-4.0, fillColor=array([1, 1, 1]), fillColorSpace='rgb', fillRGB=array([1, 1, 1]), interpolate=True, lineColor=array([1., 1., 1.]), lineColorSpace='rgb', lineRGB=array([1, 1, 1]), lineWidth=1.0, name='button5', opacity=1, ori=0.0, pos=array([ 0.5, -0.6]), size=array([0.2, 0.1]), units='norm', vertices=ndarray(...), win=Window(...))
62.0614 	EXP 	Created button_txt5 = TextStim(__class__=<class 'psychopy.visual.text.TextStim'>, alignHoriz=method-wrapper(...), alignText='center', alignVert=method-wrapper(...), anchorHoriz='center', anchorVert='center', antialias=True, autoLog=True, bold=False, color=array([-1., -1., -1.]), colorSpace='rgb', contrast=1.0, depth=-5.0, flipHoriz=False, flipVert=False, font='Open Sans', fontFiles=[], height=0.07, italic=False, languageStyle='LTR', name='button_txt5', opacity=1, ori=0.0, pos=array([ 0.5, -0.6]), rgb=UNKNOWN, text='Next', units='norm', win=Window(...), wrapWidth=1)
63.2892 	EXP 	Created instruction4_2 = ImageStim(__class__=<class 'psychopy.visual.image.ImageStim'>, anchor=('center', 'center'), autoLog=True, color=array([1., 1., 1.]), colorSpace='rgb', contrast=1.0, depth=0.0, flipHoriz=False, flipVert=False, image='introimg/intro5.png', interpolate=True, mask=None, maskParams=None, name='instruction4_2', opacity=1, ori=0.0, pos=array([0., 0.]), size=array([1.3, 1.6]), texRes=128.0, units='norm', win=Window(...))
63.2895 	EXP 	window1: mouseVisible = True
63.2961 	EXP 	Created button4_2 = Rect(__class__=<class 'psychopy.visual.rect.Rect'>, anchor=('center', 'center'), autoDraw=False, autoLog=True, closeShape=True, color=method-wrapper(...), colorSpace='rgb', contrast=None, depth=-2.0, fillColor=array([1, 1, 1]), fillColorSpace='rgb', fillRGB=array([1, 1, 1]), interpolate=True, lineColor=array([1., 1., 1.]), lineColorSpace='rgb', lineRGB=array([1, 1, 1]), lineWidth=1.0, name='button4_2', opacity=1, ori=0.0, pos=array([ 0.5 , -0.65]), size=array([0.2, 0.1]), units='norm', vertices=ndarray(...), win=Window(...))
63.3058 	EXP 	Created button_txt4_2 = TextStim(__class__=<class 'psychopy.visual.text.TextStim'>, alignHoriz=method-wrapper(...), alignText='center', alignVert=method-wrapper(...), anchorHoriz='center', anchorVert='center', antialias=True, autoLog=True, bold=False, color=array([-1., -1., -1.]), colorSpace='rgb', contrast=1.0, depth=-3.0, flipHoriz=False, flipVert=False, font='Open Sans', fontFiles=[], height=0.07, italic=False, languageStyle='LTR', name='button_txt4_2', opacity=1, ori=0.0, pos=array([ 0.5 , -0.65]), rgb=UNKNOWN, text='Next', units='norm', win=Window(...), wrapWidth=1)
63.3169 	EXP 	Created image = ImageStim(__class__=<class 'psychopy.visual.image.ImageStim'>, anchor=('center', 'center'), autoLog=True, color=array([1., 1., 1.]), colorSpace='rgb', contrast=1.0, depth=0.0, flipHoriz=False, flipVert=False, image='sin', interpolate=True, mask=None, maskParams=None, name='image', opacity=1, ori=0.0, pos=array([-0.4,  0. ]), size=array([0.65, 0.65]), texRes=128.0, units='height', win=Window(...))
63.3171 	EXP 	window1: mouseVisible = True
63.3172 	EXP 	window1: mouseVisible = True
63.3173 	EXP 	Created brush = <psychopy.visual.brush.Brush object at 0x000002A483F03BE0>
63.3694 	EXP 	Created instructions_txt = TextStim(__class__=<class 'psychopy.visual.text.TextStim'>, alignHoriz=method-wrapper(...), alignText='center', alignVert=method-wrapper(...), anchorHoriz='center', anchorVert='center', antialias=True, autoLog=True, bold=False, color=array([-1., -1., -1.]), colorSpace='rgb', contrast=1.0, depth=-4.0, flipHoriz=False, flipVert=False, font='Open Sans', fontFiles=[], height=0.07, italic=False, languageStyle='LTR', name='instructions_txt', opacity=1, ori=0.0, pos=array([-0.45,  0.75]), rgb=UNKNOWN, text=str(...), units='norm', win=Window(...), wrapWidth=1)
63.3998 	EXP 	Created times_up_txt = TextStim(__class__=<class 'psychopy.visual.text.TextStim'>, alignHoriz=method-wrapper(...), alignText='center', alignVert=method-wrapper(...), anchorHoriz='center', anchorVert='center', antialias=True, autoLog=True, bold=False, color=array([-1., -1., -1.]), colorSpace='rgb', contrast=1.0, depth=-5.0, flipHoriz=False, flipVert=False, font='Open Sans', fontFiles=[], height=0.07, italic=False, languageStyle='LTR', name='times_up_txt', opacity=1, ori=0.0, pos=array([-0.45,  0.75]), rgb=UNKNOWN, text=str(...), units='norm', win=Window(...), wrapWidth=1)
63.4064 	EXP 	Created button_clear = Rect(__class__=<class 'psychopy.visual.rect.Rect'>, anchor=('center', 'center'), autoDraw=False, autoLog=True, closeShape=True, color=method-wrapper(...), colorSpace='rgb', contrast=None, depth=-6.0, fillColor=array([1, 1, 1]), fillColorSpace='rgb', fillRGB=array([1, 1, 1]), interpolate=True, lineColor=array([1., 1., 1.]), lineColorSpace='rgb', lineRGB=array([1, 1, 1]), lineWidth=1.0, name='button_clear', opacity=1, ori=0.0, pos=array([-0.2 , -0.75]), size=array([0.2, 0.1]), units='norm', vertices=ndarray(...), win=Window(...))
63.4278 	EXP 	Created clear_txt = TextStim(__class__=<class 'psychopy.visual.text.TextStim'>, alignHoriz=method-wrapper(...), alignText='center', alignVert=method-wrapper(...), anchorHoriz='center', anchorVert='center', antialias=True, autoLog=True, bold=False, color=array([-1., -1., -1.]), colorSpace='rgb', contrast=1.0, depth=-7.0, flipHoriz=False, flipVert=False, font='Open Sans', fontFiles=[], height=0.06, italic=False, languageStyle='LTR', name='clear_txt', opacity=1, ori=0.0, pos=array([-0.2 , -0.75]), rgb=UNKNOWN, text='Erase', units='norm', win=Window(...), wrapWidth=1)
63.4280 	EXP 	window1: mouseVisible = True
63.4347 	EXP 	Created button_next = Rect(__class__=<class 'psychopy.visual.rect.Rect'>, anchor=('center', 'center'), autoDraw=False, autoLog=True, closeShape=True, color=method-wrapper(...), colorSpace='rgb', contrast=None, depth=-9.0, fillColor=array([1, 1, 1]), fillColorSpace='rgb', fillRGB=array([1, 1, 1]), interpolate=True, lineColor=array([1., 1., 1.]), lineColorSpace='rgb', lineRGB=array([1, 1, 1]), lineWidth=1.0, name='button_next', opacity=1, ori=0.0, pos=array([ 0.7 , -0.75]), size=array([0.2, 0.1]), units='norm', vertices=ndarray(...), win=Window(...))
63.4477 	EXP 	Created next_txt = TextStim(__class__=<class 'psychopy.visual.text.TextStim'>, alignHoriz=method-wrapper(...), alignText='center', alignVert=method-wrapper(...), anchorHoriz='center', anchorVert='center', antialias=True, autoLog=True, bold=False, color=array([-1., -1., -1.]), colorSpace='rgb', contrast=1.0, depth=-10.0, flipHoriz=False, flipVert=False, font='Open Sans', fontFiles=[], height=0.06, italic=False, languageStyle='LTR', name='next_txt', opacity=1, ori=0.0, pos=array([ 0.7 , -0.75]), rgb=UNKNOWN, text='Next', units='norm', win=Window(...), wrapWidth=1)
63.4479 	EXP 	window1: mouseVisible = True
63.4539 	EXP 	Created button_done = Rect(__class__=<class 'psychopy.visual.rect.Rect'>, anchor=('center', 'center'), autoDraw=False, autoLog=True, closeShape=True, color=method-wrapper(...), colorSpace='rgb', contrast=None, depth=-12.0, fillColor=array([-1.        ,  0.00392157, -1.        ]), fillColorSpace='rgb', fillRGB=array([-1.        ,  0.00392157, -1.        ]), interpolate=True, lineColor=array([1., 1., 1.]), lineColorSpace='rgb', lineRGB=array([1, 1, 1]), lineWidth=1.0, name='button_done', opacity=1, ori=0.0, pos=array([0.3, 0.6]), size=array([0.2, 0.1]), units='norm', vertices=ndarray(...), win=Window(...))
63.4669 	EXP 	Created done_txt = TextStim(__class__=<class 'psychopy.visual.text.TextStim'>, alignHoriz=method-wrapper(...), alignText='center', alignVert=method-wrapper(...), anchorHoriz='center', anchorVert='center', antialias=True, autoLog=True, bold=False, color=array([1., 1., 1.]), colorSpace='rgb', contrast=1.0, depth=-13.0, flipHoriz=False, flipVert=False, font='Open Sans', fontFiles=[], height=0.06, italic=False, languageStyle='LTR', name='done_txt', opacity=1, ori=0.0, pos=array([0.3, 0.6]), rgb=UNKNOWN, text='Done!', units='norm', win=Window(...), wrapWidth=1)
63.4961 	EXP 	Created object_txt = TextStim(__class__=<class 'psychopy.visual.text.TextStim'>, alignHoriz=method-wrapper(...), alignText='center', alignVert=method-wrapper(...), anchorHoriz='center', anchorVert='center', antialias=True, autoLog=True, bold=False, color=array([-1., -1., -1.]), colorSpace='rgb', contrast=1.0, depth=-14.0, flipHoriz=False, flipVert=False, font='Open Sans', fontFiles=[], height=0.06, italic=False, languageStyle='LTR', name='object_txt', opacity=1, ori=0.0, pos=array([0.4 , 0.55]), rgb=UNKNOWN, text='What object did you find in the image?', units='norm', win=Window(...), wrapWidth=1)
63.5179 	EXP 	Created text = TextStim(__class__=<class 'psychopy.visual.text.TextStim'>, alignHoriz=method-wrapper(...), alignText='center', alignVert=method-wrapper(...), anchorHoriz='center', anchorVert='center', antialias=True, autoLog=True, bold=False, color=array([1., 1., 1.]), colorSpace='rgb', contrast=1.0, depth=0.0, flipHoriz=False, flipVert=False, font='Open Sans', fontFiles=[], height=0.1, italic=False, languageStyle='LTR', name='text', opacity=1, ori=0.0, pos=array([0., 0.]), rgb=UNKNOWN, text='', units='norm', win=Window(...), wrapWidth=1)
63.5448 	EXP 	Created end_txt = TextStim(__class__=<class 'psychopy.visual.text.TextStim'>, alignHoriz=method-wrapper(...), alignText='center', alignVert=method-wrapper(...), anchorHoriz='center', anchorVert='center', antialias=True, autoLog=True, bold=False, color=array([1., 1., 1.]), colorSpace='rgb', contrast=1.0, depth=0.0, flipHoriz=False, flipVert=False, font='Open Sans', fontFiles=[], height=0.1, italic=False, languageStyle='LTR', name='end_txt', opacity=1, ori=0.0, pos=array([0., 0.]), rgb=UNKNOWN, text='The end. Thank you!', units='norm', win=Window(...), wrapWidth=1)
63.8365 	EXP 	practice_brush: autoLog = True
63.8365 	EXP 	practice_brush: autoDraw = False
63.8365 	EXP 	practice_question_textbox: autoLog = True
63.8365 	EXP 	brush: autoLog = True
63.8365 	EXP 	brush: autoDraw = False
63.8365 	EXP 	question_textbox: autoLog = True
63.8365 	EXP 	instruction1_2: autoDraw = True
63.8365 	EXP 	button1_2: autoDraw = True
63.8365 	EXP 	button_txt1_2: autoDraw = True
71.8538 	DATA 	Mouse: Left button down, pos=(1445,178)
71.9993 	EXP 	instruction1_2: autoDraw = False
71.9993 	EXP 	button1_2: autoDraw = False
71.9993 	EXP 	button_txt1_2: autoDraw = False
71.9993 	EXP 	instruction1: autoDraw = True
72.0024 	DATA 	Mouse:  Left button up, pos=(1445,178)
73.9509 	EXP 	button1: autoDraw = True
73.9509 	EXP 	button_txt1: autoDraw = True
75.0415 	DATA 	Mouse: Left button down, pos=(1469,175)
75.0692 	EXP 	instruction1: autoDraw = False
75.0692 	EXP 	button1: autoDraw = False
75.0692 	EXP 	button_txt1: autoDraw = False
75.0692 	EXP 	instruction2: autoDraw = True
75.1521 	DATA 	Mouse:  Left button up, pos=(1469,175)
77.0485 	EXP 	button2: autoDraw = True
77.0485 	EXP 	button_txt2: autoDraw = True
78.1905 	DATA 	Mouse: Left button down, pos=(1422,173)
78.2181 	EXP 	instruction2: autoDraw = False
78.2181 	EXP 	button2: autoDraw = False
78.2181 	EXP 	button_txt2: autoDraw = False
78.2181 	EXP 	instruction3: autoDraw = True
78.3006 	DATA 	Mouse:  Left button up, pos=(1422,173)
80.1949 	EXP 	button3: autoDraw = True
80.1949 	EXP 	button_txt3: autoDraw = True
81.2306 	DATA 	Mouse: Left button down, pos=(1455,187)
81.2969 	EXP 	instruction3: autoDraw = False
81.2969 	EXP 	button3: autoDraw = False
81.2969 	EXP 	button_txt3: autoDraw = False
81.2969 	EXP 	instruction4: autoDraw = True
81.4471 	DATA 	Mouse:  Left button up, pos=(1455,187)
83.2265 	EXP 	button4: autoDraw = True
83.2265 	EXP 	button_txt4: autoDraw = True
84.3596 	DATA 	Mouse: Left button down, pos=(1455,187)
84.3614 	WARNING 	Requested image 'introimg/practice.jpg' not found but similar filename 'introimg/practice.png' exists. This will be used instead but changing the filename is advised.
84.3636 	EXP 	Resetting practice_brush
84.3676 	EXP 	Resetting practice_brush parameter: brushPos.
84.3676 	EXP 	Creating ShapeStim for practice_brush
84.3820 	EXP 	instruction4: autoDraw = False
84.3820 	EXP 	button4: autoDraw = False
84.3820 	EXP 	button_txt4: autoDraw = False
84.3820 	EXP 	practice_image: image = 'introimg/practice.jpg'
84.3820 	EXP 	practice_image: autoDraw = True
84.3820 	EXP 	practice_brush: autoDraw = True
84.3820 	EXP 	practice_instructions_txt: autoDraw = True
84.3820 	EXP 	practice_button_clear: autoDraw = True
84.3820 	EXP 	practice_clear_txt: autoDraw = True
84.3820 	EXP 	practice_button_done: autoDraw = True
84.3820 	EXP 	practice_done_txt: autoDraw = True
84.5772 	DATA 	Mouse:  Left button up, pos=(1455,187)
86.4743 	DATA 	Mouse: Left button down, pos=(288,552)
86.4767 	EXP 	Resetting practice_brush parameter: brushPos.
86.4767 	EXP 	Creating ShapeStim for practice_brush
88.7310 	DATA 	Mouse:  Left button up, pos=(272,545)
89.3863 	EXP 	practice_brush: autoDraw = False
90.5460 	DATA 	Mouse: Left button down, pos=(1242,884)
90.5710 	EXP 	practice_instructions_txt: autoDraw = False
90.5710 	EXP 	practice_times_up_txt: autoDraw = True
90.5710 	EXP 	practice_button_next: autoDraw = True
90.5710 	EXP 	practice_next_txt: autoDraw = True
90.5710 	EXP 	practice_button_done: autoDraw = False
90.5710 	EXP 	practice_done_txt: autoDraw = False
90.5710 	EXP 	practice_objekt_txt: autoDraw = True
90.5710 	EXP 	practice_question_textbox: autoDraw = True
90.6484 	DATA 	Mouse:  Left button up, pos=(1242,884)
92.4449 	DATA 	Keypress: d
92.6174 	DATA 	Keypress: o
92.8256 	DATA 	Keypress: l
92.9852 	DATA 	Keypress: p
93.3750 	DATA 	Keypress: h
93.5169 	DATA 	Keypress: i
93.7021 	DATA 	Keypress: n
95.0280 	DATA 	Mouse: Left button down, pos=(1629,146)
95.0429 	EXP 	Resetting practice_brush
95.0504 	EXP 	practice_image: autoDraw = False
95.0504 	EXP 	practice_brush: autoDraw = False
95.0504 	EXP 	practice_instructions_txt: autoDraw = False
95.0504 	EXP 	practice_times_up_txt: autoDraw = False
95.0504 	EXP 	practice_button_clear: autoDraw = False
95.0504 	EXP 	practice_clear_txt: autoDraw = False
95.0504 	EXP 	practice_button_next: autoDraw = False
95.0504 	EXP 	practice_next_txt: autoDraw = False
95.0504 	EXP 	practice_button_done: autoDraw = False
95.0504 	EXP 	practice_done_txt: autoDraw = False
95.0504 	EXP 	practice_objekt_txt: autoDraw = False
95.0504 	EXP 	practice_question_textbox: autoDraw = False
95.0504 	EXP 	practice_object: autoDraw = True
95.0504 	EXP 	text_2: autoDraw = True
95.1357 	DATA 	Mouse:  Left button up, pos=(1629,146)
97.0464 	EXP 	practice_outline: autoDraw = True
97.0464 	EXP 	button5: autoDraw = True
97.0464 	EXP 	button_txt5: autoDraw = True
97.0625 	EXP 	practice_object: autoDraw = False
98.5489 	DATA 	Mouse: Left button down, pos=(1467,218)
98.5675 	EXP 	practice_object: autoDraw = False
98.5675 	EXP 	practice_outline: autoDraw = False
98.5675 	EXP 	text_2: autoDraw = False
98.5675 	EXP 	button5: autoDraw = False
98.5675 	EXP 	button_txt5: autoDraw = False
98.5675 	EXP 	instruction4_2: autoDraw = True
98.7824 	DATA 	Mouse:  Left button up, pos=(1467,218)
100.5449 	EXP 	button4_2: autoDraw = True
100.5449 	EXP 	button_txt4_2: autoDraw = True
104.3497 	DATA 	Mouse: Left button down, pos=(1463,205)
104.3615 	EXP 	Imported trial_online_full.csv as conditions, 38 conditions, 4 params
104.3622 	EXP 	Created sequence: random, trialTypes=38, nReps=1, seed=None
104.3626 	EXP 	New trial (rep=0, index=0): OrderedDict([('trl', 20), ('stim1', 'stimuli/gun_01b_11.jpg'), ('stim2', 'stimuli/gun_01b_9.jpg'), ('stimulus', 'gun_01b_')])
104.3654 	EXP 	Resetting brush
104.3690 	EXP 	Resetting brush parameter: brushPos.
104.3690 	EXP 	Creating ShapeStim for brush
104.3791 	EXP 	instruction4_2: autoDraw = False
104.3791 	EXP 	button4_2: autoDraw = False
104.3791 	EXP 	button_txt4_2: autoDraw = False
104.3791 	EXP 	image: image = 'stimuli/gun_01b_11.jpg'
104.3791 	EXP 	image: autoDraw = True
104.3791 	EXP 	brush: autoDraw = True
104.3791 	EXP 	instructions_txt: autoDraw = True
104.3791 	EXP 	button_clear: autoDraw = True
104.3791 	EXP 	clear_txt: autoDraw = True
104.3791 	EXP 	button_done: autoDraw = True
104.3791 	EXP 	done_txt: autoDraw = True
104.5667 	DATA 	Mouse:  Left button up, pos=(1463,205)
107.7084 	DATA 	Mouse: Left button down, pos=(318,748)
107.7086 	EXP 	Resetting brush parameter: brushPos.
107.7086 	EXP 	Creating ShapeStim for brush
113.3423 	DATA 	Mouse:  Left button up, pos=(409,614)
114.8654 	DATA 	Mouse: Left button down, pos=(1211,867)
114.8725 	EXP 	Resetting brush parameter: brushPos.
114.8727 	EXP 	Creating ShapeStim for brush
114.8898 	EXP 	instructions_txt: autoDraw = False
114.8898 	EXP 	times_up_txt: autoDraw = True
114.8898 	EXP 	button_next: autoDraw = True
114.8898 	EXP 	next_txt: autoDraw = True
114.8898 	EXP 	button_done: autoDraw = False
114.8898 	EXP 	done_txt: autoDraw = False
114.8898 	EXP 	object_txt: autoDraw = True
114.8898 	EXP 	question_textbox: autoDraw = True
114.9481 	DATA 	Mouse:  Left button up, pos=(1211,867)
116.0074 	DATA 	Keypress: p
116.2485 	DATA 	Keypress: i
116.3999 	DATA 	Keypress: s
116.7978 	DATA 	Keypress: t
116.9339 	DATA 	Keypress: o
117.0900 	DATA 	Keypress: l
134.3766 	EXP 	brush: autoDraw = False
188.7886 	DATA 	Mouse: Left button down, pos=(1643,141)
188.8611 	EXP 	Resetting brush
189.0669 	EXP 	New trial (rep=0, index=1): OrderedDict([('trl', 24), ('stim1', 'stimuli/swan_11s_11.jpg'), ('stim2', 'stimuli/swan_11s_9.jpg'), ('stimulus', 'swan_11s_')])
189.0734 	EXP 	Resetting brush
189.0760 	DATA 	Mouse:  Left button up, pos=(1643,141)
189.0866 	EXP 	image: autoDraw = False
189.0866 	EXP 	brush: autoDraw = False
189.0866 	EXP 	instructions_txt: autoDraw = False
189.0866 	EXP 	times_up_txt: autoDraw = False
189.0866 	EXP 	button_clear: autoDraw = False
189.0866 	EXP 	clear_txt: autoDraw = False
189.0866 	EXP 	button_next: autoDraw = False
189.0866 	EXP 	next_txt: autoDraw = False
189.0866 	EXP 	button_done: autoDraw = False
189.0866 	EXP 	done_txt: autoDraw = False
189.0866 	EXP 	object_txt: autoDraw = False
189.0866 	EXP 	question_textbox: autoDraw = False
189.0866 	EXP 	image: image = 'stimuli/swan_11s_11.jpg'
189.0866 	EXP 	image: autoDraw = True
189.0866 	EXP 	brush: autoDraw = True
189.0866 	EXP 	instructions_txt: autoDraw = True
189.0866 	EXP 	button_clear: autoDraw = True
189.0866 	EXP 	clear_txt: autoDraw = True
189.0866 	EXP 	button_done: autoDraw = True
189.0866 	EXP 	done_txt: autoDraw = True
190.8867 	DATA 	Mouse: Left button down, pos=(570,705)
190.8889 	EXP 	Resetting brush parameter: brushPos.
190.8889 	EXP 	Creating ShapeStim for brush
195.7347 	DATA 	Mouse:  Left button up, pos=(192,489)
198.2856 	DATA 	Mouse: Left button down, pos=(1304,863)
198.2876 	EXP 	Resetting brush parameter: brushPos.
198.2877 	EXP 	Creating ShapeStim for brush
198.3009 	EXP 	instructions_txt: autoDraw = False
198.3009 	EXP 	times_up_txt: autoDraw = True
198.3009 	EXP 	button_next: autoDraw = True
198.3009 	EXP 	next_txt: autoDraw = True
198.3009 	EXP 	button_done: autoDraw = False
198.3009 	EXP 	done_txt: autoDraw = False
198.3009 	EXP 	object_txt: autoDraw = True
198.3009 	EXP 	question_textbox: autoDraw = True
198.3319 	DATA 	Mouse:  Left button up, pos=(1304,863)
199.2234 	DATA 	Keypress: h
199.3315 	DATA 	Keypress: a
199.4691 	DATA 	Keypress: t
201.0758 	DATA 	Mouse: Left button down, pos=(1609,122)
201.0952 	EXP 	Resetting brush
201.2813 	EXP 	New trial (rep=0, index=2): OrderedDict([('trl', 17), ('stim1', 'stimuli/magnifying_glass_01b_9.jpg'), ('stim2', 'stimuli/magnifying_glass_01b_11.jpg'), ('stimulus', 'magnifying_glass_01b_')])
201.2937 	EXP 	Resetting brush
201.2957 	DATA 	Mouse:  Left button up, pos=(1609,122)
201.3084 	EXP 	image: autoDraw = False
201.3084 	EXP 	brush: autoDraw = False
201.3084 	EXP 	instructions_txt: autoDraw = False
201.3084 	EXP 	times_up_txt: autoDraw = False
201.3084 	EXP 	button_clear: autoDraw = False
201.3084 	EXP 	clear_txt: autoDraw = False
201.3084 	EXP 	button_next: autoDraw = False
201.3084 	EXP 	next_txt: autoDraw = False
201.3084 	EXP 	button_done: autoDraw = False
201.3084 	EXP 	done_txt: autoDraw = False
201.3084 	EXP 	object_txt: autoDraw = False
201.3084 	EXP 	question_textbox: autoDraw = False
201.3084 	EXP 	image: image = 'stimuli/magnifying_glass_01b_9.jpg'
201.3084 	EXP 	image: autoDraw = True
201.3084 	EXP 	brush: autoDraw = True
201.3084 	EXP 	instructions_txt: autoDraw = True
201.3084 	EXP 	button_clear: autoDraw = True
201.3084 	EXP 	clear_txt: autoDraw = True
201.3084 	EXP 	button_done: autoDraw = True
201.3084 	EXP 	done_txt: autoDraw = True
203.3344 	DATA 	Mouse: Left button down, pos=(316,201)
203.3345 	EXP 	Resetting brush parameter: brushPos.
203.3346 	EXP 	Creating ShapeStim for brush
208.8240 	DATA 	Mouse:  Left button up, pos=(494,549)
222.5702 	DATA 	Mouse: Left button down, pos=(1216,850)
222.5803 	EXP 	Resetting brush parameter: brushPos.
222.5804 	EXP 	Creating ShapeStim for brush
222.5949 	EXP 	instructions_txt: autoDraw = False
222.5949 	EXP 	times_up_txt: autoDraw = True
222.5949 	EXP 	button_next: autoDraw = True
222.5949 	EXP 	next_txt: autoDraw = True
222.5949 	EXP 	button_done: autoDraw = False
222.5949 	EXP 	done_txt: autoDraw = False
222.5949 	EXP 	object_txt: autoDraw = True
222.5949 	EXP 	question_textbox: autoDraw = True
222.6572 	DATA 	Mouse:  Left button up, pos=(1216,850)
223.2099 	DATA 	Keypress: m
223.3449 	DATA 	Keypress: a
223.9351 	DATA 	Keypress: g
224.0847 	DATA 	Keypress: n
224.2255 	DATA 	Keypress: i
225.4002 	DATA 	Keypress: f
225.7079 	DATA 	Keypress: i
226.0745 	DATA 	Keypress: e
226.2410 	DATA 	Keypress: r
229.3340 	DATA 	Keypress: backspace
229.5238 	DATA 	Keypress: backspace
229.6878 	DATA 	Keypress: backspace
230.5542 	DATA 	Keypress: y
230.8369 	DATA 	Keypress: e
231.0126 	DATA 	Keypress: r
231.3189 	EXP 	brush: autoDraw = False
249.6143 	DATA 	Keypress: backspace
249.7636 	DATA 	Keypress: backspace
250.1374 	DATA 	Keypress: backspace
250.7636 	DATA 	Keypress: i
250.8703 	DATA 	Keypress: e
251.0204 	DATA 	Keypress: r
253.4336 	DATA 	Mouse: Left button down, pos=(1675,134)
253.4833 	EXP 	Resetting brush
253.6855 	EXP 	New trial (rep=0, index=3): OrderedDict([('trl', 27), ('stim1', 'stimuli/headphones_01b_11.jpg'), ('stim2', 'stimuli/headphones_01b_9.jpg'), ('stimulus', 'headphones_01b_')])
253.6970 	EXP 	Resetting brush
253.7005 	DATA 	Mouse:  Left button up, pos=(1674,134)
253.7107 	EXP 	image: autoDraw = False
253.7107 	EXP 	brush: autoDraw = False
253.7107 	EXP 	instructions_txt: autoDraw = False
253.7107 	EXP 	times_up_txt: autoDraw = False
253.7107 	EXP 	button_clear: autoDraw = False
253.7107 	EXP 	clear_txt: autoDraw = False
253.7107 	EXP 	button_next: autoDraw = False
253.7107 	EXP 	next_txt: autoDraw = False
253.7107 	EXP 	button_done: autoDraw = False
253.7107 	EXP 	done_txt: autoDraw = False
253.7107 	EXP 	object_txt: autoDraw = False
253.7107 	EXP 	question_textbox: autoDraw = False
253.7107 	EXP 	image: image = 'stimuli/headphones_01b_11.jpg'
253.7107 	EXP 	image: autoDraw = True
253.7107 	EXP 	brush: autoDraw = True
253.7107 	EXP 	instructions_txt: autoDraw = True
253.7107 	EXP 	button_clear: autoDraw = True
253.7107 	EXP 	clear_txt: autoDraw = True
253.7107 	EXP 	button_done: autoDraw = True
253.7107 	EXP 	done_txt: autoDraw = True
257.4038 	DATA 	Mouse: Left button down, pos=(363,552)
257.4053 	EXP 	Resetting brush parameter: brushPos.
257.4054 	EXP 	Creating ShapeStim for brush
260.7727 	DATA 	Mouse:  Left button up, pos=(321,580)
263.0687 	DATA 	Mouse: Left button down, pos=(311,680)
263.0688 	EXP 	Resetting brush parameter: brushPos.
263.0688 	EXP 	Creating ShapeStim for brush
264.5513 	DATA 	Mouse:  Left button up, pos=(579,807)
266.9296 	DATA 	Mouse: Left button down, pos=(1226,855)
266.9318 	EXP 	Resetting brush parameter: brushPos.
266.9319 	EXP 	Creating ShapeStim for brush
266.9470 	EXP 	instructions_txt: autoDraw = False
266.9470 	EXP 	times_up_txt: autoDraw = True
266.9470 	EXP 	button_next: autoDraw = True
266.9470 	EXP 	next_txt: autoDraw = True
266.9470 	EXP 	button_done: autoDraw = False
266.9470 	EXP 	done_txt: autoDraw = False
266.9470 	EXP 	object_txt: autoDraw = True
266.9470 	EXP 	question_textbox: autoDraw = True
267.0613 	DATA 	Mouse:  Left button up, pos=(1226,855)
269.6900 	DATA 	Keypress: f
269.8308 	DATA 	Keypress: a
269.9601 	DATA 	Keypress: c
270.0710 	DATA 	Keypress: e
271.5528 	DATA 	Mouse: Left button down, pos=(1658,125)
271.5747 	EXP 	Resetting brush
271.7768 	EXP 	New trial (rep=0, index=4): OrderedDict([('trl', 8), ('stim1', 'stimuli/recliner_10s_9.jpg'), ('stim2', 'stimuli/recliner_10s_11.jpg'), ('stimulus', 'recliner_10s_')])
271.7831 	EXP 	Resetting brush
271.7850 	DATA 	Mouse:  Left button up, pos=(1658,125)
271.7949 	EXP 	image: autoDraw = False
271.7949 	EXP 	brush: autoDraw = False
271.7949 	EXP 	instructions_txt: autoDraw = False
271.7949 	EXP 	times_up_txt: autoDraw = False
271.7949 	EXP 	button_clear: autoDraw = False
271.7949 	EXP 	clear_txt: autoDraw = False
271.7949 	EXP 	button_next: autoDraw = False
271.7949 	EXP 	next_txt: autoDraw = False
271.7949 	EXP 	button_done: autoDraw = False
271.7949 	EXP 	done_txt: autoDraw = False
271.7949 	EXP 	object_txt: autoDraw = False
271.7949 	EXP 	question_textbox: autoDraw = False
271.7949 	EXP 	image: image = 'stimuli/recliner_10s_9.jpg'
271.7949 	EXP 	image: autoDraw = True
271.7949 	EXP 	brush: autoDraw = True
271.7949 	EXP 	instructions_txt: autoDraw = True
271.7949 	EXP 	button_clear: autoDraw = True
271.7949 	EXP 	clear_txt: autoDraw = True
271.7949 	EXP 	button_done: autoDraw = True
271.7949 	EXP 	done_txt: autoDraw = True
273.7371 	DATA 	Mouse: Left button down, pos=(285,755)
273.7390 	EXP 	Resetting brush parameter: brushPos.
273.7390 	EXP 	Creating ShapeStim for brush
281.8167 	DATA 	Mouse:  Left button up, pos=(438,540)
283.1192 	DATA 	Mouse: Left button down, pos=(1259,875)
283.1288 	EXP 	Resetting brush parameter: brushPos.
283.1289 	EXP 	Creating ShapeStim for brush
283.1429 	EXP 	instructions_txt: autoDraw = False
283.1429 	EXP 	times_up_txt: autoDraw = True
283.1429 	EXP 	button_next: autoDraw = True
283.1429 	EXP 	next_txt: autoDraw = True
283.1429 	EXP 	button_done: autoDraw = False
283.1429 	EXP 	done_txt: autoDraw = False
283.1429 	EXP 	object_txt: autoDraw = True
283.1429 	EXP 	question_textbox: autoDraw = True
283.2116 	DATA 	Mouse:  Left button up, pos=(1259,875)
284.1926 	DATA 	Keypress: a
284.6276 	DATA 	Keypress: r
284.7428 	DATA 	Keypress: m
285.1756 	DATA 	Keypress: c
285.5843 	DATA 	Keypress: h
285.6848 	DATA 	Keypress: a
286.1748 	DATA 	Keypress: i
286.3748 	DATA 	Keypress: r
287.9741 	DATA 	Mouse: Left button down, pos=(1588,152)
287.9917 	EXP 	Resetting brush
288.1887 	EXP 	New trial (rep=0, index=5): OrderedDict([('trl', 1), ('stim1', 'stimuli/dolphin_14s_9.jpg'), ('stim2', 'stimuli/dolphin_14s_11.jpg'), ('stimulus', 'dolphin_14s_')])
288.2001 	EXP 	Resetting brush
288.2028 	DATA 	Mouse:  Left button up, pos=(1588,152)
288.2137 	EXP 	image: autoDraw = False
288.2137 	EXP 	brush: autoDraw = False
288.2137 	EXP 	instructions_txt: autoDraw = False
288.2137 	EXP 	times_up_txt: autoDraw = False
288.2137 	EXP 	button_clear: autoDraw = False
288.2137 	EXP 	clear_txt: autoDraw = False
288.2137 	EXP 	button_next: autoDraw = False
288.2137 	EXP 	next_txt: autoDraw = False
288.2137 	EXP 	button_done: autoDraw = False
288.2137 	EXP 	done_txt: autoDraw = False
288.2137 	EXP 	object_txt: autoDraw = False
288.2137 	EXP 	question_textbox: autoDraw = False
288.2137 	EXP 	image: image = 'stimuli/dolphin_14s_9.jpg'
288.2137 	EXP 	image: autoDraw = True
288.2137 	EXP 	brush: autoDraw = True
288.2137 	EXP 	instructions_txt: autoDraw = True
288.2137 	EXP 	button_clear: autoDraw = True
288.2137 	EXP 	clear_txt: autoDraw = True
288.2137 	EXP 	button_done: autoDraw = True
288.2137 	EXP 	done_txt: autoDraw = True
291.3245 	DATA 	Mouse: Left button down, pos=(183,746)
291.3245 	EXP 	Resetting brush parameter: brushPos.
291.3246 	EXP 	Creating ShapeStim for brush
292.1991 	DATA 	Mouse:  Left button up, pos=(244,633)
292.6165 	DATA 	Mouse: Left button down, pos=(201,758)
292.6250 	EXP 	Resetting brush parameter: brushPos.
292.6250 	EXP 	Creating ShapeStim for brush
293.9537 	DATA 	Mouse:  Left button up, pos=(704,754)
294.6105 	DATA 	Mouse: Left button down, pos=(247,590)
294.6198 	EXP 	Resetting brush parameter: brushPos.
294.6198 	EXP 	Creating ShapeStim for brush
296.7002 	DATA 	Mouse:  Left button up, pos=(648,606)
297.9236 	DATA 	Mouse: Left button down, pos=(1254,867)
297.9254 	EXP 	Resetting brush parameter: brushPos.
297.9255 	EXP 	Creating ShapeStim for brush
297.9384 	EXP 	instructions_txt: autoDraw = False
297.9384 	EXP 	times_up_txt: autoDraw = True
297.9384 	EXP 	button_next: autoDraw = True
297.9384 	EXP 	next_txt: autoDraw = True
297.9384 	EXP 	button_done: autoDraw = False
297.9384 	EXP 	done_txt: autoDraw = False
297.9384 	EXP 	object_txt: autoDraw = True
297.9384 	EXP 	question_textbox: autoDraw = True
298.0129 	DATA 	Mouse:  Left button up, pos=(1254,867)
298.9733 	DATA 	Keypress: h
299.0974 	DATA 	Keypress: a
299.2476 	DATA 	Keypress: i
299.5004 	DATA 	Keypress: r
300.2063 	DATA 	Keypress: d
301.3977 	DATA 	Keypress: r
302.2905 	DATA 	Keypress: i
302.3730 	DATA 	Keypress: e
302.5446 	DATA 	Keypress: r
303.0881 	DATA 	Keypress: backspace
303.2795 	DATA 	Keypress: backspace
303.9859 	DATA 	Keypress: backspace
304.7116 	DATA 	Keypress: y
304.8094 	DATA 	Keypress: e
305.0023 	DATA 	Keypress: r
307.6526 	DATA 	Mouse: Left button down, pos=(1621,132)
307.6765 	EXP 	Resetting brush
307.8719 	EXP 	New trial (rep=0, index=6): OrderedDict([('trl', 37), ('stim1', 'stimuli/coffee_04s_11.jpg'), ('stim2', 'stimuli/coffee_04s_9.jpg'), ('stimulus', 'coffee_04s_')])
307.8812 	EXP 	Resetting brush
307.8840 	DATA 	Mouse:  Left button up, pos=(1621,132)
307.8947 	EXP 	image: autoDraw = False
307.8947 	EXP 	brush: autoDraw = False
307.8947 	EXP 	instructions_txt: autoDraw = False
307.8947 	EXP 	times_up_txt: autoDraw = False
307.8947 	EXP 	button_clear: autoDraw = False
307.8947 	EXP 	clear_txt: autoDraw = False
307.8947 	EXP 	button_next: autoDraw = False
307.8947 	EXP 	next_txt: autoDraw = False
307.8947 	EXP 	button_done: autoDraw = False
307.8947 	EXP 	done_txt: autoDraw = False
307.8947 	EXP 	object_txt: autoDraw = False
307.8947 	EXP 	question_textbox: autoDraw = False
307.8947 	EXP 	image: image = 'stimuli/coffee_04s_11.jpg'
307.8947 	EXP 	image: autoDraw = True
307.8947 	EXP 	brush: autoDraw = True
307.8947 	EXP 	instructions_txt: autoDraw = True
307.8947 	EXP 	button_clear: autoDraw = True
307.8947 	EXP 	clear_txt: autoDraw = True
307.8947 	EXP 	button_done: autoDraw = True
307.8947 	EXP 	done_txt: autoDraw = True
309.6790 	DATA 	Mouse: Left button down, pos=(659,746)
309.6812 	EXP 	Resetting brush parameter: brushPos.
309.6813 	EXP 	Creating ShapeStim for brush
311.9141 	DATA 	Mouse:  Left button up, pos=(640,762)
313.2715 	DATA 	Mouse: Left button down, pos=(680,722)
313.2742 	EXP 	Resetting brush parameter: brushPos.
313.2742 	EXP 	Creating ShapeStim for brush
316.8200 	DATA 	Mouse:  Left button up, pos=(293,677)
317.9889 	DATA 	Mouse: Left button down, pos=(1242,862)
317.9912 	EXP 	Resetting brush parameter: brushPos.
317.9913 	EXP 	Creating ShapeStim for brush
318.0058 	EXP 	instructions_txt: autoDraw = False
318.0058 	EXP 	times_up_txt: autoDraw = True
318.0058 	EXP 	button_next: autoDraw = True
318.0058 	EXP 	next_txt: autoDraw = True
318.0058 	EXP 	button_done: autoDraw = False
318.0058 	EXP 	done_txt: autoDraw = False
318.0058 	EXP 	object_txt: autoDraw = True
318.0058 	EXP 	question_textbox: autoDraw = True
318.0789 	DATA 	Mouse:  Left button up, pos=(1242,862)
319.4914 	DATA 	Keypress: c
319.5806 	DATA 	Keypress: u
319.9824 	DATA 	Keypress: p
321.3837 	DATA 	Mouse: Left button down, pos=(1654,134)
321.3968 	EXP 	Resetting brush
321.5889 	EXP 	New trial (rep=0, index=7): OrderedDict([('trl', 22), ('stim1', 'stimuli/stiletto_10s_11.jpg'), ('stim2', 'stimuli/stiletto_10s_9.jpg'), ('stimulus', 'stiletto_10s_')])
321.6022 	EXP 	Resetting brush
321.6041 	DATA 	Mouse:  Left button up, pos=(1654,134)
321.6147 	EXP 	image: autoDraw = False
321.6147 	EXP 	brush: autoDraw = False
321.6147 	EXP 	instructions_txt: autoDraw = False
321.6147 	EXP 	times_up_txt: autoDraw = False
321.6147 	EXP 	button_clear: autoDraw = False
321.6147 	EXP 	clear_txt: autoDraw = False
321.6147 	EXP 	button_next: autoDraw = False
321.6147 	EXP 	next_txt: autoDraw = False
321.6147 	EXP 	button_done: autoDraw = False
321.6147 	EXP 	done_txt: autoDraw = False
321.6147 	EXP 	object_txt: autoDraw = False
321.6147 	EXP 	question_textbox: autoDraw = False
321.6147 	EXP 	image: image = 'stimuli/stiletto_10s_11.jpg'
321.6147 	EXP 	image: autoDraw = True
321.6147 	EXP 	brush: autoDraw = True
321.6147 	EXP 	instructions_txt: autoDraw = True
321.6147 	EXP 	button_clear: autoDraw = True
321.6147 	EXP 	clear_txt: autoDraw = True
321.6147 	EXP 	button_done: autoDraw = True
321.6147 	EXP 	done_txt: autoDraw = True
325.4971 	DATA 	Mouse: Left button down, pos=(465,235)
325.4986 	EXP 	Resetting brush parameter: brushPos.
325.4986 	EXP 	Creating ShapeStim for brush
332.3461 	DATA 	Mouse:  Left button up, pos=(565,578)
333.5864 	DATA 	Mouse: Left button down, pos=(1205,853)
333.5883 	EXP 	Resetting brush parameter: brushPos.
333.5884 	EXP 	Creating ShapeStim for brush
333.6053 	EXP 	instructions_txt: autoDraw = False
333.6053 	EXP 	times_up_txt: autoDraw = True
333.6053 	EXP 	button_next: autoDraw = True
333.6053 	EXP 	next_txt: autoDraw = True
333.6053 	EXP 	button_done: autoDraw = False
333.6053 	EXP 	done_txt: autoDraw = False
333.6053 	EXP 	object_txt: autoDraw = True
333.6053 	EXP 	question_textbox: autoDraw = True
333.7484 	DATA 	Mouse:  Left button up, pos=(1205,853)
336.1025 	DATA 	Keypress: h
336.2505 	DATA 	Keypress: a
336.3432 	DATA 	Keypress: i
337.6414 	DATA 	Keypress: backspace
337.8253 	DATA 	Keypress: backspace
337.9744 	DATA 	Keypress: backspace
338.1502 	DATA 	Keypress: backspace
339.5474 	DATA 	Keypress: h
340.2000 	DATA 	Keypress: e
340.3559 	DATA 	Keypress: e
340.7714 	DATA 	Keypress: l
341.0638 	DATA 	Keypress: s
343.5217 	DATA 	Mouse: Left button down, pos=(1623,133)
343.5531 	EXP 	Resetting brush
343.7992 	EXP 	New trial (rep=0, index=8): OrderedDict([('trl', 4), ('stim1', 'stimuli/penguin_12s_9.jpg'), ('stim2', 'stimuli/penguin_12s_11.jpg'), ('stimulus', 'penguin_12s_')])
343.8065 	EXP 	Resetting brush
343.8109 	DATA 	Mouse:  Left button up, pos=(1624,133)
343.8208 	EXP 	image: autoDraw = False
343.8208 	EXP 	brush: autoDraw = False
343.8208 	EXP 	instructions_txt: autoDraw = False
343.8208 	EXP 	times_up_txt: autoDraw = False
343.8208 	EXP 	button_clear: autoDraw = False
343.8208 	EXP 	clear_txt: autoDraw = False
343.8208 	EXP 	button_next: autoDraw = False
343.8208 	EXP 	next_txt: autoDraw = False
343.8208 	EXP 	button_done: autoDraw = False
343.8208 	EXP 	done_txt: autoDraw = False
343.8208 	EXP 	object_txt: autoDraw = False
343.8208 	EXP 	question_textbox: autoDraw = False
343.8208 	EXP 	image: image = 'stimuli/penguin_12s_9.jpg'
343.8208 	EXP 	image: autoDraw = True
343.8208 	EXP 	brush: autoDraw = True
343.8208 	EXP 	instructions_txt: autoDraw = True
343.8208 	EXP 	button_clear: autoDraw = True
343.8208 	EXP 	clear_txt: autoDraw = True
343.8208 	EXP 	button_done: autoDraw = True
343.8208 	EXP 	done_txt: autoDraw = True
346.9503 	DATA 	Mouse: Left button down, pos=(452,842)
346.9603 	EXP 	Resetting brush parameter: brushPos.
346.9603 	EXP 	Creating ShapeStim for brush
353.4805 	DATA 	Mouse:  Left button up, pos=(474,842)
353.9611 	DATA 	Mouse: Left button down, pos=(521,858)
353.9639 	EXP 	Resetting brush parameter: brushPos.
353.9640 	EXP 	Creating ShapeStim for brush
354.6206 	DATA 	Mouse:  Left button up, pos=(696,409)
373.8186 	EXP 	instructions_txt: autoDraw = False
373.8186 	EXP 	times_up_txt: autoDraw = True
373.8186 	EXP 	button_next: autoDraw = True
373.8186 	EXP 	next_txt: autoDraw = True
373.8186 	EXP 	button_done: autoDraw = False
373.8186 	EXP 	done_txt: autoDraw = False
373.8186 	EXP 	object_txt: autoDraw = True
373.8186 	EXP 	question_textbox: autoDraw = True
373.8356 	EXP 	brush: autoDraw = False
388.2329 	DATA 	Keypress: i
388.3320 	DATA 	Keypress: r
388.4328 	DATA 	Keypress: o
388.5987 	DATA 	Keypress: n
390.4183 	DATA 	Mouse: Left button down, pos=(1617,127)
390.4652 	EXP 	Resetting brush
390.6536 	EXP 	New trial (rep=0, index=9): OrderedDict([('trl', 36), ('stim1', 'stimuli/toilet_paper_02s_11.jpg'), ('stim2', 'stimuli/toilet_paper_02s_9.jpg'), ('stimulus', 'toilet_paper_02s_')])
390.6598 	EXP 	Resetting brush
390.6619 	DATA 	Mouse:  Left button up, pos=(1617,127)
390.6736 	EXP 	image: autoDraw = False
390.6736 	EXP 	brush: autoDraw = False
390.6736 	EXP 	instructions_txt: autoDraw = False
390.6736 	EXP 	times_up_txt: autoDraw = False
390.6736 	EXP 	button_clear: autoDraw = False
390.6736 	EXP 	clear_txt: autoDraw = False
390.6736 	EXP 	button_next: autoDraw = False
390.6736 	EXP 	next_txt: autoDraw = False
390.6736 	EXP 	button_done: autoDraw = False
390.6736 	EXP 	done_txt: autoDraw = False
390.6736 	EXP 	object_txt: autoDraw = False
390.6736 	EXP 	question_textbox: autoDraw = False
390.6736 	EXP 	image: image = 'stimuli/toilet_paper_02s_11.jpg'
390.6736 	EXP 	image: autoDraw = True
390.6736 	EXP 	brush: autoDraw = True
390.6736 	EXP 	instructions_txt: autoDraw = True
390.6736 	EXP 	button_clear: autoDraw = True
390.6736 	EXP 	clear_txt: autoDraw = True
390.6736 	EXP 	button_done: autoDraw = True
390.6736 	EXP 	done_txt: autoDraw = True
393.6406 	DATA 	Mouse: Left button down, pos=(384,342)
393.6481 	EXP 	Resetting brush parameter: brushPos.
393.6482 	EXP 	Creating ShapeStim for brush
397.6037 	DATA 	Mouse:  Left button up, pos=(603,694)
400.3742 	DATA 	Mouse: Left button down, pos=(1240,860)
400.3823 	EXP 	Resetting brush parameter: brushPos.
400.3824 	EXP 	Creating ShapeStim for brush
400.3992 	EXP 	instructions_txt: autoDraw = False
400.3992 	EXP 	times_up_txt: autoDraw = True
400.3992 	EXP 	button_next: autoDraw = True
400.3992 	EXP 	next_txt: autoDraw = True
400.3992 	EXP 	button_done: autoDraw = False
400.3992 	EXP 	done_txt: autoDraw = False
400.3992 	EXP 	object_txt: autoDraw = True
400.3992 	EXP 	question_textbox: autoDraw = True
400.4656 	DATA 	Mouse:  Left button up, pos=(1236,857)
401.7586 	DATA 	Mouse: Left button down, pos=(1666,120)
401.7765 	EXP 	Resetting brush
401.9648 	EXP 	New trial (rep=0, index=10): OrderedDict([('trl', 9), ('stim1', 'stimuli/racehorse_07s_9.jpg'), ('stim2', 'stimuli/racehorse_07s_11.jpg'), ('stimulus', 'racehorse_07s_')])
401.9762 	EXP 	Resetting brush
401.9798 	DATA 	Mouse:  Left button up, pos=(1666,120)
401.9898 	EXP 	image: autoDraw = False
401.9898 	EXP 	brush: autoDraw = False
401.9898 	EXP 	instructions_txt: autoDraw = False
401.9898 	EXP 	times_up_txt: autoDraw = False
401.9898 	EXP 	button_clear: autoDraw = False
401.9898 	EXP 	clear_txt: autoDraw = False
401.9898 	EXP 	button_next: autoDraw = False
401.9898 	EXP 	next_txt: autoDraw = False
401.9898 	EXP 	button_done: autoDraw = False
401.9898 	EXP 	done_txt: autoDraw = False
401.9898 	EXP 	object_txt: autoDraw = False
401.9898 	EXP 	question_textbox: autoDraw = False
401.9898 	EXP 	image: image = 'stimuli/racehorse_07s_9.jpg'
401.9898 	EXP 	image: autoDraw = True
401.9898 	EXP 	brush: autoDraw = True
401.9898 	EXP 	instructions_txt: autoDraw = True
401.9898 	EXP 	button_clear: autoDraw = True
401.9898 	EXP 	clear_txt: autoDraw = True
401.9898 	EXP 	button_done: autoDraw = True
401.9898 	EXP 	done_txt: autoDraw = True
406.3683 	DATA 	Mouse: Left button down, pos=(307,794)
406.3776 	EXP 	Resetting brush parameter: brushPos.
406.3776 	EXP 	Creating ShapeStim for brush
409.5269 	DATA 	Mouse:  Left button up, pos=(874,523)
410.5577 	DATA 	Mouse: Left button down, pos=(325,797)
410.5597 	EXP 	Resetting brush parameter: brushPos.
410.5597 	EXP 	Creating ShapeStim for brush
412.4822 	DATA 	Mouse:  Left button up, pos=(371,557)
413.3749 	DATA 	Mouse: Left button down, pos=(1222,851)
413.3772 	EXP 	Resetting brush parameter: brushPos.
413.3772 	EXP 	Creating ShapeStim for brush
413.3919 	EXP 	instructions_txt: autoDraw = False
413.3919 	EXP 	times_up_txt: autoDraw = True
413.3919 	EXP 	button_next: autoDraw = True
413.3919 	EXP 	next_txt: autoDraw = True
413.3919 	EXP 	button_done: autoDraw = False
413.3919 	EXP 	done_txt: autoDraw = False
413.3919 	EXP 	object_txt: autoDraw = True
413.3919 	EXP 	question_textbox: autoDraw = True
413.4654 	DATA 	Mouse:  Left button up, pos=(1222,851)
416.6337 	DATA 	Keypress: h
416.8617 	DATA 	Keypress: o
417.0608 	DATA 	Keypress: r
417.4099 	DATA 	Keypress: s
417.6352 	DATA 	Keypress: e
419.2966 	DATA 	Mouse: Left button down, pos=(1625,148)
419.3212 	EXP 	Resetting brush
419.5229 	EXP 	New trial (rep=0, index=11): OrderedDict([('trl', 16), ('stim1', 'stimuli/hammer_07s_9.jpg'), ('stim2', 'stimuli/hammer_07s_11.jpg'), ('stimulus', 'hammer_07s_')])
419.5337 	EXP 	Resetting brush
419.5359 	DATA 	Mouse:  Left button up, pos=(1625,148)
419.5465 	EXP 	image: autoDraw = False
419.5465 	EXP 	brush: autoDraw = False
419.5465 	EXP 	instructions_txt: autoDraw = False
419.5465 	EXP 	times_up_txt: autoDraw = False
419.5465 	EXP 	button_clear: autoDraw = False
419.5465 	EXP 	clear_txt: autoDraw = False
419.5465 	EXP 	button_next: autoDraw = False
419.5465 	EXP 	next_txt: autoDraw = False
419.5465 	EXP 	button_done: autoDraw = False
419.5465 	EXP 	done_txt: autoDraw = False
419.5465 	EXP 	object_txt: autoDraw = False
419.5465 	EXP 	question_textbox: autoDraw = False
419.5465 	EXP 	image: image = 'stimuli/hammer_07s_9.jpg'
419.5465 	EXP 	image: autoDraw = True
419.5465 	EXP 	brush: autoDraw = True
419.5465 	EXP 	instructions_txt: autoDraw = True
419.5465 	EXP 	button_clear: autoDraw = True
419.5465 	EXP 	clear_txt: autoDraw = True
419.5465 	EXP 	button_done: autoDraw = True
419.5465 	EXP 	done_txt: autoDraw = True
421.6405 	DATA 	Mouse: Left button down, pos=(178,352)
421.6490 	EXP 	Resetting brush parameter: brushPos.
421.6490 	EXP 	Creating ShapeStim for brush
427.2258 	DATA 	Mouse:  Left button up, pos=(668,563)
428.2414 	DATA 	Mouse: Left button down, pos=(1236,848)
428.2435 	EXP 	Resetting brush parameter: brushPos.
428.2435 	EXP 	Creating ShapeStim for brush
428.2583 	EXP 	instructions_txt: autoDraw = False
428.2583 	EXP 	times_up_txt: autoDraw = True
428.2583 	EXP 	button_next: autoDraw = True
428.2583 	EXP 	next_txt: autoDraw = True
428.2583 	EXP 	button_done: autoDraw = False
428.2583 	EXP 	done_txt: autoDraw = False
428.2583 	EXP 	object_txt: autoDraw = True
428.2583 	EXP 	question_textbox: autoDraw = True
428.3367 	DATA 	Mouse:  Left button up, pos=(1236,848)
430.9389 	DATA 	Keypress: h
431.0974 	DATA 	Keypress: a
431.3975 	DATA 	Keypress: m
431.5304 	DATA 	Keypress: m
431.5981 	DATA 	Keypress: e
431.7708 	DATA 	Keypress: r
433.5923 	DATA 	Mouse: Left button down, pos=(1648,129)
433.6073 	EXP 	Resetting brush
433.7986 	EXP 	New trial (rep=0, index=12): OrderedDict([('trl', 23), ('stim1', 'stimuli/teapot_06s_11.jpg'), ('stim2', 'stimuli/teapot_06s_9.jpg'), ('stimulus', 'teapot_06s_')])
433.8119 	EXP 	Resetting brush
433.8149 	DATA 	Mouse:  Left button up, pos=(1648,129)
433.8278 	EXP 	image: autoDraw = False
433.8278 	EXP 	brush: autoDraw = False
433.8278 	EXP 	instructions_txt: autoDraw = False
433.8278 	EXP 	times_up_txt: autoDraw = False
433.8278 	EXP 	button_clear: autoDraw = False
433.8278 	EXP 	clear_txt: autoDraw = False
433.8278 	EXP 	button_next: autoDraw = False
433.8278 	EXP 	next_txt: autoDraw = False
433.8278 	EXP 	button_done: autoDraw = False
433.8278 	EXP 	done_txt: autoDraw = False
433.8278 	EXP 	object_txt: autoDraw = False
433.8278 	EXP 	question_textbox: autoDraw = False
433.8278 	EXP 	image: image = 'stimuli/teapot_06s_11.jpg'
433.8278 	EXP 	image: autoDraw = True
433.8278 	EXP 	brush: autoDraw = True
433.8278 	EXP 	instructions_txt: autoDraw = True
433.8278 	EXP 	button_clear: autoDraw = True
433.8278 	EXP 	clear_txt: autoDraw = True
433.8278 	EXP 	button_done: autoDraw = True
433.8278 	EXP 	done_txt: autoDraw = True
440.2318 	DATA 	Mouse: Left button down, pos=(339,672)
440.2344 	EXP 	Resetting brush parameter: brushPos.
440.2344 	EXP 	Creating ShapeStim for brush
441.2560 	DATA 	Mouse:  Left button up, pos=(696,577)
442.7716 	DATA 	Mouse: Left button down, pos=(714,579)
442.7737 	EXP 	Resetting brush parameter: brushPos.
442.7738 	EXP 	Creating ShapeStim for brush
443.1217 	DATA 	Mouse:  Left button up, pos=(723,585)
444.1646 	DATA 	Mouse: Left button down, pos=(325,382)
444.1671 	EXP 	Resetting brush parameter: brushPos.
444.1672 	EXP 	Creating ShapeStim for brush
445.5789 	DATA 	Mouse:  Left button up, pos=(702,586)
446.8112 	DATA 	Mouse: Left button down, pos=(1246,860)
446.8135 	EXP 	Resetting brush parameter: brushPos.
446.8135 	EXP 	Creating ShapeStim for brush
446.8276 	EXP 	instructions_txt: autoDraw = False
446.8276 	EXP 	times_up_txt: autoDraw = True
446.8276 	EXP 	button_next: autoDraw = True
446.8276 	EXP 	next_txt: autoDraw = True
446.8276 	EXP 	button_done: autoDraw = False
446.8276 	EXP 	done_txt: autoDraw = False
446.8276 	EXP 	object_txt: autoDraw = True
446.8276 	EXP 	question_textbox: autoDraw = True
446.9187 	DATA 	Mouse:  Left button up, pos=(1246,860)
456.7676 	DATA 	Keypress: p
456.9321 	DATA 	Keypress: o
457.1102 	DATA 	Keypress: t
458.9937 	DATA 	Mouse: Left button down, pos=(1667,128)
459.0251 	EXP 	Resetting brush
459.2176 	EXP 	New trial (rep=0, index=13): OrderedDict([('trl', 34), ('stim1', 'stimuli/wine_17s_11.jpg'), ('stim2', 'stimuli/wine_17s_9.jpg'), ('stimulus', 'wine_17s_')])
459.2242 	EXP 	Resetting brush
459.2265 	DATA 	Mouse:  Left button up, pos=(1667,128)
459.2271 	DATA 	Mouse: Left button down, pos=(1667,128)
459.2294 	EXP 	Resetting brush parameter: brushPos.
459.2295 	EXP 	Creating ShapeStim for brush
459.2384 	EXP 	image: autoDraw = False
459.2384 	EXP 	brush: autoDraw = False
459.2384 	EXP 	instructions_txt: autoDraw = False
459.2384 	EXP 	times_up_txt: autoDraw = False
459.2384 	EXP 	button_clear: autoDraw = False
459.2384 	EXP 	clear_txt: autoDraw = False
459.2384 	EXP 	button_next: autoDraw = False
459.2384 	EXP 	next_txt: autoDraw = False
459.2384 	EXP 	button_done: autoDraw = False
459.2384 	EXP 	done_txt: autoDraw = False
459.2384 	EXP 	object_txt: autoDraw = False
459.2384 	EXP 	question_textbox: autoDraw = False
459.2384 	EXP 	image: image = 'stimuli/wine_17s_11.jpg'
459.2384 	EXP 	image: autoDraw = True
459.2384 	EXP 	brush: autoDraw = True
459.2384 	EXP 	instructions_txt: autoDraw = True
459.2384 	EXP 	button_clear: autoDraw = True
459.2384 	EXP 	clear_txt: autoDraw = True
459.2384 	EXP 	button_done: autoDraw = True
459.2384 	EXP 	done_txt: autoDraw = True
459.3327 	DATA 	Mouse:  Left button up, pos=(1667,128)
464.3790 	DATA 	Mouse: Left button down, pos=(326,847)
464.3816 	EXP 	Resetting brush parameter: brushPos.
464.3816 	EXP 	Creating ShapeStim for brush
467.5300 	DATA 	Mouse:  Left button up, pos=(850,482)
468.6466 	DATA 	Mouse: Left button down, pos=(1305,876)
468.6490 	EXP 	Resetting brush parameter: brushPos.
468.6491 	EXP 	Creating ShapeStim for brush
468.6631 	EXP 	instructions_txt: autoDraw = False
468.6631 	EXP 	times_up_txt: autoDraw = True
468.6631 	EXP 	button_next: autoDraw = True
468.6631 	EXP 	next_txt: autoDraw = True
468.6631 	EXP 	button_done: autoDraw = False
468.6631 	EXP 	done_txt: autoDraw = False
468.6631 	EXP 	object_txt: autoDraw = True
468.6631 	EXP 	question_textbox: autoDraw = True
468.7537 	DATA 	Mouse:  Left button up, pos=(1305,876)
469.8846 	DATA 	Mouse: Left button down, pos=(1651,125)
469.9023 	EXP 	Resetting brush
470.0987 	EXP 	New trial (rep=0, index=14): OrderedDict([('trl', 29), ('stim1', 'stimuli/bird_18s_11.jpg'), ('stim2', 'stimuli/bird_18s_9.jpg'), ('stimulus', 'bird_18s_')])
470.1054 	EXP 	Resetting brush
470.1083 	DATA 	Mouse:  Left button up, pos=(1651,125)
470.1200 	EXP 	image: autoDraw = False
470.1200 	EXP 	brush: autoDraw = False
470.1200 	EXP 	instructions_txt: autoDraw = False
470.1200 	EXP 	times_up_txt: autoDraw = False
470.1200 	EXP 	button_clear: autoDraw = False
470.1200 	EXP 	clear_txt: autoDraw = False
470.1200 	EXP 	button_next: autoDraw = False
470.1200 	EXP 	next_txt: autoDraw = False
470.1200 	EXP 	button_done: autoDraw = False
470.1200 	EXP 	done_txt: autoDraw = False
470.1200 	EXP 	object_txt: autoDraw = False
470.1200 	EXP 	question_textbox: autoDraw = False
470.1200 	EXP 	image: image = 'stimuli/bird_18s_11.jpg'
470.1200 	EXP 	image: autoDraw = True
470.1200 	EXP 	brush: autoDraw = True
470.1200 	EXP 	instructions_txt: autoDraw = True
470.1200 	EXP 	button_clear: autoDraw = True
470.1200 	EXP 	clear_txt: autoDraw = True
470.1200 	EXP 	button_done: autoDraw = True
470.1200 	EXP 	done_txt: autoDraw = True
472.5829 	DATA 	Mouse: Left button down, pos=(440,677)
472.5897 	EXP 	Resetting brush parameter: brushPos.
472.5898 	EXP 	Creating ShapeStim for brush
474.3635 	DATA 	Mouse:  Left button up, pos=(858,283)
476.4366 	DATA 	Mouse: Left button down, pos=(443,831)
476.4387 	EXP 	Resetting brush parameter: brushPos.
476.4387 	EXP 	Creating ShapeStim for brush
477.8019 	DATA 	Mouse:  Left button up, pos=(851,303)
480.1521 	DATA 	Mouse: Left button down, pos=(435,669)
480.1540 	EXP 	Resetting brush parameter: brushPos.
480.1540 	EXP 	Creating ShapeStim for brush
481.4076 	DATA 	Mouse:  Left button up, pos=(430,792)
482.6570 	DATA 	Mouse: Left button down, pos=(1218,857)
482.6646 	EXP 	Resetting brush parameter: brushPos.
482.6647 	EXP 	Creating ShapeStim for brush
482.6790 	EXP 	instructions_txt: autoDraw = False
482.6790 	EXP 	times_up_txt: autoDraw = True
482.6790 	EXP 	button_next: autoDraw = True
482.6790 	EXP 	next_txt: autoDraw = True
482.6790 	EXP 	button_done: autoDraw = False
482.6790 	EXP 	done_txt: autoDraw = False
482.6790 	EXP 	object_txt: autoDraw = True
482.6790 	EXP 	question_textbox: autoDraw = True
482.7770 	DATA 	Mouse:  Left button up, pos=(1218,857)
484.0397 	DATA 	Keypress: b
484.4956 	DATA 	Keypress: i
484.6285 	DATA 	Keypress: r
484.8527 	DATA 	Keypress: d
486.5562 	DATA 	Mouse: Left button down, pos=(1638,156)
486.5733 	EXP 	Resetting brush
486.7537 	EXP 	New trial (rep=0, index=15): OrderedDict([('trl', 14), ('stim1', 'stimuli/cello_01s_9.jpg'), ('stim2', 'stimuli/cello_01s_11.jpg'), ('stimulus', 'cello_01s_')])
486.7651 	EXP 	Resetting brush
486.7675 	DATA 	Mouse:  Left button up, pos=(1638,156)
486.7778 	EXP 	image: autoDraw = False
486.7778 	EXP 	brush: autoDraw = False
486.7778 	EXP 	instructions_txt: autoDraw = False
486.7778 	EXP 	times_up_txt: autoDraw = False
486.7778 	EXP 	button_clear: autoDraw = False
486.7778 	EXP 	clear_txt: autoDraw = False
486.7778 	EXP 	button_next: autoDraw = False
486.7778 	EXP 	next_txt: autoDraw = False
486.7778 	EXP 	button_done: autoDraw = False
486.7778 	EXP 	done_txt: autoDraw = False
486.7778 	EXP 	object_txt: autoDraw = False
486.7778 	EXP 	question_textbox: autoDraw = False
486.7778 	EXP 	image: image = 'stimuli/cello_01s_9.jpg'
486.7778 	EXP 	image: autoDraw = True
486.7778 	EXP 	brush: autoDraw = True
486.7778 	EXP 	instructions_txt: autoDraw = True
486.7778 	EXP 	button_clear: autoDraw = True
486.7778 	EXP 	clear_txt: autoDraw = True
486.7778 	EXP 	button_done: autoDraw = True
486.7778 	EXP 	done_txt: autoDraw = True
489.9269 	DATA 	Mouse: Left button down, pos=(587,892)
489.9269 	EXP 	Resetting brush parameter: brushPos.
489.9269 	EXP 	Creating ShapeStim for brush
491.6731 	DATA 	Mouse:  Left button up, pos=(437,656)
493.5980 	DATA 	Mouse: Left button down, pos=(437,661)
493.6055 	EXP 	Resetting brush parameter: brushPos.
493.6055 	EXP 	Creating ShapeStim for brush
498.6501 	DATA 	Mouse:  Left button up, pos=(623,879)
500.2438 	DATA 	Mouse: Left button down, pos=(1228,857)
500.2502 	EXP 	Resetting brush parameter: brushPos.
500.2503 	EXP 	Creating ShapeStim for brush
500.2646 	EXP 	instructions_txt: autoDraw = False
500.2646 	EXP 	times_up_txt: autoDraw = True
500.2646 	EXP 	button_next: autoDraw = True
500.2646 	EXP 	next_txt: autoDraw = True
500.2646 	EXP 	button_done: autoDraw = False
500.2646 	EXP 	done_txt: autoDraw = False
500.2646 	EXP 	object_txt: autoDraw = True
500.2646 	EXP 	question_textbox: autoDraw = True
500.3463 	DATA 	Mouse:  Left button up, pos=(1228,857)
501.6637 	DATA 	Keypress: g
502.5072 	DATA 	Keypress: u
502.6640 	DATA 	Keypress: i
502.9379 	DATA 	Keypress: t
503.0576 	DATA 	Keypress: a
503.1961 	DATA 	Keypress: r
504.6090 	DATA 	Mouse: Left button down, pos=(1652,125)
504.6309 	EXP 	Resetting brush
504.8190 	EXP 	New trial (rep=0, index=16): OrderedDict([('trl', 38), ('stim1', 'stimuli/axe_12n_11.jpg'), ('stim2', 'stimuli/axe_12n_9.jpg'), ('stimulus', 'axe_12n_')])
504.8262 	EXP 	Resetting brush
504.8287 	DATA 	Mouse:  Left button up, pos=(1652,125)
504.8384 	EXP 	image: autoDraw = False
504.8384 	EXP 	brush: autoDraw = False
504.8384 	EXP 	instructions_txt: autoDraw = False
504.8384 	EXP 	times_up_txt: autoDraw = False
504.8384 	EXP 	button_clear: autoDraw = False
504.8384 	EXP 	clear_txt: autoDraw = False
504.8384 	EXP 	button_next: autoDraw = False
504.8384 	EXP 	next_txt: autoDraw = False
504.8384 	EXP 	button_done: autoDraw = False
504.8384 	EXP 	done_txt: autoDraw = False
504.8384 	EXP 	object_txt: autoDraw = False
504.8384 	EXP 	question_textbox: autoDraw = False
504.8384 	EXP 	image: image = 'stimuli/axe_12n_11.jpg'
504.8384 	EXP 	image: autoDraw = True
504.8384 	EXP 	brush: autoDraw = True
504.8384 	EXP 	instructions_txt: autoDraw = True
504.8384 	EXP 	button_clear: autoDraw = True
504.8384 	EXP 	clear_txt: autoDraw = True
504.8384 	EXP 	button_done: autoDraw = True
504.8384 	EXP 	done_txt: autoDraw = True
506.8634 	DATA 	Mouse: Left button down, pos=(319,724)
506.8636 	EXP 	Resetting brush parameter: brushPos.
506.8638 	EXP 	Creating ShapeStim for brush
508.0314 	DATA 	Mouse:  Left button up, pos=(388,647)
509.5607 	DATA 	Mouse: Left button down, pos=(365,626)
509.5626 	EXP 	Resetting brush parameter: brushPos.
509.5626 	EXP 	Creating ShapeStim for brush
510.6574 	DATA 	Mouse:  Left button up, pos=(680,412)
511.9065 	DATA 	Mouse: Left button down, pos=(1281,876)
511.9088 	EXP 	Resetting brush parameter: brushPos.
511.9089 	EXP 	Creating ShapeStim for brush
511.9220 	EXP 	instructions_txt: autoDraw = False
511.9220 	EXP 	times_up_txt: autoDraw = True
511.9220 	EXP 	button_next: autoDraw = True
511.9220 	EXP 	next_txt: autoDraw = True
511.9220 	EXP 	button_done: autoDraw = False
511.9220 	EXP 	done_txt: autoDraw = False
511.9220 	EXP 	object_txt: autoDraw = True
511.9220 	EXP 	question_textbox: autoDraw = True
512.0190 	DATA 	Mouse:  Left button up, pos=(1281,876)
512.7979 	DATA 	Keypress: a
513.7965 	DATA 	Keypress: x
513.9111 	DATA 	Keypress: e
515.5562 	DATA 	Mouse: Left button down, pos=(1662,112)
515.5738 	EXP 	Resetting brush
515.7418 	EXP 	New trial (rep=0, index=17): OrderedDict([('trl', 11), ('stim1', 'stimuli/anchor_02s_9.jpg'), ('stim2', 'stimuli/anchor_02s_11.jpg'), ('stimulus', 'anchor_02s_')])
515.7452 	EXP 	Resetting brush
515.7470 	DATA 	Mouse:  Left button up, pos=(1662,112)
515.7607 	EXP 	image: autoDraw = False
515.7607 	EXP 	brush: autoDraw = False
515.7607 	EXP 	instructions_txt: autoDraw = False
515.7607 	EXP 	times_up_txt: autoDraw = False
515.7607 	EXP 	button_clear: autoDraw = False
515.7607 	EXP 	clear_txt: autoDraw = False
515.7607 	EXP 	button_next: autoDraw = False
515.7607 	EXP 	next_txt: autoDraw = False
515.7607 	EXP 	button_done: autoDraw = False
515.7607 	EXP 	done_txt: autoDraw = False
515.7607 	EXP 	object_txt: autoDraw = False
515.7607 	EXP 	question_textbox: autoDraw = False
515.7607 	EXP 	image: image = 'stimuli/anchor_02s_9.jpg'
515.7607 	EXP 	image: autoDraw = True
515.7607 	EXP 	brush: autoDraw = True
515.7607 	EXP 	instructions_txt: autoDraw = True
515.7607 	EXP 	button_clear: autoDraw = True
515.7607 	EXP 	clear_txt: autoDraw = True
515.7607 	EXP 	button_done: autoDraw = True
515.7607 	EXP 	done_txt: autoDraw = True
517.7099 	DATA 	Mouse: Left button down, pos=(498,790)
517.7127 	EXP 	Resetting brush parameter: brushPos.
517.7127 	EXP 	Creating ShapeStim for brush
520.6651 	DATA 	Mouse:  Left button up, pos=(555,478)
522.0517 	DATA 	Mouse: Left button down, pos=(557,488)
522.0538 	EXP 	Resetting brush parameter: brushPos.
522.0539 	EXP 	Creating ShapeStim for brush
523.2976 	DATA 	Mouse:  Left button up, pos=(719,411)
524.8853 	DATA 	Mouse: Left button down, pos=(1226,866)
524.8856 	EXP 	Resetting brush parameter: brushPos.
524.8857 	EXP 	Creating ShapeStim for brush
524.9110 	EXP 	instructions_txt: autoDraw = False
524.9110 	EXP 	times_up_txt: autoDraw = True
524.9110 	EXP 	button_next: autoDraw = True
524.9110 	EXP 	next_txt: autoDraw = True
524.9110 	EXP 	button_done: autoDraw = False
524.9110 	EXP 	done_txt: autoDraw = False
524.9110 	EXP 	object_txt: autoDraw = True
524.9110 	EXP 	question_textbox: autoDraw = True
524.9823 	DATA 	Mouse:  Left button up, pos=(1226,866)
526.9453 	DATA 	Keypress: a
527.0949 	DATA 	Keypress: n
527.4439 	DATA 	Keypress: c
527.5602 	DATA 	Keypress: h
527.9841 	DATA 	Keypress: o
528.0604 	DATA 	Keypress: r
529.5062 	DATA 	Mouse: Left button down, pos=(1622,150)
529.5266 	EXP 	Resetting brush
529.7182 	EXP 	New trial (rep=0, index=18): OrderedDict([('trl', 19), ('stim1', 'stimuli/boot_02s_9.jpg'), ('stim2', 'stimuli/boot_02s_11.jpg'), ('stimulus', 'boot_02s_')])
529.7250 	EXP 	Resetting brush
529.7274 	DATA 	Mouse:  Left button up, pos=(1622,150)
529.7416 	EXP 	image: autoDraw = False
529.7416 	EXP 	brush: autoDraw = False
529.7416 	EXP 	instructions_txt: autoDraw = False
529.7416 	EXP 	times_up_txt: autoDraw = False
529.7416 	EXP 	button_clear: autoDraw = False
529.7416 	EXP 	clear_txt: autoDraw = False
529.7416 	EXP 	button_next: autoDraw = False
529.7416 	EXP 	next_txt: autoDraw = False
529.7416 	EXP 	button_done: autoDraw = False
529.7416 	EXP 	done_txt: autoDraw = False
529.7416 	EXP 	object_txt: autoDraw = False
529.7416 	EXP 	question_textbox: autoDraw = False
529.7416 	EXP 	image: image = 'stimuli/boot_02s_9.jpg'
529.7416 	EXP 	image: autoDraw = True
529.7416 	EXP 	brush: autoDraw = True
529.7416 	EXP 	instructions_txt: autoDraw = True
529.7416 	EXP 	button_clear: autoDraw = True
529.7416 	EXP 	clear_txt: autoDraw = True
529.7416 	EXP 	button_done: autoDraw = True
529.7416 	EXP 	done_txt: autoDraw = True
531.9180 	DATA 	Mouse: Left button down, pos=(415,870)
531.9256 	EXP 	Resetting brush parameter: brushPos.
531.9256 	EXP 	Creating ShapeStim for brush
534.4819 	DATA 	Mouse:  Left button up, pos=(258,412)
537.1495 	DATA 	Mouse: Left button down, pos=(238,795)
537.1557 	EXP 	Resetting brush parameter: brushPos.
537.1557 	EXP 	Creating ShapeStim for brush
538.2290 	DATA 	Mouse:  Left button up, pos=(281,428)
539.7082 	DATA 	Mouse: Left button down, pos=(1219,865)
539.7181 	EXP 	Resetting brush parameter: brushPos.
539.7181 	EXP 	Creating ShapeStim for brush
539.7324 	EXP 	instructions_txt: autoDraw = False
539.7324 	EXP 	times_up_txt: autoDraw = True
539.7324 	EXP 	button_next: autoDraw = True
539.7324 	EXP 	next_txt: autoDraw = True
539.7324 	EXP 	button_done: autoDraw = False
539.7324 	EXP 	done_txt: autoDraw = False
539.7324 	EXP 	object_txt: autoDraw = True
539.7324 	EXP 	question_textbox: autoDraw = True
539.8503 	DATA 	Mouse:  Left button up, pos=(1219,865)
540.8662 	DATA 	Keypress: b
541.3330 	DATA 	Keypress: o
541.4736 	DATA 	Keypress: o
541.9141 	DATA 	Keypress: t
542.0549 	DATA 	Keypress: s
543.6102 	DATA 	Mouse: Left button down, pos=(1582,160)
543.6307 	EXP 	Resetting brush
543.8114 	EXP 	New trial (rep=0, index=19): OrderedDict([('trl', 7), ('stim1', 'stimuli/bag_04s_9.jpg'), ('stim2', 'stimuli/bag_04s_11.jpg'), ('stimulus', 'bag_04s_')])
543.8239 	EXP 	Resetting brush
543.8264 	DATA 	Mouse:  Left button up, pos=(1582,160)
543.8362 	EXP 	image: autoDraw = False
543.8362 	EXP 	brush: autoDraw = False
543.8362 	EXP 	instructions_txt: autoDraw = False
543.8362 	EXP 	times_up_txt: autoDraw = False
543.8362 	EXP 	button_clear: autoDraw = False
543.8362 	EXP 	clear_txt: autoDraw = False
543.8362 	EXP 	button_next: autoDraw = False
543.8362 	EXP 	next_txt: autoDraw = False
543.8362 	EXP 	button_done: autoDraw = False
543.8362 	EXP 	done_txt: autoDraw = False
543.8362 	EXP 	object_txt: autoDraw = False
543.8362 	EXP 	question_textbox: autoDraw = False
543.8362 	EXP 	image: image = 'stimuli/bag_04s_9.jpg'
543.8362 	EXP 	image: autoDraw = True
543.8362 	EXP 	brush: autoDraw = True
543.8362 	EXP 	instructions_txt: autoDraw = True
543.8362 	EXP 	button_clear: autoDraw = True
543.8362 	EXP 	clear_txt: autoDraw = True
543.8362 	EXP 	button_done: autoDraw = True
543.8362 	EXP 	done_txt: autoDraw = True
546.1349 	DATA 	Mouse: Left button down, pos=(295,653)
546.1378 	EXP 	Resetting brush parameter: brushPos.
546.1378 	EXP 	Creating ShapeStim for brush
547.3964 	DATA 	Mouse:  Left button up, pos=(285,251)
549.4591 	DATA 	Mouse: Left button down, pos=(476,619)
549.4612 	EXP 	Resetting brush parameter: brushPos.
549.4612 	EXP 	Creating ShapeStim for brush
551.6181 	DATA 	Mouse:  Left button up, pos=(640,592)
552.6995 	DATA 	Mouse: Left button down, pos=(1280,888)
552.7078 	EXP 	Resetting brush parameter: brushPos.
552.7078 	EXP 	Creating ShapeStim for brush
552.7232 	EXP 	instructions_txt: autoDraw = False
552.7232 	EXP 	times_up_txt: autoDraw = True
552.7232 	EXP 	button_next: autoDraw = True
552.7232 	EXP 	next_txt: autoDraw = True
552.7232 	EXP 	button_done: autoDraw = False
552.7232 	EXP 	done_txt: autoDraw = False
552.7232 	EXP 	object_txt: autoDraw = True
552.7232 	EXP 	question_textbox: autoDraw = True
552.7877 	DATA 	Mouse:  Left button up, pos=(1277,886)
553.6709 	DATA 	Keypress: h
553.7544 	DATA 	Keypress: a
554.2808 	DATA 	Keypress: n
554.3708 	DATA 	Keypress: d
554.6291 	DATA 	Keypress: b
554.7462 	DATA 	Keypress: a
555.0794 	DATA 	Keypress: g
557.7697 	DATA 	Mouse: Left button down, pos=(1655,137)
557.7847 	EXP 	Resetting brush
557.9990 	EXP 	New trial (rep=0, index=20): OrderedDict([('trl', 35), ('stim1', 'stimuli/man_09s_11.jpg'), ('stim2', 'stimuli/man_09s_9.jpg'), ('stimulus', 'man_09s_')])
558.0077 	EXP 	Resetting brush
558.0115 	DATA 	Mouse:  Left button up, pos=(1655,137)
558.0232 	EXP 	image: autoDraw = False
558.0232 	EXP 	brush: autoDraw = False
558.0232 	EXP 	instructions_txt: autoDraw = False
558.0232 	EXP 	times_up_txt: autoDraw = False
558.0232 	EXP 	button_clear: autoDraw = False
558.0232 	EXP 	clear_txt: autoDraw = False
558.0232 	EXP 	button_next: autoDraw = False
558.0232 	EXP 	next_txt: autoDraw = False
558.0232 	EXP 	button_done: autoDraw = False
558.0232 	EXP 	done_txt: autoDraw = False
558.0232 	EXP 	object_txt: autoDraw = False
558.0232 	EXP 	question_textbox: autoDraw = False
558.0232 	EXP 	image: image = 'stimuli/man_09s_11.jpg'
558.0232 	EXP 	image: autoDraw = True
558.0232 	EXP 	brush: autoDraw = True
558.0232 	EXP 	instructions_txt: autoDraw = True
558.0232 	EXP 	button_clear: autoDraw = True
558.0232 	EXP 	clear_txt: autoDraw = True
558.0232 	EXP 	button_done: autoDraw = True
558.0232 	EXP 	done_txt: autoDraw = True
568.3845 	DATA 	Mouse: Left button down, pos=(286,553)
568.3944 	EXP 	Resetting brush parameter: brushPos.
568.3944 	EXP 	Creating ShapeStim for brush
569.6273 	DATA 	Mouse:  Left button up, pos=(328,208)
570.8622 	DATA 	Mouse: Left button down, pos=(321,221)
570.8662 	EXP 	Resetting brush parameter: brushPos.
570.8663 	EXP 	Creating ShapeStim for brush
572.4993 	DATA 	Mouse:  Left button up, pos=(534,706)
573.9939 	DATA 	Mouse: Left button down, pos=(271,570)
573.9959 	EXP 	Resetting brush parameter: brushPos.
573.9959 	EXP 	Creating ShapeStim for brush
575.3969 	DATA 	Mouse:  Left button up, pos=(536,679)
578.2468 	DATA 	Mouse: Left button down, pos=(1266,855)
578.2531 	EXP 	Resetting brush parameter: brushPos.
578.2531 	EXP 	Creating ShapeStim for brush
578.2671 	EXP 	instructions_txt: autoDraw = False
578.2671 	EXP 	times_up_txt: autoDraw = True
578.2671 	EXP 	button_next: autoDraw = True
578.2671 	EXP 	next_txt: autoDraw = True
578.2671 	EXP 	button_done: autoDraw = False
578.2671 	EXP 	done_txt: autoDraw = False
578.2671 	EXP 	object_txt: autoDraw = True
578.2671 	EXP 	question_textbox: autoDraw = True
578.3800 	DATA 	Mouse:  Left button up, pos=(1266,855)
579.1431 	DATA 	Keypress: s
579.3440 	DATA 	Keypress: a
579.5000 	DATA 	Keypress: n
579.8924 	DATA 	Keypress: t
580.0156 	DATA 	Keypress: a
582.1327 	DATA 	Mouse: Left button down, pos=(1642,135)
582.1612 	EXP 	Resetting brush
582.3661 	EXP 	New trial (rep=0, index=21): OrderedDict([('trl', 33), ('stim1', 'stimuli/boxing_gloves_06s_11.jpg'), ('stim2', 'stimuli/boxing_gloves_06s_9.jpg'), ('stimulus', 'boxing_gloves_06s_')])
582.3718 	EXP 	Resetting brush
582.3741 	DATA 	Mouse:  Left button up, pos=(1642,135)
582.3844 	EXP 	image: autoDraw = False
582.3844 	EXP 	brush: autoDraw = False
582.3844 	EXP 	instructions_txt: autoDraw = False
582.3844 	EXP 	times_up_txt: autoDraw = False
582.3844 	EXP 	button_clear: autoDraw = False
582.3844 	EXP 	clear_txt: autoDraw = False
582.3844 	EXP 	button_next: autoDraw = False
582.3844 	EXP 	next_txt: autoDraw = False
582.3844 	EXP 	button_done: autoDraw = False
582.3844 	EXP 	done_txt: autoDraw = False
582.3844 	EXP 	object_txt: autoDraw = False
582.3844 	EXP 	question_textbox: autoDraw = False
582.3844 	EXP 	image: image = 'stimuli/boxing_gloves_06s_11.jpg'
582.3844 	EXP 	image: autoDraw = True
582.3844 	EXP 	brush: autoDraw = True
582.3844 	EXP 	instructions_txt: autoDraw = True
582.3844 	EXP 	button_clear: autoDraw = True
582.3844 	EXP 	clear_txt: autoDraw = True
582.3844 	EXP 	button_done: autoDraw = True
582.3844 	EXP 	done_txt: autoDraw = True
585.2246 	DATA 	Mouse: Left button down, pos=(345,475)
585.2309 	EXP 	Resetting brush parameter: brushPos.
585.2310 	EXP 	Creating ShapeStim for brush
590.2962 	DATA 	Mouse:  Left button up, pos=(331,483)
592.4834 	DATA 	Mouse: Left button down, pos=(1280,854)
592.4912 	EXP 	Resetting brush parameter: brushPos.
592.4913 	EXP 	Creating ShapeStim for brush
592.5051 	EXP 	instructions_txt: autoDraw = False
592.5051 	EXP 	times_up_txt: autoDraw = True
592.5051 	EXP 	button_next: autoDraw = True
592.5051 	EXP 	next_txt: autoDraw = True
592.5051 	EXP 	button_done: autoDraw = False
592.5051 	EXP 	done_txt: autoDraw = False
592.5051 	EXP 	object_txt: autoDraw = True
592.5051 	EXP 	question_textbox: autoDraw = True
592.5867 	DATA 	Mouse:  Left button up, pos=(1280,854)
598.9888 	DATA 	Mouse: Left button down, pos=(1601,130)
598.9889 	EXP 	Resetting brush parameter: brushPos.
598.9889 	EXP 	Creating ShapeStim for brush
599.0207 	EXP 	Resetting brush
599.2290 	EXP 	New trial (rep=0, index=22): OrderedDict([('trl', 10), ('stim1', 'stimuli/bottle_02n_9.jpg'), ('stim2', 'stimuli/bottle_02n_11.jpg'), ('stimulus', 'bottle_02n_')])
599.2364 	EXP 	Resetting brush
599.2391 	DATA 	Mouse:  Left button up, pos=(1601,130)
599.2502 	EXP 	image: autoDraw = False
599.2502 	EXP 	brush: autoDraw = False
599.2502 	EXP 	instructions_txt: autoDraw = False
599.2502 	EXP 	times_up_txt: autoDraw = False
599.2502 	EXP 	button_clear: autoDraw = False
599.2502 	EXP 	clear_txt: autoDraw = False
599.2502 	EXP 	button_next: autoDraw = False
599.2502 	EXP 	next_txt: autoDraw = False
599.2502 	EXP 	button_done: autoDraw = False
599.2502 	EXP 	done_txt: autoDraw = False
599.2502 	EXP 	object_txt: autoDraw = False
599.2502 	EXP 	question_textbox: autoDraw = False
599.2502 	EXP 	image: image = 'stimuli/bottle_02n_9.jpg'
599.2502 	EXP 	image: autoDraw = True
599.2502 	EXP 	brush: autoDraw = True
599.2502 	EXP 	instructions_txt: autoDraw = True
599.2502 	EXP 	button_clear: autoDraw = True
599.2502 	EXP 	clear_txt: autoDraw = True
599.2502 	EXP 	button_done: autoDraw = True
599.2502 	EXP 	done_txt: autoDraw = True
601.1830 	DATA 	Mouse: Left button down, pos=(556,840)
601.1861 	EXP 	Resetting brush parameter: brushPos.
601.1861 	EXP 	Creating ShapeStim for brush
606.0787 	DATA 	Mouse:  Left button up, pos=(619,214)
608.5263 	DATA 	Mouse: Left button down, pos=(1207,864)
608.5321 	EXP 	Resetting brush parameter: brushPos.
608.5322 	EXP 	Creating ShapeStim for brush
608.5456 	EXP 	instructions_txt: autoDraw = False
608.5456 	EXP 	times_up_txt: autoDraw = True
608.5456 	EXP 	button_next: autoDraw = True
608.5456 	EXP 	next_txt: autoDraw = True
608.5456 	EXP 	button_done: autoDraw = False
608.5456 	EXP 	done_txt: autoDraw = False
608.5456 	EXP 	object_txt: autoDraw = True
608.5456 	EXP 	question_textbox: autoDraw = True
608.6139 	DATA 	Mouse:  Left button up, pos=(1207,864)
610.7498 	DATA 	Keypress: b
611.0907 	DATA 	Keypress: o
611.6255 	DATA 	Keypress: t
611.7566 	DATA 	Keypress: t
611.9397 	DATA 	Keypress: l
612.2232 	DATA 	Keypress: e
617.7463 	DATA 	Mouse: Left button down, pos=(1649,141)
617.7691 	EXP 	Resetting brush
617.9504 	EXP 	New trial (rep=0, index=23): OrderedDict([('trl', 26), ('stim1', 'stimuli/hairdryer_10s_11.jpg'), ('stim2', 'stimuli/hairdryer_10s_9.jpg'), ('stimulus', 'hairdryer_10s_')])
617.9610 	EXP 	Resetting brush
617.9631 	DATA 	Mouse:  Left button up, pos=(1649,141)
617.9759 	EXP 	image: autoDraw = False
617.9759 	EXP 	brush: autoDraw = False
617.9759 	EXP 	instructions_txt: autoDraw = False
617.9759 	EXP 	times_up_txt: autoDraw = False
617.9759 	EXP 	button_clear: autoDraw = False
617.9759 	EXP 	clear_txt: autoDraw = False
617.9759 	EXP 	button_next: autoDraw = False
617.9759 	EXP 	next_txt: autoDraw = False
617.9759 	EXP 	button_done: autoDraw = False
617.9759 	EXP 	done_txt: autoDraw = False
617.9759 	EXP 	object_txt: autoDraw = False
617.9759 	EXP 	question_textbox: autoDraw = False
617.9759 	EXP 	image: image = 'stimuli/hairdryer_10s_11.jpg'
617.9759 	EXP 	image: autoDraw = True
617.9759 	EXP 	brush: autoDraw = True
617.9759 	EXP 	instructions_txt: autoDraw = True
617.9759 	EXP 	button_clear: autoDraw = True
617.9759 	EXP 	clear_txt: autoDraw = True
617.9759 	EXP 	button_done: autoDraw = True
617.9759 	EXP 	done_txt: autoDraw = True
619.5855 	DATA 	Mouse: Left button down, pos=(261,713)
619.5875 	EXP 	Resetting brush parameter: brushPos.
619.5876 	EXP 	Creating ShapeStim for brush
621.2916 	DATA 	Mouse:  Left button up, pos=(618,456)
622.0263 	DATA 	Mouse: Left button down, pos=(273,706)
622.0265 	EXP 	Resetting brush parameter: brushPos.
622.0266 	EXP 	Creating ShapeStim for brush
623.2519 	DATA 	Mouse:  Left button up, pos=(705,625)
624.1676 	DATA 	Mouse: Left button down, pos=(1197,868)
624.1690 	EXP 	Resetting brush parameter: brushPos.
624.1691 	EXP 	Creating ShapeStim for brush
624.1818 	EXP 	instructions_txt: autoDraw = False
624.1818 	EXP 	times_up_txt: autoDraw = True
624.1818 	EXP 	button_next: autoDraw = True
624.1818 	EXP 	next_txt: autoDraw = True
624.1818 	EXP 	button_done: autoDraw = False
624.1818 	EXP 	done_txt: autoDraw = False
624.1818 	EXP 	object_txt: autoDraw = True
624.1818 	EXP 	question_textbox: autoDraw = True
624.2984 	DATA 	Mouse:  Left button up, pos=(1197,868)
627.9358 	DATA 	Keypress: b
628.3690 	DATA 	Keypress: l
628.5611 	DATA 	Keypress: o
628.6528 	DATA 	Keypress: w
630.0178 	DATA 	Keypress: d
630.2583 	DATA 	Keypress: r
632.6226 	DATA 	Keypress: y
632.7497 	DATA 	Keypress: e
632.9492 	DATA 	Keypress: r
637.1282 	DATA 	Keypress: backspace
640.1803 	DATA 	Keypress: h
640.2923 	DATA 	Keypress: a
640.6248 	DATA 	Keypress: i
641.3098 	DATA 	Keypress: r
642.0667 	DATA 	Keypress: d
642.2665 	DATA 	Keypress: r
642.6820 	DATA 	Keypress: y
642.7818 	DATA 	Keypress: e
643.0190 	DATA 	Keypress: r
645.1917 	DATA 	Mouse: Left button down, pos=(1636,140)
645.2233 	EXP 	Resetting brush
645.4151 	EXP 	New trial (rep=0, index=24): OrderedDict([('trl', 21), ('stim1', 'stimuli/hat_07s_11.jpg'), ('stim2', 'stimuli/hat_07s_9.jpg'), ('stimulus', 'hat_07s_')])
645.4257 	EXP 	Resetting brush
645.4287 	DATA 	Mouse:  Left button up, pos=(1636,140)
645.4402 	EXP 	image: autoDraw = False
645.4402 	EXP 	brush: autoDraw = False
645.4402 	EXP 	instructions_txt: autoDraw = False
645.4402 	EXP 	times_up_txt: autoDraw = False
645.4402 	EXP 	button_clear: autoDraw = False
645.4402 	EXP 	clear_txt: autoDraw = False
645.4402 	EXP 	button_next: autoDraw = False
645.4402 	EXP 	next_txt: autoDraw = False
645.4402 	EXP 	button_done: autoDraw = False
645.4402 	EXP 	done_txt: autoDraw = False
645.4402 	EXP 	object_txt: autoDraw = False
645.4402 	EXP 	question_textbox: autoDraw = False
645.4402 	EXP 	image: image = 'stimuli/hat_07s_11.jpg'
645.4402 	EXP 	image: autoDraw = True
645.4402 	EXP 	brush: autoDraw = True
645.4402 	EXP 	instructions_txt: autoDraw = True
645.4402 	EXP 	button_clear: autoDraw = True
645.4402 	EXP 	clear_txt: autoDraw = True
645.4402 	EXP 	button_done: autoDraw = True
645.4402 	EXP 	done_txt: autoDraw = True
649.7931 	DATA 	Mouse: Left button down, pos=(550,826)
649.7961 	EXP 	Resetting brush parameter: brushPos.
649.7961 	EXP 	Creating ShapeStim for brush
652.3284 	DATA 	Mouse:  Left button up, pos=(399,492)
658.8449 	DATA 	Mouse: Left button down, pos=(1200,867)
658.8537 	EXP 	Resetting brush parameter: brushPos.
658.8538 	EXP 	Creating ShapeStim for brush
658.8678 	EXP 	instructions_txt: autoDraw = False
658.8678 	EXP 	times_up_txt: autoDraw = True
658.8678 	EXP 	button_next: autoDraw = True
658.8678 	EXP 	next_txt: autoDraw = True
658.8678 	EXP 	button_done: autoDraw = False
658.8678 	EXP 	done_txt: autoDraw = False
658.8678 	EXP 	object_txt: autoDraw = True
658.8678 	EXP 	question_textbox: autoDraw = True
659.0118 	DATA 	Mouse:  Left button up, pos=(1200,867)
661.6443 	DATA 	Mouse: Left button down, pos=(1636,136)
661.6673 	EXP 	Resetting brush
661.8627 	EXP 	New trial (rep=0, index=25): OrderedDict([('trl', 12), ('stim1', 'stimuli/gramophone_01b_9.jpg'), ('stim2', 'stimuli/gramophone_01b_11.jpg'), ('stimulus', 'gramophone_01b_')])
661.8687 	EXP 	Resetting brush
661.8722 	DATA 	Mouse:  Left button up, pos=(1636,136)
661.8833 	EXP 	image: autoDraw = False
661.8833 	EXP 	brush: autoDraw = False
661.8833 	EXP 	instructions_txt: autoDraw = False
661.8833 	EXP 	times_up_txt: autoDraw = False
661.8833 	EXP 	button_clear: autoDraw = False
661.8833 	EXP 	clear_txt: autoDraw = False
661.8833 	EXP 	button_next: autoDraw = False
661.8833 	EXP 	next_txt: autoDraw = False
661.8833 	EXP 	button_done: autoDraw = False
661.8833 	EXP 	done_txt: autoDraw = False
661.8833 	EXP 	object_txt: autoDraw = False
661.8833 	EXP 	question_textbox: autoDraw = False
661.8833 	EXP 	image: image = 'stimuli/gramophone_01b_9.jpg'
661.8833 	EXP 	image: autoDraw = True
661.8833 	EXP 	brush: autoDraw = True
661.8833 	EXP 	instructions_txt: autoDraw = True
661.8833 	EXP 	button_clear: autoDraw = True
661.8833 	EXP 	clear_txt: autoDraw = True
661.8833 	EXP 	button_done: autoDraw = True
661.8833 	EXP 	done_txt: autoDraw = True
666.6732 	DATA 	Mouse: Left button down, pos=(682,771)
666.9798 	EXP 	window1: mouseVisible = True
