9.9681 	WARNING 	User requested fullscreen with size [1536  864], but screen is actually [1920, 1080]. Using actual size
10.6781 	EXP 	Created window1 = Window(allowGUI=True, allowStencil=True, autoLog=True, backendConf=UNKNOWN, backgroundFit=<method-wrapper '__getattribute__' of attributeSetter object at 0x000001F64D19BC70>, backgroundImage=<method-wrapper '__getattribute__' of attributeSetter object at 0x000001F64D19BC10>, bitsMode=UNKNOWN, blendMode='avg', bpc=(8, 8, 8), color=array([0, 0, 0]), colorSpace='rgb', depthBits=8, fullscr=<method-wrapper '__getattribute__' of attributeSetter object at 0x000001F64D19BA60>, gamma=None, gammaErrorPolicy='raise', lms=UNKNOWN, monitor=<psychopy.monitors.calibTools.Monitor object at 0x000001F64D70C700>, multiSample=False, name='window1', numSamples=2, pos=(0, 0), screen=0, size=array([1920, 1080]), stencilBits=8, stereo=False, title='PsychoPy', units='norm', useFBO=True, useRetina=False, viewOri=0.0, viewPos=None, viewScale=None, waitBlanking=True, winType='pyglet')
10.6782 	EXP 	window1: mouseVisible = True
10.6783 	EXP 	window1: backgroundImage = ''
10.6783 	EXP 	window1: backgroundFit = 'none'
10.6804 	EXP 	window1: Attempting to measure frame rate of screen (0) ...
10.6805 	EXP 	window1: recordFrameIntervals = False
10.7471 	EXP 	window1: recordFrameIntervals = True
10.8237 	EXP 	Screen (0) actual frame rate measured at 142.58Hz
10.8237 	EXP 	window1: recordFrameIntervals = False
10.8239 	EXP 	window1: mouseVisible = False
14.0349 	EXP 	ConstellationsNAI23: status = STARTED
14.0354 	EXP 	window1: mouseVisible = True
14.6353 	EXP 	Created instruction1_2 = ImageStim(__class__=<class 'psychopy.visual.image.ImageStim'>, anchor=('center', 'center'), autoLog=True, color=array([1., 1., 1.]), colorSpace='rgb', contrast=1.0, depth=0.0, draggable=False, flipHoriz=False, flipVert=False, image='stimuli/intro0.PNG', interpolate=True, mask=None, maskParams=None, name='instruction1_2', opacity=1.0, ori=0.0, pos=array([0., 0.]), size=array([1.3, 1.6]), texRes=128.0, units='norm', win=Window(...))
14.6354 	EXP 	window1: mouseVisible = True
14.6356 	EXP 	window1: mouseVisible = True
14.6381 	EXP 	Created button1_2 = Rect(__class__=<class 'psychopy.visual.rect.Rect'>, anchor=('center', 'center'), autoDraw=False, autoLog=True, closeShape=True, color=method-wrapper(...), colorSpace='rgb', contrast=None, depth=-2.0, draggable=False, fillColor=array([1, 1, 1]), fillColorSpace='rgb', fillRGB=array([1, 1, 1]), interpolate=True, lineColor=array([1., 1., 1.]), lineColorSpace='rgb', lineRGB=array([1, 1, 1]), lineWidth=1.0, name='button1_2', opacity=1.0, ori=0.0, pos=array([ 0.5 , -0.65]), size=array([0.2, 0.1]), units='norm', vertices=ndarray(...), win=Window(...))
14.6384 	EXP 	window1: mouseVisible = True
14.7061 	EXP 	Created button_txt1_2 = TextStim(__class__=<class 'psychopy.visual.text.TextStim'>, alignHoriz=method-wrapper(...), alignText='center', alignVert=method-wrapper(...), anchorHoriz='center', anchorVert='center', antialias=True, autoDraw=False, autoLog=True, bold=False, color=array([-1., -1., -1.]), colorSpace='rgb', contrast=1.0, depth=-3.0, draggable=False, flipHoriz=False, flipVert=False, font='Open Sans', fontFiles=[], height=0.07, italic=False, languageStyle='LTR', name='button_txt1_2', opacity=1.0, ori=0.0, pos=array([ 0.5 , -0.65]), rgb=UNKNOWN, text='Next', units='norm', win=Window(...), wrapWidth=1)
14.7062 	EXP 	window1: mouseVisible = True
15.0690 	EXP 	Created instruction1 = ImageStim(__class__=<class 'psychopy.visual.image.ImageStim'>, anchor=('center', 'center'), autoLog=True, color=array([1., 1., 1.]), colorSpace='rgb', contrast=1.0, depth=0.0, draggable=False, flipHoriz=False, flipVert=False, image='stimuli/intro1.PNG', interpolate=True, mask=None, maskParams=None, name='instruction1', opacity=1.0, ori=0.0, pos=array([0., 0.]), size=array([1.3, 1.6]), texRes=128.0, units='norm', win=Window(...))
15.0692 	EXP 	window1: mouseVisible = True
15.0695 	EXP 	window1: mouseVisible = True
15.0722 	EXP 	Created button1 = Rect(__class__=<class 'psychopy.visual.rect.Rect'>, anchor=('center', 'center'), autoDraw=False, autoLog=True, closeShape=True, color=method-wrapper(...), colorSpace='rgb', contrast=None, depth=-2.0, draggable=False, fillColor=array([1, 1, 1]), fillColorSpace='rgb', fillRGB=array([1, 1, 1]), interpolate=True, lineColor=array([1., 1., 1.]), lineColorSpace='rgb', lineRGB=array([1, 1, 1]), lineWidth=1.0, name='button1', opacity=1.0, ori=0.0, pos=array([ 0.5 , -0.65]), size=array([0.2, 0.1]), units='norm', vertices=ndarray(...), win=Window(...))
15.0724 	EXP 	window1: mouseVisible = True
15.0764 	EXP 	Created button_txt1 = TextStim(__class__=<class 'psychopy.visual.text.TextStim'>, alignHoriz=method-wrapper(...), alignText='center', alignVert=method-wrapper(...), anchorHoriz='center', anchorVert='center', antialias=True, autoDraw=False, autoLog=True, bold=False, color=array([-1., -1., -1.]), colorSpace='rgb', contrast=1.0, depth=-3.0, draggable=False, flipHoriz=False, flipVert=False, font='Open Sans', fontFiles=[], height=0.07, italic=False, languageStyle='LTR', name='button_txt1', opacity=1.0, ori=0.0, pos=array([ 0.5 , -0.65]), rgb=UNKNOWN, text='Next', units='norm', win=Window(...), wrapWidth=1)
15.0766 	EXP 	window1: mouseVisible = True
15.8895 	EXP 	Created instruction2 = ImageStim(__class__=<class 'psychopy.visual.image.ImageStim'>, anchor=('center', 'center'), autoLog=True, color=array([1., 1., 1.]), colorSpace='rgb', contrast=1.0, depth=0.0, draggable=False, flipHoriz=False, flipVert=False, image='stimuli/intro2.PNG', interpolate=True, mask=None, maskParams=None, name='instruction2', opacity=1.0, ori=0.0, pos=array([0., 0.]), size=array([1.3, 1.6]), texRes=128.0, units='norm', win=Window(...))
15.8896 	EXP 	window1: mouseVisible = True
15.8897 	EXP 	window1: mouseVisible = True
15.8920 	EXP 	Created button2 = Rect(__class__=<class 'psychopy.visual.rect.Rect'>, anchor=('center', 'center'), autoDraw=False, autoLog=True, closeShape=True, color=method-wrapper(...), colorSpace='rgb', contrast=None, depth=-2.0, draggable=False, fillColor=array([1, 1, 1]), fillColorSpace='rgb', fillRGB=array([1, 1, 1]), interpolate=True, lineColor=array([1., 1., 1.]), lineColorSpace='rgb', lineRGB=array([1, 1, 1]), lineWidth=1.0, name='button2', opacity=1.0, ori=0.0, pos=array([ 0.5 , -0.65]), size=array([0.2, 0.1]), units='norm', vertices=ndarray(...), win=Window(...))
15.8922 	EXP 	window1: mouseVisible = True
15.8954 	EXP 	Created button_txt2 = TextStim(__class__=<class 'psychopy.visual.text.TextStim'>, alignHoriz=method-wrapper(...), alignText='center', alignVert=method-wrapper(...), anchorHoriz='center', anchorVert='center', antialias=True, autoDraw=False, autoLog=True, bold=False, color=array([-1., -1., -1.]), colorSpace='rgb', contrast=1.0, depth=-3.0, draggable=False, flipHoriz=False, flipVert=False, font='Open Sans', fontFiles=[], height=0.07, italic=False, languageStyle='LTR', name='button_txt2', opacity=1.0, ori=0.0, pos=array([ 0.5 , -0.65]), rgb=UNKNOWN, text='Next', units='norm', win=Window(...), wrapWidth=1)
15.8955 	EXP 	window1: mouseVisible = True
16.4635 	EXP 	Created instruction3 = ImageStim(__class__=<class 'psychopy.visual.image.ImageStim'>, anchor=('center', 'center'), autoLog=True, color=array([1., 1., 1.]), colorSpace='rgb', contrast=1.0, depth=0.0, draggable=False, flipHoriz=False, flipVert=False, image='stimuli/intro3.PNG', interpolate=True, mask=None, maskParams=None, name='instruction3', opacity=1.0, ori=0.0, pos=array([0., 0.]), size=array([1.3, 1.6]), texRes=128.0, units='norm', win=Window(...))
16.4636 	EXP 	window1: mouseVisible = True
16.4637 	EXP 	window1: mouseVisible = True
16.4662 	EXP 	Created button3 = Rect(__class__=<class 'psychopy.visual.rect.Rect'>, anchor=('center', 'center'), autoDraw=False, autoLog=True, closeShape=True, color=method-wrapper(...), colorSpace='rgb', contrast=None, depth=-2.0, draggable=False, fillColor=array([1, 1, 1]), fillColorSpace='rgb', fillRGB=array([1, 1, 1]), interpolate=True, lineColor=array([1., 1., 1.]), lineColorSpace='rgb', lineRGB=array([1, 1, 1]), lineWidth=1.0, name='button3', opacity=1.0, ori=0.0, pos=array([ 0.5 , -0.65]), size=array([0.2, 0.1]), units='norm', vertices=ndarray(...), win=Window(...))
16.4664 	EXP 	window1: mouseVisible = True
16.4701 	EXP 	Created button_txt3 = TextStim(__class__=<class 'psychopy.visual.text.TextStim'>, alignHoriz=method-wrapper(...), alignText='center', alignVert=method-wrapper(...), anchorHoriz='center', anchorVert='center', antialias=True, autoDraw=False, autoLog=True, bold=False, color=array([-1., -1., -1.]), colorSpace='rgb', contrast=1.0, depth=-3.0, draggable=False, flipHoriz=False, flipVert=False, font='Open Sans', fontFiles=[], height=0.07, italic=False, languageStyle='LTR', name='button_txt3', opacity=1.0, ori=0.0, pos=array([ 0.5 , -0.65]), rgb=UNKNOWN, text='Next', units='norm', win=Window(...), wrapWidth=1)
16.4702 	EXP 	window1: mouseVisible = True
17.0252 	EXP 	Created instruction4 = ImageStim(__class__=<class 'psychopy.visual.image.ImageStim'>, anchor=('center', 'center'), autoLog=True, color=array([1., 1., 1.]), colorSpace='rgb', contrast=1.0, depth=0.0, draggable=False, flipHoriz=False, flipVert=False, image='stimuli/intro4.PNG', interpolate=True, mask=None, maskParams=None, name='instruction4', opacity=1.0, ori=0.0, pos=array([0., 0.]), size=array([1.3, 1.6]), texRes=128.0, units='norm', win=Window(...))
17.0254 	EXP 	window1: mouseVisible = True
17.0255 	EXP 	window1: mouseVisible = True
17.0277 	EXP 	Created button4 = Rect(__class__=<class 'psychopy.visual.rect.Rect'>, anchor=('center', 'center'), autoDraw=False, autoLog=True, closeShape=True, color=method-wrapper(...), colorSpace='rgb', contrast=None, depth=-2.0, draggable=False, fillColor=array([1, 1, 1]), fillColorSpace='rgb', fillRGB=array([1, 1, 1]), interpolate=True, lineColor=array([1., 1., 1.]), lineColorSpace='rgb', lineRGB=array([1, 1, 1]), lineWidth=1.0, name='button4', opacity=1.0, ori=0.0, pos=array([ 0.5 , -0.65]), size=array([0.2, 0.1]), units='norm', vertices=ndarray(...), win=Window(...))
17.0278 	EXP 	window1: mouseVisible = True
17.0318 	EXP 	Created button_txt4 = TextStim(__class__=<class 'psychopy.visual.text.TextStim'>, alignHoriz=method-wrapper(...), alignText='center', alignVert=method-wrapper(...), anchorHoriz='center', anchorVert='center', antialias=True, autoDraw=False, autoLog=True, bold=False, color=array([-1., -1., -1.]), colorSpace='rgb', contrast=1.0, depth=-3.0, draggable=False, flipHoriz=False, flipVert=False, font='Open Sans', fontFiles=[], height=0.07, italic=False, languageStyle='LTR', name='button_txt4', opacity=1.0, ori=0.0, pos=array([ 0.5 , -0.65]), rgb=UNKNOWN, text='Next', units='norm', win=Window(...), wrapWidth=1)
17.0319 	EXP 	window1: mouseVisible = True
17.0474 	EXP 	Created image_2 = ImageStim(__class__=<class 'psychopy.visual.image.ImageStim'>, anchor=('center', 'center'), autoLog=True, color=array([1., 1., 1.]), colorSpace='rgb', contrast=1.0, depth=0.0, draggable=False, flipHoriz=False, flipVert=False, image='default.png', interpolate=True, mask=None, maskParams=None, name='image_2', opacity=1.0, ori=0.0, pos=array([-0.4,  0. ]), size=array([0.65, 0.65]), texRes=128.0, units='height', win=Window(...))
17.0475 	EXP 	window1: mouseVisible = True
17.0476 	EXP 	Created brush_2 = <psychopy.visual.brush.Brush object at 0x000001F652DB3940>
17.0476 	EXP 	window1: mouseVisible = True
17.0479 	EXP 	window1: mouseVisible = True
17.0481 	EXP 	window1: mouseVisible = True
17.0490 	EXP 	window1: mouseVisible = True
17.0498 	EXP 	window1: mouseVisible = True
17.0564 	EXP 	window1: mouseVisible = True
17.0565 	EXP 	window1: mouseVisible = True
17.0572 	EXP 	window1: mouseVisible = True
17.0579 	EXP 	window1: mouseVisible = True
17.0810 	EXP 	window1: mouseVisible = True
17.1004 	EXP 	Created juhis_txt_2 = TextStim(__class__=<class 'psychopy.visual.text.TextStim'>, alignHoriz=method-wrapper(...), alignText='center', alignVert=method-wrapper(...), anchorHoriz='center', anchorVert='center', antialias=True, autoDraw=False, autoLog=True, bold=False, color=array([-1., -1., -1.]), colorSpace='rgb', contrast=1.0, depth=-5.0, draggable=False, flipHoriz=False, flipVert=False, font='Open Sans', fontFiles=[], height=0.07, italic=False, languageStyle='LTR', name='juhis_txt_2', opacity=1.0, ori=0.0, pos=array([-0.45,  0.75]), rgb=UNKNOWN, text=str(...), units='norm', win=Window(...), wrapWidth=1)
17.1005 	EXP 	window1: mouseVisible = True
17.1031 	EXP 	Created button_clear_2 = Rect(__class__=<class 'psychopy.visual.rect.Rect'>, anchor=('center', 'center'), autoDraw=False, autoLog=True, closeShape=True, color=method-wrapper(...), colorSpace='rgb', contrast=None, depth=-6.0, draggable=False, fillColor=array([1, 1, 1]), fillColorSpace='rgb', fillRGB=array([1, 1, 1]), interpolate=True, lineColor=array([1., 1., 1.]), lineColorSpace='rgb', lineRGB=array([1, 1, 1]), lineWidth=1.0, name='button_clear_2', opacity=1.0, ori=0.0, pos=array([-0.2 , -0.75]), size=array([0.2, 0.1]), units='norm', vertices=ndarray(...), win=Window(...))
17.1032 	EXP 	window1: mouseVisible = True
17.1180 	EXP 	Created objekt_txt_2 = TextStim(__class__=<class 'psychopy.visual.text.TextStim'>, alignHoriz=method-wrapper(...), alignText='center', alignVert=method-wrapper(...), anchorHoriz='center', anchorVert='center', antialias=True, autoDraw=False, autoLog=True, bold=False, color=array([-1., -1., -1.]), colorSpace='rgb', contrast=1.0, depth=-7.0, draggable=False, flipHoriz=False, flipVert=False, font='Open Sans', fontFiles=[], height=0.06, italic=False, languageStyle='LTR', name='objekt_txt_2', opacity=1.0, ori=0.0, pos=array([0.4 , 0.55]), rgb=UNKNOWN, text='What did you find in the image?', units='norm', win=Window(...), wrapWidth=1)
17.1181 	EXP 	window1: mouseVisible = True
17.1182 	EXP 	window1: mouseVisible = True
17.1209 	EXP 	Created button_next_2 = Rect(__class__=<class 'psychopy.visual.rect.Rect'>, anchor=('center', 'center'), autoDraw=False, autoLog=True, closeShape=True, color=method-wrapper(...), colorSpace='rgb', contrast=None, depth=-9.0, draggable=False, fillColor=array([1, 1, 1]), fillColorSpace='rgb', fillRGB=array([1, 1, 1]), interpolate=True, lineColor=array([1., 1., 1.]), lineColorSpace='rgb', lineRGB=array([1, 1, 1]), lineWidth=1.0, name='button_next_2', opacity=1.0, ori=0.0, pos=array([ 0.7 , -0.75]), size=array([0.2, 0.1]), units='norm', vertices=ndarray(...), win=Window(...))
17.1210 	EXP 	window1: mouseVisible = True
17.1211 	EXP 	window1: mouseVisible = True
17.1303 	EXP 	Created clear_txt_2 = TextStim(__class__=<class 'psychopy.visual.text.TextStim'>, alignHoriz=method-wrapper(...), alignText='center', alignVert=method-wrapper(...), anchorHoriz='center', anchorVert='center', antialias=True, autoDraw=False, autoLog=True, bold=False, color=array([-1., -1., -1.]), colorSpace='rgb', contrast=1.0, depth=-11.0, draggable=False, flipHoriz=False, flipVert=False, font='Open Sans', fontFiles=[], height=0.06, italic=False, languageStyle='LTR', name='clear_txt_2', opacity=1.0, ori=0.0, pos=array([-0.2 , -0.75]), rgb=UNKNOWN, text='Erase', units='norm', win=Window(...), wrapWidth=1)
17.1305 	EXP 	window1: mouseVisible = True
17.1330 	EXP 	Created button_hint_2 = Rect(__class__=<class 'psychopy.visual.rect.Rect'>, anchor=('center', 'center'), autoDraw=False, autoLog=True, closeShape=True, color=method-wrapper(...), colorSpace='rgb', contrast=None, depth=-12.0, draggable=False, fillColor=array([ 1, -1, -1]), fillColorSpace='rgb', fillRGB=array([ 1, -1, -1]), interpolate=True, lineColor=array([1., 1., 1.]), lineColorSpace='rgb', lineRGB=array([1, 1, 1]), lineWidth=1.0, name='button_hint_2', opacity=1.0, ori=0.0, pos=array([0.6, 0.6]), size=array([0.2, 0.1]), units='norm', vertices=ndarray(...), win=Window(...))
17.1331 	EXP 	window1: mouseVisible = True
17.1358 	EXP 	Created vihje_txt_2 = TextStim(__class__=<class 'psychopy.visual.text.TextStim'>, alignHoriz=method-wrapper(...), alignText='center', alignVert=method-wrapper(...), anchorHoriz='center', anchorVert='center', antialias=True, autoDraw=False, autoLog=True, bold=False, color=array([1., 1., 1.]), colorSpace='rgb', contrast=1.0, depth=-13.0, draggable=False, flipHoriz=False, flipVert=False, font='Open Sans', fontFiles=[], height=0.06, italic=False, languageStyle='LTR', name='vihje_txt_2', opacity=1.0, ori=0.0, pos=array([0.6, 0.6]), rgb=UNKNOWN, text='', units='norm', win=Window(...), wrapWidth=1)
17.1360 	EXP 	window1: mouseVisible = True
17.1384 	EXP 	Created button_yes_2 = Rect(__class__=<class 'psychopy.visual.rect.Rect'>, anchor=('center', 'center'), autoDraw=False, autoLog=True, closeShape=True, color=method-wrapper(...), colorSpace='rgb', contrast=None, depth=-14.0, draggable=False, fillColor=array([-1.        ,  0.00392157, -1.        ]), fillColorSpace='rgb', fillRGB=array([-1.        ,  0.00392157, -1.        ]), interpolate=True, lineColor=array([1., 1., 1.]), lineColorSpace='rgb', lineRGB=array([1, 1, 1]), lineWidth=1.0, name='button_yes_2', opacity=1.0, ori=0.0, pos=array([0.3, 0.6]), size=array([0.2, 0.1]), units='norm', vertices=ndarray(...), win=Window(...))
17.1386 	EXP 	window1: mouseVisible = True
17.1401 	EXP 	Created leidsin_txt_2 = TextStim(__class__=<class 'psychopy.visual.text.TextStim'>, alignHoriz=method-wrapper(...), alignText='center', alignVert=method-wrapper(...), anchorHoriz='center', anchorVert='center', antialias=True, autoDraw=False, autoLog=True, bold=False, color=array([1., 1., 1.]), colorSpace='rgb', contrast=1.0, depth=-15.0, draggable=False, flipHoriz=False, flipVert=False, font='Open Sans', fontFiles=[], height=0.06, italic=False, languageStyle='LTR', name='leidsin_txt_2', opacity=1.0, ori=0.0, pos=array([0.3, 0.6]), rgb=UNKNOWN, text='', units='norm', win=Window(...), wrapWidth=1)
17.1499 	EXP 	window1: mouseVisible = True
17.1504 	EXP 	window1: mouseVisible = True
17.1562 	EXP 	window1: mouseVisible = True
17.1564 	EXP 	window1: mouseVisible = True
17.1571 	EXP 	window1: mouseVisible = True
17.1578 	EXP 	window1: mouseVisible = True
17.1869 	EXP 	window1: mouseVisible = True
17.1871 	EXP 	window1: mouseVisible = True
17.1879 	EXP 	window1: mouseVisible = True
17.1886 	EXP 	window1: mouseVisible = True
17.2028 	EXP 	window1: mouseVisible = True
17.2030 	EXP 	window1: mouseVisible = True
17.2042 	EXP 	window1: mouseVisible = True
17.2050 	EXP 	window1: mouseVisible = True
17.2118 	EXP 	window1: mouseVisible = True
17.2120 	EXP 	window1: mouseVisible = True
17.2126 	EXP 	window1: mouseVisible = True
17.2133 	EXP 	window1: mouseVisible = True
17.2195 	EXP 	window1: mouseVisible = True
17.2223 	EXP 	window1: mouseVisible = True
17.2680 	EXP 	Created RSP_ahhaa_2 = Slider(__class__=<class 'psychopy.visual.slider.Slider'>, autoDraw=False, autoLog=True, borderColor=None, color=None, colorSpace='rgb', depth=-16, fillColor=None, flip=False, font='Open Sans', granularity=1.0, labelColor=None, labelHeight=0.04, labelWrapWidth=None, labels=['Very uncertain', 'Very certain'], lineColor=None, markerColor=None, name='RSP_ahhaa_2', opacity=None, ori=0.0, pos=array([ 0.5 , -0.05]), readOnly=False, self=UNKNOWN, size=array([0.5 , 0.06]), startValue=None, style='radio', styleTweaks=[], ticks=array([0, 1]), units='norm', win=Window(...))
17.2682 	EXP 	window1: mouseVisible = True
17.2770 	EXP 	Created ahhaa_txt_2 = TextStim(__class__=<class 'psychopy.visual.text.TextStim'>, alignHoriz=method-wrapper(...), alignText='center', alignVert=method-wrapper(...), anchorHoriz='center', anchorVert='center', antialias=True, autoDraw=False, autoLog=True, bold=False, color=array([-1., -1., -1.]), colorSpace='rgb', contrast=1.0, depth=-17.0, draggable=False, flipHoriz=False, flipVert=False, font='Open Sans', fontFiles=[], height=0.06, italic=False, languageStyle='LTR', name='ahhaa_txt_2', opacity=1.0, ori=0.0, pos=array([0.51, 0.05]), rgb=UNKNOWN, text=str(...), units='norm', win=Window(...), wrapWidth=1)
17.2814 	EXP 	window1: mouseVisible = True
17.2819 	EXP 	window1: mouseVisible = True
17.2878 	EXP 	window1: mouseVisible = True
17.2880 	EXP 	window1: mouseVisible = True
17.2889 	EXP 	window1: mouseVisible = True
17.2898 	EXP 	window1: mouseVisible = True
17.3028 	EXP 	window1: mouseVisible = True
17.3030 	EXP 	window1: mouseVisible = True
17.3039 	EXP 	window1: mouseVisible = True
17.3046 	EXP 	window1: mouseVisible = True
17.3104 	EXP 	window1: mouseVisible = True
17.3105 	EXP 	window1: mouseVisible = True
17.3112 	EXP 	window1: mouseVisible = True
17.3125 	EXP 	window1: mouseVisible = True
17.3226 	EXP 	window1: mouseVisible = True
17.3228 	EXP 	window1: mouseVisible = True
17.3234 	EXP 	window1: mouseVisible = True
17.3241 	EXP 	window1: mouseVisible = True
17.3304 	EXP 	window1: mouseVisible = True
17.3331 	EXP 	window1: mouseVisible = True
17.3800 	EXP 	Created RSP_sudden_2 = Slider(__class__=<class 'psychopy.visual.slider.Slider'>, autoDraw=False, autoLog=True, borderColor=None, color=None, colorSpace='rgb', depth=-18, fillColor=None, flip=False, font='Open Sans', granularity=1.0, labelColor=None, labelHeight=0.04, labelWrapWidth=None, labels=['Very gradually', 'Very suddenly'], lineColor=None, markerColor=None, name='RSP_sudden_2', opacity=None, ori=0.0, pos=array([ 0.5, -0.3]), readOnly=False, self=UNKNOWN, size=array([0.5 , 0.06]), startValue=None, style='radio', styleTweaks=[], ticks=array([0, 1]), units='norm', win=Window(...))
17.3801 	EXP 	window1: mouseVisible = True
17.3884 	EXP 	Created sudden_txt_2 = TextStim(__class__=<class 'psychopy.visual.text.TextStim'>, alignHoriz=method-wrapper(...), alignText='center', alignVert=method-wrapper(...), anchorHoriz='center', anchorVert='center', antialias=True, autoDraw=False, autoLog=True, bold=False, color=array([-1., -1., -1.]), colorSpace='rgb', contrast=1.0, depth=-19.0, draggable=False, flipHoriz=False, flipVert=False, font='Open Sans', fontFiles=[], height=0.06, italic=False, languageStyle='LTR', name='sudden_txt_2', opacity=1.0, ori=0.0, pos=array([ 0.42, -0.2 ]), rgb=UNKNOWN, text='How suddenly did the final answer arrive?', units='norm', win=Window(...), wrapWidth=1)
17.3935 	EXP 	window1: mouseVisible = True
17.3941 	EXP 	window1: mouseVisible = True
17.3999 	EXP 	window1: mouseVisible = True
17.4001 	EXP 	window1: mouseVisible = True
17.4009 	EXP 	window1: mouseVisible = True
17.4018 	EXP 	window1: mouseVisible = True
17.4084 	EXP 	window1: mouseVisible = True
17.4085 	EXP 	window1: mouseVisible = True
17.4093 	EXP 	window1: mouseVisible = True
17.4100 	EXP 	window1: mouseVisible = True
17.4156 	EXP 	window1: mouseVisible = True
17.4157 	EXP 	window1: mouseVisible = True
17.4164 	EXP 	window1: mouseVisible = True
17.4170 	EXP 	window1: mouseVisible = True
17.4252 	EXP 	window1: mouseVisible = True
17.4254 	EXP 	window1: mouseVisible = True
17.4263 	EXP 	window1: mouseVisible = True
17.4269 	EXP 	window1: mouseVisible = True
17.4326 	EXP 	window1: mouseVisible = True
17.4352 	EXP 	window1: mouseVisible = True
17.4837 	EXP 	Created RSP_pleasant_2 = Slider(__class__=<class 'psychopy.visual.slider.Slider'>, autoDraw=False, autoLog=True, borderColor=None, color=None, colorSpace='rgb', depth=-20, fillColor=None, flip=False, font='Open Sans', granularity=1.0, labelColor=None, labelHeight=0.04, labelWrapWidth=None, labels=['Very easy', 'Very difficult'], lineColor=None, markerColor=None, name='RSP_pleasant_2', opacity=None, ori=0.0, pos=array([ 0.5 , -0.55]), readOnly=False, self=UNKNOWN, size=array([0.5 , 0.06]), startValue=None, style='radio', styleTweaks=[], ticks=array([0, 1]), units='norm', win=Window(...))
17.4839 	EXP 	window1: mouseVisible = True
17.4902 	EXP 	Created pleasant_txt_2 = TextStim(__class__=<class 'psychopy.visual.text.TextStim'>, alignHoriz=method-wrapper(...), alignText='center', alignVert=method-wrapper(...), anchorHoriz='center', anchorVert='center', antialias=True, autoDraw=False, autoLog=True, bold=False, color=array([-1., -1., -1.]), colorSpace='rgb', contrast=1.0, depth=-21.0, draggable=False, flipHoriz=False, flipVert=False, font='Open Sans', fontFiles=[], height=0.06, italic=False, languageStyle='LTR', name='pleasant_txt_2', opacity=1.0, ori=0.0, pos=array([ 0.42, -0.45]), rgb=UNKNOWN, text='How difficult was it to find a solution?', units='norm', win=Window(...), wrapWidth=1)
17.4904 	EXP 	window1: mouseVisible = True
17.4956 	EXP 	Created next_txt_2 = TextStim(__class__=<class 'psychopy.visual.text.TextStim'>, alignHoriz=method-wrapper(...), alignText='center', alignVert=method-wrapper(...), anchorHoriz='center', anchorVert='center', antialias=True, autoDraw=False, autoLog=True, bold=False, color=array([-1., -1., -1.]), colorSpace='rgb', contrast=1.0, depth=-22.0, draggable=False, flipHoriz=False, flipVert=False, font='Open Sans', fontFiles=[], height=0.06, italic=False, languageStyle='LTR', name='next_txt_2', opacity=1.0, ori=0.0, pos=array([ 0.7 , -0.75]), rgb=UNKNOWN, text='Next', units='norm', win=Window(...), wrapWidth=1)
17.4957 	EXP 	window1: mouseVisible = True
17.5039 	EXP 	Created practice_object = ImageStim(__class__=<class 'psychopy.visual.image.ImageStim'>, anchor=('center', 'center'), autoLog=True, color=array([1., 1., 1.]), colorSpace='rgb', contrast=1.0, depth=0.0, draggable=False, flipHoriz=False, flipVert=False, image='stimuli/practice_first.jpg', interpolate=True, mask=None, maskParams=None, name='practice_object', opacity=1.0, ori=0.0, pos=array([0., 0.]), size=array([0.65, 0.65]), texRes=128.0, units='height', win=Window(...))
17.5040 	EXP 	window1: mouseVisible = True
17.5131 	EXP 	Created practice_outline = ImageStim(__class__=<class 'psychopy.visual.image.ImageStim'>, anchor=('center', 'center'), autoLog=True, color=array([1., 1., 1.]), colorSpace='rgb', contrast=1.0, depth=-1.0, draggable=False, flipHoriz=False, flipVert=False, image='stimuli/solution1.jpg', interpolate=True, mask=None, maskParams=None, name='practice_outline', opacity=1.0, ori=0.0, pos=array([0., 0.]), size=array([0.65, 0.65]), texRes=128.0, units='height', win=Window(...))
17.5132 	EXP 	window1: mouseVisible = True
17.5264 	EXP 	Created text_2 = TextStim(__class__=<class 'psychopy.visual.text.TextStim'>, alignHoriz=method-wrapper(...), alignText='center', alignVert=method-wrapper(...), anchorHoriz='center', anchorVert='center', antialias=True, autoDraw=False, autoLog=True, bold=False, color=array([1., 1., 1.]), colorSpace='rgb', contrast=1.0, depth=-2.0, draggable=False, flipHoriz=False, flipVert=False, font='Open Sans', fontFiles=[], height=0.1, italic=False, languageStyle='LTR', name='text_2', opacity=1.0, ori=0.0, pos=array([0. , 0.7]), rgb=UNKNOWN, text='Answer: CAR', units='norm', win=Window(...), wrapWidth=1)
17.5265 	EXP 	window1: mouseVisible = True
17.5266 	EXP 	window1: mouseVisible = True
17.5289 	EXP 	Created button5 = Rect(__class__=<class 'psychopy.visual.rect.Rect'>, anchor=('center', 'center'), autoDraw=False, autoLog=True, closeShape=True, color=method-wrapper(...), colorSpace='rgb', contrast=None, depth=-4.0, draggable=False, fillColor=array([1, 1, 1]), fillColorSpace='rgb', fillRGB=array([1, 1, 1]), interpolate=True, lineColor=array([1., 1., 1.]), lineColorSpace='rgb', lineRGB=array([1, 1, 1]), lineWidth=1.0, name='button5', opacity=1.0, ori=0.0, pos=array([ 0.5, -0.6]), size=array([0.2, 0.1]), units='norm', vertices=ndarray(...), win=Window(...))
17.5290 	EXP 	window1: mouseVisible = True
17.5352 	EXP 	Created button_txt5 = TextStim(__class__=<class 'psychopy.visual.text.TextStim'>, alignHoriz=method-wrapper(...), alignText='center', alignVert=method-wrapper(...), anchorHoriz='center', anchorVert='center', antialias=True, autoDraw=False, autoLog=True, bold=False, color=array([-1., -1., -1.]), colorSpace='rgb', contrast=1.0, depth=-5.0, draggable=False, flipHoriz=False, flipVert=False, font='Open Sans', fontFiles=[], height=0.07, italic=False, languageStyle='LTR', name='button_txt5', opacity=1.0, ori=0.0, pos=array([ 0.5, -0.6]), rgb=UNKNOWN, text='Next', units='norm', win=Window(...), wrapWidth=1)
17.5353 	EXP 	window1: mouseVisible = True
17.8670 	EXP 	Created instruction4_2 = ImageStim(__class__=<class 'psychopy.visual.image.ImageStim'>, anchor=('center', 'center'), autoLog=True, color=array([1., 1., 1.]), colorSpace='rgb', contrast=1.0, depth=0.0, draggable=False, flipHoriz=False, flipVert=False, image='stimuli/intro5.PNG', interpolate=True, mask=None, maskParams=None, name='instruction4_2', opacity=1.0, ori=0.0, pos=array([0., 0.]), size=array([1.3, 1.6]), texRes=128.0, units='norm', win=Window(...))
17.8671 	EXP 	window1: mouseVisible = True
17.8672 	EXP 	window1: mouseVisible = True
17.8698 	EXP 	Created button4_2 = Rect(__class__=<class 'psychopy.visual.rect.Rect'>, anchor=('center', 'center'), autoDraw=False, autoLog=True, closeShape=True, color=method-wrapper(...), colorSpace='rgb', contrast=None, depth=-2.0, draggable=False, fillColor=array([1, 1, 1]), fillColorSpace='rgb', fillRGB=array([1, 1, 1]), interpolate=True, lineColor=array([1., 1., 1.]), lineColorSpace='rgb', lineRGB=array([1, 1, 1]), lineWidth=1.0, name='button4_2', opacity=1.0, ori=0.0, pos=array([ 0.5 , -0.65]), size=array([0.2, 0.1]), units='norm', vertices=ndarray(...), win=Window(...))
17.8700 	EXP 	window1: mouseVisible = True
17.8741 	EXP 	Created button_txt4_2 = TextStim(__class__=<class 'psychopy.visual.text.TextStim'>, alignHoriz=method-wrapper(...), alignText='center', alignVert=method-wrapper(...), anchorHoriz='center', anchorVert='center', antialias=True, autoDraw=False, autoLog=True, bold=False, color=array([-1., -1., -1.]), colorSpace='rgb', contrast=1.0, depth=-3.0, draggable=False, flipHoriz=False, flipVert=False, font='Open Sans', fontFiles=[], height=0.07, italic=False, languageStyle='LTR', name='button_txt4_2', opacity=1.0, ori=0.0, pos=array([ 0.5 , -0.65]), rgb=UNKNOWN, text='Next', units='norm', win=Window(...), wrapWidth=1)
17.8742 	EXP 	window1: mouseVisible = True
17.8891 	EXP 	Created image = ImageStim(__class__=<class 'psychopy.visual.image.ImageStim'>, anchor=('center', 'center'), autoLog=True, color=array([1., 1., 1.]), colorSpace='rgb', contrast=1.0, depth=0.0, draggable=False, flipHoriz=False, flipVert=False, image='default.png', interpolate=True, mask=None, maskParams=None, name='image', opacity=1.0, ori=0.0, pos=array([-0.4,  0. ]), size=array([0.65, 0.65]), texRes=128.0, units='height', win=Window(...))
17.8892 	EXP 	window1: mouseVisible = True
17.8893 	EXP 	window1: mouseVisible = True
17.8894 	EXP 	Created brush = <psychopy.visual.brush.Brush object at 0x000001F65B5617F0>
17.8897 	EXP 	window1: mouseVisible = True
17.8899 	EXP 	window1: mouseVisible = True
17.8908 	EXP 	window1: mouseVisible = True
17.8915 	EXP 	window1: mouseVisible = True
17.8973 	EXP 	window1: mouseVisible = True
17.8975 	EXP 	window1: mouseVisible = True
17.8981 	EXP 	window1: mouseVisible = True
17.8988 	EXP 	window1: mouseVisible = True
17.9050 	EXP 	window1: mouseVisible = True
17.9190 	EXP 	Created juhis_txt = TextStim(__class__=<class 'psychopy.visual.text.TextStim'>, alignHoriz=method-wrapper(...), alignText='center', alignVert=method-wrapper(...), anchorHoriz='center', anchorVert='center', antialias=True, autoDraw=False, autoLog=True, bold=False, color=array([-1., -1., -1.]), colorSpace='rgb', contrast=1.0, depth=-6.0, draggable=False, flipHoriz=False, flipVert=False, font='Open Sans', fontFiles=[], height=0.07, italic=False, languageStyle='LTR', name='juhis_txt', opacity=1.0, ori=0.0, pos=array([-0.45,  0.75]), rgb=UNKNOWN, text='Trace the contours to find an object!', units='norm', win=Window(...), wrapWidth=1)
17.9192 	EXP 	window1: mouseVisible = True
17.9216 	EXP 	Created button_clear = Rect(__class__=<class 'psychopy.visual.rect.Rect'>, anchor=('center', 'center'), autoDraw=False, autoLog=True, closeShape=True, color=method-wrapper(...), colorSpace='rgb', contrast=None, depth=-7.0, draggable=False, fillColor=array([1, 1, 1]), fillColorSpace='rgb', fillRGB=array([1, 1, 1]), interpolate=True, lineColor=array([1., 1., 1.]), lineColorSpace='rgb', lineRGB=array([1, 1, 1]), lineWidth=1.0, name='button_clear', opacity=1.0, ori=0.0, pos=array([-0.2 , -0.75]), size=array([0.2, 0.1]), units='norm', vertices=ndarray(...), win=Window(...))
17.9217 	EXP 	window1: mouseVisible = True
17.9338 	EXP 	Created objekt_txt = TextStim(__class__=<class 'psychopy.visual.text.TextStim'>, alignHoriz=method-wrapper(...), alignText='center', alignVert=method-wrapper(...), anchorHoriz='center', anchorVert='center', antialias=True, autoDraw=False, autoLog=True, bold=False, color=array([-1., -1., -1.]), colorSpace='rgb', contrast=1.0, depth=-8.0, draggable=False, flipHoriz=False, flipVert=False, font='Open Sans', fontFiles=[], height=0.06, italic=False, languageStyle='LTR', name='objekt_txt', opacity=1.0, ori=0.0, pos=array([0.4 , 0.55]), rgb=UNKNOWN, text='What did you find in the image?', units='norm', win=Window(...), wrapWidth=1)
17.9338 	EXP 	window1: mouseVisible = True
17.9340 	EXP 	window1: mouseVisible = True
17.9364 	EXP 	Created button_next = Rect(__class__=<class 'psychopy.visual.rect.Rect'>, anchor=('center', 'center'), autoDraw=False, autoLog=True, closeShape=True, color=method-wrapper(...), colorSpace='rgb', contrast=None, depth=-10.0, draggable=False, fillColor=array([1, 1, 1]), fillColorSpace='rgb', fillRGB=array([1, 1, 1]), interpolate=True, lineColor=array([1., 1., 1.]), lineColorSpace='rgb', lineRGB=array([1, 1, 1]), lineWidth=1.0, name='button_next', opacity=1.0, ori=0.0, pos=array([ 0.7 , -0.75]), size=array([0.2, 0.1]), units='norm', vertices=ndarray(...), win=Window(...))
17.9364 	EXP 	window1: mouseVisible = True
17.9365 	EXP 	window1: mouseVisible = True
17.9415 	EXP 	Created clear_txt = TextStim(__class__=<class 'psychopy.visual.text.TextStim'>, alignHoriz=method-wrapper(...), alignText='center', alignVert=method-wrapper(...), anchorHoriz='center', anchorVert='center', antialias=True, autoDraw=False, autoLog=True, bold=False, color=array([-1., -1., -1.]), colorSpace='rgb', contrast=1.0, depth=-12.0, draggable=False, flipHoriz=False, flipVert=False, font='Open Sans', fontFiles=[], height=0.06, italic=False, languageStyle='LTR', name='clear_txt', opacity=1.0, ori=0.0, pos=array([-0.2 , -0.75]), rgb=UNKNOWN, text='Erase', units='norm', win=Window(...), wrapWidth=1)
17.9416 	EXP 	window1: mouseVisible = True
17.9445 	EXP 	Created button_hint = Rect(__class__=<class 'psychopy.visual.rect.Rect'>, anchor=('center', 'center'), autoDraw=False, autoLog=True, closeShape=True, color=method-wrapper(...), colorSpace='rgb', contrast=None, depth=-13.0, draggable=False, fillColor=array([ 1, -1, -1]), fillColorSpace='rgb', fillRGB=array([ 1, -1, -1]), interpolate=True, lineColor=array([1., 1., 1.]), lineColorSpace='rgb', lineRGB=array([1, 1, 1]), lineWidth=1.0, name='button_hint', opacity=1.0, ori=0.0, pos=array([0.6, 0.6]), size=array([0.2, 0.1]), units='norm', vertices=ndarray(...), win=Window(...))
17.9446 	EXP 	window1: mouseVisible = True
17.9474 	EXP 	Created vihje_txt = TextStim(__class__=<class 'psychopy.visual.text.TextStim'>, alignHoriz=method-wrapper(...), alignText='center', alignVert=method-wrapper(...), anchorHoriz='center', anchorVert='center', antialias=True, autoDraw=False, autoLog=True, bold=False, color=array([1., 1., 1.]), colorSpace='rgb', contrast=1.0, depth=-14.0, draggable=False, flipHoriz=False, flipVert=False, font='Open Sans', fontFiles=[], height=0.06, italic=False, languageStyle='LTR', name='vihje_txt', opacity=1.0, ori=0.0, pos=array([0.6, 0.6]), rgb=UNKNOWN, text='', units='norm', win=Window(...), wrapWidth=1)
17.9475 	EXP 	window1: mouseVisible = True
17.9497 	EXP 	Created button_yes = Rect(__class__=<class 'psychopy.visual.rect.Rect'>, anchor=('center', 'center'), autoDraw=False, autoLog=True, closeShape=True, color=method-wrapper(...), colorSpace='rgb', contrast=None, depth=-15.0, draggable=False, fillColor=array([-1.        ,  0.00392157, -1.        ]), fillColorSpace='rgb', fillRGB=array([-1.        ,  0.00392157, -1.        ]), interpolate=True, lineColor=array([1., 1., 1.]), lineColorSpace='rgb', lineRGB=array([1, 1, 1]), lineWidth=1.0, name='button_yes', opacity=1.0, ori=0.0, pos=array([0.3, 0.6]), size=array([0.2, 0.1]), units='norm', vertices=ndarray(...), win=Window(...))
17.9498 	EXP 	window1: mouseVisible = True
17.9516 	EXP 	Created leidsin_txt = TextStim(__class__=<class 'psychopy.visual.text.TextStim'>, alignHoriz=method-wrapper(...), alignText='center', alignVert=method-wrapper(...), anchorHoriz='center', anchorVert='center', antialias=True, autoDraw=False, autoLog=True, bold=False, color=array([1., 1., 1.]), colorSpace='rgb', contrast=1.0, depth=-16.0, draggable=False, flipHoriz=False, flipVert=False, font='Open Sans', fontFiles=[], height=0.06, italic=False, languageStyle='LTR', name='leidsin_txt', opacity=1.0, ori=0.0, pos=array([0.3, 0.6]), rgb=UNKNOWN, text='', units='norm', win=Window(...), wrapWidth=1)
17.9565 	EXP 	window1: mouseVisible = True
17.9570 	EXP 	window1: mouseVisible = True
17.9632 	EXP 	window1: mouseVisible = True
17.9633 	EXP 	window1: mouseVisible = True
17.9642 	EXP 	window1: mouseVisible = True
17.9650 	EXP 	window1: mouseVisible = True
17.9711 	EXP 	window1: mouseVisible = True
17.9712 	EXP 	window1: mouseVisible = True
17.9719 	EXP 	window1: mouseVisible = True
17.9725 	EXP 	window1: mouseVisible = True
17.9779 	EXP 	window1: mouseVisible = True
17.9781 	EXP 	window1: mouseVisible = True
17.9787 	EXP 	window1: mouseVisible = True
17.9794 	EXP 	window1: mouseVisible = True
17.9862 	EXP 	window1: mouseVisible = True
17.9864 	EXP 	window1: mouseVisible = True
17.9871 	EXP 	window1: mouseVisible = True
17.9877 	EXP 	window1: mouseVisible = True
17.9936 	EXP 	window1: mouseVisible = True
17.9961 	EXP 	window1: mouseVisible = True
18.0427 	EXP 	Created RSP_ahhaa = Slider(__class__=<class 'psychopy.visual.slider.Slider'>, autoDraw=False, autoLog=True, borderColor=None, color=None, colorSpace='rgb', depth=-17, fillColor=None, flip=False, font='Open Sans', granularity=1.0, labelColor=None, labelHeight=0.04, labelWrapWidth=None, labels=['Very uncertain', 'Very certain'], lineColor=None, markerColor=None, name='RSP_ahhaa', opacity=None, ori=0.0, pos=array([ 0.5 , -0.05]), readOnly=False, self=UNKNOWN, size=array([0.5 , 0.06]), startValue=None, style='radio', styleTweaks=[], ticks=array([0, 1]), units='norm', win=Window(...))
18.0429 	EXP 	window1: mouseVisible = True
18.0498 	EXP 	Created ahhaa_txt = TextStim(__class__=<class 'psychopy.visual.text.TextStim'>, alignHoriz=method-wrapper(...), alignText='center', alignVert=method-wrapper(...), anchorHoriz='center', anchorVert='center', antialias=True, autoDraw=False, autoLog=True, bold=False, color=array([-1., -1., -1.]), colorSpace='rgb', contrast=1.0, depth=-18.0, draggable=False, flipHoriz=False, flipVert=False, font='Open Sans', fontFiles=[], height=0.06, italic=False, languageStyle='LTR', name='ahhaa_txt', opacity=1.0, ori=0.0, pos=array([0.51, 0.05]), rgb=UNKNOWN, text=str(...), units='norm', win=Window(...), wrapWidth=1)
18.0544 	EXP 	window1: mouseVisible = True
18.0549 	EXP 	window1: mouseVisible = True
18.0607 	EXP 	window1: mouseVisible = True
18.0609 	EXP 	window1: mouseVisible = True
18.0618 	EXP 	window1: mouseVisible = True
18.0626 	EXP 	window1: mouseVisible = True
18.0687 	EXP 	window1: mouseVisible = True
18.0689 	EXP 	window1: mouseVisible = True
18.0698 	EXP 	window1: mouseVisible = True
18.0708 	EXP 	window1: mouseVisible = True
18.0787 	EXP 	window1: mouseVisible = True
18.0789 	EXP 	window1: mouseVisible = True
18.0796 	EXP 	window1: mouseVisible = True
18.0803 	EXP 	window1: mouseVisible = True
18.0868 	EXP 	window1: mouseVisible = True
18.0870 	EXP 	window1: mouseVisible = True
18.0877 	EXP 	window1: mouseVisible = True
18.0883 	EXP 	window1: mouseVisible = True
18.0933 	EXP 	window1: mouseVisible = True
18.0957 	EXP 	window1: mouseVisible = True
18.1425 	EXP 	Created RSP_sudden = Slider(__class__=<class 'psychopy.visual.slider.Slider'>, autoDraw=False, autoLog=True, borderColor=None, color=None, colorSpace='rgb', depth=-19, fillColor=None, flip=False, font='Open Sans', granularity=1.0, labelColor=None, labelHeight=0.04, labelWrapWidth=None, labels=['Very gradually', 'Very suddenly'], lineColor=None, markerColor=None, name='RSP_sudden', opacity=None, ori=0.0, pos=array([ 0.5, -0.3]), readOnly=False, self=UNKNOWN, size=array([0.5 , 0.06]), startValue=None, style='radio', styleTweaks=[], ticks=array([0, 1]), units='norm', win=Window(...))
18.1427 	EXP 	window1: mouseVisible = True
18.1510 	EXP 	Created sudden_txt = TextStim(__class__=<class 'psychopy.visual.text.TextStim'>, alignHoriz=method-wrapper(...), alignText='center', alignVert=method-wrapper(...), anchorHoriz='center', anchorVert='center', antialias=True, autoDraw=False, autoLog=True, bold=False, color=array([-1., -1., -1.]), colorSpace='rgb', contrast=1.0, depth=-20.0, draggable=False, flipHoriz=False, flipVert=False, font='Open Sans', fontFiles=[], height=0.06, italic=False, languageStyle='LTR', name='sudden_txt', opacity=1.0, ori=0.0, pos=array([ 0.42, -0.2 ]), rgb=UNKNOWN, text='How suddenly did the final answer arrive?', units='norm', win=Window(...), wrapWidth=1)
18.1552 	EXP 	window1: mouseVisible = True
18.1559 	EXP 	window1: mouseVisible = True
18.1611 	EXP 	window1: mouseVisible = True
18.1613 	EXP 	window1: mouseVisible = True
18.1622 	EXP 	window1: mouseVisible = True
18.1630 	EXP 	window1: mouseVisible = True
18.1697 	EXP 	window1: mouseVisible = True
18.1699 	EXP 	window1: mouseVisible = True
18.1705 	EXP 	window1: mouseVisible = True
18.1712 	EXP 	window1: mouseVisible = True
18.1769 	EXP 	window1: mouseVisible = True
18.1770 	EXP 	window1: mouseVisible = True
18.1777 	EXP 	window1: mouseVisible = True
18.1783 	EXP 	window1: mouseVisible = True
18.1844 	EXP 	window1: mouseVisible = True
18.1847 	EXP 	window1: mouseVisible = True
18.1854 	EXP 	window1: mouseVisible = True
18.1861 	EXP 	window1: mouseVisible = True
18.1917 	EXP 	window1: mouseVisible = True
18.1940 	EXP 	window1: mouseVisible = True
18.2397 	EXP 	Created RSP_pleasant = Slider(__class__=<class 'psychopy.visual.slider.Slider'>, autoDraw=False, autoLog=True, borderColor=None, color=None, colorSpace='rgb', depth=-21, fillColor=None, flip=False, font='Open Sans', granularity=1.0, labelColor=None, labelHeight=0.04, labelWrapWidth=None, labels=['Very easy', 'Very difficult'], lineColor=None, markerColor=None, name='RSP_pleasant', opacity=None, ori=0.0, pos=array([ 0.5 , -0.55]), readOnly=False, self=UNKNOWN, size=array([0.5 , 0.06]), startValue=None, style='radio', styleTweaks=[], ticks=array([0, 1]), units='norm', win=Window(...))
18.2399 	EXP 	window1: mouseVisible = True
18.2454 	EXP 	Created pleasant_txt = TextStim(__class__=<class 'psychopy.visual.text.TextStim'>, alignHoriz=method-wrapper(...), alignText='center', alignVert=method-wrapper(...), anchorHoriz='center', anchorVert='center', antialias=True, autoDraw=False, autoLog=True, bold=False, color=array([-1., -1., -1.]), colorSpace='rgb', contrast=1.0, depth=-22.0, draggable=False, flipHoriz=False, flipVert=False, font='Open Sans', fontFiles=[], height=0.06, italic=False, languageStyle='LTR', name='pleasant_txt', opacity=1.0, ori=0.0, pos=array([ 0.42, -0.45]), rgb=UNKNOWN, text='How difficult was it to find a solution?', units='norm', win=Window(...), wrapWidth=1)
18.2455 	EXP 	window1: mouseVisible = True
18.2501 	EXP 	Created next_txt = TextStim(__class__=<class 'psychopy.visual.text.TextStim'>, alignHoriz=method-wrapper(...), alignText='center', alignVert=method-wrapper(...), anchorHoriz='center', anchorVert='center', antialias=True, autoDraw=False, autoLog=True, bold=False, color=array([-1., -1., -1.]), colorSpace='rgb', contrast=1.0, depth=-23.0, draggable=False, flipHoriz=False, flipVert=False, font='Open Sans', fontFiles=[], height=0.06, italic=False, languageStyle='LTR', name='next_txt', opacity=1.0, ori=0.0, pos=array([ 0.7 , -0.75]), rgb=UNKNOWN, text='Next', units='norm', win=Window(...), wrapWidth=1)
18.2502 	EXP 	window1: mouseVisible = True
18.2527 	EXP 	Created text = TextStim(__class__=<class 'psychopy.visual.text.TextStim'>, alignHoriz=method-wrapper(...), alignText='center', alignVert=method-wrapper(...), anchorHoriz='center', anchorVert='center', antialias=True, autoDraw=False, autoLog=True, bold=False, color=array([1., 1., 1.]), colorSpace='rgb', contrast=1.0, depth=0.0, draggable=False, flipHoriz=False, flipVert=False, font='Open Sans', fontFiles=[], height=0.1, italic=False, languageStyle='LTR', name='text', opacity=1.0, ori=0.0, pos=array([0., 0.]), rgb=UNKNOWN, text='', units='norm', win=Window(...), wrapWidth=1)
18.2528 	EXP 	window1: mouseVisible = True
18.2624 	EXP 	Created end_txt = TextStim(__class__=<class 'psychopy.visual.text.TextStim'>, alignHoriz=method-wrapper(...), alignText='center', alignVert=method-wrapper(...), anchorHoriz='center', anchorVert='center', antialias=True, autoDraw=False, autoLog=True, bold=False, color=array([1., 1., 1.]), colorSpace='rgb', contrast=1.0, depth=0.0, draggable=False, flipHoriz=False, flipVert=False, font='Open Sans', fontFiles=[], height=0.1, italic=False, languageStyle='LTR', name='end_txt', opacity=1.0, ori=0.0, pos=array([0., 0.]), rgb=UNKNOWN, text='The end. Thank you!', units='norm', win=Window(...), wrapWidth=1)
0.0100 	EXP 	brush_2: autoLog = True
0.0100 	EXP 	brush_2: autoDraw = False
0.0100 	EXP 	H1_textbox_2: autoLog = True
0.0100 	EXP 	RSP_ahhaa_2: autoLog = True
0.0100 	EXP 	RSP_ahhaa_2: ticks = array([0, 1])
0.0100 	EXP 	RSP_ahhaa_2: styleTweaks = []
0.0100 	EXP 	RSP_ahhaa_2: styleTweaks = []
0.0100 	EXP 	RSP_ahhaa_2: styleTweaks = []
0.0100 	EXP 	RSP_ahhaa_2: styleTweaks = []
0.0100 	EXP 	RSP_ahhaa_2: ticks = array([0, 1])
0.0100 	EXP 	RSP_ahhaa_2: contrast = 1.0
0.0100 	EXP 	RSP_ahhaa_2: markerPos = None
0.0100 	EXP 	RSP_ahhaa_2: autoLog = True
0.0100 	EXP 	RSP_sudden_2: autoLog = True
0.0100 	EXP 	RSP_sudden_2: ticks = array([0, 1])
0.0100 	EXP 	RSP_sudden_2: styleTweaks = []
0.0100 	EXP 	RSP_sudden_2: styleTweaks = []
0.0100 	EXP 	RSP_sudden_2: styleTweaks = []
0.0100 	EXP 	RSP_sudden_2: styleTweaks = []
0.0100 	EXP 	RSP_sudden_2: ticks = array([0, 1])
0.0100 	EXP 	RSP_sudden_2: contrast = 1.0
0.0100 	EXP 	RSP_sudden_2: markerPos = None
0.0100 	EXP 	RSP_sudden_2: autoLog = True
0.0100 	EXP 	RSP_pleasant_2: autoLog = True
0.0100 	EXP 	RSP_pleasant_2: ticks = array([0, 1])
0.0100 	EXP 	RSP_pleasant_2: styleTweaks = []
0.0100 	EXP 	RSP_pleasant_2: styleTweaks = []
0.0100 	EXP 	RSP_pleasant_2: styleTweaks = []
0.0100 	EXP 	RSP_pleasant_2: styleTweaks = []
0.0100 	EXP 	RSP_pleasant_2: ticks = array([0, 1])
0.0100 	EXP 	RSP_pleasant_2: contrast = 1.0
0.0100 	EXP 	RSP_pleasant_2: markerPos = None
0.0100 	EXP 	RSP_pleasant_2: autoLog = True
0.0100 	EXP 	brush: autoLog = True
0.0100 	EXP 	brush: autoDraw = False
0.0100 	EXP 	H1_textbox: autoLog = True
0.0100 	EXP 	RSP_ahhaa: autoLog = True
0.0100 	EXP 	RSP_ahhaa: ticks = array([0, 1])
0.0100 	EXP 	RSP_ahhaa: styleTweaks = []
0.0100 	EXP 	RSP_ahhaa: styleTweaks = []
0.0100 	EXP 	RSP_ahhaa: styleTweaks = []
0.0100 	EXP 	RSP_ahhaa: styleTweaks = []
0.0100 	EXP 	RSP_ahhaa: ticks = array([0, 1])
0.0100 	EXP 	RSP_ahhaa: contrast = 1.0
0.0100 	EXP 	RSP_ahhaa: markerPos = None
0.0100 	EXP 	RSP_ahhaa: autoLog = True
0.0100 	EXP 	RSP_sudden: autoLog = True
0.0100 	EXP 	RSP_sudden: ticks = array([0, 1])
0.0100 	EXP 	RSP_sudden: styleTweaks = []
0.0100 	EXP 	RSP_sudden: styleTweaks = []
0.0100 	EXP 	RSP_sudden: styleTweaks = []
0.0100 	EXP 	RSP_sudden: styleTweaks = []
0.0100 	EXP 	RSP_sudden: ticks = array([0, 1])
0.0100 	EXP 	RSP_sudden: contrast = 1.0
0.0100 	EXP 	RSP_sudden: markerPos = None
0.0100 	EXP 	RSP_sudden: autoLog = True
0.0100 	EXP 	RSP_pleasant: autoLog = True
0.0100 	EXP 	RSP_pleasant: ticks = array([0, 1])
0.0100 	EXP 	RSP_pleasant: styleTweaks = []
0.0100 	EXP 	RSP_pleasant: styleTweaks = []
0.0100 	EXP 	RSP_pleasant: styleTweaks = []
0.0100 	EXP 	RSP_pleasant: styleTweaks = []
0.0100 	EXP 	RSP_pleasant: ticks = array([0, 1])
0.0100 	EXP 	RSP_pleasant: contrast = 1.0
0.0100 	EXP 	RSP_pleasant: markerPos = None
0.0100 	EXP 	RSP_pleasant: autoLog = True
0.0189 	EXP 	instruction1_2: autoDraw = True
0.0189 	EXP 	button1_2: autoDraw = True
0.0189 	EXP 	button_txt1_2: autoDraw = True
2.1777 	DATA 	Mouse: Left button down, pos=(1417,210)
2.1902 	EXP 	instruction1_2: autoDraw = False
2.1902 	EXP 	button1_2: autoDraw = False
2.1902 	EXP 	button_txt1_2: autoDraw = False
2.1902 	EXP 	instruction1: autoDraw = True
2.2220 	DATA 	Mouse:  Left button up, pos=(1417,210)
3.0271 	DATA 	Mouse: Left button down, pos=(811,273)
3.1382 	DATA 	Mouse:  Left button up, pos=(811,273)
4.1313 	DATA 	Mouse: Left button down, pos=(1137,503)
4.1872 	EXP 	button1: autoDraw = True
4.1872 	EXP 	button_txt1: autoDraw = True
4.3172 	DATA 	Mouse:  Left button up, pos=(1137,503)
5.3588 	DATA 	Mouse: Left button down, pos=(1401,197)
5.3665 	EXP 	instruction1: autoDraw = False
5.3665 	EXP 	button1: autoDraw = False
5.3665 	EXP 	button_txt1: autoDraw = False
5.3665 	EXP 	instruction2: autoDraw = True
5.5128 	DATA 	Mouse:  Left button up, pos=(1401,197)
7.3589 	EXP 	button2: autoDraw = True
7.3589 	EXP 	button_txt2: autoDraw = True
8.1658 	DATA 	Mouse: Left button down, pos=(1369,182)
8.1711 	EXP 	instruction2: autoDraw = False
8.1711 	EXP 	button2: autoDraw = False
8.1711 	EXP 	button_txt2: autoDraw = False
8.1711 	EXP 	instruction3: autoDraw = True
8.2980 	DATA 	Mouse:  Left button up, pos=(1369,182)
9.7837 	DATA 	Mouse: Left button down, pos=(1069,497)
9.9293 	DATA 	Mouse:  Left button up, pos=(1069,497)
10.1709 	EXP 	button3: autoDraw = True
10.1709 	EXP 	button_txt3: autoDraw = True
10.3042 	DATA 	Mouse: Left button down, pos=(1055,309)
10.4160 	DATA 	Mouse:  Left button up, pos=(1055,309)
10.9983 	DATA 	Mouse: Left button down, pos=(1422,155)
11.1441 	DATA 	Mouse:  Left button up, pos=(1422,155)
11.8122 	DATA 	Mouse: Left button down, pos=(1412,181)
11.8244 	EXP 	instruction3: autoDraw = False
11.8244 	EXP 	button3: autoDraw = False
11.8244 	EXP 	button_txt3: autoDraw = False
11.8244 	EXP 	instruction4: autoDraw = True
11.9918 	DATA 	Mouse:  Left button up, pos=(1412,181)
12.5614 	DATA 	Mouse: Left button down, pos=(1222,308)
12.6933 	DATA 	Mouse:  Left button up, pos=(1222,308)
13.8173 	EXP 	button4: autoDraw = True
13.8173 	EXP 	button_txt4: autoDraw = True
14.6087 	DATA 	Mouse: Left button down, pos=(1340,214)
14.7545 	DATA 	Mouse:  Left button up, pos=(1340,214)
15.4092 	DATA 	Mouse: Left button down, pos=(1414,190)
15.4113 	EXP 	Resetting brush_2
15.4387 	EXP 	Resetting brush_2 parameter: brushPos.
15.4388 	EXP 	Creating ShapeStim for brush_2
15.4389 	EXP 	window1: mouseVisible = True
15.4455 	EXP 	instruction4: autoDraw = False
15.4455 	EXP 	button4: autoDraw = False
15.4455 	EXP 	button_txt4: autoDraw = False
15.4455 	EXP 	image_2: image = 'stimuli/practice_first.jpg'
15.4455 	EXP 	vihje_txt_2: height = 0.06
15.4455 	EXP 	vihje_txt_2: height = 0.06
15.4455 	EXP 	vihje_txt_2: height = 0.06
15.4455 	EXP 	vihje_txt_2: text = 'None'
15.4455 	EXP 	leidsin_txt_2: height = 0.06
15.4455 	EXP 	leidsin_txt_2: height = 0.06
15.4455 	EXP 	leidsin_txt_2: height = 0.06
15.4455 	EXP 	leidsin_txt_2: text = 'Found it!'
15.4455 	EXP 	RSP_ahhaa_2: markerPos = None
15.4455 	EXP 	RSP_ahhaa_2: markerPos = None
15.4455 	EXP 	RSP_sudden_2: markerPos = None
15.4455 	EXP 	RSP_sudden_2: markerPos = None
15.4455 	EXP 	RSP_pleasant_2: markerPos = None
15.4455 	EXP 	RSP_pleasant_2: markerPos = None
15.4455 	EXP 	image_2: autoDraw = True
15.4455 	EXP 	brush_2: autoDraw = True
15.4455 	EXP 	juhis_txt_2: autoDraw = True
15.4455 	EXP 	button_clear_2: autoDraw = True
15.4455 	EXP 	clear_txt_2: autoDraw = True
15.4455 	EXP 	button_yes_2: autoDraw = True
15.5595 	DATA 	Mouse:  Left button up, pos=(1414,190)
17.9048 	DATA 	Mouse: Left button down, pos=(1242,866)
17.9186 	EXP 	Resetting brush_2 parameter: brushPos.
17.9186 	EXP 	Creating ShapeStim for brush_2
17.9188 	EXP 	window1: mouseVisible = True
17.9454 	EXP 	objekt_txt_2: autoDraw = True
17.9454 	EXP 	button_yes_2: autoDraw = False
17.9454 	EXP 	RSP_ahhaa_2: autoDraw = True
17.9454 	EXP 	ahhaa_txt_2: autoDraw = True
17.9454 	EXP 	RSP_sudden_2: autoDraw = True
17.9454 	EXP 	sudden_txt_2: autoDraw = True
17.9454 	EXP 	RSP_pleasant_2: autoDraw = True
17.9454 	EXP 	pleasant_txt_2: autoDraw = True
17.9703 	EXP 	H1_textbox_2: autoDraw = True
18.0028 	DATA 	Mouse:  Left button up, pos=(1242,866)
18.9574 	DATA 	Mouse: Left button down, pos=(1358,705)
18.9576 	DATA 	Mouse:  Left button up, pos=(1358,705)
19.4452 	DATA 	Mouse: Left button down, pos=(1402,709)
19.4496 	EXP 	Resetting brush_2 parameter: brushPos.
19.4496 	EXP 	Creating ShapeStim for brush_2
19.4497 	EXP 	window1: mouseVisible = True
19.7699 	DATA 	Mouse:  Left button up, pos=(1508,709)
20.4451 	EXP 	button_hint_2: autoDraw = True
20.4451 	EXP 	button_hint_2: autoDraw = False
20.4451 	EXP 	vihje_txt_2: autoDraw = True
20.4451 	EXP 	vihje_txt_2: autoDraw = False
23.6464 	DATA 	Mouse: Left button down, pos=(1377,703)
23.6632 	EXP 	Resetting brush_2 parameter: brushPos.
23.6633 	EXP 	Creating ShapeStim for brush_2
23.6634 	EXP 	window1: mouseVisible = True
23.7840 	DATA 	Mouse:  Left button up, pos=(1377,703)
24.6045 	DATA 	Mouse: Left button down, pos=(1199,520)
24.6257 	EXP 	RSP_ahhaa_2: markerPos = -0.002083333333333326
24.6275 	EXP 	Resetting brush_2 parameter: brushPos.
24.6275 	EXP 	Creating ShapeStim for brush_2
24.6276 	EXP 	window1: mouseVisible = True
24.6548 	EXP 	RSP_ahhaa_2: markerPos = 0
24.7620 	DATA 	Mouse:  Left button up, pos=(1199,520)
25.5262 	DATA 	Mouse: Left button down, pos=(1694,513)
25.5462 	EXP 	RSP_ahhaa_2: markerPos = 1.0291666666666668
25.5489 	EXP 	Resetting brush_2 parameter: brushPos.
25.5489 	EXP 	Creating ShapeStim for brush_2
25.5491 	EXP 	window1: mouseVisible = True
25.5752 	EXP 	RSP_ahhaa_2: markerPos = 1
25.6685 	DATA 	Mouse:  Left button up, pos=(1694,513)
26.4240 	DATA 	Mouse: Left button down, pos=(1193,375)
26.4295 	EXP 	Resetting brush_2 parameter: brushPos.
26.4295 	EXP 	Creating ShapeStim for brush_2
26.4296 	EXP 	window1: mouseVisible = True
26.5477 	DATA 	Mouse:  Left button up, pos=(1193,375)
26.7300 	DATA 	Mouse: Left button down, pos=(1201,376)
26.7322 	EXP 	Resetting brush_2 parameter: brushPos.
26.7322 	EXP 	Creating ShapeStim for brush_2
26.7324 	EXP 	window1: mouseVisible = True
26.8908 	DATA 	Mouse:  Left button up, pos=(1201,376)
27.0214 	DATA 	Mouse: Left button down, pos=(1201,376)
27.0270 	EXP 	Resetting brush_2 parameter: brushPos.
27.0270 	EXP 	Creating ShapeStim for brush_2
27.0271 	EXP 	window1: mouseVisible = True
27.1374 	DATA 	Mouse:  Left button up, pos=(1201,376)
27.2790 	DATA 	Mouse: Left button down, pos=(1201,376)
27.2888 	EXP 	Resetting brush_2 parameter: brushPos.
27.2888 	EXP 	Creating ShapeStim for brush_2
27.2889 	EXP 	window1: mouseVisible = True
27.4319 	DATA 	Mouse:  Left button up, pos=(1201,376)
27.4908 	DATA 	Mouse: Left button down, pos=(1201,376)
27.4908 	EXP 	Resetting brush_2 parameter: brushPos.
27.4908 	EXP 	Creating ShapeStim for brush_2
27.4909 	EXP 	window1: mouseVisible = True
27.7122 	DATA 	Mouse:  Left button up, pos=(1201,376)
27.9748 	DATA 	Mouse: Left button down, pos=(1201,376)
27.9860 	EXP 	Resetting brush_2 parameter: brushPos.
27.9860 	EXP 	Creating ShapeStim for brush_2
27.9861 	EXP 	window1: mouseVisible = True
28.1363 	DATA 	Mouse:  Left button up, pos=(1201,376)
29.8559 	DATA 	Mouse: Left button down, pos=(1687,381)
29.8622 	EXP 	Resetting brush_2 parameter: brushPos.
29.8622 	EXP 	Creating ShapeStim for brush_2
29.8623 	EXP 	window1: mouseVisible = True
29.9711 	DATA 	Mouse:  Left button up, pos=(1687,381)
30.0641 	DATA 	Mouse: Left button down, pos=(1687,381)
30.0709 	EXP 	Resetting brush_2 parameter: brushPos.
30.0709 	EXP 	Creating ShapeStim for brush_2
30.0711 	EXP 	window1: mouseVisible = True
30.2174 	DATA 	Mouse:  Left button up, pos=(1685,370)
30.5144 	DATA 	Mouse: Left button down, pos=(1302,669)
30.5317 	EXP 	Resetting brush_2 parameter: brushPos.
30.5317 	EXP 	Creating ShapeStim for brush_2
30.5318 	EXP 	window1: mouseVisible = True
30.6303 	DATA 	Mouse:  Left button up, pos=(1302,669)
30.7501 	DATA 	Mouse: Left button down, pos=(1302,669)
30.7729 	EXP 	Resetting brush_2 parameter: brushPos.
30.7729 	EXP 	Creating ShapeStim for brush_2
30.7730 	EXP 	window1: mouseVisible = True
30.8769 	DATA 	Mouse:  Left button up, pos=(1314,677)
30.9886 	DATA 	Mouse: Left button down, pos=(1413,705)
30.9950 	EXP 	Resetting brush_2 parameter: brushPos.
30.9950 	EXP 	Creating ShapeStim for brush_2
30.9952 	EXP 	window1: mouseVisible = True
31.1465 	DATA 	Mouse:  Left button up, pos=(1413,705)
31.5424 	DATA 	Keypress: t
31.6534 	DATA 	Keypress: h
31.9456 	DATA 	Keypress: t
31.9633 	DATA 	Keypress: h
32.5943 	DATA 	Mouse: Left button down, pos=(1188,370)
32.6016 	EXP 	Resetting brush_2 parameter: brushPos.
32.6016 	EXP 	Creating ShapeStim for brush_2
32.6018 	EXP 	window1: mouseVisible = True
32.7025 	DATA 	Mouse:  Left button up, pos=(1188,371)
32.8765 	DATA 	Mouse: Left button down, pos=(1194,371)
32.9015 	EXP 	RSP_sudden_2: markerPos = -0.01041666666666663
32.9062 	EXP 	Resetting brush_2 parameter: brushPos.
32.9062 	EXP 	Creating ShapeStim for brush_2
32.9063 	EXP 	window1: mouseVisible = True
32.9344 	EXP 	RSP_sudden_2: markerPos = 0
33.0472 	DATA 	Mouse:  Left button up, pos=(1198,371)
33.7646 	DATA 	Mouse: Left button down, pos=(1200,233)
33.7693 	EXP 	Resetting brush_2 parameter: brushPos.
33.7693 	EXP 	Creating ShapeStim for brush_2
33.7694 	EXP 	window1: mouseVisible = True
33.9097 	DATA 	Mouse:  Left button up, pos=(1200,233)
34.0813 	DATA 	Mouse: Left button down, pos=(1200,233)
34.0814 	EXP 	Resetting brush_2 parameter: brushPos.
34.0814 	EXP 	Creating ShapeStim for brush_2
34.0815 	EXP 	window1: mouseVisible = True
34.1744 	DATA 	Mouse:  Left button up, pos=(1200,233)
34.3023 	DATA 	Mouse: Left button down, pos=(1201,232)
34.3236 	EXP 	RSP_pleasant_2: markerPos = 0.002083333333333326
34.3282 	EXP 	Resetting brush_2 parameter: brushPos.
34.3282 	EXP 	Creating ShapeStim for brush_2
34.3283 	EXP 	window1: mouseVisible = True
34.3525 	EXP 	RSP_pleasant_2: markerPos = 0
34.3833 	EXP 	button_next_2: autoDraw = True
34.3833 	EXP 	next_txt_2: autoDraw = True
34.4082 	DATA 	Mouse:  Left button up, pos=(1201,232)
35.4585 	DATA 	Mouse: Left button down, pos=(1632,122)
35.4883 	EXP 	Resetting brush_2
35.4940 	EXP 	image_2: autoDraw = False
35.4940 	EXP 	brush_2: autoDraw = False
35.4940 	EXP 	H1_textbox_2: autoDraw = False
35.4940 	EXP 	juhis_txt_2: autoDraw = False
35.4940 	EXP 	button_clear_2: autoDraw = False
35.4940 	EXP 	objekt_txt_2: autoDraw = False
35.4940 	EXP 	button_next_2: autoDraw = False
35.4940 	EXP 	clear_txt_2: autoDraw = False
35.4940 	EXP 	button_hint_2: autoDraw = False
35.4940 	EXP 	vihje_txt_2: autoDraw = False
35.4940 	EXP 	button_yes_2: autoDraw = False
35.4940 	EXP 	leidsin_txt_2: autoDraw = False
35.4940 	EXP 	RSP_ahhaa_2: autoDraw = False
35.4940 	EXP 	ahhaa_txt_2: autoDraw = False
35.4940 	EXP 	RSP_sudden_2: autoDraw = False
35.4940 	EXP 	sudden_txt_2: autoDraw = False
35.4940 	EXP 	RSP_pleasant_2: autoDraw = False
35.4940 	EXP 	pleasant_txt_2: autoDraw = False
35.4940 	EXP 	next_txt_2: autoDraw = False
35.4940 	EXP 	practice_object: autoDraw = True
35.4940 	EXP 	text_2: autoDraw = True
35.6242 	DATA 	Mouse:  Left button up, pos=(1632,122)
36.0967 	DATA 	Mouse: Left button down, pos=(828,669)
36.2345 	DATA 	Mouse:  Left button up, pos=(828,669)
36.7079 	DATA 	Mouse: Left button down, pos=(828,669)
37.0546 	DATA 	Mouse:  Left button up, pos=(1060,355)
37.2282 	DATA 	Mouse: Left button down, pos=(1133,390)
37.3668 	DATA 	Mouse:  Left button up, pos=(1133,390)
37.4710 	DATA 	Mouse: Left button down, pos=(1140,400)
37.4896 	EXP 	practice_outline: autoDraw = True
37.4896 	EXP 	button5: autoDraw = True
37.4896 	EXP 	button_txt5: autoDraw = True
37.4974 	EXP 	practice_object: autoDraw = False
37.5532 	DATA 	Mouse:  Left button up, pos=(1140,400)
39.3236 	DATA 	Keypress: escape
39.4553 	EXP 	ConstellationsNAI23: status = STOPPED
39.4633 	EXP 	practice_outline: autoDraw = False
39.4633 	EXP 	text_2: autoDraw = False
39.4633 	EXP 	button5: autoDraw = False
39.4633 	EXP 	button_txt5: autoDraw = False
39.4634 	EXP 	ConstellationsNAI23: status = STOPPED
39.5920 	EXP 	window1: mouseVisible = True
