15.7877 	WARNING 	User requested fullscreen with size [1536  864], but screen is actually [1920, 1080]. Using actual size
17.2658 	EXP 	Created window1 = Window(allowGUI=True, allowStencil=True, autoLog=True, backendConf=UNKNOWN, backgroundFit=<method-wrapper '__getattribute__' of attributeSetter object at 0x000002047A91CBE0>, backgroundImage=<method-wrapper '__getattribute__' of attributeSetter object at 0x000002047A91CB80>, bitsMode=UNKNOWN, blendMode='avg', bpc=(8, 8, 8), color=array([0, 0, 0]), colorSpace='rgb', depthBits=8, fullscr=<method-wrapper '__getattribute__' of attributeSetter object at 0x000002047A91C9D0>, gamma=None, gammaErrorPolicy='raise', lms=UNKNOWN, monitor=<psychopy.monitors.calibTools.Monitor object at 0x000002047AECE4F0>, multiSample=False, name='window1', numSamples=2, pos=(0, 0), screen=0, size=array([1920, 1080]), stencilBits=8, stereo=False, title='PsychoPy', units='norm', useFBO=True, useRetina=False, viewOri=0.0, viewPos=None, viewScale=None, waitBlanking=True, winType='pyglet')
17.2659 	EXP 	window1: mouseVisible = True
17.2660 	EXP 	window1: backgroundImage = ''
17.2660 	EXP 	window1: backgroundFit = 'none'
17.2681 	EXP 	window1: Attempting to measure frame rate of screen (0) ...
17.2681 	EXP 	window1: recordFrameIntervals = False
17.3346 	EXP 	window1: recordFrameIntervals = True
17.4118 	EXP 	Screen (0) actual frame rate measured at 144.11Hz
17.4118 	EXP 	window1: recordFrameIntervals = False
17.4120 	EXP 	window1: mouseVisible = False
21.5066 	EXP 	ConstellationsNAI22: status = STARTED
21.5071 	EXP 	window1: mouseVisible = True
22.0824 	EXP 	Created instruction1_2 = ImageStim(__class__=<class 'psychopy.visual.image.ImageStim'>, anchor=('center', 'center'), autoLog=True, color=array([1., 1., 1.]), colorSpace='rgb', contrast=1.0, depth=0.0, draggable=False, flipHoriz=False, flipVert=False, image='stimuli/intro0.PNG', interpolate=True, mask=None, maskParams=None, name='instruction1_2', opacity=1.0, ori=0.0, pos=array([0., 0.]), size=array([1.3, 1.6]), texRes=128.0, units='norm', win=Window(...))
22.0825 	EXP 	window1: mouseVisible = True
22.0827 	EXP 	window1: mouseVisible = True
22.0861 	EXP 	Created button1_2 = Rect(__class__=<class 'psychopy.visual.rect.Rect'>, anchor=('center', 'center'), autoDraw=False, autoLog=True, closeShape=True, color=method-wrapper(...), colorSpace='rgb', contrast=None, depth=-2.0, draggable=False, fillColor=array([1, 1, 1]), fillColorSpace='rgb', fillRGB=array([1, 1, 1]), interpolate=True, lineColor=array([1., 1., 1.]), lineColorSpace='rgb', lineRGB=array([1, 1, 1]), lineWidth=1.0, name='button1_2', opacity=1.0, ori=0.0, pos=array([ 0.5 , -0.65]), size=array([0.2, 0.1]), units='norm', vertices=ndarray(...), win=Window(...))
22.0864 	EXP 	window1: mouseVisible = True
22.4039 	EXP 	Created button_txt1_2 = TextStim(__class__=<class 'psychopy.visual.text.TextStim'>, alignHoriz=method-wrapper(...), alignText='center', alignVert=method-wrapper(...), anchorHoriz='center', anchorVert='center', antialias=True, autoDraw=False, autoLog=True, bold=False, color=array([-1., -1., -1.]), colorSpace='rgb', contrast=1.0, depth=-3.0, draggable=False, flipHoriz=False, flipVert=False, font='Open Sans', fontFiles=[], height=0.07, italic=False, languageStyle='LTR', name='button_txt1_2', opacity=1.0, ori=0.0, pos=array([ 0.5 , -0.65]), rgb=UNKNOWN, text='Next', units='norm', win=Window(...), wrapWidth=1)
22.4041 	EXP 	window1: mouseVisible = True
22.7841 	EXP 	Created instruction1 = ImageStim(__class__=<class 'psychopy.visual.image.ImageStim'>, anchor=('center', 'center'), autoLog=True, color=array([1., 1., 1.]), colorSpace='rgb', contrast=1.0, depth=0.0, draggable=False, flipHoriz=False, flipVert=False, image='stimuli/intro1.PNG', interpolate=True, mask=None, maskParams=None, name='instruction1', opacity=1.0, ori=0.0, pos=array([0., 0.]), size=array([1.3, 1.6]), texRes=128.0, units='norm', win=Window(...))
22.7842 	EXP 	window1: mouseVisible = True
22.7843 	EXP 	window1: mouseVisible = True
22.7868 	EXP 	Created button1 = Rect(__class__=<class 'psychopy.visual.rect.Rect'>, anchor=('center', 'center'), autoDraw=False, autoLog=True, closeShape=True, color=method-wrapper(...), colorSpace='rgb', contrast=None, depth=-2.0, draggable=False, fillColor=array([1, 1, 1]), fillColorSpace='rgb', fillRGB=array([1, 1, 1]), interpolate=True, lineColor=array([1., 1., 1.]), lineColorSpace='rgb', lineRGB=array([1, 1, 1]), lineWidth=1.0, name='button1', opacity=1.0, ori=0.0, pos=array([ 0.5 , -0.65]), size=array([0.2, 0.1]), units='norm', vertices=ndarray(...), win=Window(...))
22.7869 	EXP 	window1: mouseVisible = True
22.7900 	EXP 	Created button_txt1 = TextStim(__class__=<class 'psychopy.visual.text.TextStim'>, alignHoriz=method-wrapper(...), alignText='center', alignVert=method-wrapper(...), anchorHoriz='center', anchorVert='center', antialias=True, autoDraw=False, autoLog=True, bold=False, color=array([-1., -1., -1.]), colorSpace='rgb', contrast=1.0, depth=-3.0, draggable=False, flipHoriz=False, flipVert=False, font='Open Sans', fontFiles=[], height=0.07, italic=False, languageStyle='LTR', name='button_txt1', opacity=1.0, ori=0.0, pos=array([ 0.5 , -0.65]), rgb=UNKNOWN, text='Next', units='norm', win=Window(...), wrapWidth=1)
22.7901 	EXP 	window1: mouseVisible = True
23.6122 	EXP 	Created instruction2 = ImageStim(__class__=<class 'psychopy.visual.image.ImageStim'>, anchor=('center', 'center'), autoLog=True, color=array([1., 1., 1.]), colorSpace='rgb', contrast=1.0, depth=0.0, draggable=False, flipHoriz=False, flipVert=False, image='stimuli/intro2.PNG', interpolate=True, mask=None, maskParams=None, name='instruction2', opacity=1.0, ori=0.0, pos=array([0., 0.]), size=array([1.3, 1.6]), texRes=128.0, units='norm', win=Window(...))
23.6123 	EXP 	window1: mouseVisible = True
23.6125 	EXP 	window1: mouseVisible = True
23.6161 	EXP 	Created button2 = Rect(__class__=<class 'psychopy.visual.rect.Rect'>, anchor=('center', 'center'), autoDraw=False, autoLog=True, closeShape=True, color=method-wrapper(...), colorSpace='rgb', contrast=None, depth=-2.0, draggable=False, fillColor=array([1, 1, 1]), fillColorSpace='rgb', fillRGB=array([1, 1, 1]), interpolate=True, lineColor=array([1., 1., 1.]), lineColorSpace='rgb', lineRGB=array([1, 1, 1]), lineWidth=1.0, name='button2', opacity=1.0, ori=0.0, pos=array([ 0.5 , -0.65]), size=array([0.2, 0.1]), units='norm', vertices=ndarray(...), win=Window(...))
23.6162 	EXP 	window1: mouseVisible = True
23.6203 	EXP 	Created button_txt2 = TextStim(__class__=<class 'psychopy.visual.text.TextStim'>, alignHoriz=method-wrapper(...), alignText='center', alignVert=method-wrapper(...), anchorHoriz='center', anchorVert='center', antialias=True, autoDraw=False, autoLog=True, bold=False, color=array([-1., -1., -1.]), colorSpace='rgb', contrast=1.0, depth=-3.0, draggable=False, flipHoriz=False, flipVert=False, font='Open Sans', fontFiles=[], height=0.07, italic=False, languageStyle='LTR', name='button_txt2', opacity=1.0, ori=0.0, pos=array([ 0.5 , -0.65]), rgb=UNKNOWN, text='Next', units='norm', win=Window(...), wrapWidth=1)
23.6204 	EXP 	window1: mouseVisible = True
24.1744 	EXP 	Created instruction3 = ImageStim(__class__=<class 'psychopy.visual.image.ImageStim'>, anchor=('center', 'center'), autoLog=True, color=array([1., 1., 1.]), colorSpace='rgb', contrast=1.0, depth=0.0, draggable=False, flipHoriz=False, flipVert=False, image='stimuli/intro3.PNG', interpolate=True, mask=None, maskParams=None, name='instruction3', opacity=1.0, ori=0.0, pos=array([0., 0.]), size=array([1.3, 1.6]), texRes=128.0, units='norm', win=Window(...))
24.1745 	EXP 	window1: mouseVisible = True
24.1747 	EXP 	window1: mouseVisible = True
24.1775 	EXP 	Created button3 = Rect(__class__=<class 'psychopy.visual.rect.Rect'>, anchor=('center', 'center'), autoDraw=False, autoLog=True, closeShape=True, color=method-wrapper(...), colorSpace='rgb', contrast=None, depth=-2.0, draggable=False, fillColor=array([1, 1, 1]), fillColorSpace='rgb', fillRGB=array([1, 1, 1]), interpolate=True, lineColor=array([1., 1., 1.]), lineColorSpace='rgb', lineRGB=array([1, 1, 1]), lineWidth=1.0, name='button3', opacity=1.0, ori=0.0, pos=array([ 0.5 , -0.65]), size=array([0.2, 0.1]), units='norm', vertices=ndarray(...), win=Window(...))
24.1778 	EXP 	window1: mouseVisible = True
24.1825 	EXP 	Created button_txt3 = TextStim(__class__=<class 'psychopy.visual.text.TextStim'>, alignHoriz=method-wrapper(...), alignText='center', alignVert=method-wrapper(...), anchorHoriz='center', anchorVert='center', antialias=True, autoDraw=False, autoLog=True, bold=False, color=array([-1., -1., -1.]), colorSpace='rgb', contrast=1.0, depth=-3.0, draggable=False, flipHoriz=False, flipVert=False, font='Open Sans', fontFiles=[], height=0.07, italic=False, languageStyle='LTR', name='button_txt3', opacity=1.0, ori=0.0, pos=array([ 0.5 , -0.65]), rgb=UNKNOWN, text='Next', units='norm', win=Window(...), wrapWidth=1)
24.1826 	EXP 	window1: mouseVisible = True
24.7521 	EXP 	Created instruction4 = ImageStim(__class__=<class 'psychopy.visual.image.ImageStim'>, anchor=('center', 'center'), autoLog=True, color=array([1., 1., 1.]), colorSpace='rgb', contrast=1.0, depth=0.0, draggable=False, flipHoriz=False, flipVert=False, image='stimuli/intro4.PNG', interpolate=True, mask=None, maskParams=None, name='instruction4', opacity=1.0, ori=0.0, pos=array([0., 0.]), size=array([1.3, 1.6]), texRes=128.0, units='norm', win=Window(...))
24.7522 	EXP 	window1: mouseVisible = True
24.7523 	EXP 	window1: mouseVisible = True
24.7554 	EXP 	Created button4 = Rect(__class__=<class 'psychopy.visual.rect.Rect'>, anchor=('center', 'center'), autoDraw=False, autoLog=True, closeShape=True, color=method-wrapper(...), colorSpace='rgb', contrast=None, depth=-2.0, draggable=False, fillColor=array([1, 1, 1]), fillColorSpace='rgb', fillRGB=array([1, 1, 1]), interpolate=True, lineColor=array([1., 1., 1.]), lineColorSpace='rgb', lineRGB=array([1, 1, 1]), lineWidth=1.0, name='button4', opacity=1.0, ori=0.0, pos=array([ 0.5 , -0.65]), size=array([0.2, 0.1]), units='norm', vertices=ndarray(...), win=Window(...))
24.7556 	EXP 	window1: mouseVisible = True
24.7602 	EXP 	Created button_txt4 = TextStim(__class__=<class 'psychopy.visual.text.TextStim'>, alignHoriz=method-wrapper(...), alignText='center', alignVert=method-wrapper(...), anchorHoriz='center', anchorVert='center', antialias=True, autoDraw=False, autoLog=True, bold=False, color=array([-1., -1., -1.]), colorSpace='rgb', contrast=1.0, depth=-3.0, draggable=False, flipHoriz=False, flipVert=False, font='Open Sans', fontFiles=[], height=0.07, italic=False, languageStyle='LTR', name='button_txt4', opacity=1.0, ori=0.0, pos=array([ 0.5 , -0.65]), rgb=UNKNOWN, text='Next', units='norm', win=Window(...), wrapWidth=1)
24.7603 	EXP 	window1: mouseVisible = True
24.7825 	EXP 	Created image_2 = ImageStim(__class__=<class 'psychopy.visual.image.ImageStim'>, anchor=('center', 'center'), autoLog=True, color=array([1., 1., 1.]), colorSpace='rgb', contrast=1.0, depth=0.0, draggable=False, flipHoriz=False, flipVert=False, image='default.png', interpolate=True, mask=None, maskParams=None, name='image_2', opacity=1.0, ori=0.0, pos=array([-0.4,  0. ]), size=array([0.65, 0.65]), texRes=128.0, units='height', win=Window(...))
24.7826 	EXP 	window1: mouseVisible = True
24.7826 	EXP 	Created brush_2 = <psychopy.visual.brush.Brush object at 0x0000020401AAB5E0>
24.7827 	EXP 	window1: mouseVisible = True
24.7831 	EXP 	window1: mouseVisible = True
24.7833 	EXP 	window1: mouseVisible = True
24.7842 	EXP 	window1: mouseVisible = True
24.7852 	EXP 	window1: mouseVisible = True
24.7921 	EXP 	window1: mouseVisible = True
24.7923 	EXP 	window1: mouseVisible = True
24.7930 	EXP 	window1: mouseVisible = True
24.7937 	EXP 	window1: mouseVisible = True
24.8209 	EXP 	window1: mouseVisible = True
24.8408 	EXP 	Created juhis_txt_2 = TextStim(__class__=<class 'psychopy.visual.text.TextStim'>, alignHoriz=method-wrapper(...), alignText='center', alignVert=method-wrapper(...), anchorHoriz='center', anchorVert='center', antialias=True, autoDraw=False, autoLog=True, bold=False, color=array([-1., -1., -1.]), colorSpace='rgb', contrast=1.0, depth=-5.0, draggable=False, flipHoriz=False, flipVert=False, font='Open Sans', fontFiles=[], height=0.07, italic=False, languageStyle='LTR', name='juhis_txt_2', opacity=1.0, ori=0.0, pos=array([-0.45,  0.75]), rgb=UNKNOWN, text='Trace the contours to find an object!', units='norm', win=Window(...), wrapWidth=1)
24.8410 	EXP 	window1: mouseVisible = True
24.8442 	EXP 	Created button_clear_2 = Rect(__class__=<class 'psychopy.visual.rect.Rect'>, anchor=('center', 'center'), autoDraw=False, autoLog=True, closeShape=True, color=method-wrapper(...), colorSpace='rgb', contrast=None, depth=-6.0, draggable=False, fillColor=array([1, 1, 1]), fillColorSpace='rgb', fillRGB=array([1, 1, 1]), interpolate=True, lineColor=array([1., 1., 1.]), lineColorSpace='rgb', lineRGB=array([1, 1, 1]), lineWidth=1.0, name='button_clear_2', opacity=1.0, ori=0.0, pos=array([-0.2 , -0.75]), size=array([0.2, 0.1]), units='norm', vertices=ndarray(...), win=Window(...))
24.8443 	EXP 	window1: mouseVisible = True
24.8594 	EXP 	Created objekt_txt_2 = TextStim(__class__=<class 'psychopy.visual.text.TextStim'>, alignHoriz=method-wrapper(...), alignText='center', alignVert=method-wrapper(...), anchorHoriz='center', anchorVert='center', antialias=True, autoDraw=False, autoLog=True, bold=False, color=array([-1., -1., -1.]), colorSpace='rgb', contrast=1.0, depth=-7.0, draggable=False, flipHoriz=False, flipVert=False, font='Open Sans', fontFiles=[], height=0.06, italic=False, languageStyle='LTR', name='objekt_txt_2', opacity=1.0, ori=0.0, pos=array([0.4 , 0.55]), rgb=UNKNOWN, text='What did you find in the image?', units='norm', win=Window(...), wrapWidth=1)
24.8596 	EXP 	window1: mouseVisible = True
24.8597 	EXP 	window1: mouseVisible = True
24.8628 	EXP 	Created button_next_2 = Rect(__class__=<class 'psychopy.visual.rect.Rect'>, anchor=('center', 'center'), autoDraw=False, autoLog=True, closeShape=True, color=method-wrapper(...), colorSpace='rgb', contrast=None, depth=-9.0, draggable=False, fillColor=array([1, 1, 1]), fillColorSpace='rgb', fillRGB=array([1, 1, 1]), interpolate=True, lineColor=array([1., 1., 1.]), lineColorSpace='rgb', lineRGB=array([1, 1, 1]), lineWidth=1.0, name='button_next_2', opacity=1.0, ori=0.0, pos=array([ 0.7 , -0.75]), size=array([0.2, 0.1]), units='norm', vertices=ndarray(...), win=Window(...))
24.8629 	EXP 	window1: mouseVisible = True
24.8631 	EXP 	window1: mouseVisible = True
24.8720 	EXP 	Created clear_txt_2 = TextStim(__class__=<class 'psychopy.visual.text.TextStim'>, alignHoriz=method-wrapper(...), alignText='center', alignVert=method-wrapper(...), anchorHoriz='center', anchorVert='center', antialias=True, autoDraw=False, autoLog=True, bold=False, color=array([-1., -1., -1.]), colorSpace='rgb', contrast=1.0, depth=-11.0, draggable=False, flipHoriz=False, flipVert=False, font='Open Sans', fontFiles=[], height=0.06, italic=False, languageStyle='LTR', name='clear_txt_2', opacity=1.0, ori=0.0, pos=array([-0.2 , -0.75]), rgb=UNKNOWN, text='Erase', units='norm', win=Window(...), wrapWidth=1)
24.8722 	EXP 	window1: mouseVisible = True
24.8748 	EXP 	Created button_hint_2 = Rect(__class__=<class 'psychopy.visual.rect.Rect'>, anchor=('center', 'center'), autoDraw=False, autoLog=True, closeShape=True, color=method-wrapper(...), colorSpace='rgb', contrast=None, depth=-12.0, draggable=False, fillColor=array([ 1, -1, -1]), fillColorSpace='rgb', fillRGB=array([ 1, -1, -1]), interpolate=True, lineColor=array([1., 1., 1.]), lineColorSpace='rgb', lineRGB=array([1, 1, 1]), lineWidth=1.0, name='button_hint_2', opacity=1.0, ori=0.0, pos=array([0.6, 0.6]), size=array([0.2, 0.1]), units='norm', vertices=ndarray(...), win=Window(...))
24.8750 	EXP 	window1: mouseVisible = True
24.8779 	EXP 	Created vihje_txt_2 = TextStim(__class__=<class 'psychopy.visual.text.TextStim'>, alignHoriz=method-wrapper(...), alignText='center', alignVert=method-wrapper(...), anchorHoriz='center', anchorVert='center', antialias=True, autoDraw=False, autoLog=True, bold=False, color=array([1., 1., 1.]), colorSpace='rgb', contrast=1.0, depth=-13.0, draggable=False, flipHoriz=False, flipVert=False, font='Open Sans', fontFiles=[], height=0.06, italic=False, languageStyle='LTR', name='vihje_txt_2', opacity=1.0, ori=0.0, pos=array([0.6, 0.6]), rgb=UNKNOWN, text='', units='norm', win=Window(...), wrapWidth=1)
24.8781 	EXP 	window1: mouseVisible = True
24.8820 	EXP 	Created button_yes_2 = Rect(__class__=<class 'psychopy.visual.rect.Rect'>, anchor=('center', 'center'), autoDraw=False, autoLog=True, closeShape=True, color=method-wrapper(...), colorSpace='rgb', contrast=None, depth=-14.0, draggable=False, fillColor=array([-1.        ,  0.00392157, -1.        ]), fillColorSpace='rgb', fillRGB=array([-1.        ,  0.00392157, -1.        ]), interpolate=True, lineColor=array([1., 1., 1.]), lineColorSpace='rgb', lineRGB=array([1, 1, 1]), lineWidth=1.0, name='button_yes_2', opacity=1.0, ori=0.0, pos=array([0.3, 0.6]), size=array([0.2, 0.1]), units='norm', vertices=ndarray(...), win=Window(...))
24.8821 	EXP 	window1: mouseVisible = True
24.8841 	EXP 	Created leidsin_txt_2 = TextStim(__class__=<class 'psychopy.visual.text.TextStim'>, alignHoriz=method-wrapper(...), alignText='center', alignVert=method-wrapper(...), anchorHoriz='center', anchorVert='center', antialias=True, autoDraw=False, autoLog=True, bold=False, color=array([1., 1., 1.]), colorSpace='rgb', contrast=1.0, depth=-15.0, draggable=False, flipHoriz=False, flipVert=False, font='Open Sans', fontFiles=[], height=0.06, italic=False, languageStyle='LTR', name='leidsin_txt_2', opacity=1.0, ori=0.0, pos=array([0.3, 0.6]), rgb=UNKNOWN, text='', units='norm', win=Window(...), wrapWidth=1)
24.8931 	EXP 	window1: mouseVisible = True
24.8937 	EXP 	window1: mouseVisible = True
24.9003 	EXP 	window1: mouseVisible = True
24.9005 	EXP 	window1: mouseVisible = True
24.9014 	EXP 	window1: mouseVisible = True
24.9026 	EXP 	window1: mouseVisible = True
24.9305 	EXP 	window1: mouseVisible = True
24.9308 	EXP 	window1: mouseVisible = True
24.9321 	EXP 	window1: mouseVisible = True
24.9329 	EXP 	window1: mouseVisible = True
24.9459 	EXP 	window1: mouseVisible = True
24.9462 	EXP 	window1: mouseVisible = True
24.9478 	EXP 	window1: mouseVisible = True
24.9492 	EXP 	window1: mouseVisible = True
24.9553 	EXP 	window1: mouseVisible = True
24.9555 	EXP 	window1: mouseVisible = True
24.9562 	EXP 	window1: mouseVisible = True
24.9568 	EXP 	window1: mouseVisible = True
24.9613 	EXP 	window1: mouseVisible = True
24.9631 	EXP 	window1: mouseVisible = True
25.0075 	EXP 	Created RSP_ahhaa_2 = Slider(__class__=<class 'psychopy.visual.slider.Slider'>, autoDraw=False, autoLog=True, borderColor=None, color=None, colorSpace='rgb', depth=-16, fillColor=None, flip=False, font='Open Sans', granularity=1.0, labelColor=None, labelHeight=0.04, labelWrapWidth=None, labels=['Very uncertain', 'Very certain'], lineColor=None, markerColor=None, name='RSP_ahhaa_2', opacity=None, ori=0.0, pos=array([ 0.5 , -0.05]), readOnly=False, self=UNKNOWN, size=array([0.5 , 0.06]), startValue=None, style='radio', styleTweaks=[], ticks=array([0, 1]), units='norm', win=Window(...))
25.0077 	EXP 	window1: mouseVisible = True
25.0157 	EXP 	Created ahhaa_txt_2 = TextStim(__class__=<class 'psychopy.visual.text.TextStim'>, alignHoriz=method-wrapper(...), alignText='center', alignVert=method-wrapper(...), anchorHoriz='center', anchorVert='center', antialias=True, autoDraw=False, autoLog=True, bold=False, color=array([-1., -1., -1.]), colorSpace='rgb', contrast=1.0, depth=-17.0, draggable=False, flipHoriz=False, flipVert=False, font='Open Sans', fontFiles=[], height=0.06, italic=False, languageStyle='LTR', name='ahhaa_txt_2', opacity=1.0, ori=0.0, pos=array([0.51, 0.05]), rgb=UNKNOWN, text=str(...), units='norm', win=Window(...), wrapWidth=1)
25.0196 	EXP 	window1: mouseVisible = True
25.0201 	EXP 	window1: mouseVisible = True
25.0255 	EXP 	window1: mouseVisible = True
25.0256 	EXP 	window1: mouseVisible = True
25.0263 	EXP 	window1: mouseVisible = True
25.0270 	EXP 	window1: mouseVisible = True
25.0388 	EXP 	window1: mouseVisible = True
25.0390 	EXP 	window1: mouseVisible = True
25.0397 	EXP 	window1: mouseVisible = True
25.0404 	EXP 	window1: mouseVisible = True
25.0455 	EXP 	window1: mouseVisible = True
25.0457 	EXP 	window1: mouseVisible = True
25.0464 	EXP 	window1: mouseVisible = True
25.0470 	EXP 	window1: mouseVisible = True
25.0545 	EXP 	window1: mouseVisible = True
25.0546 	EXP 	window1: mouseVisible = True
25.0553 	EXP 	window1: mouseVisible = True
25.0561 	EXP 	window1: mouseVisible = True
25.0609 	EXP 	window1: mouseVisible = True
25.0626 	EXP 	window1: mouseVisible = True
25.1073 	EXP 	Created RSP_sudden_2 = Slider(__class__=<class 'psychopy.visual.slider.Slider'>, autoDraw=False, autoLog=True, borderColor=None, color=None, colorSpace='rgb', depth=-18, fillColor=None, flip=False, font='Open Sans', granularity=1.0, labelColor=None, labelHeight=0.04, labelWrapWidth=None, labels=['Very gradually', 'Very suddenly'], lineColor=None, markerColor=None, name='RSP_sudden_2', opacity=None, ori=0.0, pos=array([ 0.5, -0.3]), readOnly=False, self=UNKNOWN, size=array([0.5 , 0.06]), startValue=None, style='radio', styleTweaks=[], ticks=array([0, 1]), units='norm', win=Window(...))
25.1074 	EXP 	window1: mouseVisible = True
25.1153 	EXP 	Created sudden_txt_2 = TextStim(__class__=<class 'psychopy.visual.text.TextStim'>, alignHoriz=method-wrapper(...), alignText='center', alignVert=method-wrapper(...), anchorHoriz='center', anchorVert='center', antialias=True, autoDraw=False, autoLog=True, bold=False, color=array([-1., -1., -1.]), colorSpace='rgb', contrast=1.0, depth=-19.0, draggable=False, flipHoriz=False, flipVert=False, font='Open Sans', fontFiles=[], height=0.06, italic=False, languageStyle='LTR', name='sudden_txt_2', opacity=1.0, ori=0.0, pos=array([ 0.42, -0.2 ]), rgb=UNKNOWN, text='How suddenly did the final answer arrive?', units='norm', win=Window(...), wrapWidth=1)
25.1194 	EXP 	window1: mouseVisible = True
25.1200 	EXP 	window1: mouseVisible = True
25.1252 	EXP 	window1: mouseVisible = True
25.1254 	EXP 	window1: mouseVisible = True
25.1263 	EXP 	window1: mouseVisible = True
25.1271 	EXP 	window1: mouseVisible = True
25.1326 	EXP 	window1: mouseVisible = True
25.1327 	EXP 	window1: mouseVisible = True
25.1334 	EXP 	window1: mouseVisible = True
25.1341 	EXP 	window1: mouseVisible = True
25.1385 	EXP 	window1: mouseVisible = True
25.1387 	EXP 	window1: mouseVisible = True
25.1394 	EXP 	window1: mouseVisible = True
25.1402 	EXP 	window1: mouseVisible = True
25.1478 	EXP 	window1: mouseVisible = True
25.1480 	EXP 	window1: mouseVisible = True
25.1487 	EXP 	window1: mouseVisible = True
25.1495 	EXP 	window1: mouseVisible = True
25.1541 	EXP 	window1: mouseVisible = True
25.1559 	EXP 	window1: mouseVisible = True
25.2007 	EXP 	Created RSP_pleasant_2 = Slider(__class__=<class 'psychopy.visual.slider.Slider'>, autoDraw=False, autoLog=True, borderColor=None, color=None, colorSpace='rgb', depth=-20, fillColor=None, flip=False, font='Open Sans', granularity=1.0, labelColor=None, labelHeight=0.04, labelWrapWidth=None, labels=['Very easy', 'Very difficult'], lineColor=None, markerColor=None, name='RSP_pleasant_2', opacity=None, ori=0.0, pos=array([ 0.5 , -0.55]), readOnly=False, self=UNKNOWN, size=array([0.5 , 0.06]), startValue=None, style='radio', styleTweaks=[], ticks=array([0, 1]), units='norm', win=Window(...))
25.2009 	EXP 	window1: mouseVisible = True
25.2062 	EXP 	Created pleasant_txt_2 = TextStim(__class__=<class 'psychopy.visual.text.TextStim'>, alignHoriz=method-wrapper(...), alignText='center', alignVert=method-wrapper(...), anchorHoriz='center', anchorVert='center', antialias=True, autoDraw=False, autoLog=True, bold=False, color=array([-1., -1., -1.]), colorSpace='rgb', contrast=1.0, depth=-21.0, draggable=False, flipHoriz=False, flipVert=False, font='Open Sans', fontFiles=[], height=0.06, italic=False, languageStyle='LTR', name='pleasant_txt_2', opacity=1.0, ori=0.0, pos=array([ 0.42, -0.45]), rgb=UNKNOWN, text='How difficult was it to find a solution?', units='norm', win=Window(...), wrapWidth=1)
25.2064 	EXP 	window1: mouseVisible = True
25.2114 	EXP 	Created next_txt_2 = TextStim(__class__=<class 'psychopy.visual.text.TextStim'>, alignHoriz=method-wrapper(...), alignText='center', alignVert=method-wrapper(...), anchorHoriz='center', anchorVert='center', antialias=True, autoDraw=False, autoLog=True, bold=False, color=array([-1., -1., -1.]), colorSpace='rgb', contrast=1.0, depth=-22.0, draggable=False, flipHoriz=False, flipVert=False, font='Open Sans', fontFiles=[], height=0.06, italic=False, languageStyle='LTR', name='next_txt_2', opacity=1.0, ori=0.0, pos=array([ 0.7 , -0.75]), rgb=UNKNOWN, text='Next', units='norm', win=Window(...), wrapWidth=1)
25.2115 	EXP 	window1: mouseVisible = True
25.2384 	EXP 	Created practice_object = ImageStim(__class__=<class 'psychopy.visual.image.ImageStim'>, anchor=('center', 'center'), autoLog=True, color=array([1., 1., 1.]), colorSpace='rgb', contrast=1.0, depth=0.0, draggable=False, flipHoriz=False, flipVert=False, image='stimuli/practice_first.jpg', interpolate=True, mask=None, maskParams=None, name='practice_object', opacity=1.0, ori=0.0, pos=array([0., 0.]), size=array([0.65, 0.65]), texRes=128.0, units='height', win=Window(...))
25.2386 	EXP 	window1: mouseVisible = True
25.2622 	EXP 	Created practice_outline = ImageStim(__class__=<class 'psychopy.visual.image.ImageStim'>, anchor=('center', 'center'), autoLog=True, color=array([1., 1., 1.]), colorSpace='rgb', contrast=1.0, depth=-1.0, draggable=False, flipHoriz=False, flipVert=False, image='stimuli/solution1.jpg', interpolate=True, mask=None, maskParams=None, name='practice_outline', opacity=1.0, ori=0.0, pos=array([0., 0.]), size=array([0.65, 0.65]), texRes=128.0, units='height', win=Window(...))
25.2624 	EXP 	window1: mouseVisible = True
25.2749 	EXP 	Created text_2 = TextStim(__class__=<class 'psychopy.visual.text.TextStim'>, alignHoriz=method-wrapper(...), alignText='center', alignVert=method-wrapper(...), anchorHoriz='center', anchorVert='center', antialias=True, autoDraw=False, autoLog=True, bold=False, color=array([1., 1., 1.]), colorSpace='rgb', contrast=1.0, depth=-2.0, draggable=False, flipHoriz=False, flipVert=False, font='Open Sans', fontFiles=[], height=0.1, italic=False, languageStyle='LTR', name='text_2', opacity=1.0, ori=0.0, pos=array([0. , 0.7]), rgb=UNKNOWN, text='Answer: CAR', units='norm', win=Window(...), wrapWidth=1)
25.2750 	EXP 	window1: mouseVisible = True
25.2751 	EXP 	window1: mouseVisible = True
25.2772 	EXP 	Created button5 = Rect(__class__=<class 'psychopy.visual.rect.Rect'>, anchor=('center', 'center'), autoDraw=False, autoLog=True, closeShape=True, color=method-wrapper(...), colorSpace='rgb', contrast=None, depth=-4.0, draggable=False, fillColor=array([1, 1, 1]), fillColorSpace='rgb', fillRGB=array([1, 1, 1]), interpolate=True, lineColor=array([1., 1., 1.]), lineColorSpace='rgb', lineRGB=array([1, 1, 1]), lineWidth=1.0, name='button5', opacity=1.0, ori=0.0, pos=array([ 0.5, -0.6]), size=array([0.2, 0.1]), units='norm', vertices=ndarray(...), win=Window(...))
25.2773 	EXP 	window1: mouseVisible = True
25.2827 	EXP 	Created button_txt5 = TextStim(__class__=<class 'psychopy.visual.text.TextStim'>, alignHoriz=method-wrapper(...), alignText='center', alignVert=method-wrapper(...), anchorHoriz='center', anchorVert='center', antialias=True, autoDraw=False, autoLog=True, bold=False, color=array([-1., -1., -1.]), colorSpace='rgb', contrast=1.0, depth=-5.0, draggable=False, flipHoriz=False, flipVert=False, font='Open Sans', fontFiles=[], height=0.07, italic=False, languageStyle='LTR', name='button_txt5', opacity=1.0, ori=0.0, pos=array([ 0.5, -0.6]), rgb=UNKNOWN, text='Next', units='norm', win=Window(...), wrapWidth=1)
25.2828 	EXP 	window1: mouseVisible = True
25.5796 	EXP 	Created instruction4_2 = ImageStim(__class__=<class 'psychopy.visual.image.ImageStim'>, anchor=('center', 'center'), autoLog=True, color=array([1., 1., 1.]), colorSpace='rgb', contrast=1.0, depth=0.0, draggable=False, flipHoriz=False, flipVert=False, image='stimuli/intro5.PNG', interpolate=True, mask=None, maskParams=None, name='instruction4_2', opacity=1.0, ori=0.0, pos=array([0., 0.]), size=array([1.3, 1.6]), texRes=128.0, units='norm', win=Window(...))
25.5797 	EXP 	window1: mouseVisible = True
25.5798 	EXP 	window1: mouseVisible = True
25.5823 	EXP 	Created button4_2 = Rect(__class__=<class 'psychopy.visual.rect.Rect'>, anchor=('center', 'center'), autoDraw=False, autoLog=True, closeShape=True, color=method-wrapper(...), colorSpace='rgb', contrast=None, depth=-2.0, draggable=False, fillColor=array([1, 1, 1]), fillColorSpace='rgb', fillRGB=array([1, 1, 1]), interpolate=True, lineColor=array([1., 1., 1.]), lineColorSpace='rgb', lineRGB=array([1, 1, 1]), lineWidth=1.0, name='button4_2', opacity=1.0, ori=0.0, pos=array([ 0.5 , -0.65]), size=array([0.2, 0.1]), units='norm', vertices=ndarray(...), win=Window(...))
25.5824 	EXP 	window1: mouseVisible = True
25.5863 	EXP 	Created button_txt4_2 = TextStim(__class__=<class 'psychopy.visual.text.TextStim'>, alignHoriz=method-wrapper(...), alignText='center', alignVert=method-wrapper(...), anchorHoriz='center', anchorVert='center', antialias=True, autoDraw=False, autoLog=True, bold=False, color=array([-1., -1., -1.]), colorSpace='rgb', contrast=1.0, depth=-3.0, draggable=False, flipHoriz=False, flipVert=False, font='Open Sans', fontFiles=[], height=0.07, italic=False, languageStyle='LTR', name='button_txt4_2', opacity=1.0, ori=0.0, pos=array([ 0.5 , -0.65]), rgb=UNKNOWN, text='Next', units='norm', win=Window(...), wrapWidth=1)
25.5865 	EXP 	window1: mouseVisible = True
25.6022 	EXP 	Created image = ImageStim(__class__=<class 'psychopy.visual.image.ImageStim'>, anchor=('center', 'center'), autoLog=True, color=array([1., 1., 1.]), colorSpace='rgb', contrast=1.0, depth=0.0, draggable=False, flipHoriz=False, flipVert=False, image='default.png', interpolate=True, mask=None, maskParams=None, name='image', opacity=1.0, ori=0.0, pos=array([-0.4,  0. ]), size=array([0.65, 0.65]), texRes=128.0, units='height', win=Window(...))
25.6029 	EXP 	window1: mouseVisible = True
25.6029 	EXP 	window1: mouseVisible = True
25.6030 	EXP 	Created brush = <psychopy.visual.brush.Brush object at 0x0000020401F2F640>
25.6032 	EXP 	window1: mouseVisible = True
25.6035 	EXP 	window1: mouseVisible = True
25.6045 	EXP 	window1: mouseVisible = True
25.6052 	EXP 	window1: mouseVisible = True
25.6102 	EXP 	window1: mouseVisible = True
25.6104 	EXP 	window1: mouseVisible = True
25.6111 	EXP 	window1: mouseVisible = True
25.6118 	EXP 	window1: mouseVisible = True
25.6165 	EXP 	window1: mouseVisible = True
25.6296 	EXP 	Created juhis_txt = TextStim(__class__=<class 'psychopy.visual.text.TextStim'>, alignHoriz=method-wrapper(...), alignText='center', alignVert=method-wrapper(...), anchorHoriz='center', anchorVert='center', antialias=True, autoDraw=False, autoLog=True, bold=False, color=array([-1., -1., -1.]), colorSpace='rgb', contrast=1.0, depth=-6.0, draggable=False, flipHoriz=False, flipVert=False, font='Open Sans', fontFiles=[], height=0.07, italic=False, languageStyle='LTR', name='juhis_txt', opacity=1.0, ori=0.0, pos=array([-0.45,  0.75]), rgb=UNKNOWN, text='Trace the contours to find an object!', units='norm', win=Window(...), wrapWidth=1)
25.6297 	EXP 	window1: mouseVisible = True
25.6321 	EXP 	Created button_clear = Rect(__class__=<class 'psychopy.visual.rect.Rect'>, anchor=('center', 'center'), autoDraw=False, autoLog=True, closeShape=True, color=method-wrapper(...), colorSpace='rgb', contrast=None, depth=-7.0, draggable=False, fillColor=array([1, 1, 1]), fillColorSpace='rgb', fillRGB=array([1, 1, 1]), interpolate=True, lineColor=array([1., 1., 1.]), lineColorSpace='rgb', lineRGB=array([1, 1, 1]), lineWidth=1.0, name='button_clear', opacity=1.0, ori=0.0, pos=array([-0.2 , -0.75]), size=array([0.2, 0.1]), units='norm', vertices=ndarray(...), win=Window(...))
25.6323 	EXP 	window1: mouseVisible = True
25.6428 	EXP 	Created objekt_txt = TextStim(__class__=<class 'psychopy.visual.text.TextStim'>, alignHoriz=method-wrapper(...), alignText='center', alignVert=method-wrapper(...), anchorHoriz='center', anchorVert='center', antialias=True, autoDraw=False, autoLog=True, bold=False, color=array([-1., -1., -1.]), colorSpace='rgb', contrast=1.0, depth=-8.0, draggable=False, flipHoriz=False, flipVert=False, font='Open Sans', fontFiles=[], height=0.06, italic=False, languageStyle='LTR', name='objekt_txt', opacity=1.0, ori=0.0, pos=array([0.4 , 0.55]), rgb=UNKNOWN, text='What did you find in the image?', units='norm', win=Window(...), wrapWidth=1)
25.6429 	EXP 	window1: mouseVisible = True
25.6430 	EXP 	window1: mouseVisible = True
25.6451 	EXP 	Created button_next = Rect(__class__=<class 'psychopy.visual.rect.Rect'>, anchor=('center', 'center'), autoDraw=False, autoLog=True, closeShape=True, color=method-wrapper(...), colorSpace='rgb', contrast=None, depth=-10.0, draggable=False, fillColor=array([1, 1, 1]), fillColorSpace='rgb', fillRGB=array([1, 1, 1]), interpolate=True, lineColor=array([1., 1., 1.]), lineColorSpace='rgb', lineRGB=array([1, 1, 1]), lineWidth=1.0, name='button_next', opacity=1.0, ori=0.0, pos=array([ 0.7 , -0.75]), size=array([0.2, 0.1]), units='norm', vertices=ndarray(...), win=Window(...))
25.6452 	EXP 	window1: mouseVisible = True
25.6452 	EXP 	window1: mouseVisible = True
25.6506 	EXP 	Created clear_txt = TextStim(__class__=<class 'psychopy.visual.text.TextStim'>, alignHoriz=method-wrapper(...), alignText='center', alignVert=method-wrapper(...), anchorHoriz='center', anchorVert='center', antialias=True, autoDraw=False, autoLog=True, bold=False, color=array([-1., -1., -1.]), colorSpace='rgb', contrast=1.0, depth=-12.0, draggable=False, flipHoriz=False, flipVert=False, font='Open Sans', fontFiles=[], height=0.06, italic=False, languageStyle='LTR', name='clear_txt', opacity=1.0, ori=0.0, pos=array([-0.2 , -0.75]), rgb=UNKNOWN, text='Erase', units='norm', win=Window(...), wrapWidth=1)
25.6507 	EXP 	window1: mouseVisible = True
25.6530 	EXP 	Created button_hint = Rect(__class__=<class 'psychopy.visual.rect.Rect'>, anchor=('center', 'center'), autoDraw=False, autoLog=True, closeShape=True, color=method-wrapper(...), colorSpace='rgb', contrast=None, depth=-13.0, draggable=False, fillColor=array([ 1, -1, -1]), fillColorSpace='rgb', fillRGB=array([ 1, -1, -1]), interpolate=True, lineColor=array([1., 1., 1.]), lineColorSpace='rgb', lineRGB=array([1, 1, 1]), lineWidth=1.0, name='button_hint', opacity=1.0, ori=0.0, pos=array([0.6, 0.6]), size=array([0.2, 0.1]), units='norm', vertices=ndarray(...), win=Window(...))
25.6531 	EXP 	window1: mouseVisible = True
25.6552 	EXP 	Created vihje_txt = TextStim(__class__=<class 'psychopy.visual.text.TextStim'>, alignHoriz=method-wrapper(...), alignText='center', alignVert=method-wrapper(...), anchorHoriz='center', anchorVert='center', antialias=True, autoDraw=False, autoLog=True, bold=False, color=array([1., 1., 1.]), colorSpace='rgb', contrast=1.0, depth=-14.0, draggable=False, flipHoriz=False, flipVert=False, font='Open Sans', fontFiles=[], height=0.06, italic=False, languageStyle='LTR', name='vihje_txt', opacity=1.0, ori=0.0, pos=array([0.6, 0.6]), rgb=UNKNOWN, text='', units='norm', win=Window(...), wrapWidth=1)
25.6553 	EXP 	window1: mouseVisible = True
25.6575 	EXP 	Created button_yes = Rect(__class__=<class 'psychopy.visual.rect.Rect'>, anchor=('center', 'center'), autoDraw=False, autoLog=True, closeShape=True, color=method-wrapper(...), colorSpace='rgb', contrast=None, depth=-15.0, draggable=False, fillColor=array([-1.        ,  0.00392157, -1.        ]), fillColorSpace='rgb', fillRGB=array([-1.        ,  0.00392157, -1.        ]), interpolate=True, lineColor=array([1., 1., 1.]), lineColorSpace='rgb', lineRGB=array([1, 1, 1]), lineWidth=1.0, name='button_yes', opacity=1.0, ori=0.0, pos=array([0.3, 0.6]), size=array([0.2, 0.1]), units='norm', vertices=ndarray(...), win=Window(...))
25.6577 	EXP 	window1: mouseVisible = True
25.6593 	EXP 	Created leidsin_txt = TextStim(__class__=<class 'psychopy.visual.text.TextStim'>, alignHoriz=method-wrapper(...), alignText='center', alignVert=method-wrapper(...), anchorHoriz='center', anchorVert='center', antialias=True, autoDraw=False, autoLog=True, bold=False, color=array([1., 1., 1.]), colorSpace='rgb', contrast=1.0, depth=-16.0, draggable=False, flipHoriz=False, flipVert=False, font='Open Sans', fontFiles=[], height=0.06, italic=False, languageStyle='LTR', name='leidsin_txt', opacity=1.0, ori=0.0, pos=array([0.3, 0.6]), rgb=UNKNOWN, text='', units='norm', win=Window(...), wrapWidth=1)
25.6638 	EXP 	window1: mouseVisible = True
25.6643 	EXP 	window1: mouseVisible = True
25.6699 	EXP 	window1: mouseVisible = True
25.6701 	EXP 	window1: mouseVisible = True
25.6708 	EXP 	window1: mouseVisible = True
25.6717 	EXP 	window1: mouseVisible = True
25.6779 	EXP 	window1: mouseVisible = True
25.6781 	EXP 	window1: mouseVisible = True
25.6788 	EXP 	window1: mouseVisible = True
25.6794 	EXP 	window1: mouseVisible = True
25.6845 	EXP 	window1: mouseVisible = True
25.6847 	EXP 	window1: mouseVisible = True
25.6854 	EXP 	window1: mouseVisible = True
25.6860 	EXP 	window1: mouseVisible = True
25.6921 	EXP 	window1: mouseVisible = True
25.6923 	EXP 	window1: mouseVisible = True
25.6930 	EXP 	window1: mouseVisible = True
25.6936 	EXP 	window1: mouseVisible = True
25.6988 	EXP 	window1: mouseVisible = True
25.7024 	EXP 	window1: mouseVisible = True
25.7497 	EXP 	Created RSP_ahhaa = Slider(__class__=<class 'psychopy.visual.slider.Slider'>, autoDraw=False, autoLog=True, borderColor=None, color=None, colorSpace='rgb', depth=-17, fillColor=None, flip=False, font='Open Sans', granularity=1.0, labelColor=None, labelHeight=0.04, labelWrapWidth=None, labels=['Very uncertain', 'Very certain'], lineColor=None, markerColor=None, name='RSP_ahhaa', opacity=None, ori=0.0, pos=array([ 0.5 , -0.05]), readOnly=False, self=UNKNOWN, size=array([0.5 , 0.06]), startValue=None, style='radio', styleTweaks=[], ticks=array([0, 1]), units='norm', win=Window(...))
25.7499 	EXP 	window1: mouseVisible = True
25.7560 	EXP 	Created ahhaa_txt = TextStim(__class__=<class 'psychopy.visual.text.TextStim'>, alignHoriz=method-wrapper(...), alignText='center', alignVert=method-wrapper(...), anchorHoriz='center', anchorVert='center', antialias=True, autoDraw=False, autoLog=True, bold=False, color=array([-1., -1., -1.]), colorSpace='rgb', contrast=1.0, depth=-18.0, draggable=False, flipHoriz=False, flipVert=False, font='Open Sans', fontFiles=[], height=0.06, italic=False, languageStyle='LTR', name='ahhaa_txt', opacity=1.0, ori=0.0, pos=array([0.51, 0.05]), rgb=UNKNOWN, text=str(...), units='norm', win=Window(...), wrapWidth=1)
25.7603 	EXP 	window1: mouseVisible = True
25.7609 	EXP 	window1: mouseVisible = True
25.7662 	EXP 	window1: mouseVisible = True
25.7664 	EXP 	window1: mouseVisible = True
25.7671 	EXP 	window1: mouseVisible = True
25.7678 	EXP 	window1: mouseVisible = True
25.7733 	EXP 	window1: mouseVisible = True
25.7735 	EXP 	window1: mouseVisible = True
25.7743 	EXP 	window1: mouseVisible = True
25.7749 	EXP 	window1: mouseVisible = True
25.7796 	EXP 	window1: mouseVisible = True
25.7798 	EXP 	window1: mouseVisible = True
25.7805 	EXP 	window1: mouseVisible = True
25.7812 	EXP 	window1: mouseVisible = True
25.7863 	EXP 	window1: mouseVisible = True
25.7865 	EXP 	window1: mouseVisible = True
25.7872 	EXP 	window1: mouseVisible = True
25.7879 	EXP 	window1: mouseVisible = True
25.7932 	EXP 	window1: mouseVisible = True
25.7951 	EXP 	window1: mouseVisible = True
25.8397 	EXP 	Created RSP_sudden = Slider(__class__=<class 'psychopy.visual.slider.Slider'>, autoDraw=False, autoLog=True, borderColor=None, color=None, colorSpace='rgb', depth=-19, fillColor=None, flip=False, font='Open Sans', granularity=1.0, labelColor=None, labelHeight=0.04, labelWrapWidth=None, labels=['Very gradually', 'Very suddenly'], lineColor=None, markerColor=None, name='RSP_sudden', opacity=None, ori=0.0, pos=array([ 0.5, -0.3]), readOnly=False, self=UNKNOWN, size=array([0.5 , 0.06]), startValue=None, style='radio', styleTweaks=[], ticks=array([0, 1]), units='norm', win=Window(...))
25.8398 	EXP 	window1: mouseVisible = True
25.8477 	EXP 	Created sudden_txt = TextStim(__class__=<class 'psychopy.visual.text.TextStim'>, alignHoriz=method-wrapper(...), alignText='center', alignVert=method-wrapper(...), anchorHoriz='center', anchorVert='center', antialias=True, autoDraw=False, autoLog=True, bold=False, color=array([-1., -1., -1.]), colorSpace='rgb', contrast=1.0, depth=-20.0, draggable=False, flipHoriz=False, flipVert=False, font='Open Sans', fontFiles=[], height=0.06, italic=False, languageStyle='LTR', name='sudden_txt', opacity=1.0, ori=0.0, pos=array([ 0.42, -0.2 ]), rgb=UNKNOWN, text='How suddenly did the final answer arrive?', units='norm', win=Window(...), wrapWidth=1)
25.8521 	EXP 	window1: mouseVisible = True
25.8527 	EXP 	window1: mouseVisible = True
25.8580 	EXP 	window1: mouseVisible = True
25.8582 	EXP 	window1: mouseVisible = True
25.8589 	EXP 	window1: mouseVisible = True
25.8596 	EXP 	window1: mouseVisible = True
25.8654 	EXP 	window1: mouseVisible = True
25.8656 	EXP 	window1: mouseVisible = True
25.8662 	EXP 	window1: mouseVisible = True
25.8669 	EXP 	window1: mouseVisible = True
25.8717 	EXP 	window1: mouseVisible = True
25.8718 	EXP 	window1: mouseVisible = True
25.8726 	EXP 	window1: mouseVisible = True
25.8733 	EXP 	window1: mouseVisible = True
25.8786 	EXP 	window1: mouseVisible = True
25.8787 	EXP 	window1: mouseVisible = True
25.8795 	EXP 	window1: mouseVisible = True
25.8802 	EXP 	window1: mouseVisible = True
25.8851 	EXP 	window1: mouseVisible = True
25.8867 	EXP 	window1: mouseVisible = True
25.9331 	EXP 	Created RSP_pleasant = Slider(__class__=<class 'psychopy.visual.slider.Slider'>, autoDraw=False, autoLog=True, borderColor=None, color=None, colorSpace='rgb', depth=-21, fillColor=None, flip=False, font='Open Sans', granularity=1.0, labelColor=None, labelHeight=0.04, labelWrapWidth=None, labels=['Very easy', 'Very difficult'], lineColor=None, markerColor=None, name='RSP_pleasant', opacity=None, ori=0.0, pos=array([ 0.5 , -0.55]), readOnly=False, self=UNKNOWN, size=array([0.5 , 0.06]), startValue=None, style='radio', styleTweaks=[], ticks=array([0, 1]), units='norm', win=Window(...))
25.9334 	EXP 	window1: mouseVisible = True
25.9400 	EXP 	Created pleasant_txt = TextStim(__class__=<class 'psychopy.visual.text.TextStim'>, alignHoriz=method-wrapper(...), alignText='center', alignVert=method-wrapper(...), anchorHoriz='center', anchorVert='center', antialias=True, autoDraw=False, autoLog=True, bold=False, color=array([-1., -1., -1.]), colorSpace='rgb', contrast=1.0, depth=-22.0, draggable=False, flipHoriz=False, flipVert=False, font='Open Sans', fontFiles=[], height=0.06, italic=False, languageStyle='LTR', name='pleasant_txt', opacity=1.0, ori=0.0, pos=array([ 0.42, -0.45]), rgb=UNKNOWN, text='How difficult was it to find a solution?', units='norm', win=Window(...), wrapWidth=1)
25.9401 	EXP 	window1: mouseVisible = True
25.9445 	EXP 	Created next_txt = TextStim(__class__=<class 'psychopy.visual.text.TextStim'>, alignHoriz=method-wrapper(...), alignText='center', alignVert=method-wrapper(...), anchorHoriz='center', anchorVert='center', antialias=True, autoDraw=False, autoLog=True, bold=False, color=array([-1., -1., -1.]), colorSpace='rgb', contrast=1.0, depth=-23.0, draggable=False, flipHoriz=False, flipVert=False, font='Open Sans', fontFiles=[], height=0.06, italic=False, languageStyle='LTR', name='next_txt', opacity=1.0, ori=0.0, pos=array([ 0.7 , -0.75]), rgb=UNKNOWN, text='Next', units='norm', win=Window(...), wrapWidth=1)
25.9447 	EXP 	window1: mouseVisible = True
25.9471 	EXP 	Created text = TextStim(__class__=<class 'psychopy.visual.text.TextStim'>, alignHoriz=method-wrapper(...), alignText='center', alignVert=method-wrapper(...), anchorHoriz='center', anchorVert='center', antialias=True, autoDraw=False, autoLog=True, bold=False, color=array([1., 1., 1.]), colorSpace='rgb', contrast=1.0, depth=0.0, draggable=False, flipHoriz=False, flipVert=False, font='Open Sans', fontFiles=[], height=0.1, italic=False, languageStyle='LTR', name='text', opacity=1.0, ori=0.0, pos=array([0., 0.]), rgb=UNKNOWN, text='', units='norm', win=Window(...), wrapWidth=1)
25.9472 	EXP 	window1: mouseVisible = True
25.9556 	EXP 	Created end_txt = TextStim(__class__=<class 'psychopy.visual.text.TextStim'>, alignHoriz=method-wrapper(...), alignText='center', alignVert=method-wrapper(...), anchorHoriz='center', anchorVert='center', antialias=True, autoDraw=False, autoLog=True, bold=False, color=array([1., 1., 1.]), colorSpace='rgb', contrast=1.0, depth=0.0, draggable=False, flipHoriz=False, flipVert=False, font='Open Sans', fontFiles=[], height=0.1, italic=False, languageStyle='LTR', name='end_txt', opacity=1.0, ori=0.0, pos=array([0., 0.]), rgb=UNKNOWN, text='The end. Thank you!', units='norm', win=Window(...), wrapWidth=1)
0.0113 	EXP 	brush_2: autoLog = True
0.0113 	EXP 	brush_2: autoDraw = False
0.0113 	EXP 	H1_textbox_2: autoLog = True
0.0113 	EXP 	RSP_ahhaa_2: autoLog = True
0.0113 	EXP 	RSP_ahhaa_2: ticks = array([0, 1])
0.0113 	EXP 	RSP_ahhaa_2: styleTweaks = []
0.0113 	EXP 	RSP_ahhaa_2: styleTweaks = []
0.0113 	EXP 	RSP_ahhaa_2: styleTweaks = []
0.0113 	EXP 	RSP_ahhaa_2: styleTweaks = []
0.0113 	EXP 	RSP_ahhaa_2: ticks = array([0, 1])
0.0113 	EXP 	RSP_ahhaa_2: contrast = 1.0
0.0113 	EXP 	RSP_ahhaa_2: markerPos = None
0.0113 	EXP 	RSP_ahhaa_2: autoLog = True
0.0113 	EXP 	RSP_sudden_2: autoLog = True
0.0113 	EXP 	RSP_sudden_2: ticks = array([0, 1])
0.0113 	EXP 	RSP_sudden_2: styleTweaks = []
0.0113 	EXP 	RSP_sudden_2: styleTweaks = []
0.0113 	EXP 	RSP_sudden_2: styleTweaks = []
0.0113 	EXP 	RSP_sudden_2: styleTweaks = []
0.0113 	EXP 	RSP_sudden_2: ticks = array([0, 1])
0.0113 	EXP 	RSP_sudden_2: contrast = 1.0
0.0113 	EXP 	RSP_sudden_2: markerPos = None
0.0113 	EXP 	RSP_sudden_2: autoLog = True
0.0113 	EXP 	RSP_pleasant_2: autoLog = True
0.0113 	EXP 	RSP_pleasant_2: ticks = array([0, 1])
0.0113 	EXP 	RSP_pleasant_2: styleTweaks = []
0.0113 	EXP 	RSP_pleasant_2: styleTweaks = []
0.0113 	EXP 	RSP_pleasant_2: styleTweaks = []
0.0113 	EXP 	RSP_pleasant_2: styleTweaks = []
0.0113 	EXP 	RSP_pleasant_2: ticks = array([0, 1])
0.0113 	EXP 	RSP_pleasant_2: contrast = 1.0
0.0113 	EXP 	RSP_pleasant_2: markerPos = None
0.0113 	EXP 	RSP_pleasant_2: autoLog = True
0.0113 	EXP 	brush: autoLog = True
0.0113 	EXP 	brush: autoDraw = False
0.0113 	EXP 	H1_textbox: autoLog = True
0.0113 	EXP 	RSP_ahhaa: autoLog = True
0.0113 	EXP 	RSP_ahhaa: ticks = array([0, 1])
0.0113 	EXP 	RSP_ahhaa: styleTweaks = []
0.0113 	EXP 	RSP_ahhaa: styleTweaks = []
0.0113 	EXP 	RSP_ahhaa: styleTweaks = []
0.0113 	EXP 	RSP_ahhaa: styleTweaks = []
0.0113 	EXP 	RSP_ahhaa: ticks = array([0, 1])
0.0113 	EXP 	RSP_ahhaa: contrast = 1.0
0.0113 	EXP 	RSP_ahhaa: markerPos = None
0.0113 	EXP 	RSP_ahhaa: autoLog = True
0.0113 	EXP 	RSP_sudden: autoLog = True
0.0113 	EXP 	RSP_sudden: ticks = array([0, 1])
0.0113 	EXP 	RSP_sudden: styleTweaks = []
0.0113 	EXP 	RSP_sudden: styleTweaks = []
0.0113 	EXP 	RSP_sudden: styleTweaks = []
0.0113 	EXP 	RSP_sudden: styleTweaks = []
0.0113 	EXP 	RSP_sudden: ticks = array([0, 1])
0.0113 	EXP 	RSP_sudden: contrast = 1.0
0.0113 	EXP 	RSP_sudden: markerPos = None
0.0113 	EXP 	RSP_sudden: autoLog = True
0.0113 	EXP 	RSP_pleasant: autoLog = True
0.0113 	EXP 	RSP_pleasant: ticks = array([0, 1])
0.0113 	EXP 	RSP_pleasant: styleTweaks = []
0.0113 	EXP 	RSP_pleasant: styleTweaks = []
0.0113 	EXP 	RSP_pleasant: styleTweaks = []
0.0113 	EXP 	RSP_pleasant: styleTweaks = []
0.0113 	EXP 	RSP_pleasant: ticks = array([0, 1])
0.0113 	EXP 	RSP_pleasant: contrast = 1.0
0.0113 	EXP 	RSP_pleasant: markerPos = None
0.0113 	EXP 	RSP_pleasant: autoLog = True
0.0282 	EXP 	instruction1_2: autoDraw = True
0.0282 	EXP 	button1_2: autoDraw = True
0.0282 	EXP 	button_txt1_2: autoDraw = True
8.6918 	DATA 	Mouse: wheel shift=(0,1), pos=(1409,242)
9.1171 	DATA 	Mouse: wheel shift=(0,-1), pos=(1409,256)
9.1861 	DATA 	Mouse: wheel shift=(0,-1), pos=(1409,256)
9.2542 	DATA 	Mouse: wheel shift=(0,-1), pos=(1409,257)
16.7085 	DATA 	Mouse: Left button down, pos=(1403,187)
16.7173 	EXP 	instruction1_2: autoDraw = False
16.7173 	EXP 	button1_2: autoDraw = False
16.7173 	EXP 	button_txt1_2: autoDraw = False
16.7173 	EXP 	instruction1: autoDraw = True
16.8383 	DATA 	Mouse:  Left button up, pos=(1403,187)
18.7118 	EXP 	button1: autoDraw = True
18.7118 	EXP 	button_txt1: autoDraw = True
42.2608 	DATA 	Keypress: escape
42.4267 	EXP 	ConstellationsNAI22: status = STOPPED
42.4340 	EXP 	instruction1: autoDraw = False
42.4340 	EXP 	button1: autoDraw = False
42.4340 	EXP 	button_txt1: autoDraw = False
42.4341 	EXP 	ConstellationsNAI22: status = STOPPED
42.5064 	EXP 	window1: mouseVisible = True
