9.5961 	WARNING 	User requested fullscreen with size [1536  864], but screen is actually [1920, 1080]. Using actual size
10.2757 	EXP 	Created window1 = Window(allowGUI=True, allowStencil=True, autoLog=True, backendConf=UNKNOWN, backgroundFit=<method-wrapper '__getattribute__' of attributeSetter object at 0x000001B2B1D59CD0>, backgroundImage=<method-wrapper '__getattribute__' of attributeSetter object at 0x000001B2B1D59C70>, bitsMode=UNKNOWN, blendMode='avg', bpc=(8, 8, 8), color=array([0, 0, 0]), colorSpace='rgb', depthBits=8, fullscr=<method-wrapper '__getattribute__' of attributeSetter object at 0x000001B2B1D59AF0>, gamma=None, gammaErrorPolicy='raise', lms=UNKNOWN, monitor=<psychopy.monitors.calibTools.Monitor object at 0x000001B2B22A5970>, multiSample=False, name='window1', numSamples=2, pos=(0, 0), screen=0, size=array([1920, 1080]), stencilBits=8, stereo=False, title='PsychoPy', units='norm', useFBO=True, useRetina=False, viewOri=0.0, viewPos=None, viewScale=None, waitBlanking=True, winType='pyglet')
10.2759 	EXP 	window1: mouseVisible = True
10.2759 	EXP 	window1: backgroundImage = ''
10.2759 	EXP 	window1: backgroundFit = 'none'
10.2782 	EXP 	window1: Attempting to measure frame rate of screen (0) ...
10.2782 	EXP 	window1: recordFrameIntervals = False
10.3452 	EXP 	window1: recordFrameIntervals = True
10.4205 	EXP 	Screen (0) actual frame rate measured at 144.46Hz
10.4206 	EXP 	window1: recordFrameIntervals = False
10.4208 	EXP 	window1: mouseVisible = False
13.6817 	EXP 	ConstellationsNAI22: status = STARTED
13.6822 	EXP 	window1: mouseVisible = True
14.2205 	EXP 	Created instruction1_2 = ImageStim(__class__=<class 'psychopy.visual.image.ImageStim'>, anchor=('center', 'center'), autoLog=True, color=array([1., 1., 1.]), colorSpace='rgb', contrast=1.0, depth=0.0, draggable=False, flipHoriz=False, flipVert=False, image='stimuli/intro0.PNG', interpolate=True, mask=None, maskParams=None, name='instruction1_2', opacity=1.0, ori=0.0, pos=array([0., 0.]), size=array([1.3, 1.6]), texRes=128.0, units='norm', win=Window(...))
14.2207 	EXP 	window1: mouseVisible = True
14.2211 	EXP 	window1: mouseVisible = True
14.2240 	EXP 	Created button1_2 = Rect(__class__=<class 'psychopy.visual.rect.Rect'>, anchor=('center', 'center'), autoDraw=False, autoLog=True, closeShape=True, color=method-wrapper(...), colorSpace='rgb', contrast=None, depth=-2.0, draggable=False, fillColor=array([1, 1, 1]), fillColorSpace='rgb', fillRGB=array([1, 1, 1]), interpolate=True, lineColor=array([1., 1., 1.]), lineColorSpace='rgb', lineRGB=array([1, 1, 1]), lineWidth=1.0, name='button1_2', opacity=1.0, ori=0.0, pos=array([ 0.5 , -0.65]), size=array([0.2, 0.1]), units='norm', vertices=ndarray(...), win=Window(...))
14.2243 	EXP 	window1: mouseVisible = True
14.2914 	EXP 	Created button_txt1_2 = TextStim(__class__=<class 'psychopy.visual.text.TextStim'>, alignHoriz=method-wrapper(...), alignText='center', alignVert=method-wrapper(...), anchorHoriz='center', anchorVert='center', antialias=True, autoDraw=False, autoLog=True, bold=False, color=array([-1., -1., -1.]), colorSpace='rgb', contrast=1.0, depth=-3.0, draggable=False, flipHoriz=False, flipVert=False, font='Open Sans', fontFiles=[], height=0.07, italic=False, languageStyle='LTR', name='button_txt1_2', opacity=1.0, ori=0.0, pos=array([ 0.5 , -0.65]), rgb=UNKNOWN, text='Next', units='norm', win=Window(...), wrapWidth=1)
14.2916 	EXP 	window1: mouseVisible = True
14.6342 	EXP 	Created instruction1 = ImageStim(__class__=<class 'psychopy.visual.image.ImageStim'>, anchor=('center', 'center'), autoLog=True, color=array([1., 1., 1.]), colorSpace='rgb', contrast=1.0, depth=0.0, draggable=False, flipHoriz=False, flipVert=False, image='stimuli/intro1.PNG', interpolate=True, mask=None, maskParams=None, name='instruction1', opacity=1.0, ori=0.0, pos=array([0., 0.]), size=array([1.3, 1.6]), texRes=128.0, units='norm', win=Window(...))
14.6343 	EXP 	window1: mouseVisible = True
14.6344 	EXP 	window1: mouseVisible = True
14.6374 	EXP 	Created button1 = Rect(__class__=<class 'psychopy.visual.rect.Rect'>, anchor=('center', 'center'), autoDraw=False, autoLog=True, closeShape=True, color=method-wrapper(...), colorSpace='rgb', contrast=None, depth=-2.0, draggable=False, fillColor=array([1, 1, 1]), fillColorSpace='rgb', fillRGB=array([1, 1, 1]), interpolate=True, lineColor=array([1., 1., 1.]), lineColorSpace='rgb', lineRGB=array([1, 1, 1]), lineWidth=1.0, name='button1', opacity=1.0, ori=0.0, pos=array([ 0.5 , -0.65]), size=array([0.2, 0.1]), units='norm', vertices=ndarray(...), win=Window(...))
14.6376 	EXP 	window1: mouseVisible = True
14.6414 	EXP 	Created button_txt1 = TextStim(__class__=<class 'psychopy.visual.text.TextStim'>, alignHoriz=method-wrapper(...), alignText='center', alignVert=method-wrapper(...), anchorHoriz='center', anchorVert='center', antialias=True, autoDraw=False, autoLog=True, bold=False, color=array([-1., -1., -1.]), colorSpace='rgb', contrast=1.0, depth=-3.0, draggable=False, flipHoriz=False, flipVert=False, font='Open Sans', fontFiles=[], height=0.07, italic=False, languageStyle='LTR', name='button_txt1', opacity=1.0, ori=0.0, pos=array([ 0.5 , -0.65]), rgb=UNKNOWN, text='Next', units='norm', win=Window(...), wrapWidth=1)
14.6417 	EXP 	window1: mouseVisible = True
15.4622 	EXP 	Created instruction2 = ImageStim(__class__=<class 'psychopy.visual.image.ImageStim'>, anchor=('center', 'center'), autoLog=True, color=array([1., 1., 1.]), colorSpace='rgb', contrast=1.0, depth=0.0, draggable=False, flipHoriz=False, flipVert=False, image='stimuli/intro2.PNG', interpolate=True, mask=None, maskParams=None, name='instruction2', opacity=1.0, ori=0.0, pos=array([0., 0.]), size=array([1.3, 1.6]), texRes=128.0, units='norm', win=Window(...))
15.4623 	EXP 	window1: mouseVisible = True
15.4626 	EXP 	window1: mouseVisible = True
15.4651 	EXP 	Created button2 = Rect(__class__=<class 'psychopy.visual.rect.Rect'>, anchor=('center', 'center'), autoDraw=False, autoLog=True, closeShape=True, color=method-wrapper(...), colorSpace='rgb', contrast=None, depth=-2.0, draggable=False, fillColor=array([1, 1, 1]), fillColorSpace='rgb', fillRGB=array([1, 1, 1]), interpolate=True, lineColor=array([1., 1., 1.]), lineColorSpace='rgb', lineRGB=array([1, 1, 1]), lineWidth=1.0, name='button2', opacity=1.0, ori=0.0, pos=array([ 0.5 , -0.65]), size=array([0.2, 0.1]), units='norm', vertices=ndarray(...), win=Window(...))
15.4652 	EXP 	window1: mouseVisible = True
15.4687 	EXP 	Created button_txt2 = TextStim(__class__=<class 'psychopy.visual.text.TextStim'>, alignHoriz=method-wrapper(...), alignText='center', alignVert=method-wrapper(...), anchorHoriz='center', anchorVert='center', antialias=True, autoDraw=False, autoLog=True, bold=False, color=array([-1., -1., -1.]), colorSpace='rgb', contrast=1.0, depth=-3.0, draggable=False, flipHoriz=False, flipVert=False, font='Open Sans', fontFiles=[], height=0.07, italic=False, languageStyle='LTR', name='button_txt2', opacity=1.0, ori=0.0, pos=array([ 0.5 , -0.65]), rgb=UNKNOWN, text='Next', units='norm', win=Window(...), wrapWidth=1)
15.4688 	EXP 	window1: mouseVisible = True
16.0154 	EXP 	Created instruction3 = ImageStim(__class__=<class 'psychopy.visual.image.ImageStim'>, anchor=('center', 'center'), autoLog=True, color=array([1., 1., 1.]), colorSpace='rgb', contrast=1.0, depth=0.0, draggable=False, flipHoriz=False, flipVert=False, image='stimuli/intro3.PNG', interpolate=True, mask=None, maskParams=None, name='instruction3', opacity=1.0, ori=0.0, pos=array([0., 0.]), size=array([1.3, 1.6]), texRes=128.0, units='norm', win=Window(...))
16.0155 	EXP 	window1: mouseVisible = True
16.0156 	EXP 	window1: mouseVisible = True
16.0179 	EXP 	Created button3 = Rect(__class__=<class 'psychopy.visual.rect.Rect'>, anchor=('center', 'center'), autoDraw=False, autoLog=True, closeShape=True, color=method-wrapper(...), colorSpace='rgb', contrast=None, depth=-2.0, draggable=False, fillColor=array([1, 1, 1]), fillColorSpace='rgb', fillRGB=array([1, 1, 1]), interpolate=True, lineColor=array([1., 1., 1.]), lineColorSpace='rgb', lineRGB=array([1, 1, 1]), lineWidth=1.0, name='button3', opacity=1.0, ori=0.0, pos=array([ 0.5 , -0.65]), size=array([0.2, 0.1]), units='norm', vertices=ndarray(...), win=Window(...))
16.0180 	EXP 	window1: mouseVisible = True
16.0214 	EXP 	Created button_txt3 = TextStim(__class__=<class 'psychopy.visual.text.TextStim'>, alignHoriz=method-wrapper(...), alignText='center', alignVert=method-wrapper(...), anchorHoriz='center', anchorVert='center', antialias=True, autoDraw=False, autoLog=True, bold=False, color=array([-1., -1., -1.]), colorSpace='rgb', contrast=1.0, depth=-3.0, draggable=False, flipHoriz=False, flipVert=False, font='Open Sans', fontFiles=[], height=0.07, italic=False, languageStyle='LTR', name='button_txt3', opacity=1.0, ori=0.0, pos=array([ 0.5 , -0.65]), rgb=UNKNOWN, text='Next', units='norm', win=Window(...), wrapWidth=1)
16.0215 	EXP 	window1: mouseVisible = True
16.5642 	EXP 	Created instruction4 = ImageStim(__class__=<class 'psychopy.visual.image.ImageStim'>, anchor=('center', 'center'), autoLog=True, color=array([1., 1., 1.]), colorSpace='rgb', contrast=1.0, depth=0.0, draggable=False, flipHoriz=False, flipVert=False, image='stimuli/intro4.PNG', interpolate=True, mask=None, maskParams=None, name='instruction4', opacity=1.0, ori=0.0, pos=array([0., 0.]), size=array([1.3, 1.6]), texRes=128.0, units='norm', win=Window(...))
16.5643 	EXP 	window1: mouseVisible = True
16.5645 	EXP 	window1: mouseVisible = True
16.5670 	EXP 	Created button4 = Rect(__class__=<class 'psychopy.visual.rect.Rect'>, anchor=('center', 'center'), autoDraw=False, autoLog=True, closeShape=True, color=method-wrapper(...), colorSpace='rgb', contrast=None, depth=-2.0, draggable=False, fillColor=array([1, 1, 1]), fillColorSpace='rgb', fillRGB=array([1, 1, 1]), interpolate=True, lineColor=array([1., 1., 1.]), lineColorSpace='rgb', lineRGB=array([1, 1, 1]), lineWidth=1.0, name='button4', opacity=1.0, ori=0.0, pos=array([ 0.5 , -0.65]), size=array([0.2, 0.1]), units='norm', vertices=ndarray(...), win=Window(...))
16.5672 	EXP 	window1: mouseVisible = True
16.5711 	EXP 	Created button_txt4 = TextStim(__class__=<class 'psychopy.visual.text.TextStim'>, alignHoriz=method-wrapper(...), alignText='center', alignVert=method-wrapper(...), anchorHoriz='center', anchorVert='center', antialias=True, autoDraw=False, autoLog=True, bold=False, color=array([-1., -1., -1.]), colorSpace='rgb', contrast=1.0, depth=-3.0, draggable=False, flipHoriz=False, flipVert=False, font='Open Sans', fontFiles=[], height=0.07, italic=False, languageStyle='LTR', name='button_txt4', opacity=1.0, ori=0.0, pos=array([ 0.5 , -0.65]), rgb=UNKNOWN, text='Next', units='norm', win=Window(...), wrapWidth=1)
16.5713 	EXP 	window1: mouseVisible = True
16.5877 	EXP 	Created image_2 = ImageStim(__class__=<class 'psychopy.visual.image.ImageStim'>, anchor=('center', 'center'), autoLog=True, color=array([1., 1., 1.]), colorSpace='rgb', contrast=1.0, depth=0.0, draggable=False, flipHoriz=False, flipVert=False, image='default.png', interpolate=True, mask=None, maskParams=None, name='image_2', opacity=1.0, ori=0.0, pos=array([-0.4,  0. ]), size=array([0.65, 0.65]), texRes=128.0, units='height', win=Window(...))
16.5878 	EXP 	window1: mouseVisible = True
16.5879 	EXP 	Created brush_2 = <psychopy.visual.brush.Brush object at 0x000001B2B7B2E700>
16.5879 	EXP 	window1: mouseVisible = True
16.5883 	EXP 	window1: mouseVisible = True
16.5885 	EXP 	window1: mouseVisible = True
16.5894 	EXP 	window1: mouseVisible = True
16.5901 	EXP 	window1: mouseVisible = True
16.5965 	EXP 	window1: mouseVisible = True
16.5967 	EXP 	window1: mouseVisible = True
16.5974 	EXP 	window1: mouseVisible = True
16.5981 	EXP 	window1: mouseVisible = True
16.6213 	EXP 	window1: mouseVisible = True
16.6395 	EXP 	Created juhis_txt_2 = TextStim(__class__=<class 'psychopy.visual.text.TextStim'>, alignHoriz=method-wrapper(...), alignText='center', alignVert=method-wrapper(...), anchorHoriz='center', anchorVert='center', antialias=True, autoDraw=False, autoLog=True, bold=False, color=array([-1., -1., -1.]), colorSpace='rgb', contrast=1.0, depth=-5.0, draggable=False, flipHoriz=False, flipVert=False, font='Open Sans', fontFiles=[], height=0.07, italic=False, languageStyle='LTR', name='juhis_txt_2', opacity=1.0, ori=0.0, pos=array([-0.45,  0.75]), rgb=UNKNOWN, text='Trace the contours to find an object!', units='norm', win=Window(...), wrapWidth=1)
16.6397 	EXP 	window1: mouseVisible = True
16.6420 	EXP 	Created button_clear_2 = Rect(__class__=<class 'psychopy.visual.rect.Rect'>, anchor=('center', 'center'), autoDraw=False, autoLog=True, closeShape=True, color=method-wrapper(...), colorSpace='rgb', contrast=None, depth=-6.0, draggable=False, fillColor=array([1, 1, 1]), fillColorSpace='rgb', fillRGB=array([1, 1, 1]), interpolate=True, lineColor=array([1., 1., 1.]), lineColorSpace='rgb', lineRGB=array([1, 1, 1]), lineWidth=1.0, name='button_clear_2', opacity=1.0, ori=0.0, pos=array([-0.2 , -0.75]), size=array([0.2, 0.1]), units='norm', vertices=ndarray(...), win=Window(...))
16.6421 	EXP 	window1: mouseVisible = True
16.6561 	EXP 	Created objekt_txt_2 = TextStim(__class__=<class 'psychopy.visual.text.TextStim'>, alignHoriz=method-wrapper(...), alignText='center', alignVert=method-wrapper(...), anchorHoriz='center', anchorVert='center', antialias=True, autoDraw=False, autoLog=True, bold=False, color=array([-1., -1., -1.]), colorSpace='rgb', contrast=1.0, depth=-7.0, draggable=False, flipHoriz=False, flipVert=False, font='Open Sans', fontFiles=[], height=0.06, italic=False, languageStyle='LTR', name='objekt_txt_2', opacity=1.0, ori=0.0, pos=array([0.4 , 0.55]), rgb=UNKNOWN, text='What did you find in the image?', units='norm', win=Window(...), wrapWidth=1)
16.6562 	EXP 	window1: mouseVisible = True
16.6563 	EXP 	window1: mouseVisible = True
16.6584 	EXP 	Created button_next_2 = Rect(__class__=<class 'psychopy.visual.rect.Rect'>, anchor=('center', 'center'), autoDraw=False, autoLog=True, closeShape=True, color=method-wrapper(...), colorSpace='rgb', contrast=None, depth=-9.0, draggable=False, fillColor=array([1, 1, 1]), fillColorSpace='rgb', fillRGB=array([1, 1, 1]), interpolate=True, lineColor=array([1., 1., 1.]), lineColorSpace='rgb', lineRGB=array([1, 1, 1]), lineWidth=1.0, name='button_next_2', opacity=1.0, ori=0.0, pos=array([ 0.7 , -0.75]), size=array([0.2, 0.1]), units='norm', vertices=ndarray(...), win=Window(...))
16.6585 	EXP 	window1: mouseVisible = True
16.6586 	EXP 	window1: mouseVisible = True
16.6659 	EXP 	Created clear_txt_2 = TextStim(__class__=<class 'psychopy.visual.text.TextStim'>, alignHoriz=method-wrapper(...), alignText='center', alignVert=method-wrapper(...), anchorHoriz='center', anchorVert='center', antialias=True, autoDraw=False, autoLog=True, bold=False, color=array([-1., -1., -1.]), colorSpace='rgb', contrast=1.0, depth=-11.0, draggable=False, flipHoriz=False, flipVert=False, font='Open Sans', fontFiles=[], height=0.06, italic=False, languageStyle='LTR', name='clear_txt_2', opacity=1.0, ori=0.0, pos=array([-0.2 , -0.75]), rgb=UNKNOWN, text='Erase', units='norm', win=Window(...), wrapWidth=1)
16.6660 	EXP 	window1: mouseVisible = True
16.6682 	EXP 	Created button_hint_2 = Rect(__class__=<class 'psychopy.visual.rect.Rect'>, anchor=('center', 'center'), autoDraw=False, autoLog=True, closeShape=True, color=method-wrapper(...), colorSpace='rgb', contrast=None, depth=-12.0, draggable=False, fillColor=array([ 1, -1, -1]), fillColorSpace='rgb', fillRGB=array([ 1, -1, -1]), interpolate=True, lineColor=array([1., 1., 1.]), lineColorSpace='rgb', lineRGB=array([1, 1, 1]), lineWidth=1.0, name='button_hint_2', opacity=1.0, ori=0.0, pos=array([0.6, 0.6]), size=array([0.2, 0.1]), units='norm', vertices=ndarray(...), win=Window(...))
16.6683 	EXP 	window1: mouseVisible = True
16.6713 	EXP 	Created vihje_txt_2 = TextStim(__class__=<class 'psychopy.visual.text.TextStim'>, alignHoriz=method-wrapper(...), alignText='center', alignVert=method-wrapper(...), anchorHoriz='center', anchorVert='center', antialias=True, autoDraw=False, autoLog=True, bold=False, color=array([1., 1., 1.]), colorSpace='rgb', contrast=1.0, depth=-13.0, draggable=False, flipHoriz=False, flipVert=False, font='Open Sans', fontFiles=[], height=0.06, italic=False, languageStyle='LTR', name='vihje_txt_2', opacity=1.0, ori=0.0, pos=array([0.6, 0.6]), rgb=UNKNOWN, text='', units='norm', win=Window(...), wrapWidth=1)
16.6714 	EXP 	window1: mouseVisible = True
16.6747 	EXP 	Created button_yes_2 = Rect(__class__=<class 'psychopy.visual.rect.Rect'>, anchor=('center', 'center'), autoDraw=False, autoLog=True, closeShape=True, color=method-wrapper(...), colorSpace='rgb', contrast=None, depth=-14.0, draggable=False, fillColor=array([-1.        ,  0.00392157, -1.        ]), fillColorSpace='rgb', fillRGB=array([-1.        ,  0.00392157, -1.        ]), interpolate=True, lineColor=array([1., 1., 1.]), lineColorSpace='rgb', lineRGB=array([1, 1, 1]), lineWidth=1.0, name='button_yes_2', opacity=1.0, ori=0.0, pos=array([0.3, 0.6]), size=array([0.2, 0.1]), units='norm', vertices=ndarray(...), win=Window(...))
16.6748 	EXP 	window1: mouseVisible = True
16.6765 	EXP 	Created leidsin_txt_2 = TextStim(__class__=<class 'psychopy.visual.text.TextStim'>, alignHoriz=method-wrapper(...), alignText='center', alignVert=method-wrapper(...), anchorHoriz='center', anchorVert='center', antialias=True, autoDraw=False, autoLog=True, bold=False, color=array([1., 1., 1.]), colorSpace='rgb', contrast=1.0, depth=-15.0, draggable=False, flipHoriz=False, flipVert=False, font='Open Sans', fontFiles=[], height=0.06, italic=False, languageStyle='LTR', name='leidsin_txt_2', opacity=1.0, ori=0.0, pos=array([0.3, 0.6]), rgb=UNKNOWN, text='', units='norm', win=Window(...), wrapWidth=1)
16.6858 	EXP 	window1: mouseVisible = True
16.6864 	EXP 	window1: mouseVisible = True
16.6924 	EXP 	window1: mouseVisible = True
16.6926 	EXP 	window1: mouseVisible = True
16.6934 	EXP 	window1: mouseVisible = True
16.6941 	EXP 	window1: mouseVisible = True
16.7239 	EXP 	window1: mouseVisible = True
16.7243 	EXP 	window1: mouseVisible = True
16.7257 	EXP 	window1: mouseVisible = True
16.7270 	EXP 	window1: mouseVisible = True
16.7421 	EXP 	window1: mouseVisible = True
16.7424 	EXP 	window1: mouseVisible = True
16.7432 	EXP 	window1: mouseVisible = True
16.7439 	EXP 	window1: mouseVisible = True
16.7499 	EXP 	window1: mouseVisible = True
16.7501 	EXP 	window1: mouseVisible = True
16.7508 	EXP 	window1: mouseVisible = True
16.7514 	EXP 	window1: mouseVisible = True
16.7572 	EXP 	window1: mouseVisible = True
16.7598 	EXP 	window1: mouseVisible = True
16.8070 	EXP 	Created RSP_ahhaa_2 = Slider(__class__=<class 'psychopy.visual.slider.Slider'>, autoDraw=False, autoLog=True, borderColor=None, color=None, colorSpace='rgb', depth=-16, fillColor=None, flip=False, font='Open Sans', granularity=1.0, labelColor=None, labelHeight=0.04, labelWrapWidth=None, labels=['Very uncertain', 'Very certain'], lineColor=None, markerColor=None, name='RSP_ahhaa_2', opacity=None, ori=0.0, pos=array([ 0.5 , -0.05]), readOnly=False, self=UNKNOWN, size=array([0.5 , 0.06]), startValue=None, style='radio', styleTweaks=[], ticks=array([0, 1]), units='norm', win=Window(...))
16.8071 	EXP 	window1: mouseVisible = True
16.8164 	EXP 	Created ahhaa_txt_2 = TextStim(__class__=<class 'psychopy.visual.text.TextStim'>, alignHoriz=method-wrapper(...), alignText='center', alignVert=method-wrapper(...), anchorHoriz='center', anchorVert='center', antialias=True, autoDraw=False, autoLog=True, bold=False, color=array([-1., -1., -1.]), colorSpace='rgb', contrast=1.0, depth=-17.0, draggable=False, flipHoriz=False, flipVert=False, font='Open Sans', fontFiles=[], height=0.06, italic=False, languageStyle='LTR', name='ahhaa_txt_2', opacity=1.0, ori=0.0, pos=array([0.51, 0.05]), rgb=UNKNOWN, text=str(...), units='norm', win=Window(...), wrapWidth=1)
16.8209 	EXP 	window1: mouseVisible = True
16.8215 	EXP 	window1: mouseVisible = True
16.8275 	EXP 	window1: mouseVisible = True
16.8277 	EXP 	window1: mouseVisible = True
16.8285 	EXP 	window1: mouseVisible = True
16.8294 	EXP 	window1: mouseVisible = True
16.8423 	EXP 	window1: mouseVisible = True
16.8426 	EXP 	window1: mouseVisible = True
16.8435 	EXP 	window1: mouseVisible = True
16.8443 	EXP 	window1: mouseVisible = True
16.8499 	EXP 	window1: mouseVisible = True
16.8501 	EXP 	window1: mouseVisible = True
16.8508 	EXP 	window1: mouseVisible = True
16.8515 	EXP 	window1: mouseVisible = True
16.8606 	EXP 	window1: mouseVisible = True
16.8608 	EXP 	window1: mouseVisible = True
16.8617 	EXP 	window1: mouseVisible = True
16.8623 	EXP 	window1: mouseVisible = True
16.8681 	EXP 	window1: mouseVisible = True
16.8701 	EXP 	window1: mouseVisible = True
16.9179 	EXP 	Created RSP_sudden_2 = Slider(__class__=<class 'psychopy.visual.slider.Slider'>, autoDraw=False, autoLog=True, borderColor=None, color=None, colorSpace='rgb', depth=-18, fillColor=None, flip=False, font='Open Sans', granularity=1.0, labelColor=None, labelHeight=0.04, labelWrapWidth=None, labels=['Very gradually', 'Very suddenly'], lineColor=None, markerColor=None, name='RSP_sudden_2', opacity=None, ori=0.0, pos=array([ 0.5, -0.3]), readOnly=False, self=UNKNOWN, size=array([0.5 , 0.06]), startValue=None, style='radio', styleTweaks=[], ticks=array([0, 1]), units='norm', win=Window(...))
16.9181 	EXP 	window1: mouseVisible = True
16.9259 	EXP 	Created sudden_txt_2 = TextStim(__class__=<class 'psychopy.visual.text.TextStim'>, alignHoriz=method-wrapper(...), alignText='center', alignVert=method-wrapper(...), anchorHoriz='center', anchorVert='center', antialias=True, autoDraw=False, autoLog=True, bold=False, color=array([-1., -1., -1.]), colorSpace='rgb', contrast=1.0, depth=-19.0, draggable=False, flipHoriz=False, flipVert=False, font='Open Sans', fontFiles=[], height=0.06, italic=False, languageStyle='LTR', name='sudden_txt_2', opacity=1.0, ori=0.0, pos=array([ 0.42, -0.2 ]), rgb=UNKNOWN, text='How suddenly did the final answer arrive?', units='norm', win=Window(...), wrapWidth=1)
16.9302 	EXP 	window1: mouseVisible = True
16.9308 	EXP 	window1: mouseVisible = True
16.9371 	EXP 	window1: mouseVisible = True
16.9373 	EXP 	window1: mouseVisible = True
16.9382 	EXP 	window1: mouseVisible = True
16.9390 	EXP 	window1: mouseVisible = True
16.9455 	EXP 	window1: mouseVisible = True
16.9456 	EXP 	window1: mouseVisible = True
16.9463 	EXP 	window1: mouseVisible = True
16.9471 	EXP 	window1: mouseVisible = True
16.9527 	EXP 	window1: mouseVisible = True
16.9530 	EXP 	window1: mouseVisible = True
16.9536 	EXP 	window1: mouseVisible = True
16.9544 	EXP 	window1: mouseVisible = True
16.9635 	EXP 	window1: mouseVisible = True
16.9637 	EXP 	window1: mouseVisible = True
16.9645 	EXP 	window1: mouseVisible = True
16.9652 	EXP 	window1: mouseVisible = True
16.9705 	EXP 	window1: mouseVisible = True
16.9729 	EXP 	window1: mouseVisible = True
17.0244 	EXP 	Created RSP_pleasant_2 = Slider(__class__=<class 'psychopy.visual.slider.Slider'>, autoDraw=False, autoLog=True, borderColor=None, color=None, colorSpace='rgb', depth=-20, fillColor=None, flip=False, font='Open Sans', granularity=1.0, labelColor=None, labelHeight=0.04, labelWrapWidth=None, labels=['Very easy', 'Very difficult'], lineColor=None, markerColor=None, name='RSP_pleasant_2', opacity=None, ori=0.0, pos=array([ 0.5 , -0.55]), readOnly=False, self=UNKNOWN, size=array([0.5 , 0.06]), startValue=None, style='radio', styleTweaks=[], ticks=array([0, 1]), units='norm', win=Window(...))
17.0246 	EXP 	window1: mouseVisible = True
17.0308 	EXP 	Created pleasant_txt_2 = TextStim(__class__=<class 'psychopy.visual.text.TextStim'>, alignHoriz=method-wrapper(...), alignText='center', alignVert=method-wrapper(...), anchorHoriz='center', anchorVert='center', antialias=True, autoDraw=False, autoLog=True, bold=False, color=array([-1., -1., -1.]), colorSpace='rgb', contrast=1.0, depth=-21.0, draggable=False, flipHoriz=False, flipVert=False, font='Open Sans', fontFiles=[], height=0.06, italic=False, languageStyle='LTR', name='pleasant_txt_2', opacity=1.0, ori=0.0, pos=array([ 0.42, -0.45]), rgb=UNKNOWN, text='How difficult was it to find a solution?', units='norm', win=Window(...), wrapWidth=1)
17.0310 	EXP 	window1: mouseVisible = True
17.0361 	EXP 	Created next_txt_2 = TextStim(__class__=<class 'psychopy.visual.text.TextStim'>, alignHoriz=method-wrapper(...), alignText='center', alignVert=method-wrapper(...), anchorHoriz='center', anchorVert='center', antialias=True, autoDraw=False, autoLog=True, bold=False, color=array([-1., -1., -1.]), colorSpace='rgb', contrast=1.0, depth=-22.0, draggable=False, flipHoriz=False, flipVert=False, font='Open Sans', fontFiles=[], height=0.06, italic=False, languageStyle='LTR', name='next_txt_2', opacity=1.0, ori=0.0, pos=array([ 0.7 , -0.75]), rgb=UNKNOWN, text='Next', units='norm', win=Window(...), wrapWidth=1)
17.0362 	EXP 	window1: mouseVisible = True
17.0471 	EXP 	Created practice_object = ImageStim(__class__=<class 'psychopy.visual.image.ImageStim'>, anchor=('center', 'center'), autoLog=True, color=array([1., 1., 1.]), colorSpace='rgb', contrast=1.0, depth=0.0, draggable=False, flipHoriz=False, flipVert=False, image='stimuli/practice_first.jpg', interpolate=True, mask=None, maskParams=None, name='practice_object', opacity=1.0, ori=0.0, pos=array([0., 0.]), size=array([0.65, 0.65]), texRes=128.0, units='height', win=Window(...))
17.0473 	EXP 	window1: mouseVisible = True
17.0586 	EXP 	Created practice_outline = ImageStim(__class__=<class 'psychopy.visual.image.ImageStim'>, anchor=('center', 'center'), autoLog=True, color=array([1., 1., 1.]), colorSpace='rgb', contrast=1.0, depth=-1.0, draggable=False, flipHoriz=False, flipVert=False, image='stimuli/solution1.jpg', interpolate=True, mask=None, maskParams=None, name='practice_outline', opacity=1.0, ori=0.0, pos=array([0., 0.]), size=array([0.65, 0.65]), texRes=128.0, units='height', win=Window(...))
17.0587 	EXP 	window1: mouseVisible = True
17.0726 	EXP 	Created text_2 = TextStim(__class__=<class 'psychopy.visual.text.TextStim'>, alignHoriz=method-wrapper(...), alignText='center', alignVert=method-wrapper(...), anchorHoriz='center', anchorVert='center', antialias=True, autoDraw=False, autoLog=True, bold=False, color=array([1., 1., 1.]), colorSpace='rgb', contrast=1.0, depth=-2.0, draggable=False, flipHoriz=False, flipVert=False, font='Open Sans', fontFiles=[], height=0.1, italic=False, languageStyle='LTR', name='text_2', opacity=1.0, ori=0.0, pos=array([0. , 0.7]), rgb=UNKNOWN, text='Answer: CAR', units='norm', win=Window(...), wrapWidth=1)
17.0727 	EXP 	window1: mouseVisible = True
17.0728 	EXP 	window1: mouseVisible = True
17.0751 	EXP 	Created button5 = Rect(__class__=<class 'psychopy.visual.rect.Rect'>, anchor=('center', 'center'), autoDraw=False, autoLog=True, closeShape=True, color=method-wrapper(...), colorSpace='rgb', contrast=None, depth=-4.0, draggable=False, fillColor=array([1, 1, 1]), fillColorSpace='rgb', fillRGB=array([1, 1, 1]), interpolate=True, lineColor=array([1., 1., 1.]), lineColorSpace='rgb', lineRGB=array([1, 1, 1]), lineWidth=1.0, name='button5', opacity=1.0, ori=0.0, pos=array([ 0.5, -0.6]), size=array([0.2, 0.1]), units='norm', vertices=ndarray(...), win=Window(...))
17.0752 	EXP 	window1: mouseVisible = True
17.0824 	EXP 	Created button_txt5 = TextStim(__class__=<class 'psychopy.visual.text.TextStim'>, alignHoriz=method-wrapper(...), alignText='center', alignVert=method-wrapper(...), anchorHoriz='center', anchorVert='center', antialias=True, autoDraw=False, autoLog=True, bold=False, color=array([-1., -1., -1.]), colorSpace='rgb', contrast=1.0, depth=-5.0, draggable=False, flipHoriz=False, flipVert=False, font='Open Sans', fontFiles=[], height=0.07, italic=False, languageStyle='LTR', name='button_txt5', opacity=1.0, ori=0.0, pos=array([ 0.5, -0.6]), rgb=UNKNOWN, text='Next', units='norm', win=Window(...), wrapWidth=1)
17.0825 	EXP 	window1: mouseVisible = True
17.3878 	EXP 	Created instruction4_2 = ImageStim(__class__=<class 'psychopy.visual.image.ImageStim'>, anchor=('center', 'center'), autoLog=True, color=array([1., 1., 1.]), colorSpace='rgb', contrast=1.0, depth=0.0, draggable=False, flipHoriz=False, flipVert=False, image='stimuli/intro5.PNG', interpolate=True, mask=None, maskParams=None, name='instruction4_2', opacity=1.0, ori=0.0, pos=array([0., 0.]), size=array([1.3, 1.6]), texRes=128.0, units='norm', win=Window(...))
17.3879 	EXP 	window1: mouseVisible = True
17.3880 	EXP 	window1: mouseVisible = True
17.3907 	EXP 	Created button4_2 = Rect(__class__=<class 'psychopy.visual.rect.Rect'>, anchor=('center', 'center'), autoDraw=False, autoLog=True, closeShape=True, color=method-wrapper(...), colorSpace='rgb', contrast=None, depth=-2.0, draggable=False, fillColor=array([1, 1, 1]), fillColorSpace='rgb', fillRGB=array([1, 1, 1]), interpolate=True, lineColor=array([1., 1., 1.]), lineColorSpace='rgb', lineRGB=array([1, 1, 1]), lineWidth=1.0, name='button4_2', opacity=1.0, ori=0.0, pos=array([ 0.5 , -0.65]), size=array([0.2, 0.1]), units='norm', vertices=ndarray(...), win=Window(...))
17.3909 	EXP 	window1: mouseVisible = True
17.3952 	EXP 	Created button_txt4_2 = TextStim(__class__=<class 'psychopy.visual.text.TextStim'>, alignHoriz=method-wrapper(...), alignText='center', alignVert=method-wrapper(...), anchorHoriz='center', anchorVert='center', antialias=True, autoDraw=False, autoLog=True, bold=False, color=array([-1., -1., -1.]), colorSpace='rgb', contrast=1.0, depth=-3.0, draggable=False, flipHoriz=False, flipVert=False, font='Open Sans', fontFiles=[], height=0.07, italic=False, languageStyle='LTR', name='button_txt4_2', opacity=1.0, ori=0.0, pos=array([ 0.5 , -0.65]), rgb=UNKNOWN, text='Next', units='norm', win=Window(...), wrapWidth=1)
17.3953 	EXP 	window1: mouseVisible = True
17.4107 	EXP 	Created image = ImageStim(__class__=<class 'psychopy.visual.image.ImageStim'>, anchor=('center', 'center'), autoLog=True, color=array([1., 1., 1.]), colorSpace='rgb', contrast=1.0, depth=0.0, draggable=False, flipHoriz=False, flipVert=False, image='default.png', interpolate=True, mask=None, maskParams=None, name='image', opacity=1.0, ori=0.0, pos=array([-0.4,  0. ]), size=array([0.65, 0.65]), texRes=128.0, units='height', win=Window(...))
17.4109 	EXP 	window1: mouseVisible = True
17.4110 	EXP 	window1: mouseVisible = True
17.4110 	EXP 	Created brush = <psychopy.visual.brush.Brush object at 0x000001B2C109FAC0>
17.4113 	EXP 	window1: mouseVisible = True
17.4115 	EXP 	window1: mouseVisible = True
17.4126 	EXP 	window1: mouseVisible = True
17.4135 	EXP 	window1: mouseVisible = True
17.4190 	EXP 	window1: mouseVisible = True
17.4192 	EXP 	window1: mouseVisible = True
17.4200 	EXP 	window1: mouseVisible = True
17.4207 	EXP 	window1: mouseVisible = True
17.4258 	EXP 	window1: mouseVisible = True
17.4394 	EXP 	Created juhis_txt = TextStim(__class__=<class 'psychopy.visual.text.TextStim'>, alignHoriz=method-wrapper(...), alignText='center', alignVert=method-wrapper(...), anchorHoriz='center', anchorVert='center', antialias=True, autoDraw=False, autoLog=True, bold=False, color=array([-1., -1., -1.]), colorSpace='rgb', contrast=1.0, depth=-6.0, draggable=False, flipHoriz=False, flipVert=False, font='Open Sans', fontFiles=[], height=0.07, italic=False, languageStyle='LTR', name='juhis_txt', opacity=1.0, ori=0.0, pos=array([-0.45,  0.75]), rgb=UNKNOWN, text='Trace the contours to find an object!', units='norm', win=Window(...), wrapWidth=1)
17.4395 	EXP 	window1: mouseVisible = True
17.4418 	EXP 	Created button_clear = Rect(__class__=<class 'psychopy.visual.rect.Rect'>, anchor=('center', 'center'), autoDraw=False, autoLog=True, closeShape=True, color=method-wrapper(...), colorSpace='rgb', contrast=None, depth=-7.0, draggable=False, fillColor=array([1, 1, 1]), fillColorSpace='rgb', fillRGB=array([1, 1, 1]), interpolate=True, lineColor=array([1., 1., 1.]), lineColorSpace='rgb', lineRGB=array([1, 1, 1]), lineWidth=1.0, name='button_clear', opacity=1.0, ori=0.0, pos=array([-0.2 , -0.75]), size=array([0.2, 0.1]), units='norm', vertices=ndarray(...), win=Window(...))
17.4419 	EXP 	window1: mouseVisible = True
17.4549 	EXP 	Created objekt_txt = TextStim(__class__=<class 'psychopy.visual.text.TextStim'>, alignHoriz=method-wrapper(...), alignText='center', alignVert=method-wrapper(...), anchorHoriz='center', anchorVert='center', antialias=True, autoDraw=False, autoLog=True, bold=False, color=array([-1., -1., -1.]), colorSpace='rgb', contrast=1.0, depth=-8.0, draggable=False, flipHoriz=False, flipVert=False, font='Open Sans', fontFiles=[], height=0.06, italic=False, languageStyle='LTR', name='objekt_txt', opacity=1.0, ori=0.0, pos=array([0.4 , 0.55]), rgb=UNKNOWN, text='What did you find in the image?', units='norm', win=Window(...), wrapWidth=1)
17.4549 	EXP 	window1: mouseVisible = True
17.4550 	EXP 	window1: mouseVisible = True
17.4574 	EXP 	Created button_next = Rect(__class__=<class 'psychopy.visual.rect.Rect'>, anchor=('center', 'center'), autoDraw=False, autoLog=True, closeShape=True, color=method-wrapper(...), colorSpace='rgb', contrast=None, depth=-10.0, draggable=False, fillColor=array([1, 1, 1]), fillColorSpace='rgb', fillRGB=array([1, 1, 1]), interpolate=True, lineColor=array([1., 1., 1.]), lineColorSpace='rgb', lineRGB=array([1, 1, 1]), lineWidth=1.0, name='button_next', opacity=1.0, ori=0.0, pos=array([ 0.7 , -0.75]), size=array([0.2, 0.1]), units='norm', vertices=ndarray(...), win=Window(...))
17.4574 	EXP 	window1: mouseVisible = True
17.4575 	EXP 	window1: mouseVisible = True
17.4626 	EXP 	Created clear_txt = TextStim(__class__=<class 'psychopy.visual.text.TextStim'>, alignHoriz=method-wrapper(...), alignText='center', alignVert=method-wrapper(...), anchorHoriz='center', anchorVert='center', antialias=True, autoDraw=False, autoLog=True, bold=False, color=array([-1., -1., -1.]), colorSpace='rgb', contrast=1.0, depth=-12.0, draggable=False, flipHoriz=False, flipVert=False, font='Open Sans', fontFiles=[], height=0.06, italic=False, languageStyle='LTR', name='clear_txt', opacity=1.0, ori=0.0, pos=array([-0.2 , -0.75]), rgb=UNKNOWN, text='Erase', units='norm', win=Window(...), wrapWidth=1)
17.4627 	EXP 	window1: mouseVisible = True
17.4648 	EXP 	Created button_hint = Rect(__class__=<class 'psychopy.visual.rect.Rect'>, anchor=('center', 'center'), autoDraw=False, autoLog=True, closeShape=True, color=method-wrapper(...), colorSpace='rgb', contrast=None, depth=-13.0, draggable=False, fillColor=array([ 1, -1, -1]), fillColorSpace='rgb', fillRGB=array([ 1, -1, -1]), interpolate=True, lineColor=array([1., 1., 1.]), lineColorSpace='rgb', lineRGB=array([1, 1, 1]), lineWidth=1.0, name='button_hint', opacity=1.0, ori=0.0, pos=array([0.6, 0.6]), size=array([0.2, 0.1]), units='norm', vertices=ndarray(...), win=Window(...))
17.4649 	EXP 	window1: mouseVisible = True
17.4674 	EXP 	Created vihje_txt = TextStim(__class__=<class 'psychopy.visual.text.TextStim'>, alignHoriz=method-wrapper(...), alignText='center', alignVert=method-wrapper(...), anchorHoriz='center', anchorVert='center', antialias=True, autoDraw=False, autoLog=True, bold=False, color=array([1., 1., 1.]), colorSpace='rgb', contrast=1.0, depth=-14.0, draggable=False, flipHoriz=False, flipVert=False, font='Open Sans', fontFiles=[], height=0.06, italic=False, languageStyle='LTR', name='vihje_txt', opacity=1.0, ori=0.0, pos=array([0.6, 0.6]), rgb=UNKNOWN, text='', units='norm', win=Window(...), wrapWidth=1)
17.4675 	EXP 	window1: mouseVisible = True
17.4703 	EXP 	Created button_yes = Rect(__class__=<class 'psychopy.visual.rect.Rect'>, anchor=('center', 'center'), autoDraw=False, autoLog=True, closeShape=True, color=method-wrapper(...), colorSpace='rgb', contrast=None, depth=-15.0, draggable=False, fillColor=array([-1.        ,  0.00392157, -1.        ]), fillColorSpace='rgb', fillRGB=array([-1.        ,  0.00392157, -1.        ]), interpolate=True, lineColor=array([1., 1., 1.]), lineColorSpace='rgb', lineRGB=array([1, 1, 1]), lineWidth=1.0, name='button_yes', opacity=1.0, ori=0.0, pos=array([0.3, 0.6]), size=array([0.2, 0.1]), units='norm', vertices=ndarray(...), win=Window(...))
17.4704 	EXP 	window1: mouseVisible = True
17.4721 	EXP 	Created leidsin_txt = TextStim(__class__=<class 'psychopy.visual.text.TextStim'>, alignHoriz=method-wrapper(...), alignText='center', alignVert=method-wrapper(...), anchorHoriz='center', anchorVert='center', antialias=True, autoDraw=False, autoLog=True, bold=False, color=array([1., 1., 1.]), colorSpace='rgb', contrast=1.0, depth=-16.0, draggable=False, flipHoriz=False, flipVert=False, font='Open Sans', fontFiles=[], height=0.06, italic=False, languageStyle='LTR', name='leidsin_txt', opacity=1.0, ori=0.0, pos=array([0.3, 0.6]), rgb=UNKNOWN, text='', units='norm', win=Window(...), wrapWidth=1)
17.4771 	EXP 	window1: mouseVisible = True
17.4777 	EXP 	window1: mouseVisible = True
17.4832 	EXP 	window1: mouseVisible = True
17.4834 	EXP 	window1: mouseVisible = True
17.4842 	EXP 	window1: mouseVisible = True
17.4850 	EXP 	window1: mouseVisible = True
17.4913 	EXP 	window1: mouseVisible = True
17.4915 	EXP 	window1: mouseVisible = True
17.4921 	EXP 	window1: mouseVisible = True
17.4930 	EXP 	window1: mouseVisible = True
17.4988 	EXP 	window1: mouseVisible = True
17.4989 	EXP 	window1: mouseVisible = True
17.4996 	EXP 	window1: mouseVisible = True
17.5006 	EXP 	window1: mouseVisible = True
17.5071 	EXP 	window1: mouseVisible = True
17.5073 	EXP 	window1: mouseVisible = True
17.5080 	EXP 	window1: mouseVisible = True
17.5089 	EXP 	window1: mouseVisible = True
17.5148 	EXP 	window1: mouseVisible = True
17.5179 	EXP 	window1: mouseVisible = True
17.5670 	EXP 	Created RSP_ahhaa = Slider(__class__=<class 'psychopy.visual.slider.Slider'>, autoDraw=False, autoLog=True, borderColor=None, color=None, colorSpace='rgb', depth=-17, fillColor=None, flip=False, font='Open Sans', granularity=1.0, labelColor=None, labelHeight=0.04, labelWrapWidth=None, labels=['Very uncertain', 'Very certain'], lineColor=None, markerColor=None, name='RSP_ahhaa', opacity=None, ori=0.0, pos=array([ 0.5 , -0.05]), readOnly=False, self=UNKNOWN, size=array([0.5 , 0.06]), startValue=None, style='radio', styleTweaks=[], ticks=array([0, 1]), units='norm', win=Window(...))
17.5671 	EXP 	window1: mouseVisible = True
17.5746 	EXP 	Created ahhaa_txt = TextStim(__class__=<class 'psychopy.visual.text.TextStim'>, alignHoriz=method-wrapper(...), alignText='center', alignVert=method-wrapper(...), anchorHoriz='center', anchorVert='center', antialias=True, autoDraw=False, autoLog=True, bold=False, color=array([-1., -1., -1.]), colorSpace='rgb', contrast=1.0, depth=-18.0, draggable=False, flipHoriz=False, flipVert=False, font='Open Sans', fontFiles=[], height=0.06, italic=False, languageStyle='LTR', name='ahhaa_txt', opacity=1.0, ori=0.0, pos=array([0.51, 0.05]), rgb=UNKNOWN, text=str(...), units='norm', win=Window(...), wrapWidth=1)
17.5793 	EXP 	window1: mouseVisible = True
17.5800 	EXP 	window1: mouseVisible = True
17.5864 	EXP 	window1: mouseVisible = True
17.5867 	EXP 	window1: mouseVisible = True
17.5876 	EXP 	window1: mouseVisible = True
17.5884 	EXP 	window1: mouseVisible = True
17.5946 	EXP 	window1: mouseVisible = True
17.5948 	EXP 	window1: mouseVisible = True
17.5955 	EXP 	window1: mouseVisible = True
17.5961 	EXP 	window1: mouseVisible = True
17.6013 	EXP 	window1: mouseVisible = True
17.6016 	EXP 	window1: mouseVisible = True
17.6023 	EXP 	window1: mouseVisible = True
17.6031 	EXP 	window1: mouseVisible = True
17.6095 	EXP 	window1: mouseVisible = True
17.6097 	EXP 	window1: mouseVisible = True
17.6104 	EXP 	window1: mouseVisible = True
17.6112 	EXP 	window1: mouseVisible = True
17.6167 	EXP 	window1: mouseVisible = True
17.6197 	EXP 	window1: mouseVisible = True
17.6694 	EXP 	Created RSP_sudden = Slider(__class__=<class 'psychopy.visual.slider.Slider'>, autoDraw=False, autoLog=True, borderColor=None, color=None, colorSpace='rgb', depth=-19, fillColor=None, flip=False, font='Open Sans', granularity=1.0, labelColor=None, labelHeight=0.04, labelWrapWidth=None, labels=['Very gradually', 'Very suddenly'], lineColor=None, markerColor=None, name='RSP_sudden', opacity=None, ori=0.0, pos=array([ 0.5, -0.3]), readOnly=False, self=UNKNOWN, size=array([0.5 , 0.06]), startValue=None, style='radio', styleTweaks=[], ticks=array([0, 1]), units='norm', win=Window(...))
17.6698 	EXP 	window1: mouseVisible = True
17.6771 	EXP 	Created sudden_txt = TextStim(__class__=<class 'psychopy.visual.text.TextStim'>, alignHoriz=method-wrapper(...), alignText='center', alignVert=method-wrapper(...), anchorHoriz='center', anchorVert='center', antialias=True, autoDraw=False, autoLog=True, bold=False, color=array([-1., -1., -1.]), colorSpace='rgb', contrast=1.0, depth=-20.0, draggable=False, flipHoriz=False, flipVert=False, font='Open Sans', fontFiles=[], height=0.06, italic=False, languageStyle='LTR', name='sudden_txt', opacity=1.0, ori=0.0, pos=array([ 0.42, -0.2 ]), rgb=UNKNOWN, text='How suddenly did the final answer arrive?', units='norm', win=Window(...), wrapWidth=1)
17.6814 	EXP 	window1: mouseVisible = True
17.6819 	EXP 	window1: mouseVisible = True
17.6887 	EXP 	window1: mouseVisible = True
17.6889 	EXP 	window1: mouseVisible = True
17.6898 	EXP 	window1: mouseVisible = True
17.6908 	EXP 	window1: mouseVisible = True
17.6975 	EXP 	window1: mouseVisible = True
17.6977 	EXP 	window1: mouseVisible = True
17.6985 	EXP 	window1: mouseVisible = True
17.6993 	EXP 	window1: mouseVisible = True
17.7051 	EXP 	window1: mouseVisible = True
17.7052 	EXP 	window1: mouseVisible = True
17.7061 	EXP 	window1: mouseVisible = True
17.7068 	EXP 	window1: mouseVisible = True
17.7130 	EXP 	window1: mouseVisible = True
17.7132 	EXP 	window1: mouseVisible = True
17.7138 	EXP 	window1: mouseVisible = True
17.7145 	EXP 	window1: mouseVisible = True
17.7199 	EXP 	window1: mouseVisible = True
17.7224 	EXP 	window1: mouseVisible = True
17.7745 	EXP 	Created RSP_pleasant = Slider(__class__=<class 'psychopy.visual.slider.Slider'>, autoDraw=False, autoLog=True, borderColor=None, color=None, colorSpace='rgb', depth=-21, fillColor=None, flip=False, font='Open Sans', granularity=1.0, labelColor=None, labelHeight=0.04, labelWrapWidth=None, labels=['Very easy', 'Very difficult'], lineColor=None, markerColor=None, name='RSP_pleasant', opacity=None, ori=0.0, pos=array([ 0.5 , -0.55]), readOnly=False, self=UNKNOWN, size=array([0.5 , 0.06]), startValue=None, style='radio', styleTweaks=[], ticks=array([0, 1]), units='norm', win=Window(...))
17.7747 	EXP 	window1: mouseVisible = True
17.7802 	EXP 	Created pleasant_txt = TextStim(__class__=<class 'psychopy.visual.text.TextStim'>, alignHoriz=method-wrapper(...), alignText='center', alignVert=method-wrapper(...), anchorHoriz='center', anchorVert='center', antialias=True, autoDraw=False, autoLog=True, bold=False, color=array([-1., -1., -1.]), colorSpace='rgb', contrast=1.0, depth=-22.0, draggable=False, flipHoriz=False, flipVert=False, font='Open Sans', fontFiles=[], height=0.06, italic=False, languageStyle='LTR', name='pleasant_txt', opacity=1.0, ori=0.0, pos=array([ 0.42, -0.45]), rgb=UNKNOWN, text='How difficult was it to find a solution?', units='norm', win=Window(...), wrapWidth=1)
17.7805 	EXP 	window1: mouseVisible = True
17.7860 	EXP 	Created next_txt = TextStim(__class__=<class 'psychopy.visual.text.TextStim'>, alignHoriz=method-wrapper(...), alignText='center', alignVert=method-wrapper(...), anchorHoriz='center', anchorVert='center', antialias=True, autoDraw=False, autoLog=True, bold=False, color=array([-1., -1., -1.]), colorSpace='rgb', contrast=1.0, depth=-23.0, draggable=False, flipHoriz=False, flipVert=False, font='Open Sans', fontFiles=[], height=0.06, italic=False, languageStyle='LTR', name='next_txt', opacity=1.0, ori=0.0, pos=array([ 0.7 , -0.75]), rgb=UNKNOWN, text='Next', units='norm', win=Window(...), wrapWidth=1)
17.7861 	EXP 	window1: mouseVisible = True
17.7890 	EXP 	Created text = TextStim(__class__=<class 'psychopy.visual.text.TextStim'>, alignHoriz=method-wrapper(...), alignText='center', alignVert=method-wrapper(...), anchorHoriz='center', anchorVert='center', antialias=True, autoDraw=False, autoLog=True, bold=False, color=array([1., 1., 1.]), colorSpace='rgb', contrast=1.0, depth=0.0, draggable=False, flipHoriz=False, flipVert=False, font='Open Sans', fontFiles=[], height=0.1, italic=False, languageStyle='LTR', name='text', opacity=1.0, ori=0.0, pos=array([0., 0.]), rgb=UNKNOWN, text='', units='norm', win=Window(...), wrapWidth=1)
17.7891 	EXP 	window1: mouseVisible = True
17.7987 	EXP 	Created end_txt = TextStim(__class__=<class 'psychopy.visual.text.TextStim'>, alignHoriz=method-wrapper(...), alignText='center', alignVert=method-wrapper(...), anchorHoriz='center', anchorVert='center', antialias=True, autoDraw=False, autoLog=True, bold=False, color=array([1., 1., 1.]), colorSpace='rgb', contrast=1.0, depth=0.0, draggable=False, flipHoriz=False, flipVert=False, font='Open Sans', fontFiles=[], height=0.1, italic=False, languageStyle='LTR', name='end_txt', opacity=1.0, ori=0.0, pos=array([0., 0.]), rgb=UNKNOWN, text='The end. Thank you!', units='norm', win=Window(...), wrapWidth=1)
0.0210 	EXP 	brush_2: autoLog = True
0.0210 	EXP 	brush_2: autoDraw = False
0.0210 	EXP 	H1_textbox_2: autoLog = True
0.0210 	EXP 	RSP_ahhaa_2: autoLog = True
0.0210 	EXP 	RSP_ahhaa_2: ticks = array([0, 1])
0.0210 	EXP 	RSP_ahhaa_2: styleTweaks = []
0.0210 	EXP 	RSP_ahhaa_2: styleTweaks = []
0.0210 	EXP 	RSP_ahhaa_2: styleTweaks = []
0.0210 	EXP 	RSP_ahhaa_2: styleTweaks = []
0.0210 	EXP 	RSP_ahhaa_2: ticks = array([0, 1])
0.0210 	EXP 	RSP_ahhaa_2: contrast = 1.0
0.0210 	EXP 	RSP_ahhaa_2: markerPos = None
0.0210 	EXP 	RSP_ahhaa_2: autoLog = True
0.0210 	EXP 	RSP_sudden_2: autoLog = True
0.0210 	EXP 	RSP_sudden_2: ticks = array([0, 1])
0.0210 	EXP 	RSP_sudden_2: styleTweaks = []
0.0210 	EXP 	RSP_sudden_2: styleTweaks = []
0.0210 	EXP 	RSP_sudden_2: styleTweaks = []
0.0210 	EXP 	RSP_sudden_2: styleTweaks = []
0.0210 	EXP 	RSP_sudden_2: ticks = array([0, 1])
0.0210 	EXP 	RSP_sudden_2: contrast = 1.0
0.0210 	EXP 	RSP_sudden_2: markerPos = None
0.0210 	EXP 	RSP_sudden_2: autoLog = True
0.0210 	EXP 	RSP_pleasant_2: autoLog = True
0.0210 	EXP 	RSP_pleasant_2: ticks = array([0, 1])
0.0210 	EXP 	RSP_pleasant_2: styleTweaks = []
0.0210 	EXP 	RSP_pleasant_2: styleTweaks = []
0.0210 	EXP 	RSP_pleasant_2: styleTweaks = []
0.0210 	EXP 	RSP_pleasant_2: styleTweaks = []
0.0210 	EXP 	RSP_pleasant_2: ticks = array([0, 1])
0.0210 	EXP 	RSP_pleasant_2: contrast = 1.0
0.0210 	EXP 	RSP_pleasant_2: markerPos = None
0.0210 	EXP 	RSP_pleasant_2: autoLog = True
0.0210 	EXP 	brush: autoLog = True
0.0210 	EXP 	brush: autoDraw = False
0.0210 	EXP 	H1_textbox: autoLog = True
0.0210 	EXP 	RSP_ahhaa: autoLog = True
0.0210 	EXP 	RSP_ahhaa: ticks = array([0, 1])
0.0210 	EXP 	RSP_ahhaa: styleTweaks = []
0.0210 	EXP 	RSP_ahhaa: styleTweaks = []
0.0210 	EXP 	RSP_ahhaa: styleTweaks = []
0.0210 	EXP 	RSP_ahhaa: styleTweaks = []
0.0210 	EXP 	RSP_ahhaa: ticks = array([0, 1])
0.0210 	EXP 	RSP_ahhaa: contrast = 1.0
0.0210 	EXP 	RSP_ahhaa: markerPos = None
0.0210 	EXP 	RSP_ahhaa: autoLog = True
0.0210 	EXP 	RSP_sudden: autoLog = True
0.0210 	EXP 	RSP_sudden: ticks = array([0, 1])
0.0210 	EXP 	RSP_sudden: styleTweaks = []
0.0210 	EXP 	RSP_sudden: styleTweaks = []
0.0210 	EXP 	RSP_sudden: styleTweaks = []
0.0210 	EXP 	RSP_sudden: styleTweaks = []
0.0210 	EXP 	RSP_sudden: ticks = array([0, 1])
0.0210 	EXP 	RSP_sudden: contrast = 1.0
0.0210 	EXP 	RSP_sudden: markerPos = None
0.0210 	EXP 	RSP_sudden: autoLog = True
0.0210 	EXP 	RSP_pleasant: autoLog = True
0.0210 	EXP 	RSP_pleasant: ticks = array([0, 1])
0.0210 	EXP 	RSP_pleasant: styleTweaks = []
0.0210 	EXP 	RSP_pleasant: styleTweaks = []
0.0210 	EXP 	RSP_pleasant: styleTweaks = []
0.0210 	EXP 	RSP_pleasant: styleTweaks = []
0.0210 	EXP 	RSP_pleasant: ticks = array([0, 1])
0.0210 	EXP 	RSP_pleasant: contrast = 1.0
0.0210 	EXP 	RSP_pleasant: markerPos = None
0.0210 	EXP 	RSP_pleasant: autoLog = True
0.0308 	EXP 	instruction1_2: autoDraw = True
0.0308 	EXP 	button1_2: autoDraw = True
0.0308 	EXP 	button_txt1_2: autoDraw = True
1.1165 	DATA 	Mouse: Left button down, pos=(1373,192)
1.1239 	EXP 	instruction1_2: autoDraw = False
1.1239 	EXP 	button1_2: autoDraw = False
1.1239 	EXP 	button_txt1_2: autoDraw = False
1.1239 	EXP 	instruction1: autoDraw = True
1.2274 	DATA 	Mouse:  Left button up, pos=(1373,192)
2.1926 	DATA 	Mouse: Left button down, pos=(783,255)
2.3314 	DATA 	Mouse:  Left button up, pos=(783,255)
3.0328 	DATA 	Mouse: Left button down, pos=(1171,476)
3.1219 	EXP 	button1: autoDraw = True
3.1219 	EXP 	button_txt1: autoDraw = True
3.1375 	DATA 	Mouse:  Left button up, pos=(1171,476)
3.9344 	DATA 	Mouse: Left button down, pos=(1419,200)
3.9405 	EXP 	instruction1: autoDraw = False
3.9405 	EXP 	button1: autoDraw = False
3.9405 	EXP 	button_txt1: autoDraw = False
3.9405 	EXP 	instruction2: autoDraw = True
3.9908 	DATA 	Mouse:  Left button up, pos=(1419,200)
5.9341 	EXP 	button2: autoDraw = True
5.9341 	EXP 	button_txt2: autoDraw = True
7.6513 	DATA 	Mouse: Left button down, pos=(1385,185)
7.6637 	EXP 	instruction2: autoDraw = False
7.6637 	EXP 	button2: autoDraw = False
7.6637 	EXP 	button_txt2: autoDraw = False
7.6637 	EXP 	instruction3: autoDraw = True
7.7685 	DATA 	Mouse:  Left button up, pos=(1386,186)
9.6561 	EXP 	button3: autoDraw = True
9.6561 	EXP 	button_txt3: autoDraw = True
10.3859 	DATA 	Mouse: Left button down, pos=(1388,195)
10.3918 	EXP 	instruction3: autoDraw = False
10.3918 	EXP 	button3: autoDraw = False
10.3918 	EXP 	button_txt3: autoDraw = False
10.3918 	EXP 	instruction4: autoDraw = True
10.5467 	DATA 	Mouse:  Left button up, pos=(1388,195)
11.3940 	DATA 	Mouse: Left button down, pos=(1291,356)
11.5461 	DATA 	Mouse:  Left button up, pos=(1291,356)
12.3848 	EXP 	button4: autoDraw = True
12.3848 	EXP 	button_txt4: autoDraw = True
12.7845 	DATA 	Mouse: Left button down, pos=(1377,195)
12.7916 	EXP 	Resetting brush_2
12.8187 	EXP 	Resetting brush_2 parameter: brushPos.
12.8187 	EXP 	Creating ShapeStim for brush_2
12.8189 	EXP 	window1: mouseVisible = True
12.8258 	EXP 	instruction4: autoDraw = False
12.8258 	EXP 	button4: autoDraw = False
12.8258 	EXP 	button_txt4: autoDraw = False
12.8258 	EXP 	image_2: image = 'stimuli/practice_first.jpg'
12.8258 	EXP 	vihje_txt_2: height = 0.06
12.8258 	EXP 	vihje_txt_2: height = 0.06
12.8258 	EXP 	vihje_txt_2: height = 0.06
12.8258 	EXP 	vihje_txt_2: text = 'None'
12.8258 	EXP 	leidsin_txt_2: height = 0.06
12.8258 	EXP 	leidsin_txt_2: height = 0.06
12.8258 	EXP 	leidsin_txt_2: height = 0.06
12.8258 	EXP 	leidsin_txt_2: text = 'Found it!'
12.8258 	EXP 	RSP_ahhaa_2: markerPos = None
12.8258 	EXP 	RSP_ahhaa_2: markerPos = None
12.8258 	EXP 	RSP_sudden_2: markerPos = None
12.8258 	EXP 	RSP_sudden_2: markerPos = None
12.8258 	EXP 	RSP_pleasant_2: markerPos = None
12.8258 	EXP 	RSP_pleasant_2: markerPos = None
12.8258 	EXP 	image_2: autoDraw = True
12.8258 	EXP 	brush_2: autoDraw = True
12.8258 	EXP 	juhis_txt_2: autoDraw = True
12.8258 	EXP 	button_clear_2: autoDraw = True
12.8258 	EXP 	clear_txt_2: autoDraw = True
12.8258 	EXP 	button_yes_2: autoDraw = True
12.9145 	DATA 	Mouse:  Left button up, pos=(1378,194)
17.7964 	EXP 	button_hint_2: autoDraw = True
17.7964 	EXP 	vihje_txt_2: autoDraw = True
27.8445 	DATA 	Mouse: Left button down, pos=(1470,845)
27.8485 	EXP 	Resetting brush_2 parameter: brushPos.
27.8486 	EXP 	Creating ShapeStim for brush_2
27.8487 	EXP 	window1: mouseVisible = True
27.8563 	EXP 	button_next_2: autoDraw = True
27.8563 	EXP 	button_hint_2: autoDraw = False
27.8563 	EXP 	vihje_txt_2: autoDraw = False
27.8563 	EXP 	button_yes_2: autoDraw = False
27.8563 	EXP 	next_txt_2: autoDraw = True
27.9689 	DATA 	Mouse:  Left button up, pos=(1470,845)
28.8167 	DATA 	Mouse: Left button down, pos=(1658,121)
28.8540 	EXP 	Resetting brush_2
28.8600 	EXP 	image_2: autoDraw = False
28.8600 	EXP 	brush_2: autoDraw = False
28.8600 	EXP 	H1_textbox_2: autoDraw = False
28.8600 	EXP 	juhis_txt_2: autoDraw = False
28.8600 	EXP 	button_clear_2: autoDraw = False
28.8600 	EXP 	objekt_txt_2: autoDraw = False
28.8600 	EXP 	button_next_2: autoDraw = False
28.8600 	EXP 	clear_txt_2: autoDraw = False
28.8600 	EXP 	button_hint_2: autoDraw = False
28.8600 	EXP 	vihje_txt_2: autoDraw = False
28.8600 	EXP 	button_yes_2: autoDraw = False
28.8600 	EXP 	leidsin_txt_2: autoDraw = False
28.8600 	EXP 	RSP_ahhaa_2: autoDraw = False
28.8600 	EXP 	ahhaa_txt_2: autoDraw = False
28.8600 	EXP 	RSP_sudden_2: autoDraw = False
28.8600 	EXP 	sudden_txt_2: autoDraw = False
28.8600 	EXP 	RSP_pleasant_2: autoDraw = False
28.8600 	EXP 	pleasant_txt_2: autoDraw = False
28.8600 	EXP 	next_txt_2: autoDraw = False
28.8600 	EXP 	practice_object: autoDraw = True
28.8600 	EXP 	text_2: autoDraw = True
28.9284 	DATA 	Mouse:  Left button up, pos=(1659,121)
30.8578 	EXP 	practice_outline: autoDraw = True
30.8578 	EXP 	button5: autoDraw = True
30.8578 	EXP 	button_txt5: autoDraw = True
30.8648 	EXP 	practice_object: autoDraw = False
32.2465 	DATA 	Mouse: Left button down, pos=(1408,207)
32.2523 	EXP 	practice_object: autoDraw = False
32.2523 	EXP 	practice_outline: autoDraw = False
32.2523 	EXP 	text_2: autoDraw = False
32.2523 	EXP 	button5: autoDraw = False
32.2523 	EXP 	button_txt5: autoDraw = False
32.2523 	EXP 	instruction4_2: autoDraw = True
32.3514 	DATA 	Mouse:  Left button up, pos=(1408,207)
33.1713 	DATA 	Mouse: Left button down, pos=(1340,299)
33.2610 	DATA 	Mouse:  Left button up, pos=(1340,299)
34.2454 	EXP 	button4_2: autoDraw = True
34.2454 	EXP 	button_txt4_2: autoDraw = True
34.6491 	DATA 	Mouse: Left button down, pos=(1501,167)
34.6579 	EXP 	Imported trial_online.csv as conditions, 38 conditions, 4 params
34.6585 	EXP 	Created sequence: random, trialTypes=38, nReps=7, seed=None
34.6588 	EXP 	New trial (rep=0, index=0): OrderedDict([('trl', 24), ('stim1', 'stimuli/swan_11s_11.jpg'), ('stim2', 'stimuli/swan_11s_9.jpg'), ('stimulus', 'swan_11s_')])
34.6608 	EXP 	Resetting brush
34.6855 	EXP 	Resetting brush parameter: brushPos.
34.6856 	EXP 	Creating ShapeStim for brush
34.6857 	EXP 	window1: mouseVisible = True
34.6935 	EXP 	instruction4_2: autoDraw = False
34.6935 	EXP 	button4_2: autoDraw = False
34.6935 	EXP 	button_txt4_2: autoDraw = False
34.6935 	EXP 	image: image = 'stimuli/anchor_02s_9.jpg'
34.6935 	EXP 	vihje_txt: height = 0.06
34.6935 	EXP 	vihje_txt: height = 0.06
34.6935 	EXP 	vihje_txt: height = 0.06
34.6935 	EXP 	vihje_txt: text = 'None'
34.6935 	EXP 	leidsin_txt: height = 0.06
34.6935 	EXP 	leidsin_txt: height = 0.06
34.6935 	EXP 	leidsin_txt: height = 0.06
34.6935 	EXP 	leidsin_txt: text = 'Found it!'
34.6935 	EXP 	RSP_ahhaa: markerPos = None
34.6935 	EXP 	RSP_ahhaa: markerPos = None
34.6935 	EXP 	RSP_sudden: markerPos = None
34.6935 	EXP 	RSP_sudden: markerPos = None
34.6935 	EXP 	RSP_pleasant: markerPos = None
34.6935 	EXP 	RSP_pleasant: markerPos = None
34.6935 	EXP 	image: autoDraw = True
34.6935 	EXP 	brush: autoDraw = True
34.6935 	EXP 	juhis_txt: autoDraw = True
34.6935 	EXP 	button_clear: autoDraw = True
34.6935 	EXP 	clear_txt: autoDraw = True
34.6935 	EXP 	button_yes: autoDraw = True
34.7324 	DATA 	Mouse:  Left button up, pos=(1501,167)
37.9470 	DATA 	Mouse: Left button down, pos=(744,117)
37.9475 	EXP 	Resetting brush
37.9481 	EXP 	Resetting brush parameter: brushPos.
37.9481 	EXP 	Creating ShapeStim for brush
37.9483 	EXP 	window1: mouseVisible = True
38.0757 	DATA 	Mouse:  Left button up, pos=(744,117)
38.6901 	DATA 	Mouse: Left button down, pos=(1188,905)
38.6912 	EXP 	Resetting brush parameter: brushPos.
38.6913 	EXP 	Creating ShapeStim for brush
38.6914 	EXP 	window1: mouseVisible = True
38.7634 	DATA 	Mouse:  Left button up, pos=(1188,905)
39.0170 	DATA 	Mouse: Left button down, pos=(1196,834)
39.0184 	EXP 	Resetting brush parameter: brushPos.
39.0184 	EXP 	Creating ShapeStim for brush
39.0186 	EXP 	window1: mouseVisible = True
39.1203 	DATA 	Mouse:  Left button up, pos=(1196,834)
39.4347 	DATA 	Mouse: Left button down, pos=(1208,858)
39.4347 	EXP 	Resetting brush parameter: brushPos.
39.4348 	EXP 	Creating ShapeStim for brush
39.4349 	EXP 	window1: mouseVisible = True
39.5348 	DATA 	Mouse:  Left button up, pos=(1208,858)
39.6471 	DATA 	Mouse: Left button down, pos=(1208,858)
39.6584 	EXP 	Resetting brush parameter: brushPos.
39.6584 	EXP 	Creating ShapeStim for brush
39.6585 	EXP 	window1: mouseVisible = True
39.6865 	EXP 	objekt_txt: autoDraw = True
39.6865 	EXP 	button_hint: autoDraw = True
39.6865 	EXP 	button_hint: autoDraw = False
39.6865 	EXP 	vihje_txt: autoDraw = True
39.6865 	EXP 	vihje_txt: autoDraw = False
39.6865 	EXP 	button_yes: autoDraw = False
39.6865 	EXP 	RSP_ahhaa: autoDraw = True
39.6865 	EXP 	ahhaa_txt: autoDraw = True
39.6865 	EXP 	RSP_sudden: autoDraw = True
39.6865 	EXP 	sudden_txt: autoDraw = True
39.6865 	EXP 	RSP_pleasant: autoDraw = True
39.6865 	EXP 	pleasant_txt: autoDraw = True
39.7135 	EXP 	H1_textbox: autoDraw = True
39.7140 	DATA 	Mouse:  Left button up, pos=(1208,858)
40.3580 	DATA 	Mouse: Left button down, pos=(1318,677)
40.3718 	EXP 	Resetting brush parameter: brushPos.
40.3718 	EXP 	Creating ShapeStim for brush
40.3722 	EXP 	window1: mouseVisible = True
40.4825 	DATA 	Mouse:  Left button up, pos=(1318,677)
43.1619 	DATA 	Mouse: Left button down, pos=(1203,239)
43.1794 	EXP 	RSP_pleasant: markerPos = 0.006249999999999978
43.1817 	EXP 	Resetting brush parameter: brushPos.
43.1817 	EXP 	Creating ShapeStim for brush
43.1819 	EXP 	window1: mouseVisible = True
43.2073 	EXP 	RSP_pleasant: markerPos = 0
43.2761 	DATA 	Mouse:  Left button up, pos=(1203,240)
43.7326 	DATA 	Mouse: Left button down, pos=(1200,382)
43.7327 	EXP 	Resetting brush parameter: brushPos.
43.7327 	EXP 	Creating ShapeStim for brush
43.7328 	EXP 	window1: mouseVisible = True
43.8318 	DATA 	Mouse:  Left button up, pos=(1200,382)
44.4410 	DATA 	Mouse: Left button down, pos=(1196,542)
44.4435 	EXP 	Resetting brush parameter: brushPos.
44.4436 	EXP 	Creating ShapeStim for brush
44.4437 	EXP 	window1: mouseVisible = True
44.5243 	DATA 	Mouse:  Left button up, pos=(1196,542)
45.0098 	DATA 	Mouse: Left button down, pos=(1199,525)
45.0099 	EXP 	Resetting brush parameter: brushPos.
45.0099 	EXP 	Creating ShapeStim for brush
45.0100 	EXP 	window1: mouseVisible = True
45.1280 	DATA 	Mouse:  Left button up, pos=(1199,525)
45.5158 	DATA 	Mouse: Left button down, pos=(1200,509)
45.5214 	EXP 	Resetting brush parameter: brushPos.
45.5214 	EXP 	Creating ShapeStim for brush
45.5215 	EXP 	window1: mouseVisible = True
45.6322 	DATA 	Mouse:  Left button up, pos=(1200,509)
46.1316 	DATA 	Mouse: Left button down, pos=(1200,509)
46.1562 	EXP 	RSP_ahhaa: markerPos = 0.0
46.1594 	EXP 	Resetting brush parameter: brushPos.
46.1594 	EXP 	Creating ShapeStim for brush
46.1596 	EXP 	window1: mouseVisible = True
46.1880 	EXP 	RSP_ahhaa: markerPos = 0
46.2658 	DATA 	Mouse:  Left button up, pos=(1200,509)
46.6154 	DATA 	Mouse: Left button down, pos=(1200,509)
46.6224 	EXP 	Resetting brush parameter: brushPos.
46.6224 	EXP 	Creating ShapeStim for brush
46.6227 	EXP 	window1: mouseVisible = True
46.6899 	DATA 	Mouse:  Left button up, pos=(1200,509)
46.7982 	DATA 	Mouse: Left button down, pos=(1200,509)
46.8116 	EXP 	Resetting brush parameter: brushPos.
46.8116 	EXP 	Creating ShapeStim for brush
46.8118 	EXP 	window1: mouseVisible = True
46.8699 	DATA 	Mouse:  Left button up, pos=(1200,509)
46.9696 	DATA 	Mouse: Left button down, pos=(1200,509)
46.9696 	EXP 	Resetting brush parameter: brushPos.
46.9697 	EXP 	Creating ShapeStim for brush
46.9698 	EXP 	window1: mouseVisible = True
47.0287 	DATA 	Mouse:  Left button up, pos=(1200,509)
47.7731 	DATA 	Mouse: Left button down, pos=(1198,369)
47.7798 	EXP 	Resetting brush parameter: brushPos.
47.7798 	EXP 	Creating ShapeStim for brush
47.7799 	EXP 	window1: mouseVisible = True
47.8817 	DATA 	Mouse:  Left button up, pos=(1198,369)
47.9996 	DATA 	Mouse: Left button down, pos=(1198,369)
48.0205 	EXP 	RSP_sudden: markerPos = -0.004166666666666652
48.0251 	EXP 	Resetting brush parameter: brushPos.
48.0252 	EXP 	Creating ShapeStim for brush
48.0253 	EXP 	window1: mouseVisible = True
48.0542 	EXP 	RSP_sudden: markerPos = 0
48.0782 	DATA 	Mouse:  Left button up, pos=(1198,369)
48.6812 	DATA 	Mouse: Left button down, pos=(1344,708)
48.6884 	EXP 	Resetting brush parameter: brushPos.
48.6885 	EXP 	Creating ShapeStim for brush
48.6886 	EXP 	window1: mouseVisible = True
48.8119 	DATA 	Mouse:  Left button up, pos=(1344,708)
49.5199 	DATA 	Keypress: h
49.5660 	EXP 	button_next: autoDraw = True
49.5660 	EXP 	next_txt: autoDraw = True
50.2223 	DATA 	Mouse: Left button down, pos=(1556,172)
50.2298 	EXP 	Resetting brush parameter: brushPos.
50.2298 	EXP 	Creating ShapeStim for brush
50.2299 	EXP 	window1: mouseVisible = True
50.3717 	DATA 	Mouse:  Left button up, pos=(1568,114)
50.5583 	DATA 	Mouse: Left button down, pos=(1568,114)
50.6047 	EXP 	Resetting brush
50.6069 	EXP 	New trial (rep=0, index=1): OrderedDict([('trl', 14), ('stim1', 'stimuli/cello_01s_9.jpg'), ('stim2', 'stimuli/cello_01s_11.jpg'), ('stimulus', 'cello_01s_')])
50.6089 	EXP 	Resetting brush
50.6285 	EXP 	Resetting brush parameter: brushPos.
50.6285 	EXP 	Creating ShapeStim for brush
50.6286 	EXP 	window1: mouseVisible = True
50.6354 	EXP 	image: autoDraw = False
50.6354 	EXP 	brush: autoDraw = False
50.6354 	EXP 	H1_textbox: autoDraw = False
50.6354 	EXP 	juhis_txt: autoDraw = False
50.6354 	EXP 	button_clear: autoDraw = False
50.6354 	EXP 	objekt_txt: autoDraw = False
50.6354 	EXP 	button_next: autoDraw = False
50.6354 	EXP 	clear_txt: autoDraw = False
50.6354 	EXP 	button_hint: autoDraw = False
50.6354 	EXP 	vihje_txt: autoDraw = False
50.6354 	EXP 	button_yes: autoDraw = False
50.6354 	EXP 	leidsin_txt: autoDraw = False
50.6354 	EXP 	RSP_ahhaa: autoDraw = False
50.6354 	EXP 	ahhaa_txt: autoDraw = False
50.6354 	EXP 	RSP_sudden: autoDraw = False
50.6354 	EXP 	sudden_txt: autoDraw = False
50.6354 	EXP 	RSP_pleasant: autoDraw = False
50.6354 	EXP 	pleasant_txt: autoDraw = False
50.6354 	EXP 	next_txt: autoDraw = False
50.6354 	EXP 	image: image = 'stimuli/anchor_02s_9.jpg'
50.6354 	EXP 	vihje_txt: text = 'None'
50.6354 	EXP 	leidsin_txt: text = 'Found it!'
50.6354 	EXP 	RSP_ahhaa: markerPos = None
50.6354 	EXP 	RSP_ahhaa: markerPos = None
50.6354 	EXP 	RSP_sudden: markerPos = None
50.6354 	EXP 	RSP_sudden: markerPos = None
50.6354 	EXP 	RSP_pleasant: markerPos = None
50.6354 	EXP 	RSP_pleasant: markerPos = None
50.6354 	EXP 	image: autoDraw = True
50.6354 	EXP 	brush: autoDraw = True
50.6354 	EXP 	juhis_txt: autoDraw = True
50.6354 	EXP 	button_clear: autoDraw = True
50.6354 	EXP 	clear_txt: autoDraw = True
50.6354 	EXP 	button_yes: autoDraw = True
50.6703 	DATA 	Mouse:  Left button up, pos=(1568,114)
51.7858 	DATA 	Mouse: Left button down, pos=(1241,853)
51.7991 	EXP 	Resetting brush parameter: brushPos.
51.7991 	EXP 	Creating ShapeStim for brush
51.7992 	EXP 	window1: mouseVisible = True
51.8083 	DATA 	Mouse: Right button down, pos=(1241,853)
51.8212 	EXP 	objekt_txt: autoDraw = True
51.8212 	EXP 	button_yes: autoDraw = False
51.8212 	EXP 	RSP_ahhaa: autoDraw = True
51.8212 	EXP 	ahhaa_txt: autoDraw = True
51.8212 	EXP 	RSP_sudden: autoDraw = True
51.8212 	EXP 	sudden_txt: autoDraw = True
51.8212 	EXP 	RSP_pleasant: autoDraw = True
51.8212 	EXP 	pleasant_txt: autoDraw = True
51.8488 	EXP 	H1_textbox: autoDraw = True
51.8653 	DATA 	Mouse:  Right button up, pos=(1241,853)
51.8853 	DATA 	Mouse:  Left button up, pos=(1241,853)
52.4123 	DATA 	Mouse: Left button down, pos=(1249,744)
52.4170 	EXP 	Resetting brush parameter: brushPos.
52.4170 	EXP 	Creating ShapeStim for brush
52.4171 	EXP 	window1: mouseVisible = True
52.5183 	DATA 	Mouse:  Left button up, pos=(1257,739)
53.0135 	DATA 	Keypress: f2
53.0181 	DATA 	Keypress: 4
54.5231 	DATA 	Keypress: escape
54.5972 	EXP 	ConstellationsNAI22: status = STOPPED
54.6088 	EXP 	image: autoDraw = False
54.6088 	EXP 	brush: autoDraw = False
54.6088 	EXP 	H1_textbox: autoDraw = False
54.6088 	EXP 	juhis_txt: autoDraw = False
54.6088 	EXP 	button_clear: autoDraw = False
54.6088 	EXP 	objekt_txt: autoDraw = False
54.6088 	EXP 	clear_txt: autoDraw = False
54.6088 	EXP 	RSP_ahhaa: autoDraw = False
54.6088 	EXP 	ahhaa_txt: autoDraw = False
54.6088 	EXP 	RSP_sudden: autoDraw = False
54.6088 	EXP 	sudden_txt: autoDraw = False
54.6088 	EXP 	RSP_pleasant: autoDraw = False
54.6088 	EXP 	pleasant_txt: autoDraw = False
54.6089 	EXP 	ConstellationsNAI22: status = STOPPED
54.7083 	EXP 	window1: mouseVisible = True
